#
# A fatal error has been detected by the Java Runtime Environment:
#
#  SIGSEGV (0xb) at pc=0x000000012d19458d, pid=2542, tid=1811
#
# JRE version: Java(TM) SE Runtime Environment (8.0_45-b14) (build 1.8.0_45-b14)
# Java VM: Java HotSpot(TM) 64-Bit Server VM (25.45-b02 mixed mode bsd-amd64 compressed oops)
# Problematic frame:
# C  [libglass.dylib+0x1558d]  GlassScreenDidChangeScreenParameters+0x9d
#
# Failed to write core dump. Core dumps have been disabled. To enable core dumping, try "ulimit -c unlimited" before starting Java again
#
# If you would like to submit a bug report, please visit:
#   http://bugreport.java.com/bugreport/crash.jsp
#

---------------  T H R E A D  ---------------

Current thread is native thread

siginfo: si_signo: 11 (SIGSEGV), si_code: 1 (SEGV_MAPERR), si_addr: 0x0000000000000000

Registers:
RAX=0x000000012d1c6bc0, RBX=0x0000000000000000, RCX=0xb800a6460c4659c0, RDX=0x00007fe4d3477a80
RSP=0x00007fff53ad1760, RBP=0x00007fff53ad1770, RSI=0x00007fe4d5a01e98, RDI=0x0000000000000000
R8 =0x00007fff53ad1610, R9 =0x00007fff78977300, R10=0x0000000000000000, R11=0x0000000000000246
R12=0x00007fe4d5a05340, R13=0x00000000000f426a, R14=0x00007fe4d362f400, R15=0x00007fff53ad18b0
RIP=0x000000012d19458d, EFLAGS=0x0000000000010202, ERR=0x0000000000000004
  TRAPNO=0x000000000000000e

Top of Stack: (sp=0x00007fff53ad1760)
0x00007fff53ad1760:   00007fff53ad1940 00007fe4d362f400
0x00007fff53ad1770:   00007fff53ad1780 00007fff916e145c
0x00007fff53ad1780:   00007fff53ad1ae0 00007fff915d1634
0x00007fff53ad1790:   00007fff53ad17e0 0000000000000000
0x00007fff53ad17a0:   00007fff78a18ed0 00007fe4d5964e50
0x00007fff53ad17b0:   0000000000001000 0000000000000bb8
0x00007fff53ad17c0:   00007fe4d5964e50 00007fe4d362f400
0x00007fff53ad17d0:   0000000000000000 00007fff53ad18b0
0x00007fff53ad17e0:   0000000000000000 00007fe4d362f3c0
0x00007fff53ad17f0:   00007fff53ad1930 000000000000007d
0x00007fff53ad1800:   00000000000f44e0 00007fe4d58da0b0
0x00007fff53ad1810:   00007fe4d5b1b320 00007fe4d5a05340
0x00007fff53ad1820:   0000000000000001 00000000000f426a
0x00007fff53ad1830:   00007fe4d5a05330 00007fff8a51eb90
0x00007fff53ad1840:   0000000000000001 0000000000000001
0x00007fff53ad1850:   0000000000000030 0000000000000001
0x00007fff53ad1860:   00007fff53ad1880 00007fff8a51f546
0x00007fff53ad1870:   00007fff78a16fb0 0000000000000000
0x00007fff53ad1880:   00007fff53ad18a0 0000000000000008
0x00007fff53ad1890:   00103603dcd78a00 00007fe4d5a05364
0x00007fff53ad18a0:   0000000000000000 00007fff915c710f
0x00007fff53ad18b0:   00007fe4d362f400 00007fff78a16fb0
0x00007fff53ad18c0:   00007fff53ad1940 00007fff915cfc3f
0x00007fff53ad18d0:   00007fff53ad194c 00007fff53ad1950
0x00007fff53ad18e0:   000000010c149a00 0000000000000002
0x00007fff53ad18f0:   000000010c146000 00007fe4d58e0ba2
0x00007fff53ad1900:   0000000000000003 000000010c149a00
0x00007fff53ad1910:   00007fff53ad1a00 00007fff8a51bb36
0x00007fff53ad1920:   00007fe4d3537140 00007fff53ad1ae8
0x00007fff53ad1930:   0000000000000017 0000000000000000
0x00007fff53ad1940:   00000000000f426a 00007fff915c7403
0x00007fff53ad1950:   00007fff00000000 00007fe4d5840c60 

Instructions: (pc=0x000000012d19458d)
0x000000012d19456d:   89 df 4c 89 f1 41 ff 90 68 04 00 00 48 8d 05 48
0x000000012d19457d:   25 03 00 48 8b 30 48 8d 05 36 26 03 00 48 8b 10
0x000000012d19458d:   48 8b 0b 30 c0 48 89 df ff 91 68 04 00 00 48 8b
0x000000012d19459d:   03 48 89 df ff 50 78 48 85 c0 74 36 49 89 c6 48 

Register to memory mapping:

RAX=0x000000012d1c6bc0: jScreenNotifySettingsChanged+0 in /Library/Java/JavaVirtualMachines/jdk1.8.0_45.jdk/Contents/Home/jre/lib/libglass.dylib at 0x000000012d17f000
RBX=0x0000000000000000 is an unknown value
RCX=0xb800a6460c4659c0 is an unknown value
RDX=0x00007fe4d3477a80 is an unknown value
RSP=0x00007fff53ad1760 is an unknown value
RBP=0x00007fff53ad1770 is an unknown value
RSI=0x00007fe4d5a01e98 is a global jni handle
RDI=0x0000000000000000 is an unknown value
R8 =0x00007fff53ad1610 is an unknown value
R9 =0x00007fff78977300: _thread+0 in /usr/lib/system/libsystem_pthread.dylib at 0x00007fff91306000
R10=0x0000000000000000 is an unknown value
R11=0x0000000000000246 is an unknown value
R12=0x00007fe4d5a05340 is an unknown value
R13=0x00000000000f426a is an unknown value
R14=0x00007fe4d362f400 is an unknown value
R15=0x00007fff53ad18b0 is an unknown value


Stack: [0x00007fff532d5000,0x00007fff53ad5000],  sp=0x00007fff53ad1760,  free space=8177k
Native frames: (J=compiled Java code, j=interpreted, Vv=VM code, C=native code)
C  [libglass.dylib+0x1558d]  GlassScreenDidChangeScreenParameters+0x9d
C  [CoreFoundation+0x12045c]  __CFNOTIFICATIONCENTER_IS_CALLING_OUT_TO_AN_OBSERVER__+0xc
C  [CoreFoundation+0x10634]  _CFXNotificationPost+0xc44
C  [Foundation+0x7aa1]  -[NSNotificationCenter postNotificationName:object:userInfo:]+0x42
C  [AppKit+0x40de7e]  -[NSApplication _reactToScreenInvalidationImmediately:]+0x17b
C  [AppKit+0x40dcc7]  __44-[NSApplication _reactToScreenInvalidation:]_block_invoke+0x4b
C  [CoreFoundation+0x808ec]  __CFRUNLOOP_IS_CALLING_OUT_TO_A_BLOCK__+0xc
C  [CoreFoundation+0x729f5]  __CFRunLoopDoBlocks+0x155
C  [CoreFoundation+0x72536]  __CFRunLoopRun+0x716
C  [CoreFoundation+0x71bd8]  CFRunLoopRunSpecific+0x128
C  [java+0x6490]  CreateExecutionEnvironment+0x367
C  [java+0x221c]  JLI_Launch+0x7a0
C  [java+0x84ed]  main+0x65
C  [java+0x1a74]  start+0x34


---------------  P R O C E S S  ---------------

VM state:not at safepoint (normal execution)

VM Mutex/Monitor currently owned by a thread: None

Heap:
 PSYoungGen      total 76288K, used 63178K [0x000000076ab00000, 0x0000000770000000, 0x00000007c0000000)
  eden space 65536K, 96% used [0x000000076ab00000,0x000000076e8b2b48,0x000000076eb00000)
  from space 10752K, 0% used [0x000000076f580000,0x000000076f580000,0x0000000770000000)
  to   space 10752K, 0% used [0x000000076eb00000,0x000000076eb00000,0x000000076f580000)
 ParOldGen       total 246784K, used 138706K [0x00000006c0000000, 0x00000006cf100000, 0x000000076ab00000)
  object space 246784K, 56% used [0x00000006c0000000,0x00000006c8774bf0,0x00000006cf100000)
 Metaspace       used 19174K, capacity 20214K, committed 20352K, reserved 1067008K
  class space    used 2603K, capacity 2834K, committed 2944K, reserved 1048576K

Card table byte_map: [0x000000011d6c3000,0x000000011dec4000] byte_map_base: 0x000000011a0c3000

Marking Bits: (ParMarkBitMap*) 0x000000010caec7a0
 Begin Bits: [0x000000011ec32000, 0x0000000122c32000)
 End Bits:   [0x0000000122c32000, 0x0000000126c32000)

Polling page: 0x000000010d1ed000

CodeCache: size=245760Kb used=12345Kb max_used=13263Kb free=233415Kb
 bounds [0x000000010e303000, 0x000000010f043000, 0x000000011d303000]
 total_blobs=4307 nmethods=3638 adapters=580
 compilation: enabled

Compilation events (10 events):
Event: 177.320 Thread 0x00007fe4d500b800 4140       3       java.lang.invoke.Invokers::checkGenericType (16 bytes)
Event: 177.321 Thread 0x00007fe4d500b800 nmethod 4140 0x000000010e8cb790 code [0x000000010e8cb920, 0x000000010e8cbf28]
Event: 177.321 Thread 0x00007fe4d500b800 4141       3       java.lang.invoke.LambdaForm$DMH/468121027::invokeStatic_L6_L (24 bytes)
Event: 177.321 Thread 0x00007fe4d500b800 nmethod 4141 0x000000010e58f910 code [0x000000010e58faa0, 0x000000010e590058]
Event: 177.322 Thread 0x00007fe4d500b800 4142       3       java.lang.invoke.MethodHandles$Lookup::getDirectMethodNoSecurityManager (12 bytes)
Event: 177.322 Thread 0x00007fe4d500b800 nmethod 4142 0x000000010e7fb490 code [0x000000010e7fb600, 0x000000010e7fb7a8]
Event: 177.322 Thread 0x00007fe4d500b800 4143       3       java.lang.invoke.MethodHandleNatives::linkCallSite (65 bytes)
Event: 177.323 Thread 0x00007fe4d500b800 nmethod 4143 0x000000010e8e9b10 code [0x000000010e8e9cc0, 0x000000010e8ea2a8]
Event: 177.323 Thread 0x00007fe4d5001000 4144       4       java.util.concurrent.locks.ReentrantLock$Sync::tryRelease (45 bytes)
Event: 177.324 Thread 0x00007fe4d5001000 nmethod 4144 0x000000010e7146d0 code [0x000000010e714820, 0x000000010e7148d8]

GC Heap History (6 events):
Event: 6.966 GC heap before
{Heap before GC invocations=1 (full 0):
 PSYoungGen      total 76288K, used 59856K [0x000000076ab00000, 0x0000000770000000, 0x00000007c0000000)
  eden space 65536K, 91% used [0x000000076ab00000,0x000000076e574230,0x000000076eb00000)
  from space 10752K, 0% used [0x000000076f580000,0x000000076f580000,0x0000000770000000)
  to   space 10752K, 0% used [0x000000076eb00000,0x000000076eb00000,0x000000076f580000)
 ParOldGen       total 175104K, used 108654K [0x00000006c0000000, 0x00000006cab00000, 0x000000076ab00000)
  object space 175104K, 62% used [0x00000006c0000000,0x00000006c6a1ba18,0x00000006cab00000)
 Metaspace       used 16287K, capacity 17012K, committed 17152K, reserved 1064960K
  class space    used 2254K, capacity 2449K, committed 2560K, reserved 1048576K
Event: 6.975 GC heap after
Heap after GC invocations=1 (full 0):
 PSYoungGen      total 76288K, used 10750K [0x000000076ab00000, 0x0000000770000000, 0x00000007c0000000)
  eden space 65536K, 0% used [0x000000076ab00000,0x000000076ab00000,0x000000076eb00000)
  from space 10752K, 99% used [0x000000076eb00000,0x000000076f57faa0,0x000000076f580000)
  to   space 10752K, 0% used [0x000000076f580000,0x000000076f580000,0x0000000770000000)
 ParOldGen       total 175104K, used 114799K [0x00000006c0000000, 0x00000006cab00000, 0x000000076ab00000)
  object space 175104K, 65% used [0x00000006c0000000,0x00000006c701bd98,0x00000006cab00000)
 Metaspace       used 16287K, capacity 17012K, committed 17152K, reserved 1064960K
  class space    used 2254K, capacity 2449K, committed 2560K, reserved 1048576K
}
Event: 14.101 GC heap before
{Heap before GC invocations=2 (full 0):
 PSYoungGen      total 76288K, used 70547K [0x000000076ab00000, 0x0000000770000000, 0x00000007c0000000)
  eden space 65536K, 91% used [0x000000076ab00000,0x000000076e5653c0,0x000000076eb00000)
  from space 10752K, 99% used [0x000000076eb00000,0x000000076f57faa0,0x000000076f580000)
  to   space 10752K, 0% used [0x000000076f580000,0x000000076f580000,0x0000000770000000)
 ParOldGen       total 393216K, used 332108K [0x00000006c0000000, 0x00000006d8000000, 0x000000076ab00000)
  object space 393216K, 84% used [0x00000006c0000000,0x00000006d44531c8,0x00000006d8000000)
 Metaspace       used 18430K, capacity 19360K, committed 19584K, reserved 1067008K
  class space    used 2567K, capacity 2819K, committed 2944K, reserved 1048576K
Event: 14.117 GC heap after
Heap after GC invocations=2 (full 0):
 PSYoungGen      total 76288K, used 10747K [0x000000076ab00000, 0x0000000770000000, 0x00000007c0000000)
  eden space 65536K, 0% used [0x000000076ab00000,0x000000076ab00000,0x000000076eb00000)
  from space 10752K, 99% used [0x000000076f580000,0x000000076fffec60,0x0000000770000000)
  to   space 10752K, 0% used [0x000000076eb00000,0x000000076eb00000,0x000000076f580000)
 ParOldGen       total 393216K, used 356187K [0x00000006c0000000, 0x00000006d8000000, 0x000000076ab00000)
  object space 393216K, 90% used [0x00000006c0000000,0x00000006d5bd6c38,0x00000006d8000000)
 Metaspace       used 18430K, capacity 19360K, committed 19584K, reserved 1067008K
  class space    used 2567K, capacity 2819K, committed 2944K, reserved 1048576K
}
Event: 14.117 GC heap before
{Heap before GC invocations=3 (full 1):
 PSYoungGen      total 76288K, used 10747K [0x000000076ab00000, 0x0000000770000000, 0x00000007c0000000)
  eden space 65536K, 0% used [0x000000076ab00000,0x000000076ab00000,0x000000076eb00000)
  from space 10752K, 99% used [0x000000076f580000,0x000000076fffec60,0x0000000770000000)
  to   space 10752K, 0% used [0x000000076eb00000,0x000000076eb00000,0x000000076f580000)
 ParOldGen       total 393216K, used 356187K [0x00000006c0000000, 0x00000006d8000000, 0x000000076ab00000)
  object space 393216K, 90% used [0x00000006c0000000,0x00000006d5bd6c38,0x00000006d8000000)
 Metaspace       used 18430K, capacity 19360K, committed 19584K, reserved 1067008K
  class space    used 2567K, capacity 2819K, committed 2944K, reserved 1048576K
Event: 14.170 GC heap after
Heap after GC invocations=3 (full 1):
 PSYoungGen      total 76288K, used 0K [0x000000076ab00000, 0x0000000770000000, 0x00000007c0000000)
  eden space 65536K, 0% used [0x000000076ab00000,0x000000076ab00000,0x000000076eb00000)
  from space 10752K, 0% used [0x000000076f580000,0x000000076f580000,0x0000000770000000)
  to   space 10752K, 0% used [0x000000076eb00000,0x000000076eb00000,0x000000076f580000)
 ParOldGen       total 246784K, used 138706K [0x00000006c0000000, 0x00000006cf100000, 0x000000076ab00000)
  object space 246784K, 56% used [0x00000006c0000000,0x00000006c8774bf0,0x00000006cf100000)
 Metaspace       used 18430K, capacity 19360K, committed 19584K, reserved 1067008K
  class space    used 2567K, capacity 2819K, committed 2944K, reserved 1048576K
}

Deoptimization events (10 events):
Event: 14.309 Thread 0x00007fe4d403b000 Uncommon trap: reason=class_check action=maybe_recompile pc=0x000000010e931ae8 method=javafx.scene.Scene.getRoot()Ljavafx/scene/Parent; @ 18
Event: 14.312 Thread 0x00007fe4d403b000 Uncommon trap: reason=bimorphic action=maybe_recompile pc=0x000000010ea1b6c4 method=com.sun.javafx.css.SimpleSelector.applies(Ljavafx/css/Styleable;)Z @ 95
Event: 14.313 Thread 0x00007fe4d403b000 Uncommon trap: reason=class_check action=maybe_recompile pc=0x000000010e9ed964 method=javafx.scene.Scene.getRoot()Ljavafx/scene/Parent; @ 18
Event: 14.328 Thread 0x00007fe4d403b000 Uncommon trap: reason=bimorphic action=maybe_recompile pc=0x000000010ea1b6c4 method=com.sun.javafx.css.SimpleSelector.applies(Ljavafx/css/Styleable;)Z @ 95
Event: 14.329 Thread 0x00007fe4d403b000 Uncommon trap: reason=class_check action=maybe_recompile pc=0x000000010e804998 method=javafx.scene.CssStyleHelper.lookup(Ljavafx/css/Styleable;Ljavafx/css/CssMetaData;Lcom/sun/javafx/css/StyleMap;Ljava/util/Set;Ljavafx/css/Styleable;Lcom/sun/javafx/css/Ca
Event: 14.339 Thread 0x00007fe4d403b000 Uncommon trap: reason=unstable_if action=reinterpret pc=0x000000010ec5acd0 method=javafx.scene.CssStyleHelper.transitionToState(Ljavafx/scene/Node;)V @ 666
Event: 15.966 Thread 0x00007fe4d403b000 Uncommon trap: reason=unstable_if action=reinterpret pc=0x000000010edf69b4 method=javafx.scene.Node.impl_pickNode(Lcom/sun/javafx/geom/PickRay;Lcom/sun/javafx/scene/input/PickResultChooser;)V @ 11
Event: 15.970 Thread 0x00007fe4d403b000 Uncommon trap: reason=unstable_if action=reinterpret pc=0x000000010eaebc34 method=com.sun.javafx.css.ParsedValueImpl.containsFontRelativeSize(Ljavafx/css/ParsedValue;Z)Z @ 56
Event: 16.886 Thread 0x00007fe4d50fb000 Uncommon trap: reason=unstable_if action=reinterpret pc=0x000000010ec49b40 method=com.sun.javafx.geom.transform.AffineBase.updateState2D()V @ 95
Event: 17.286 Thread 0x00007fe4d50fb000 Uncommon trap: reason=unstable_if action=reinterpret pc=0x000000010ec3d190 method=com.sun.javafx.geom.transform.AffineBase.updateState2D()V @ 95

Internal exceptions (10 events):
Event: 14.190 Thread 0x00007fe4d403b000 Exception <a 'java/io/FileNotFoundException'> (0x000000076b2641c0) thrown at [/Users/java_re/workspace/8-2-build-macosx-x86_64/jdk8u45/3457/hotspot/src/share/vm/prims/jni.cpp, line 709]
Event: 14.212 Thread 0x00007fe4d403b000 Exception <a 'java/io/FileNotFoundException'> (0x000000076b27ccf8) thrown at [/Users/java_re/workspace/8-2-build-macosx-x86_64/jdk8u45/3457/hotspot/src/share/vm/prims/jni.cpp, line 709]
Event: 14.230 Thread 0x00007fe4d403b000 Exception <a 'java/io/FileNotFoundException'> (0x000000076b295828) thrown at [/Users/java_re/workspace/8-2-build-macosx-x86_64/jdk8u45/3457/hotspot/src/share/vm/prims/jni.cpp, line 709]
Event: 14.236 Thread 0x00007fe4d403b000 Exception <a 'java/io/FileNotFoundException'> (0x000000076b348f38) thrown at [/Users/java_re/workspace/8-2-build-macosx-x86_64/jdk8u45/3457/hotspot/src/share/vm/prims/jni.cpp, line 709]
Event: 14.244 Thread 0x00007fe4d403b000 Exception <a 'java/io/FileNotFoundException'> (0x000000076b368a60) thrown at [/Users/java_re/workspace/8-2-build-macosx-x86_64/jdk8u45/3457/hotspot/src/share/vm/prims/jni.cpp, line 709]
Event: 14.249 Thread 0x00007fe4d403b000 Exception <a 'java/io/FileNotFoundException'> (0x000000076b37a9b8) thrown at [/Users/java_re/workspace/8-2-build-macosx-x86_64/jdk8u45/3457/hotspot/src/share/vm/prims/jni.cpp, line 709]
Event: 14.263 Thread 0x00007fe4d403b000 Exception <a 'java/io/FileNotFoundException'> (0x000000076b392568) thrown at [/Users/java_re/workspace/8-2-build-macosx-x86_64/jdk8u45/3457/hotspot/src/share/vm/prims/jni.cpp, line 709]
Event: 14.271 Thread 0x00007fe4d403b000 Exception <a 'java/io/FileNotFoundException'> (0x000000076cea69e0) thrown at [/Users/java_re/workspace/8-2-build-macosx-x86_64/jdk8u45/3457/hotspot/src/share/vm/prims/jni.cpp, line 709]
Event: 14.277 Thread 0x00007fe4d403b000 Exception <a 'java/io/FileNotFoundException'> (0x000000076cebe3c0) thrown at [/Users/java_re/workspace/8-2-build-macosx-x86_64/jdk8u45/3457/hotspot/src/share/vm/prims/jni.cpp, line 709]
Event: 14.284 Thread 0x00007fe4d403b000 Exception <a 'java/io/FileNotFoundException'> (0x000000076ced60a0) thrown at [/Users/java_re/workspace/8-2-build-macosx-x86_64/jdk8u45/3457/hotspot/src/share/vm/prims/jni.cpp, line 709]

Events (10 events):
Event: 177.323 Thread 0x00007fe4d500b800 flushing nmethod 0x000000010edf6510
Event: 177.323 Thread 0x00007fe4d500b800 flushing nmethod 0x000000010ee0c1d0
Event: 177.323 Thread 0x00007fe4d500b800 flushing nmethod 0x000000010ee10dd0
Event: 177.323 loading class com/sun/javafx/tk/quantum/QuantumToolkit
Event: 177.323 loading class com/sun/javafx/tk/quantum/QuantumToolkit done
Event: 177.323 Thread 0x00007fe4d50fb000 Thread exited: 0x00007fe4d50fb000
Event: 177.323 Thread 0x00007fe4d6853800 Thread exited: 0x00007fe4d6853800
Event: 177.323 Thread 0x00007fe4d6801800 Thread exited: 0x00007fe4d6801800
Event: 177.323 Thread 0x00007fe4d427a000 Thread added: 0x00007fe4d427a000
Event: 177.324 Thread 0x00007fe4d403b000 Thread exited: 0x00007fe4d403b000


Dynamic libraries:
0x000000000701e000 	/System/Library/Frameworks/Cocoa.framework/Versions/A/Cocoa
0x000000000701e000 	/System/Library/Frameworks/Security.framework/Versions/A/Security
0x000000000701e000 	/System/Library/Frameworks/ApplicationServices.framework/Versions/A/ApplicationServices
0x000000000701e000 	/usr/lib/libz.1.dylib
0x000000000701e000 	/usr/lib/libSystem.B.dylib
0x000000000701e000 	/usr/lib/libobjc.A.dylib
0x000000000701e000 	/System/Library/Frameworks/CoreFoundation.framework/Versions/A/CoreFoundation
0x000000000701e000 	/System/Library/Frameworks/Foundation.framework/Versions/C/Foundation
0x000000000701e000 	/System/Library/Frameworks/AppKit.framework/Versions/C/AppKit
0x000000000701e000 	/System/Library/Frameworks/CoreData.framework/Versions/A/CoreData
0x000000000701e000 	/System/Library/PrivateFrameworks/RemoteViewServices.framework/Versions/A/RemoteViewServices
0x000000000701e000 	/System/Library/PrivateFrameworks/UIFoundation.framework/Versions/A/UIFoundation
0x000000000701e000 	/System/Library/Frameworks/IOSurface.framework/Versions/A/IOSurface
0x000000000701e000 	/System/Library/Frameworks/AudioToolbox.framework/Versions/A/AudioToolbox
0x000000000701e000 	/System/Library/Frameworks/AudioUnit.framework/Versions/A/AudioUnit
0x000000000701e000 	/System/Library/PrivateFrameworks/DataDetectorsCore.framework/Versions/A/DataDetectorsCore
0x000000000701e000 	/System/Library/PrivateFrameworks/DesktopServicesPriv.framework/Versions/A/DesktopServicesPriv
0x000000000701e000 	/System/Library/Frameworks/Carbon.framework/Versions/A/Frameworks/HIToolbox.framework/Versions/A/HIToolbox
0x000000000701e000 	/System/Library/Frameworks/QuartzCore.framework/Versions/A/QuartzCore
0x000000000701e000 	/System/Library/Frameworks/Carbon.framework/Versions/A/Frameworks/SpeechRecognition.framework/Versions/A/SpeechRecognition
0x000000000701e000 	/usr/lib/libauto.dylib
0x000000000701e000 	/usr/lib/libicucore.A.dylib
0x000000000701e000 	/usr/lib/libxml2.2.dylib
0x000000000701e000 	/System/Library/PrivateFrameworks/CoreUI.framework/Versions/A/CoreUI
0x000000000701e000 	/System/Library/Frameworks/CoreAudio.framework/Versions/A/CoreAudio
0x000000000701e000 	/System/Library/Frameworks/DiskArbitration.framework/Versions/A/DiskArbitration
0x000000000701e000 	/usr/lib/liblangid.dylib
0x000000000701e000 	/System/Library/PrivateFrameworks/MultitouchSupport.framework/Versions/A/MultitouchSupport
0x000000000701e000 	/System/Library/Frameworks/IOKit.framework/Versions/A/IOKit
0x000000000701e000 	/usr/lib/libDiagnosticMessagesClient.dylib
0x000000000701e000 	/System/Library/Frameworks/CoreServices.framework/Versions/A/CoreServices
0x000000000701e000 	/System/Library/PrivateFrameworks/PerformanceAnalysis.framework/Versions/A/PerformanceAnalysis
0x000000000701e000 	/System/Library/PrivateFrameworks/GenerationalStorage.framework/Versions/A/GenerationalStorage
0x000000000701e000 	/System/Library/Frameworks/OpenGL.framework/Versions/A/OpenGL
0x000000000701e000 	/System/Library/PrivateFrameworks/Sharing.framework/Versions/A/Sharing
0x000000000701e000 	/System/Library/Frameworks/CoreGraphics.framework/Versions/A/CoreGraphics
0x000000000701e000 	/System/Library/Frameworks/CoreText.framework/Versions/A/CoreText
0x000000000701e000 	/System/Library/Frameworks/ImageIO.framework/Versions/A/ImageIO
0x000000000701e000 	/usr/lib/libextension.dylib
0x000000000701e000 	/System/Library/PrivateFrameworks/Backup.framework/Versions/A/Backup
0x000000000701e000 	/usr/lib/libarchive.2.dylib
0x000000000701e000 	/System/Library/Frameworks/CFNetwork.framework/Versions/A/CFNetwork
0x000000000701e000 	/System/Library/Frameworks/SystemConfiguration.framework/Versions/A/SystemConfiguration
0x000000000701e000 	/usr/lib/libCRFSuite.dylib
0x000000000701e000 	/usr/lib/libc++.1.dylib
0x000000000701e000 	/usr/lib/libc++abi.dylib
0x000000000701e000 	/usr/lib/system/libcache.dylib
0x000000000701e000 	/usr/lib/system/libcommonCrypto.dylib
0x000000000701e000 	/usr/lib/system/libcompiler_rt.dylib
0x000000000701e000 	/usr/lib/system/libcopyfile.dylib
0x000000000701e000 	/usr/lib/system/libcorecrypto.dylib
0x000000000701e000 	/usr/lib/system/libdispatch.dylib
0x000000000701e000 	/usr/lib/system/libdyld.dylib
0x000000000701e000 	/usr/lib/system/libkeymgr.dylib
0x000000000701e000 	/usr/lib/system/liblaunch.dylib
0x000000000701e000 	/usr/lib/system/libmacho.dylib
0x000000000701e000 	/usr/lib/system/libquarantine.dylib
0x000000000701e000 	/usr/lib/system/libremovefile.dylib
0x000000000701e000 	/usr/lib/system/libsystem_asl.dylib
0x000000000701e000 	/usr/lib/system/libsystem_blocks.dylib
0x000000000701e000 	/usr/lib/system/libsystem_c.dylib
0x000000000701e000 	/usr/lib/system/libsystem_configuration.dylib
0x000000000701e000 	/usr/lib/system/libsystem_coreservices.dylib
0x000000000701e000 	/usr/lib/system/libsystem_coretls.dylib
0x000000000701e000 	/usr/lib/system/libsystem_dnssd.dylib
0x000000000701e000 	/usr/lib/system/libsystem_info.dylib
0x000000000701e000 	/usr/lib/system/libsystem_kernel.dylib
0x000000000701e000 	/usr/lib/system/libsystem_m.dylib
0x000000000701e000 	/usr/lib/system/libsystem_malloc.dylib
0x000000000701e000 	/usr/lib/system/libsystem_network.dylib
0x000000000701e000 	/usr/lib/system/libsystem_networkextension.dylib
0x000000000701e000 	/usr/lib/system/libsystem_notify.dylib
0x000000000701e000 	/usr/lib/system/libsystem_platform.dylib
0x000000000701e000 	/usr/lib/system/libsystem_pthread.dylib
0x000000000701e000 	/usr/lib/system/libsystem_sandbox.dylib
0x000000000701e000 	/usr/lib/system/libsystem_secinit.dylib
0x000000000701e000 	/usr/lib/system/libsystem_stats.dylib
0x000000000701e000 	/usr/lib/system/libsystem_trace.dylib
0x000000000701e000 	/usr/lib/system/libunc.dylib
0x000000000701e000 	/usr/lib/system/libunwind.dylib
0x000000000701e000 	/usr/lib/system/libxpc.dylib
0x000000000701e000 	/usr/lib/libbz2.1.0.dylib
0x000000000701e000 	/usr/lib/liblzma.5.dylib
0x000000000701e000 	/usr/lib/libbsm.0.dylib
0x000000000701e000 	/usr/lib/libsqlite3.dylib
0x000000000701e000 	/usr/lib/system/libkxld.dylib
0x000000000701e000 	/usr/lib/libxar.1.dylib
0x000000000701e000 	/usr/lib/libpam.2.dylib
0x000000000701e000 	/usr/lib/libOpenScriptingUtil.dylib
0x000000000701e000 	/System/Library/Frameworks/CoreServices.framework/Versions/A/Frameworks/FSEvents.framework/Versions/A/FSEvents
0x000000000701e000 	/System/Library/Frameworks/CoreServices.framework/Versions/A/Frameworks/CarbonCore.framework/Versions/A/CarbonCore
0x000000000701e000 	/System/Library/Frameworks/CoreServices.framework/Versions/A/Frameworks/Metadata.framework/Versions/A/Metadata
0x000000000701e000 	/System/Library/Frameworks/CoreServices.framework/Versions/A/Frameworks/OSServices.framework/Versions/A/OSServices
0x000000000701e000 	/System/Library/Frameworks/CoreServices.framework/Versions/A/Frameworks/SearchKit.framework/Versions/A/SearchKit
0x000000000701e000 	/System/Library/Frameworks/CoreServices.framework/Versions/A/Frameworks/AE.framework/Versions/A/AE
0x000000000701e000 	/System/Library/Frameworks/CoreServices.framework/Versions/A/Frameworks/LaunchServices.framework/Versions/A/LaunchServices
0x000000000701e000 	/System/Library/Frameworks/CoreServices.framework/Versions/A/Frameworks/DictionaryServices.framework/Versions/A/DictionaryServices
0x000000000701e000 	/System/Library/Frameworks/NetFS.framework/Versions/A/NetFS
0x000000000701e000 	/System/Library/PrivateFrameworks/NetAuth.framework/Versions/A/NetAuth
0x000000000701e000 	/System/Library/PrivateFrameworks/login.framework/Versions/A/Frameworks/loginsupport.framework/Versions/A/loginsupport
0x000000000701e000 	/System/Library/PrivateFrameworks/TCC.framework/Versions/A/TCC
0x000000000701e000 	/usr/lib/libmecabra.dylib
0x000000000701e000 	/System/Library/Frameworks/ApplicationServices.framework/Versions/A/Frameworks/ATS.framework/Versions/A/ATS
0x000000000701e000 	/System/Library/Frameworks/ApplicationServices.framework/Versions/A/Frameworks/ColorSync.framework/Versions/A/ColorSync
0x000000000701e000 	/System/Library/Frameworks/ApplicationServices.framework/Versions/A/Frameworks/HIServices.framework/Versions/A/HIServices
0x000000000701e000 	/System/Library/Frameworks/ApplicationServices.framework/Versions/A/Frameworks/LangAnalysis.framework/Versions/A/LangAnalysis
0x000000000701e000 	/System/Library/Frameworks/ApplicationServices.framework/Versions/A/Frameworks/PrintCore.framework/Versions/A/PrintCore
0x000000000701e000 	/System/Library/Frameworks/ApplicationServices.framework/Versions/A/Frameworks/QD.framework/Versions/A/QD
0x000000000701e000 	/System/Library/Frameworks/ApplicationServices.framework/Versions/A/Frameworks/SpeechSynthesis.framework/Versions/A/SpeechSynthesis
0x000000000701e000 	/System/Library/Frameworks/Accelerate.framework/Versions/A/Accelerate
0x000000000701e000 	/System/Library/Frameworks/Accelerate.framework/Versions/A/Frameworks/vImage.framework/Versions/A/vImage
0x000000000701e000 	/System/Library/Frameworks/Accelerate.framework/Versions/A/Frameworks/vecLib.framework/Versions/A/vecLib
0x000000000701e000 	/System/Library/Frameworks/Accelerate.framework/Versions/A/Frameworks/vecLib.framework/Versions/A/libvDSP.dylib
0x000000000701e000 	/System/Library/Frameworks/Accelerate.framework/Versions/A/Frameworks/vecLib.framework/Versions/A/libvMisc.dylib
0x000000000701e000 	/System/Library/Frameworks/Accelerate.framework/Versions/A/Frameworks/vecLib.framework/Versions/A/libLAPACK.dylib
0x000000000701e000 	/System/Library/Frameworks/Accelerate.framework/Versions/A/Frameworks/vecLib.framework/Versions/A/libBLAS.dylib
0x000000000701e000 	/System/Library/Frameworks/Accelerate.framework/Versions/A/Frameworks/vecLib.framework/Versions/A/libLinearAlgebra.dylib
0x000000000701e000 	/System/Library/Frameworks/ApplicationServices.framework/Versions/A/Frameworks/ATS.framework/Versions/A/Resources/libFontParser.dylib
0x000000000701e000 	/System/Library/Frameworks/ApplicationServices.framework/Versions/A/Frameworks/ATS.framework/Versions/A/Resources/libFontRegistry.dylib
0x000000000701e000 	/System/Library/PrivateFrameworks/AppleVPA.framework/Versions/A/AppleVPA
0x000000000701e000 	/System/Library/PrivateFrameworks/AppleJPEG.framework/Versions/A/AppleJPEG
0x000000000701e000 	/System/Library/Frameworks/ImageIO.framework/Versions/A/Resources/libJPEG.dylib
0x000000000701e000 	/System/Library/Frameworks/ImageIO.framework/Versions/A/Resources/libTIFF.dylib
0x000000000701e000 	/System/Library/Frameworks/ImageIO.framework/Versions/A/Resources/libPng.dylib
0x000000000701e000 	/System/Library/Frameworks/ImageIO.framework/Versions/A/Resources/libGIF.dylib
0x000000000701e000 	/System/Library/Frameworks/ImageIO.framework/Versions/A/Resources/libJP2.dylib
0x000000000701e000 	/System/Library/Frameworks/ImageIO.framework/Versions/A/Resources/libRadiance.dylib
0x000000000701e000 	/System/Library/Frameworks/CoreVideo.framework/Versions/A/CoreVideo
0x000000000701e000 	/System/Library/Frameworks/OpenGL.framework/Versions/A/Libraries/libGLU.dylib
0x000000000701e000 	/System/Library/Frameworks/OpenGL.framework/Versions/A/Libraries/libGFXShared.dylib
0x000000000701e000 	/System/Library/Frameworks/OpenGL.framework/Versions/A/Libraries/libGL.dylib
0x000000000701e000 	/System/Library/Frameworks/OpenGL.framework/Versions/A/Libraries/libGLImage.dylib
0x000000000701e000 	/System/Library/Frameworks/OpenGL.framework/Versions/A/Libraries/libCVMSPluginSupport.dylib
0x000000000701e000 	/System/Library/Frameworks/OpenGL.framework/Versions/A/Libraries/libCoreVMClient.dylib
0x000000000701e000 	/usr/lib/libcups.2.dylib
0x000000000701e000 	/System/Library/Frameworks/Kerberos.framework/Versions/A/Kerberos
0x000000000701e000 	/System/Library/Frameworks/GSS.framework/Versions/A/GSS
0x000000000701e000 	/usr/lib/libresolv.9.dylib
0x000000000701e000 	/usr/lib/libiconv.2.dylib
0x000000000701e000 	/System/Library/PrivateFrameworks/Heimdal.framework/Versions/A/Heimdal
0x000000000701e000 	/usr/lib/libheimdal-asn1.dylib
0x000000000701e000 	/System/Library/Frameworks/OpenDirectory.framework/Versions/A/OpenDirectory
0x000000000701e000 	/System/Library/PrivateFrameworks/CommonAuth.framework/Versions/A/CommonAuth
0x000000000701e000 	/System/Library/Frameworks/OpenDirectory.framework/Versions/A/Frameworks/CFOpenDirectory.framework/Versions/A/CFOpenDirectory
0x000000000701e000 	/System/Library/Frameworks/SecurityFoundation.framework/Versions/A/SecurityFoundation
0x000000000701e000 	/System/Library/PrivateFrameworks/LanguageModeling.framework/Versions/A/LanguageModeling
0x000000000701e000 	/usr/lib/libcmph.dylib
0x000000000701e000 	/System/Library/Frameworks/ServiceManagement.framework/Versions/A/ServiceManagement
0x000000000701e000 	/usr/lib/libxslt.1.dylib
0x000000000701e000 	/System/Library/Frameworks/Carbon.framework/Versions/A/Frameworks/Ink.framework/Versions/A/Ink
0x000000000701e000 	/System/Library/Frameworks/QuartzCore.framework/Versions/A/Frameworks/CoreImage.framework/Versions/A/CoreImage
0x000000000701e000 	/System/Library/PrivateFrameworks/CrashReporterSupport.framework/Versions/A/CrashReporterSupport
0x000000000701e000 	/System/Library/Frameworks/OpenCL.framework/Versions/A/OpenCL
0x000000000701e000 	/System/Library/PrivateFrameworks/FaceCore.framework/Versions/A/FaceCore
0x000000000701e000 	/System/Library/PrivateFrameworks/Ubiquity.framework/Versions/A/Ubiquity
0x000000000701e000 	/System/Library/PrivateFrameworks/IconServices.framework/Versions/A/IconServices
0x000000000701e000 	/System/Library/PrivateFrameworks/ChunkingLibrary.framework/Versions/A/ChunkingLibrary
0x000000000701e000 	/System/Library/PrivateFrameworks/Apple80211.framework/Versions/A/Apple80211
0x000000000701e000 	/System/Library/Frameworks/CoreWLAN.framework/Versions/A/CoreWLAN
0x000000000701e000 	/System/Library/Frameworks/IOBluetooth.framework/Versions/A/IOBluetooth
0x000000000701e000 	/System/Library/PrivateFrameworks/CoreWiFi.framework/Versions/A/CoreWiFi
0x000000000701e000 	/System/Library/Frameworks/CoreBluetooth.framework/Versions/A/CoreBluetooth
0x000000000701e000 	/System/Library/PrivateFrameworks/DebugSymbols.framework/Versions/A/DebugSymbols
0x000000000701e000 	/System/Library/PrivateFrameworks/CoreSymbolication.framework/Versions/A/CoreSymbolication
0x000000000701e000 	/System/Library/PrivateFrameworks/Symbolication.framework/Versions/A/Symbolication
0x000000000701e000 	/System/Library/PrivateFrameworks/SpeechRecognitionCore.framework/Versions/A/SpeechRecognitionCore
0x000000010c22a000 	/Library/Java/JavaVirtualMachines/jdk1.8.0_45.jdk/Contents/Home/jre/lib/server/libjvm.dylib
0x000000000701e000 	/usr/lib/libstdc++.6.dylib
0x000000010d1aa000 	/Library/Java/JavaVirtualMachines/jdk1.8.0_45.jdk/Contents/Home/jre/lib/libverify.dylib
0x000000010d1b8000 	/Library/Java/JavaVirtualMachines/jdk1.8.0_45.jdk/Contents/Home/jre/lib/libjava.dylib
0x000000010d1f7000 	/Library/Java/JavaVirtualMachines/jdk1.8.0_45.jdk/Contents/Home/jre/lib/libzip.dylib
0x0000000129eda000 	/System/Library/Frameworks/JavaVM.framework/Frameworks/JavaRuntimeSupport.framework/JavaRuntimeSupport
0x0000000129ef0000 	/System/Library/Frameworks/JavaVM.framework/Versions/A/Frameworks/JavaNativeFoundation.framework/Versions/A/JavaNativeFoundation
0x0000000129f04000 	/System/Library/Frameworks/JavaVM.framework/Versions/A/JavaVM
0x000000000701e000 	/System/Library/Frameworks/Carbon.framework/Versions/A/Carbon
0x0000000129f10000 	/System/Library/PrivateFrameworks/JavaLaunching.framework/Versions/A/JavaLaunching
0x000000000701e000 	/System/Library/Frameworks/Carbon.framework/Versions/A/Frameworks/CommonPanels.framework/Versions/A/CommonPanels
0x000000000701e000 	/System/Library/Frameworks/Carbon.framework/Versions/A/Frameworks/Help.framework/Versions/A/Help
0x000000000701e000 	/System/Library/Frameworks/Carbon.framework/Versions/A/Frameworks/ImageCapture.framework/Versions/A/ImageCapture
0x000000000701e000 	/System/Library/Frameworks/Carbon.framework/Versions/A/Frameworks/OpenScripting.framework/Versions/A/OpenScripting
0x000000000701e000 	/System/Library/Frameworks/Carbon.framework/Versions/A/Frameworks/Print.framework/Versions/A/Print
0x000000000701e000 	/System/Library/Frameworks/Carbon.framework/Versions/A/Frameworks/SecurityHI.framework/Versions/A/SecurityHI
0x000000012c02f000 	/Applications/IntelliJ IDEA 14 CE.app/Contents/bin/libbreakgen64.jnilib
0x000000012c1cb000 	/Library/Java/JavaVirtualMachines/jdk1.8.0_45.jdk/Contents/Home/jre/lib/libnet.dylib
0x000000012c430000 	/Library/Java/JavaVirtualMachines/jdk1.8.0_45.jdk/Contents/Home/jre/lib/libprism_es2.dylib
0x000000000701e000 	/System/Library/Frameworks/OpenGL.framework/Versions/A/Resources/GLEngine.bundle/GLEngine
0x000000000701e000 	/System/Library/Frameworks/OpenGL.framework/Versions/A/Libraries/libGLProgrammability.dylib
0x000000012c4b2000 	/System/Library/Extensions/AppleIntelHD4000GraphicsGLDriver.bundle/Contents/MacOS/AppleIntelHD4000GraphicsGLDriver
0x000000000701e000 	/System/Library/PrivateFrameworks/IOAccelerator.framework/Versions/A/IOAccelerator
0x000000000701e000 	/System/Library/PrivateFrameworks/GPUSupport.framework/Versions/A/Libraries/libGPUSupportMercury.dylib
0x0000000000000000 	/System/Library/Extensions/GeForceGLDriver.bundle/Contents/MacOS/GeForceGLDriver
0x000000000701e000 	/System/Library/Extensions/GeForceGLDriver.bundle/Contents/MacOS/libclh.dylib
0x000000000701e000 	/System/Library/Frameworks/OpenGL.framework/Versions/A/Resources/GLRendererFloat.bundle/GLRendererFloat
0x000000000701e000 	/System/Library/Frameworks/OpenCL.framework/Versions/A/Libraries/libcldcpuengine.dylib
0x000000000701e000 	/System/Library/PrivateFrameworks/DiskImages.framework/Versions/A/DiskImages
0x000000000701e000 	/System/Library/Frameworks/DiscRecording.framework/Versions/A/DiscRecording
0x000000000701e000 	/usr/lib/libcsfde.dylib
0x000000000701e000 	/usr/lib/libcurl.4.dylib
0x000000000701e000 	/System/Library/PrivateFrameworks/MediaKit.framework/Versions/A/MediaKit
0x000000000701e000 	/System/Library/PrivateFrameworks/ProtectedCloudStorage.framework/Versions/A/ProtectedCloudStorage
0x000000000701e000 	/usr/lib/libCoreStorage.dylib
0x000000000701e000 	/System/Library/PrivateFrameworks/EFILogin.framework/Versions/A/EFILogin
0x000000000701e000 	/usr/lib/libutil.dylib
0x000000000701e000 	/System/Library/PrivateFrameworks/FindMyDevice.framework/Versions/A/FindMyDevice
0x000000000701e000 	/System/Library/Frameworks/LDAP.framework/Versions/A/LDAP
0x000000000701e000 	/usr/lib/libsasl2.2.dylib
0x000000000701e000 	/System/Library/PrivateFrameworks/CoreDaemon.framework/Versions/B/CoreDaemon
0x000000000701e000 	/usr/lib/libcrypto.0.9.8.dylib
0x000000000701e000 	/System/Library/PrivateFrameworks/AppleSRP.framework/Versions/A/AppleSRP
0x000000000701e000 	/System/Library/PrivateFrameworks/TrustEvaluationAgent.framework/Versions/A/TrustEvaluationAgent
0x000000012d17f000 	/Library/Java/JavaVirtualMachines/jdk1.8.0_45.jdk/Contents/Home/jre/lib/libglass.dylib
0x000000000701e000 	/System/Library/PrivateFrameworks/CoreServicesInternal.framework/Versions/A/CoreServicesInternal
0x000000000701e000 	/System/Library/PrivateFrameworks/CloudDocs.framework/Versions/A/CloudDocs
0x000000000701e000 	/System/Library/PrivateFrameworks/CoreDuet.framework/Versions/A/CoreDuet
0x000000000701e000 	/System/Library/Frameworks/CloudKit.framework/Versions/A/CloudKit
0x000000000701e000 	/System/Library/PrivateFrameworks/ProtocolBuffer.framework/Versions/A/ProtocolBuffer
0x000000000701e000 	/System/Library/PrivateFrameworks/CoreDuetDaemonProtocol.framework/Versions/A/CoreDuetDaemonProtocol
0x000000000701e000 	/System/Library/PrivateFrameworks/CoreDuetDebugLogging.framework/Versions/A/CoreDuetDebugLogging
0x000000000701e000 	/System/Library/PrivateFrameworks/MMCS.framework/Versions/A/MMCS
0x000000000701e000 	/System/Library/Frameworks/CoreLocation.framework/Versions/A/CoreLocation
0x000000000701e000 	/System/Library/PrivateFrameworks/GeoServices.framework/Versions/A/GeoServices
0x000000000701e000 	/System/Library/Frameworks/CoreGraphics.framework/Versions/A/Resources/libCGCMS.A.dylib
0x000000000701e000 	/System/Library/CoreServices/RawCamera.bundle/Contents/MacOS/RawCamera
0x000000000701e000 	/System/Library/Frameworks/CoreGraphics.framework/Versions/A/Resources/libRIP.A.dylib
0x000000000701e000 	/System/Library/PrivateFrameworks/FamilyControls.framework/Versions/A/FamilyControls
0x000000000701e000 	/System/Library/PrivateFrameworks/CommerceKit.framework/Versions/A/Frameworks/CommerceCore.framework/Versions/A/CommerceCore
0x000000000701e000 	/System/Library/PrivateFrameworks/SystemAdministration.framework/Versions/A/SystemAdministration
0x000000000701e000 	/System/Library/PrivateFrameworks/AppContainer.framework/Versions/A/AppContainer
0x000000000701e000 	/System/Library/PrivateFrameworks/SecCodeWrapper.framework/Versions/A/SecCodeWrapper
0x000000000701e000 	/System/Library/Frameworks/DirectoryService.framework/Versions/A/DirectoryService
0x000000000701e000 	/System/Library/PrivateFrameworks/LoginUIKit.framework/Versions/A/Frameworks/LoginUICore.framework/Versions/A/LoginUICore
0x000000000701e000 	/usr/lib/libodfde.dylib
0x00000001318bf000 	/Library/Java/JavaVirtualMachines/jdk1.8.0_45.jdk/Contents/Home/jre/lib/libjavafx_iio.dylib
0x0000000131b15000 	/Library/Java/JavaVirtualMachines/jdk1.8.0_45.jdk/Contents/Home/jre/lib/libjavafx_font.dylib
0x000000000701e000 	/System/Library/Frameworks/CoreGraphics.framework/Versions/A/Resources/libCGXType.A.dylib
0x00000001348f2000 	cl_kernels
0x00000001363be000 	/System/Library/Frameworks/OpenCL.framework/Versions/A/Libraries/ImageFormats/unorm8_bgra.dylib
0x00000001348e4000 	cl_kernels
0x0000000135abe000 	/Library/Java/JavaVirtualMachines/jdk1.8.0_45.jdk/Contents/Home/jre/lib/libprism_common.dylib

VM Arguments:
jvm_args: -Didea.launcher.port=7540 -Didea.launcher.bin.path=/Applications/IntelliJ IDEA 14 CE.app/Contents/bin -Dfile.encoding=UTF-8 
java_command: com.intellij.rt.execution.application.AppMain sample.Main
java_class_path (initial): /Library/Java/JavaVirtualMachines/jdk1.8.0_45.jdk/Contents/Home/lib/ant-javafx.jar:/Library/Java/JavaVirtualMachines/jdk1.8.0_45.jdk/Contents/Home/lib/dt.jar:/Library/Java/JavaVirtualMachines/jdk1.8.0_45.jdk/Contents/Home/lib/javafx-mx.jar:/Library/Java/JavaVirtualMachines/jdk1.8.0_45.jdk/Contents/Home/lib/jconsole.jar:/Library/Java/JavaVirtualMachines/jdk1.8.0_45.jdk/Contents/Home/lib/packager.jar:/Library/Java/JavaVirtualMachines/jdk1.8.0_45.jdk/Contents/Home/lib/sa-jdi.jar:/Library/Java/JavaVirtualMachines/jdk1.8.0_45.jdk/Contents/Home/lib/tools.jar:/Library/Java/JavaVirtualMachines/jdk1.8.0_45.jdk/Contents/Home/jre/lib/charsets.jar:/Library/Java/JavaVirtualMachines/jdk1.8.0_45.jdk/Contents/Home/jre/lib/deploy.jar:/Library/Java/JavaVirtualMachines/jdk1.8.0_45.jdk/Contents/Home/jre/lib/javaws.jar:/Library/Java/JavaVirtualMachines/jdk1.8.0_45.jdk/Contents/Home/jre/lib/jce.jar:/Library/Java/JavaVirtualMachines/jdk1.8.0_45.jdk/Contents/Home/jre/lib/jfr.jar:/Library/Java/JavaVirtualMachines/jdk1.8.0_45.jdk/Contents/Home/jre/lib/jfxswt.jar:/Library/Java/JavaVirtualMachines/jdk1.8.0_45.jdk/Contents/Home/jre/lib/jsse.jar:/Library/Java/JavaVirtualMachines/jdk1.8.0_45.jdk/Contents/Home/jre/lib/management-agent.jar:/Library/Java/JavaVirtualMachines/jdk1.8.0_45.jdk/Contents/Home/jre/lib/plugin.jar:/Library/Java/JavaVirtualMachines/jdk1.8.0_45.jdk/Contents/Home/jre/lib/resources.jar:/Library/Java/JavaVirtualMachines/jdk1.8.0_45.jdk/Contents/Home/jre/lib/rt.jar:/Library/Java/JavaVirtualMachines/jdk1.8.0_45.jdk/Contents/Home/jre/lib/ext/cldrdata.jar:/Library/Java/JavaVirtualMachines/jdk1.8.0_45.jdk/Contents/Home/jre/lib/ext/dnsns.jar:/Library/Java/JavaVirtualMachines/jdk1.8.0_45.jdk/Contents/Home/jre/lib/ext/jfxrt.jar:/Library/Java/JavaVirtualMachines/jdk1.8.0_45.jdk/Contents/Home/jre/lib/ext/localedata.jar:/Library/Java/JavaVirtualMachines/jdk1.8.0_45.jdk/Contents/Home/jre/lib/ext/nashorn.jar:/Library/Java/JavaVirtualMachines/jdk1.8.0_45.jdk/Conten
Launcher Type: SUN_STANDARD

Environment Variables:
CLASSPATH=.:/Users/MacbookRetina/Desktop/OneDrive/Georgia Tech Classes/Fall 2015/cs 1332/hw1/junit-4.12.jar:/Users/MacbookRetina/Desktop/OneDrive/Georgia Tech Classes/Fall 2015/cs 1332/hw1/hamcrest-core-1.3.jar
PATH=/Library/Frameworks/Python.framework/Versions/2.7/bin:/usr/local/bin:/usr/bin:/bin:/usr/sbin:/sbin
SHELL=/bin/bash

Signal Handlers:
SIGSEGV: [libjvm.dylib+0x58ef95], sa_mask[0]=11111111011111110111111111111111, sa_flags=SA_ONSTACK|SA_RESTART|SA_SIGINFO
SIGBUS: [libjvm.dylib+0x58ef95], sa_mask[0]=11111111011111110111111111111111, sa_flags=SA_RESTART|SA_SIGINFO
SIGFPE: [libjvm.dylib+0x46c108], sa_mask[0]=11111111011111110111111111111111, sa_flags=SA_RESTART|SA_SIGINFO
SIGPIPE: [libjvm.dylib+0x46c108], sa_mask[0]=11111111011111110111111111111111, sa_flags=SA_RESTART|SA_SIGINFO
SIGXFSZ: [libjvm.dylib+0x46c108], sa_mask[0]=11111111011111110111111111111111, sa_flags=SA_RESTART|SA_SIGINFO
SIGILL: [libjvm.dylib+0x46c108], sa_mask[0]=11111111011111110111111111111111, sa_flags=SA_RESTART|SA_SIGINFO
SIGUSR1: SIG_DFL, sa_mask[0]=00000000000000000000000000000000, sa_flags=none
SIGUSR2: [libjvm.dylib+0x46bc26], sa_mask[0]=00100000000000000000000000000000, sa_flags=SA_RESTART|SA_SIGINFO
SIGHUP: [libjvm.dylib+0x46a1f9], sa_mask[0]=11111111011111110111111111111111, sa_flags=SA_RESTART|SA_SIGINFO
SIGINT: [libjvm.dylib+0x46a1f9], sa_mask[0]=11111111011111110111111111111111, sa_flags=SA_RESTART|SA_SIGINFO
SIGTERM: [libjvm.dylib+0x46a1f9], sa_mask[0]=11111111011111110111111111111111, sa_flags=SA_RESTART|SA_SIGINFO
SIGQUIT: [libjvm.dylib+0x46a1f9], sa_mask[0]=11111111011111110111111111111111, sa_flags=SA_RESTART|SA_SIGINFO


---------------  S Y S T E M  ---------------

OS:Bsduname:Darwin 14.5.0 Darwin Kernel Version 14.5.0: Wed Jul 29 02:26:53 PDT 2015; root:xnu-2782.40.9~1/RELEASE_X86_64 x86_64
rlimit: STACK 8192k, CORE 0k, NPROC 709, NOFILE 10240, AS infinity
load average:4.52 4.69 4.11

CPU:total 8 (4 cores per cpu, 2 threads per core) family 6 model 58 stepping 9, cmov, cx8, fxsr, mmx, sse, sse2, sse3, ssse3, sse4.1, sse4.2, popcnt, avx, aes, clmul, erms, ht, tsc, tscinvbit, tscinv

Memory: 4k page, physical 16777216k(3665664k free)

/proc/meminfo:


vm_info: Java HotSpot(TM) 64-Bit Server VM (25.45-b02) for bsd-amd64 JRE (1.8.0_45-b14), built on Apr 10 2015 10:46:38 by "java_re" with gcc 4.2.1 (Based on Apple Inc. build 5658) (LLVM build 2336.11.00)

time: Tue Nov  3 23:51:58 2015
elapsed time: 181 seconds (0d 0h 3m 1s)

