#
# A fatal error has been detected by the Java Runtime Environment:
#
#  SIGSEGV (0xb) at pc=0x000000011b5af58d, pid=1701, tid=1811
#
# JRE version: Java(TM) SE Runtime Environment (8.0_45-b14) (build 1.8.0_45-b14)
# Java VM: Java HotSpot(TM) 64-Bit Server VM (25.45-b02 mixed mode bsd-amd64 compressed oops)
# Problematic frame:
# C  [libglass.dylib+0x1558d]  GlassScreenDidChangeScreenParameters+0x9d
#
# Failed to write core dump. Core dumps have been disabled. To enable core dumping, try "ulimit -c unlimited" before starting Java again
#
# If you would like to submit a bug report, please visit:
#   http://bugreport.java.com/bugreport/crash.jsp
#

---------------  T H R E A D  ---------------

Current thread is native thread

siginfo: si_signo: 11 (SIGSEGV), si_code: 1 (SEGV_MAPERR), si_addr: 0x0000000000000000

Registers:
RAX=0x000000011b5e1bc0, RBX=0x0000000000000000, RCX=0xb900f8d509b50b40, RDX=0x00007fd53beb2c08
RSP=0x00007fff5f098930, RBP=0x00007fff5f098940, RSI=0x00007fd53bf00cf8, RDI=0x0000000000000000
R8 =0x00007fff5f0987e0, R9 =0x00007fff76bbf300, R10=0x0000000000000000, R11=0x0000000000000246
R12=0x00007fd53bc03790, R13=0x00000000000f426a, R14=0x00007fd53bf3db80, R15=0x00007fff5f098a80
RIP=0x000000011b5af58d, EFLAGS=0x0000000000010202, ERR=0x0000000000000004
  TRAPNO=0x000000000000000e

Top of Stack: (sp=0x00007fff5f098930)
0x00007fff5f098930:   00007fff5f098b10 00007fd53bf3db80
0x00007fff5f098940:   00007fff5f098950 00007fff8a6eb45c
0x00007fff5f098950:   00007fff5f098cb0 00007fff8a5db634
0x00007fff5f098960:   00007fff5f0989b0 0000000000001e00
0x00007fff5f098970:   00007fff768c3ed0 00007fd53bdc70d0
0x00007fff5f098980:   0000000000001003 0000000000000bb8
0x00007fff5f098990:   00007fd53bdc70d0 00007fd53bf3db80
0x00007fff5f0989a0:   0000000000000000 00007fff5f098a80
0x00007fff5f0989b0:   0000000000000000 00007fd53bf3db40
0x00007fff5f0989c0:   00007fff5f098b00 000000000000007d
0x00007fff5f0989d0:   00000000000f4519 00007fd53bf74e60
0x00007fff5f0989e0:   00007fd53bc28580 00007fd53bc03790
0x00007fff5f0989f0:   0000000000000001 00000000000f426a
0x00007fff5f098a00:   00007fd53bc03780 00007fff8b80fb90
0x00007fff5f098a10:   0000000000000001 0000000000000001
0x00007fff5f098a20:   0000000000000030 0000000000000001
0x00007fff5f098a30:   00007fff5f098a50 00007fff8b810546
0x00007fff5f098a40:   00007fff768c1fb0 0000000000000000
0x00007fff5f098a50:   00007fff5f098a70 0000000000000011
0x00007fff5f098a60:   001c87033c323000 00007fd53bc037b4
0x00007fff5f098a70:   0000000000000000 00007fff8a5d110f
0x00007fff5f098a80:   00007fd53bf3db80 00007fff768c1fb0
0x00007fff5f098a90:   00007fff5f098b10 0000000000000001
0x00007fff5f098aa0:   00007fff5f098ae0 00007fff8b80ddd2
0x00007fff5f098ab0:   0000000100b82a00 0000000000000002
0x00007fff5f098ac0:   0000000100b7f000 00007fd53bf5b3a2
0x00007fff5f098ad0:   0000000000000003 0000000100b84800
0x00007fff5f098ae0:   00007fff5f098bd0 00007fff8b80cb36
0x00007fff5f098af0:   00007fd53be445c0 00007fff5f098cb8
0x00007fff5f098b00:   0000000000000017 0000000000000000
0x00007fff5f098b10:   00000000000f426a 00007fff8a5d1403
0x00007fff5f098b20:   00007fff00000000 00007fd53bc2d500 

Instructions: (pc=0x000000011b5af58d)
0x000000011b5af56d:   89 df 4c 89 f1 41 ff 90 68 04 00 00 48 8d 05 48
0x000000011b5af57d:   25 03 00 48 8b 30 48 8d 05 36 26 03 00 48 8b 10
0x000000011b5af58d:   48 8b 0b 30 c0 48 89 df ff 91 68 04 00 00 48 8b
0x000000011b5af59d:   03 48 89 df ff 50 78 48 85 c0 74 36 49 89 c6 48 

Register to memory mapping:

RAX=0x000000011b5e1bc0: jScreenNotifySettingsChanged+0 in /Library/Java/JavaVirtualMachines/jdk1.8.0_45.jdk/Contents/Home/jre/lib/libglass.dylib at 0x000000011b59a000
RBX=0x0000000000000000 is an unknown value
RCX=0xb900f8d509b50b40 is an unknown value
RDX=0x00007fd53beb2c08 is an unknown value
RSP=0x00007fff5f098930 is an unknown value
RBP=0x00007fff5f098940 is an unknown value
RSI=0x00007fd53bf00cf8 is a global jni handle
RDI=0x0000000000000000 is an unknown value
R8 =0x00007fff5f0987e0 is an unknown value
R9 =0x00007fff76bbf300: _thread+0 in /usr/lib/system/libsystem_pthread.dylib at 0x00007fff8bb43000
R10=0x0000000000000000 is an unknown value
R11=0x0000000000000246 is an unknown value
R12=0x00007fd53bc03790 is an unknown value
R13=0x00000000000f426a is an unknown value
R14=0x00007fd53bf3db80 is an unknown value
R15=0x00007fff5f098a80 is an unknown value


Stack: [0x00007fff5e89c000,0x00007fff5f09c000],  sp=0x00007fff5f098930,  free space=8178k
Native frames: (J=compiled Java code, j=interpreted, Vv=VM code, C=native code)
C  [libglass.dylib+0x1558d]  GlassScreenDidChangeScreenParameters+0x9d
C  [CoreFoundation+0x12045c]  __CFNOTIFICATIONCENTER_IS_CALLING_OUT_TO_AN_OBSERVER__+0xc
C  [CoreFoundation+0x10634]  _CFXNotificationPost+0xc44
C  [Foundation+0x7aa1]  -[NSNotificationCenter postNotificationName:object:userInfo:]+0x42
C  [AppKit+0x40de7e]  -[NSApplication _reactToScreenInvalidationImmediately:]+0x17b
C  [AppKit+0x40dcc7]  __44-[NSApplication _reactToScreenInvalidation:]_block_invoke+0x4b
C  [CoreFoundation+0x808ec]  __CFRUNLOOP_IS_CALLING_OUT_TO_A_BLOCK__+0xc
C  [CoreFoundation+0x729f5]  __CFRunLoopDoBlocks+0x155
C  [CoreFoundation+0x72536]  __CFRunLoopRun+0x716
C  [CoreFoundation+0x71bd8]  CFRunLoopRunSpecific+0x128
C  [java+0x6490]  CreateExecutionEnvironment+0x367
C  [java+0x221c]  JLI_Launch+0x7a0
C  [java+0x84ed]  main+0x65
C  [java+0x1a74]  start+0x34


---------------  P R O C E S S  ---------------

VM state:not at safepoint (normal execution)

VM Mutex/Monitor currently owned by a thread: None

Heap:
 PSYoungGen      total 38400K, used 26797K [0x0000000795580000, 0x0000000798000000, 0x00000007c0000000)
  eden space 33280K, 65% used [0x0000000795580000,0x0000000796ab2958,0x0000000797600000)
  from space 5120K, 99% used [0x0000000797600000,0x0000000797af8ab0,0x0000000797b00000)
  to   space 5120K, 0% used [0x0000000797b00000,0x0000000797b00000,0x0000000798000000)
 ParOldGen       total 87552K, used 13560K [0x0000000740000000, 0x0000000745580000, 0x0000000795580000)
  object space 87552K, 15% used [0x0000000740000000,0x0000000740d3e110,0x0000000745580000)
 Metaspace       used 18579K, capacity 19392K, committed 19712K, reserved 1067008K
  class space    used 2539K, capacity 2719K, committed 2816K, reserved 1048576K

Card table byte_map: [0x0000000111a00000,0x0000000111e01000] byte_map_base: 0x000000010e000000

Marking Bits: (ParMarkBitMap*) 0x00000001015257a0
 Begin Bits: [0x00000001123b5000, 0x00000001143b5000)
 End Bits:   [0x00000001143b5000, 0x00000001163b5000)

Polling page: 0x0000000101d12000

CodeCache: size=245760Kb used=11264Kb max_used=11264Kb free=234495Kb
 bounds [0x0000000101d25000, 0x0000000102865000, 0x0000000110d25000]
 total_blobs=4080 nmethods=3430 adapters=561
 compilation: enabled

Compilation events (10 events):
Event: 89.950 Thread 0x00007fd53c02e000 3758       3       java.util.concurrent.atomic.AtomicInteger::decrementAndGet (14 bytes)
Event: 89.950 Thread 0x00007fd53c02e000 nmethod 3758 0x00000001021e75d0 code [0x00000001021e7720, 0x00000001021e7870]
Event: 101.949 Thread 0x00007fd53c02e000 3759       3       java.util.TaskQueue::isEmpty (13 bytes)
Event: 101.950 Thread 0x00007fd53c02e000 nmethod 3759 0x00000001020d8890 code [0x00000001020d8a00, 0x00000001020d8bb0]
Event: 111.947 Thread 0x00007fd53c02e000 3761   !   3       com.sun.javafx.application.PlatformImpl::runLater (100 bytes)
Event: 111.949 Thread 0x00007fd53c02e000 nmethod 3761 0x0000000101f9e910 code [0x0000000101f9ec40, 0x0000000101fa0738]
Event: 113.951 Thread 0x00007fd53c02e000 3762       3       com.sun.javafx.application.PlatformImpl::runLater (6 bytes)
Event: 113.952 Thread 0x00007fd53c02e000 nmethod 3762 0x0000000101f9e590 code [0x0000000101f9e700, 0x0000000101f9e868]
Event: 116.952 Thread 0x00007fd53c02e000 3763       3       javafx.application.Platform::runLater (5 bytes)
Event: 116.952 Thread 0x00007fd53c02e000 nmethod 3763 0x00000001020d2a10 code [0x00000001020d2b80, 0x00000001020d2d48]

GC Heap History (6 events):
Event: 1.878 GC heap before
{Heap before GC invocations=1 (full 0):
 PSYoungGen      total 38400K, used 32611K [0x0000000795580000, 0x0000000798000000, 0x00000007c0000000)
  eden space 33280K, 97% used [0x0000000795580000,0x0000000797558fb0,0x0000000797600000)
  from space 5120K, 0% used [0x0000000797b00000,0x0000000797b00000,0x0000000798000000)
  to   space 5120K, 0% used [0x0000000797600000,0x0000000797600000,0x0000000797b00000)
 ParOldGen       total 87552K, used 0K [0x0000000740000000, 0x0000000745580000, 0x0000000795580000)
  object space 87552K, 0% used [0x0000000740000000,0x0000000740000000,0x0000000745580000)
 Metaspace       used 14266K, capacity 14884K, committed 14976K, reserved 1062912K
  class space    used 1994K, capacity 2157K, committed 2176K, reserved 1048576K
Event: 1.886 GC heap after
Heap after GC invocations=1 (full 0):
 PSYoungGen      total 38400K, used 4754K [0x0000000795580000, 0x0000000798000000, 0x00000007c0000000)
  eden space 33280K, 0% used [0x0000000795580000,0x0000000795580000,0x0000000797600000)
  from space 5120K, 92% used [0x0000000797600000,0x0000000797aa4ac0,0x0000000797b00000)
  to   space 5120K, 0% used [0x0000000797b00000,0x0000000797b00000,0x0000000798000000)
 ParOldGen       total 87552K, used 80K [0x0000000740000000, 0x0000000745580000, 0x0000000795580000)
  object space 87552K, 0% used [0x0000000740000000,0x0000000740014010,0x0000000745580000)
 Metaspace       used 14266K, capacity 14884K, committed 14976K, reserved 1062912K
  class space    used 1994K, capacity 2157K, committed 2176K, reserved 1048576K
}
Event: 16.265 GC heap before
{Heap before GC invocations=2 (full 0):
 PSYoungGen      total 38400K, used 37941K [0x0000000795580000, 0x0000000798000000, 0x00000007c0000000)
  eden space 33280K, 99% used [0x0000000795580000,0x00000007975e8a40,0x0000000797600000)
  from space 5120K, 92% used [0x0000000797600000,0x0000000797aa4ac0,0x0000000797b00000)
  to   space 5120K, 0% used [0x0000000797b00000,0x0000000797b00000,0x0000000798000000)
 ParOldGen       total 87552K, used 80K [0x0000000740000000, 0x0000000745580000, 0x0000000795580000)
  object space 87552K, 0% used [0x0000000740000000,0x0000000740014010,0x0000000745580000)
 Metaspace       used 17770K, capacity 18568K, committed 18816K, reserved 1064960K
  class space    used 2490K, capacity 2686K, committed 2688K, reserved 1048576K
Event: 16.277 GC heap after
Heap after GC invocations=2 (full 0):
 PSYoungGen      total 38400K, used 5101K [0x0000000795580000, 0x0000000798000000, 0x00000007c0000000)
  eden space 33280K, 0% used [0x0000000795580000,0x0000000795580000,0x0000000797600000)
  from space 5120K, 99% used [0x0000000797b00000,0x0000000797ffb610,0x0000000798000000)
  to   space 5120K, 0% used [0x0000000797600000,0x0000000797600000,0x0000000797b00000)
 ParOldGen       total 87552K, used 9464K [0x0000000740000000, 0x0000000745580000, 0x0000000795580000)
  object space 87552K, 10% used [0x0000000740000000,0x000000074093e0e0,0x0000000745580000)
 Metaspace       used 17770K, capacity 18568K, committed 18816K, reserved 1064960K
  class space    used 2490K, capacity 2686K, committed 2688K, reserved 1048576K
}
Event: 49.562 GC heap before
{Heap before GC invocations=3 (full 0):
 PSYoungGen      total 38400K, used 26659K [0x0000000795580000, 0x0000000798000000, 0x00000007c0000000)
  eden space 33280K, 64% used [0x0000000795580000,0x0000000796a8d968,0x0000000797600000)
  from space 5120K, 99% used [0x0000000797b00000,0x0000000797ffb610,0x0000000798000000)
  to   space 5120K, 0% used [0x0000000797600000,0x0000000797600000,0x0000000797b00000)
 ParOldGen       total 87552K, used 9464K [0x0000000740000000, 0x0000000745580000, 0x0000000795580000)
  object space 87552K, 10% used [0x0000000740000000,0x000000074093e0e0,0x0000000745580000)
 Metaspace       used 18442K, capacity 19270K, committed 19456K, reserved 1067008K
  class space    used 2532K, capacity 2708K, committed 2816K, reserved 1048576K
Event: 49.572 GC heap after
Heap after GC invocations=3 (full 0):
 PSYoungGen      total 38400K, used 5090K [0x0000000795580000, 0x0000000798000000, 0x00000007c0000000)
  eden space 33280K, 0% used [0x0000000795580000,0x0000000795580000,0x0000000797600000)
  from space 5120K, 99% used [0x0000000797600000,0x0000000797af8ab0,0x0000000797b00000)
  to   space 5120K, 0% used [0x0000000797b00000,0x0000000797b00000,0x0000000798000000)
 ParOldGen       total 87552K, used 13560K [0x0000000740000000, 0x0000000745580000, 0x0000000795580000)
  object space 87552K, 15% used [0x0000000740000000,0x0000000740d3e110,0x0000000745580000)
 Metaspace       used 18442K, capacity 19270K, committed 19456K, reserved 1067008K
  class space    used 2532K, capacity 2708K, committed 2816K, reserved 1048576K
}

Deoptimization events (10 events):
Event: 16.451 Thread 0x00007fd53d045800 Uncommon trap: reason=unstable_if action=reinterpret pc=0x00000001021ca0d4 method=javafx.scene.CssStyleHelper.lookup(Ljavafx/css/Styleable;Ljavafx/css/CssMetaData;Lcom/sun/javafx/css/StyleMap;Ljava/util/Set;Ljavafx/css/Styleable;Lcom/sun/javafx/css/Calcul
Event: 18.028 Thread 0x00007fd53d045800 Uncommon trap: reason=unstable_if action=reinterpret pc=0x0000000102551bcc method=javafx.scene.Parent.setChildDirty(Ljavafx/scene/Node;Z)V @ 22
Event: 21.903 Thread 0x00007fd53d045800 Uncommon trap: reason=unstable_if action=reinterpret pc=0x00000001026c3cf8 method=javafx.scene.Node.impl_pickNode(Lcom/sun/javafx/geom/PickRay;Lcom/sun/javafx/scene/input/PickResultChooser;)V @ 11
Event: 21.903 Thread 0x00007fd53d045800 Uncommon trap: reason=unstable_if action=reinterpret pc=0x00000001026b0868 method=javafx.scene.Node.impl_pickNode(Lcom/sun/javafx/geom/PickRay;Lcom/sun/javafx/scene/input/PickResultChooser;)V @ 11
Event: 21.915 Thread 0x00007fd53d045800 Uncommon trap: reason=unstable_if action=reinterpret pc=0x00000001024f61b4 method=com.sun.javafx.css.ParsedValueImpl.containsFontRelativeSize(Ljavafx/css/ParsedValue;Z)Z @ 56
Event: 28.797 Thread 0x00007fd53d045800 Uncommon trap: reason=unstable_if action=reinterpret pc=0x0000000102749d5c method=javafx.scene.CssStyleHelper.transitionToState(Ljavafx/scene/Node;)V @ 513
Event: 49.639 Thread 0x00007fd53d045800 Uncommon trap: reason=unstable_if action=reinterpret pc=0x00000001026dd2bc method=javafx.scene.Node.getProperties()Ljavafx/collections/ObservableMap; @ 4
Event: 49.659 Thread 0x00007fd53d045800 Uncommon trap: reason=bimorphic action=maybe_recompile pc=0x0000000102351c98 method=com.sun.javafx.css.SimpleSelector.applies(Ljavafx/css/Styleable;)Z @ 95
Event: 49.664 Thread 0x00007fd53d045800 Uncommon trap: reason=bimorphic action=maybe_recompile pc=0x0000000102351c98 method=com.sun.javafx.css.SimpleSelector.applies(Ljavafx/css/Styleable;)Z @ 95
Event: 52.691 Thread 0x00007fd53d045800 Uncommon trap: reason=unstable_if action=reinterpret pc=0x00000001027d38cc method=javafx.scene.layout.Region.boundedSize(DDD)D @ 33

Internal exceptions (10 events):
Event: 16.251 Thread 0x00007fd53d045800 Exception <a 'java/io/FileNotFoundException'> (0x000000079736bcd8) thrown at [/Users/java_re/workspace/8-2-build-macosx-x86_64/jdk8u45/3457/hotspot/src/share/vm/prims/jni.cpp, line 709]
Event: 16.257 Thread 0x00007fd53d045800 Exception <a 'java/io/FileNotFoundException'> (0x0000000797381f50) thrown at [/Users/java_re/workspace/8-2-build-macosx-x86_64/jdk8u45/3457/hotspot/src/share/vm/prims/jni.cpp, line 709]
Event: 16.265 Thread 0x00007fd53d045800 Exception <a 'java/io/FileNotFoundException'> (0x00000007973c7d98) thrown at [/Users/java_re/workspace/8-2-build-macosx-x86_64/jdk8u45/3457/hotspot/src/share/vm/prims/jni.cpp, line 709]
Event: 16.295 Thread 0x00007fd53d045800 Exception <a 'java/io/FileNotFoundException'> (0x00000007957bd728) thrown at [/Users/java_re/workspace/8-2-build-macosx-x86_64/jdk8u45/3457/hotspot/src/share/vm/prims/jni.cpp, line 709]
Event: 49.559 Thread 0x00007fd53d045800 Exception <a 'java/io/FileNotFoundException'> (0x0000000796a62a78) thrown at [/Users/java_re/workspace/8-2-build-macosx-x86_64/jdk8u45/3457/hotspot/src/share/vm/prims/jni.cpp, line 709]
Event: 49.639 Thread 0x00007fd53d045800 Exception <a 'java/io/FileNotFoundException'> (0x00000007961b9a68) thrown at [/Users/java_re/workspace/8-2-build-macosx-x86_64/jdk8u45/3457/hotspot/src/share/vm/prims/jni.cpp, line 709]
Event: 49.646 Thread 0x00007fd53d045800 Exception <a 'java/io/FileNotFoundException'> (0x00000007961cca30) thrown at [/Users/java_re/workspace/8-2-build-macosx-x86_64/jdk8u45/3457/hotspot/src/share/vm/prims/jni.cpp, line 709]
Event: 49.653 Thread 0x00007fd53d045800 Exception <a 'java/io/FileNotFoundException'> (0x00000007961dbf78) thrown at [/Users/java_re/workspace/8-2-build-macosx-x86_64/jdk8u45/3457/hotspot/src/share/vm/prims/jni.cpp, line 709]
Event: 50.514 Thread 0x00007fd53d045800 Exception <a 'java/io/FileNotFoundException'> (0x00000007965e9630) thrown at [/Users/java_re/workspace/8-2-build-macosx-x86_64/jdk8u45/3457/hotspot/src/share/vm/prims/jni.cpp, line 709]
Event: 50.521 Thread 0x00007fd53d045800 Exception <a 'java/io/FileNotFoundException'> (0x00000007965f3678) thrown at [/Users/java_re/workspace/8-2-build-macosx-x86_64/jdk8u45/3457/hotspot/src/share/vm/prims/jni.cpp, line 709]

Events (10 events):
Event: 65.775 loading class javafx/application/Application done
Event: 65.777 loading class com/sun/javafx/tk/quantum/QuantumRenderer
Event: 65.777 loading class com/sun/javafx/tk/quantum/QuantumRenderer done
Event: 65.777 loading class com/sun/javafx/tk/quantum/QuantumToolkit
Event: 65.777 loading class com/sun/javafx/tk/quantum/QuantumToolkit done
Event: 65.777 Thread 0x00007fd53d876800 Thread exited: 0x00007fd53d876800
Event: 65.777 Thread 0x00007fd53c07f000 Thread exited: 0x00007fd53c07f000
Event: 65.778 Thread 0x00007fd53d003000 Thread exited: 0x00007fd53d003000
Event: 65.778 Thread 0x00007fd53d876800 Thread added: 0x00007fd53d876800
Event: 65.778 Thread 0x00007fd53d045800 Thread exited: 0x00007fd53d045800


Dynamic libraries:
0x0000000005cb8000 	/System/Library/Frameworks/Cocoa.framework/Versions/A/Cocoa
0x0000000005cb8000 	/System/Library/Frameworks/Security.framework/Versions/A/Security
0x0000000005cb8000 	/System/Library/Frameworks/ApplicationServices.framework/Versions/A/ApplicationServices
0x0000000005cb8000 	/usr/lib/libz.1.dylib
0x0000000005cb8000 	/usr/lib/libSystem.B.dylib
0x0000000005cb8000 	/usr/lib/libobjc.A.dylib
0x0000000005cb8000 	/System/Library/Frameworks/CoreFoundation.framework/Versions/A/CoreFoundation
0x0000000005cb8000 	/System/Library/Frameworks/Foundation.framework/Versions/C/Foundation
0x0000000005cb8000 	/System/Library/Frameworks/AppKit.framework/Versions/C/AppKit
0x0000000005cb8000 	/System/Library/Frameworks/CoreData.framework/Versions/A/CoreData
0x0000000005cb8000 	/System/Library/PrivateFrameworks/RemoteViewServices.framework/Versions/A/RemoteViewServices
0x0000000005cb8000 	/System/Library/PrivateFrameworks/UIFoundation.framework/Versions/A/UIFoundation
0x0000000005cb8000 	/System/Library/Frameworks/IOSurface.framework/Versions/A/IOSurface
0x0000000005cb8000 	/System/Library/Frameworks/AudioToolbox.framework/Versions/A/AudioToolbox
0x0000000005cb8000 	/System/Library/Frameworks/AudioUnit.framework/Versions/A/AudioUnit
0x0000000005cb8000 	/System/Library/PrivateFrameworks/DataDetectorsCore.framework/Versions/A/DataDetectorsCore
0x0000000005cb8000 	/System/Library/PrivateFrameworks/DesktopServicesPriv.framework/Versions/A/DesktopServicesPriv
0x0000000005cb8000 	/System/Library/Frameworks/Carbon.framework/Versions/A/Frameworks/HIToolbox.framework/Versions/A/HIToolbox
0x0000000005cb8000 	/System/Library/Frameworks/QuartzCore.framework/Versions/A/QuartzCore
0x0000000005cb8000 	/System/Library/Frameworks/Carbon.framework/Versions/A/Frameworks/SpeechRecognition.framework/Versions/A/SpeechRecognition
0x0000000005cb8000 	/usr/lib/libauto.dylib
0x0000000005cb8000 	/usr/lib/libicucore.A.dylib
0x0000000005cb8000 	/usr/lib/libxml2.2.dylib
0x0000000005cb8000 	/System/Library/PrivateFrameworks/CoreUI.framework/Versions/A/CoreUI
0x0000000005cb8000 	/System/Library/Frameworks/CoreAudio.framework/Versions/A/CoreAudio
0x0000000005cb8000 	/System/Library/Frameworks/DiskArbitration.framework/Versions/A/DiskArbitration
0x0000000005cb8000 	/usr/lib/liblangid.dylib
0x0000000005cb8000 	/System/Library/PrivateFrameworks/MultitouchSupport.framework/Versions/A/MultitouchSupport
0x0000000005cb8000 	/System/Library/Frameworks/IOKit.framework/Versions/A/IOKit
0x0000000005cb8000 	/usr/lib/libDiagnosticMessagesClient.dylib
0x0000000005cb8000 	/System/Library/Frameworks/CoreServices.framework/Versions/A/CoreServices
0x0000000005cb8000 	/System/Library/PrivateFrameworks/PerformanceAnalysis.framework/Versions/A/PerformanceAnalysis
0x0000000005cb8000 	/System/Library/PrivateFrameworks/GenerationalStorage.framework/Versions/A/GenerationalStorage
0x0000000005cb8000 	/System/Library/Frameworks/OpenGL.framework/Versions/A/OpenGL
0x0000000005cb8000 	/System/Library/PrivateFrameworks/Sharing.framework/Versions/A/Sharing
0x0000000005cb8000 	/System/Library/Frameworks/CoreGraphics.framework/Versions/A/CoreGraphics
0x0000000005cb8000 	/System/Library/Frameworks/CoreText.framework/Versions/A/CoreText
0x0000000005cb8000 	/System/Library/Frameworks/ImageIO.framework/Versions/A/ImageIO
0x0000000005cb8000 	/usr/lib/libextension.dylib
0x0000000005cb8000 	/System/Library/PrivateFrameworks/Backup.framework/Versions/A/Backup
0x0000000005cb8000 	/usr/lib/libarchive.2.dylib
0x0000000005cb8000 	/System/Library/Frameworks/CFNetwork.framework/Versions/A/CFNetwork
0x0000000005cb8000 	/System/Library/Frameworks/SystemConfiguration.framework/Versions/A/SystemConfiguration
0x0000000005cb8000 	/usr/lib/libCRFSuite.dylib
0x0000000005cb8000 	/usr/lib/libc++.1.dylib
0x0000000005cb8000 	/usr/lib/libc++abi.dylib
0x0000000005cb8000 	/usr/lib/system/libcache.dylib
0x0000000005cb8000 	/usr/lib/system/libcommonCrypto.dylib
0x0000000005cb8000 	/usr/lib/system/libcompiler_rt.dylib
0x0000000005cb8000 	/usr/lib/system/libcopyfile.dylib
0x0000000005cb8000 	/usr/lib/system/libcorecrypto.dylib
0x0000000005cb8000 	/usr/lib/system/libdispatch.dylib
0x0000000005cb8000 	/usr/lib/system/libdyld.dylib
0x0000000005cb8000 	/usr/lib/system/libkeymgr.dylib
0x0000000005cb8000 	/usr/lib/system/liblaunch.dylib
0x0000000005cb8000 	/usr/lib/system/libmacho.dylib
0x0000000005cb8000 	/usr/lib/system/libquarantine.dylib
0x0000000005cb8000 	/usr/lib/system/libremovefile.dylib
0x0000000005cb8000 	/usr/lib/system/libsystem_asl.dylib
0x0000000005cb8000 	/usr/lib/system/libsystem_blocks.dylib
0x0000000005cb8000 	/usr/lib/system/libsystem_c.dylib
0x0000000005cb8000 	/usr/lib/system/libsystem_configuration.dylib
0x0000000005cb8000 	/usr/lib/system/libsystem_coreservices.dylib
0x0000000005cb8000 	/usr/lib/system/libsystem_coretls.dylib
0x0000000005cb8000 	/usr/lib/system/libsystem_dnssd.dylib
0x0000000005cb8000 	/usr/lib/system/libsystem_info.dylib
0x0000000005cb8000 	/usr/lib/system/libsystem_kernel.dylib
0x0000000005cb8000 	/usr/lib/system/libsystem_m.dylib
0x0000000005cb8000 	/usr/lib/system/libsystem_malloc.dylib
0x0000000005cb8000 	/usr/lib/system/libsystem_network.dylib
0x0000000005cb8000 	/usr/lib/system/libsystem_networkextension.dylib
0x0000000005cb8000 	/usr/lib/system/libsystem_notify.dylib
0x0000000005cb8000 	/usr/lib/system/libsystem_platform.dylib
0x0000000005cb8000 	/usr/lib/system/libsystem_pthread.dylib
0x0000000005cb8000 	/usr/lib/system/libsystem_sandbox.dylib
0x0000000005cb8000 	/usr/lib/system/libsystem_secinit.dylib
0x0000000005cb8000 	/usr/lib/system/libsystem_stats.dylib
0x0000000005cb8000 	/usr/lib/system/libsystem_trace.dylib
0x0000000005cb8000 	/usr/lib/system/libunc.dylib
0x0000000005cb8000 	/usr/lib/system/libunwind.dylib
0x0000000005cb8000 	/usr/lib/system/libxpc.dylib
0x0000000005cb8000 	/usr/lib/libbz2.1.0.dylib
0x0000000005cb8000 	/usr/lib/liblzma.5.dylib
0x0000000005cb8000 	/usr/lib/libbsm.0.dylib
0x0000000005cb8000 	/usr/lib/libsqlite3.dylib
0x0000000005cb8000 	/usr/lib/system/libkxld.dylib
0x0000000005cb8000 	/usr/lib/libxar.1.dylib
0x0000000005cb8000 	/usr/lib/libpam.2.dylib
0x0000000005cb8000 	/usr/lib/libOpenScriptingUtil.dylib
0x0000000005cb8000 	/System/Library/Frameworks/CoreServices.framework/Versions/A/Frameworks/FSEvents.framework/Versions/A/FSEvents
0x0000000005cb8000 	/System/Library/Frameworks/CoreServices.framework/Versions/A/Frameworks/CarbonCore.framework/Versions/A/CarbonCore
0x0000000005cb8000 	/System/Library/Frameworks/CoreServices.framework/Versions/A/Frameworks/Metadata.framework/Versions/A/Metadata
0x0000000005cb8000 	/System/Library/Frameworks/CoreServices.framework/Versions/A/Frameworks/OSServices.framework/Versions/A/OSServices
0x0000000005cb8000 	/System/Library/Frameworks/CoreServices.framework/Versions/A/Frameworks/SearchKit.framework/Versions/A/SearchKit
0x0000000005cb8000 	/System/Library/Frameworks/CoreServices.framework/Versions/A/Frameworks/AE.framework/Versions/A/AE
0x0000000005cb8000 	/System/Library/Frameworks/CoreServices.framework/Versions/A/Frameworks/LaunchServices.framework/Versions/A/LaunchServices
0x0000000005cb8000 	/System/Library/Frameworks/CoreServices.framework/Versions/A/Frameworks/DictionaryServices.framework/Versions/A/DictionaryServices
0x0000000005cb8000 	/System/Library/Frameworks/NetFS.framework/Versions/A/NetFS
0x0000000005cb8000 	/System/Library/PrivateFrameworks/NetAuth.framework/Versions/A/NetAuth
0x0000000005cb8000 	/System/Library/PrivateFrameworks/login.framework/Versions/A/Frameworks/loginsupport.framework/Versions/A/loginsupport
0x0000000005cb8000 	/System/Library/PrivateFrameworks/TCC.framework/Versions/A/TCC
0x0000000005cb8000 	/usr/lib/libmecabra.dylib
0x0000000005cb8000 	/System/Library/Frameworks/ApplicationServices.framework/Versions/A/Frameworks/ATS.framework/Versions/A/ATS
0x0000000005cb8000 	/System/Library/Frameworks/ApplicationServices.framework/Versions/A/Frameworks/ColorSync.framework/Versions/A/ColorSync
0x0000000005cb8000 	/System/Library/Frameworks/ApplicationServices.framework/Versions/A/Frameworks/HIServices.framework/Versions/A/HIServices
0x0000000005cb8000 	/System/Library/Frameworks/ApplicationServices.framework/Versions/A/Frameworks/LangAnalysis.framework/Versions/A/LangAnalysis
0x0000000005cb8000 	/System/Library/Frameworks/ApplicationServices.framework/Versions/A/Frameworks/PrintCore.framework/Versions/A/PrintCore
0x0000000005cb8000 	/System/Library/Frameworks/ApplicationServices.framework/Versions/A/Frameworks/QD.framework/Versions/A/QD
0x0000000005cb8000 	/System/Library/Frameworks/ApplicationServices.framework/Versions/A/Frameworks/SpeechSynthesis.framework/Versions/A/SpeechSynthesis
0x0000000005cb8000 	/System/Library/Frameworks/Accelerate.framework/Versions/A/Accelerate
0x0000000005cb8000 	/System/Library/Frameworks/Accelerate.framework/Versions/A/Frameworks/vImage.framework/Versions/A/vImage
0x0000000005cb8000 	/System/Library/Frameworks/Accelerate.framework/Versions/A/Frameworks/vecLib.framework/Versions/A/vecLib
0x0000000005cb8000 	/System/Library/Frameworks/Accelerate.framework/Versions/A/Frameworks/vecLib.framework/Versions/A/libvDSP.dylib
0x0000000005cb8000 	/System/Library/Frameworks/Accelerate.framework/Versions/A/Frameworks/vecLib.framework/Versions/A/libvMisc.dylib
0x0000000005cb8000 	/System/Library/Frameworks/Accelerate.framework/Versions/A/Frameworks/vecLib.framework/Versions/A/libLAPACK.dylib
0x0000000005cb8000 	/System/Library/Frameworks/Accelerate.framework/Versions/A/Frameworks/vecLib.framework/Versions/A/libBLAS.dylib
0x0000000005cb8000 	/System/Library/Frameworks/Accelerate.framework/Versions/A/Frameworks/vecLib.framework/Versions/A/libLinearAlgebra.dylib
0x0000000005cb8000 	/System/Library/Frameworks/ApplicationServices.framework/Versions/A/Frameworks/ATS.framework/Versions/A/Resources/libFontParser.dylib
0x0000000005cb8000 	/System/Library/Frameworks/ApplicationServices.framework/Versions/A/Frameworks/ATS.framework/Versions/A/Resources/libFontRegistry.dylib
0x0000000005cb8000 	/System/Library/PrivateFrameworks/AppleVPA.framework/Versions/A/AppleVPA
0x0000000005cb8000 	/System/Library/PrivateFrameworks/AppleJPEG.framework/Versions/A/AppleJPEG
0x0000000005cb8000 	/System/Library/Frameworks/ImageIO.framework/Versions/A/Resources/libJPEG.dylib
0x0000000005cb8000 	/System/Library/Frameworks/ImageIO.framework/Versions/A/Resources/libTIFF.dylib
0x0000000005cb8000 	/System/Library/Frameworks/ImageIO.framework/Versions/A/Resources/libPng.dylib
0x0000000005cb8000 	/System/Library/Frameworks/ImageIO.framework/Versions/A/Resources/libGIF.dylib
0x0000000005cb8000 	/System/Library/Frameworks/ImageIO.framework/Versions/A/Resources/libJP2.dylib
0x0000000005cb8000 	/System/Library/Frameworks/ImageIO.framework/Versions/A/Resources/libRadiance.dylib
0x0000000005cb8000 	/System/Library/Frameworks/CoreVideo.framework/Versions/A/CoreVideo
0x0000000005cb8000 	/System/Library/Frameworks/OpenGL.framework/Versions/A/Libraries/libGLU.dylib
0x0000000005cb8000 	/System/Library/Frameworks/OpenGL.framework/Versions/A/Libraries/libGFXShared.dylib
0x0000000005cb8000 	/System/Library/Frameworks/OpenGL.framework/Versions/A/Libraries/libGL.dylib
0x0000000005cb8000 	/System/Library/Frameworks/OpenGL.framework/Versions/A/Libraries/libGLImage.dylib
0x0000000005cb8000 	/System/Library/Frameworks/OpenGL.framework/Versions/A/Libraries/libCVMSPluginSupport.dylib
0x0000000005cb8000 	/System/Library/Frameworks/OpenGL.framework/Versions/A/Libraries/libCoreVMClient.dylib
0x0000000005cb8000 	/usr/lib/libcups.2.dylib
0x0000000005cb8000 	/System/Library/Frameworks/Kerberos.framework/Versions/A/Kerberos
0x0000000005cb8000 	/System/Library/Frameworks/GSS.framework/Versions/A/GSS
0x0000000005cb8000 	/usr/lib/libresolv.9.dylib
0x0000000005cb8000 	/usr/lib/libiconv.2.dylib
0x0000000005cb8000 	/System/Library/PrivateFrameworks/Heimdal.framework/Versions/A/Heimdal
0x0000000005cb8000 	/usr/lib/libheimdal-asn1.dylib
0x0000000005cb8000 	/System/Library/Frameworks/OpenDirectory.framework/Versions/A/OpenDirectory
0x0000000005cb8000 	/System/Library/PrivateFrameworks/CommonAuth.framework/Versions/A/CommonAuth
0x0000000005cb8000 	/System/Library/Frameworks/OpenDirectory.framework/Versions/A/Frameworks/CFOpenDirectory.framework/Versions/A/CFOpenDirectory
0x0000000005cb8000 	/System/Library/Frameworks/SecurityFoundation.framework/Versions/A/SecurityFoundation
0x0000000005cb8000 	/System/Library/PrivateFrameworks/LanguageModeling.framework/Versions/A/LanguageModeling
0x0000000005cb8000 	/usr/lib/libcmph.dylib
0x0000000005cb8000 	/System/Library/Frameworks/ServiceManagement.framework/Versions/A/ServiceManagement
0x0000000005cb8000 	/usr/lib/libxslt.1.dylib
0x0000000005cb8000 	/System/Library/Frameworks/Carbon.framework/Versions/A/Frameworks/Ink.framework/Versions/A/Ink
0x0000000005cb8000 	/System/Library/Frameworks/QuartzCore.framework/Versions/A/Frameworks/CoreImage.framework/Versions/A/CoreImage
0x0000000005cb8000 	/System/Library/PrivateFrameworks/CrashReporterSupport.framework/Versions/A/CrashReporterSupport
0x0000000005cb8000 	/System/Library/Frameworks/OpenCL.framework/Versions/A/OpenCL
0x0000000005cb8000 	/System/Library/PrivateFrameworks/FaceCore.framework/Versions/A/FaceCore
0x0000000005cb8000 	/System/Library/PrivateFrameworks/Ubiquity.framework/Versions/A/Ubiquity
0x0000000005cb8000 	/System/Library/PrivateFrameworks/IconServices.framework/Versions/A/IconServices
0x0000000005cb8000 	/System/Library/PrivateFrameworks/ChunkingLibrary.framework/Versions/A/ChunkingLibrary
0x0000000005cb8000 	/System/Library/PrivateFrameworks/Apple80211.framework/Versions/A/Apple80211
0x0000000005cb8000 	/System/Library/Frameworks/CoreWLAN.framework/Versions/A/CoreWLAN
0x0000000005cb8000 	/System/Library/Frameworks/IOBluetooth.framework/Versions/A/IOBluetooth
0x0000000005cb8000 	/System/Library/PrivateFrameworks/CoreWiFi.framework/Versions/A/CoreWiFi
0x0000000005cb8000 	/System/Library/Frameworks/CoreBluetooth.framework/Versions/A/CoreBluetooth
0x0000000005cb8000 	/System/Library/PrivateFrameworks/DebugSymbols.framework/Versions/A/DebugSymbols
0x0000000005cb8000 	/System/Library/PrivateFrameworks/CoreSymbolication.framework/Versions/A/CoreSymbolication
0x0000000005cb8000 	/System/Library/PrivateFrameworks/Symbolication.framework/Versions/A/Symbolication
0x0000000005cb8000 	/System/Library/PrivateFrameworks/SpeechRecognitionCore.framework/Versions/A/SpeechRecognitionCore
0x0000000100c63000 	/Library/Java/JavaVirtualMachines/jdk1.8.0_45.jdk/Contents/Home/jre/lib/server/libjvm.dylib
0x0000000005cb8000 	/usr/lib/libstdc++.6.dylib
0x0000000101ccf000 	/Library/Java/JavaVirtualMachines/jdk1.8.0_45.jdk/Contents/Home/jre/lib/libverify.dylib
0x0000000101cdd000 	/Library/Java/JavaVirtualMachines/jdk1.8.0_45.jdk/Contents/Home/jre/lib/libjava.dylib
0x0000000101d1c000 	/Library/Java/JavaVirtualMachines/jdk1.8.0_45.jdk/Contents/Home/jre/lib/libzip.dylib
0x00000001185b4000 	/System/Library/Frameworks/JavaVM.framework/Frameworks/JavaRuntimeSupport.framework/JavaRuntimeSupport
0x00000001185ca000 	/System/Library/Frameworks/JavaVM.framework/Versions/A/Frameworks/JavaNativeFoundation.framework/Versions/A/JavaNativeFoundation
0x00000001185de000 	/System/Library/Frameworks/JavaVM.framework/Versions/A/JavaVM
0x0000000005cb8000 	/System/Library/Frameworks/Carbon.framework/Versions/A/Carbon
0x00000001185ea000 	/System/Library/PrivateFrameworks/JavaLaunching.framework/Versions/A/JavaLaunching
0x0000000005cb8000 	/System/Library/Frameworks/Carbon.framework/Versions/A/Frameworks/CommonPanels.framework/Versions/A/CommonPanels
0x0000000005cb8000 	/System/Library/Frameworks/Carbon.framework/Versions/A/Frameworks/Help.framework/Versions/A/Help
0x0000000005cb8000 	/System/Library/Frameworks/Carbon.framework/Versions/A/Frameworks/ImageCapture.framework/Versions/A/ImageCapture
0x0000000005cb8000 	/System/Library/Frameworks/Carbon.framework/Versions/A/Frameworks/OpenScripting.framework/Versions/A/OpenScripting
0x0000000005cb8000 	/System/Library/Frameworks/Carbon.framework/Versions/A/Frameworks/Print.framework/Versions/A/Print
0x0000000005cb8000 	/System/Library/Frameworks/Carbon.framework/Versions/A/Frameworks/SecurityHI.framework/Versions/A/SecurityHI
0x000000011a600000 	/Applications/IntelliJ IDEA 14 CE.app/Contents/bin/libbreakgen64.jnilib
0x000000011a706000 	/Library/Java/JavaVirtualMachines/jdk1.8.0_45.jdk/Contents/Home/jre/lib/libnet.dylib
0x000000011aa01000 	/Library/Java/JavaVirtualMachines/jdk1.8.0_45.jdk/Contents/Home/jre/lib/libprism_es2.dylib
0x0000000005cb8000 	/System/Library/Frameworks/OpenGL.framework/Versions/A/Resources/GLEngine.bundle/GLEngine
0x0000000005cb8000 	/System/Library/Frameworks/OpenGL.framework/Versions/A/Libraries/libGLProgrammability.dylib
0x000000011aa83000 	/System/Library/Extensions/AppleIntelHD5000GraphicsGLDriver.bundle/Contents/MacOS/AppleIntelHD5000GraphicsGLDriver
0x0000000005cb8000 	/System/Library/PrivateFrameworks/IOAccelerator.framework/Versions/A/IOAccelerator
0x0000000005cb8000 	/System/Library/PrivateFrameworks/GPUSupport.framework/Versions/A/Libraries/libGPUSupportMercury.dylib
0x0000000005cb8000 	/System/Library/Frameworks/OpenGL.framework/Versions/A/Resources/GLRendererFloat.bundle/GLRendererFloat
0x0000000005cb8000 	/System/Library/Frameworks/OpenCL.framework/Versions/A/Libraries/libcldcpuengine.dylib
0x0000000005cb8000 	/System/Library/PrivateFrameworks/DiskImages.framework/Versions/A/DiskImages
0x0000000005cb8000 	/System/Library/Frameworks/DiscRecording.framework/Versions/A/DiscRecording
0x0000000005cb8000 	/usr/lib/libcsfde.dylib
0x0000000005cb8000 	/usr/lib/libcurl.4.dylib
0x0000000005cb8000 	/System/Library/PrivateFrameworks/MediaKit.framework/Versions/A/MediaKit
0x0000000005cb8000 	/System/Library/PrivateFrameworks/ProtectedCloudStorage.framework/Versions/A/ProtectedCloudStorage
0x0000000005cb8000 	/usr/lib/libCoreStorage.dylib
0x0000000005cb8000 	/System/Library/PrivateFrameworks/EFILogin.framework/Versions/A/EFILogin
0x0000000005cb8000 	/usr/lib/libutil.dylib
0x0000000005cb8000 	/System/Library/PrivateFrameworks/FindMyDevice.framework/Versions/A/FindMyDevice
0x0000000005cb8000 	/System/Library/Frameworks/LDAP.framework/Versions/A/LDAP
0x0000000005cb8000 	/usr/lib/libsasl2.2.dylib
0x0000000005cb8000 	/System/Library/PrivateFrameworks/CoreDaemon.framework/Versions/B/CoreDaemon
0x0000000005cb8000 	/usr/lib/libcrypto.0.9.8.dylib
0x0000000005cb8000 	/System/Library/PrivateFrameworks/AppleSRP.framework/Versions/A/AppleSRP
0x0000000005cb8000 	/System/Library/PrivateFrameworks/TrustEvaluationAgent.framework/Versions/A/TrustEvaluationAgent
0x000000011b59a000 	/Library/Java/JavaVirtualMachines/jdk1.8.0_45.jdk/Contents/Home/jre/lib/libglass.dylib
0x0000000005cb8000 	/System/Library/PrivateFrameworks/CoreServicesInternal.framework/Versions/A/CoreServicesInternal
0x0000000005cb8000 	/System/Library/PrivateFrameworks/CloudDocs.framework/Versions/A/CloudDocs
0x0000000005cb8000 	/System/Library/PrivateFrameworks/CoreDuet.framework/Versions/A/CoreDuet
0x0000000005cb8000 	/System/Library/Frameworks/CloudKit.framework/Versions/A/CloudKit
0x0000000005cb8000 	/System/Library/PrivateFrameworks/ProtocolBuffer.framework/Versions/A/ProtocolBuffer
0x0000000005cb8000 	/System/Library/PrivateFrameworks/CoreDuetDaemonProtocol.framework/Versions/A/CoreDuetDaemonProtocol
0x0000000005cb8000 	/System/Library/PrivateFrameworks/CoreDuetDebugLogging.framework/Versions/A/CoreDuetDebugLogging
0x0000000005cb8000 	/System/Library/PrivateFrameworks/MMCS.framework/Versions/A/MMCS
0x0000000005cb8000 	/System/Library/Frameworks/CoreLocation.framework/Versions/A/CoreLocation
0x0000000005cb8000 	/System/Library/PrivateFrameworks/GeoServices.framework/Versions/A/GeoServices
0x0000000005cb8000 	/System/Library/Frameworks/CoreGraphics.framework/Versions/A/Resources/libCGCMS.A.dylib
0x0000000005cb8000 	/System/Library/CoreServices/RawCamera.bundle/Contents/MacOS/RawCamera
0x0000000005cb8000 	/System/Library/Frameworks/CoreGraphics.framework/Versions/A/Resources/libRIP.A.dylib
0x0000000005cb8000 	/System/Library/PrivateFrameworks/FamilyControls.framework/Versions/A/FamilyControls
0x0000000005cb8000 	/System/Library/PrivateFrameworks/CommerceKit.framework/Versions/A/Frameworks/CommerceCore.framework/Versions/A/CommerceCore
0x0000000005cb8000 	/System/Library/PrivateFrameworks/SystemAdministration.framework/Versions/A/SystemAdministration
0x0000000005cb8000 	/System/Library/PrivateFrameworks/AppContainer.framework/Versions/A/AppContainer
0x0000000005cb8000 	/System/Library/PrivateFrameworks/SecCodeWrapper.framework/Versions/A/SecCodeWrapper
0x0000000005cb8000 	/System/Library/Frameworks/DirectoryService.framework/Versions/A/DirectoryService
0x0000000005cb8000 	/System/Library/PrivateFrameworks/LoginUIKit.framework/Versions/A/Frameworks/LoginUICore.framework/Versions/A/LoginUICore
0x0000000005cb8000 	/usr/lib/libodfde.dylib
0x000000011f88b000 	/Library/Java/JavaVirtualMachines/jdk1.8.0_45.jdk/Contents/Home/jre/lib/libjavafx_font.dylib
0x0000000005cb8000 	/System/Library/Frameworks/CoreGraphics.framework/Versions/A/Resources/libCGXType.A.dylib
0x0000000121dd6000 	/Library/Java/JavaVirtualMachines/jdk1.8.0_45.jdk/Contents/Home/jre/lib/libprism_common.dylib
0x0000000121de6000 	cl_kernels
0x000000012260e000 	/System/Library/Frameworks/OpenCL.framework/Versions/A/Libraries/ImageFormats/unorm8_bgra.dylib
0x0000000122590000 	cl_kernels
0x000000011d96b000 	/Library/Java/JavaVirtualMachines/jdk1.8.0_45.jdk/Contents/Home/jre/lib/libjavafx_iio.dylib

VM Arguments:
jvm_args: -Didea.launcher.port=7535 -Didea.launcher.bin.path=/Applications/IntelliJ IDEA 14 CE.app/Contents/bin -Dfile.encoding=UTF-8 
java_command: com.intellij.rt.execution.application.AppMain sample.Main
java_class_path (initial): /Library/Java/JavaVirtualMachines/jdk1.8.0_45.jdk/Contents/Home/lib/ant-javafx.jar:/Library/Java/JavaVirtualMachines/jdk1.8.0_45.jdk/Contents/Home/lib/dt.jar:/Library/Java/JavaVirtualMachines/jdk1.8.0_45.jdk/Contents/Home/lib/javafx-mx.jar:/Library/Java/JavaVirtualMachines/jdk1.8.0_45.jdk/Contents/Home/lib/jconsole.jar:/Library/Java/JavaVirtualMachines/jdk1.8.0_45.jdk/Contents/Home/lib/packager.jar:/Library/Java/JavaVirtualMachines/jdk1.8.0_45.jdk/Contents/Home/lib/sa-jdi.jar:/Library/Java/JavaVirtualMachines/jdk1.8.0_45.jdk/Contents/Home/lib/tools.jar:/Library/Java/JavaVirtualMachines/jdk1.8.0_45.jdk/Contents/Home/jre/lib/charsets.jar:/Library/Java/JavaVirtualMachines/jdk1.8.0_45.jdk/Contents/Home/jre/lib/deploy.jar:/Library/Java/JavaVirtualMachines/jdk1.8.0_45.jdk/Contents/Home/jre/lib/javaws.jar:/Library/Java/JavaVirtualMachines/jdk1.8.0_45.jdk/Contents/Home/jre/lib/jce.jar:/Library/Java/JavaVirtualMachines/jdk1.8.0_45.jdk/Contents/Home/jre/lib/jfr.jar:/Library/Java/JavaVirtualMachines/jdk1.8.0_45.jdk/Contents/Home/jre/lib/jfxswt.jar:/Library/Java/JavaVirtualMachines/jdk1.8.0_45.jdk/Contents/Home/jre/lib/jsse.jar:/Library/Java/JavaVirtualMachines/jdk1.8.0_45.jdk/Contents/Home/jre/lib/management-agent.jar:/Library/Java/JavaVirtualMachines/jdk1.8.0_45.jdk/Contents/Home/jre/lib/plugin.jar:/Library/Java/JavaVirtualMachines/jdk1.8.0_45.jdk/Contents/Home/jre/lib/resources.jar:/Library/Java/JavaVirtualMachines/jdk1.8.0_45.jdk/Contents/Home/jre/lib/rt.jar:/Library/Java/JavaVirtualMachines/jdk1.8.0_45.jdk/Contents/Home/jre/lib/ext/cldrdata.jar:/Library/Java/JavaVirtualMachines/jdk1.8.0_45.jdk/Contents/Home/jre/lib/ext/dnsns.jar:/Library/Java/JavaVirtualMachines/jdk1.8.0_45.jdk/Contents/Home/jre/lib/ext/jfxrt.jar:/Library/Java/JavaVirtualMachines/jdk1.8.0_45.jdk/Contents/Home/jre/lib/ext/localedata.jar:/Library/Java/JavaVirtualMachines/jdk1.8.0_45.jdk/Contents/Home/jre/lib/ext/nashorn.jar:/Library/Java/JavaVirtualMachines/jdk1.8.0_45.jdk/Conten
Launcher Type: SUN_STANDARD

Environment Variables:
PATH=/usr/local/bin:/usr/bin:/bin:/usr/sbin:/sbin:/usr/local/git/bin
SHELL=/bin/bash

Signal Handlers:
SIGSEGV: [libjvm.dylib+0x58ef95], sa_mask[0]=11111111011111110111111111111111, sa_flags=SA_ONSTACK|SA_RESTART|SA_SIGINFO
SIGBUS: [libjvm.dylib+0x58ef95], sa_mask[0]=11111111011111110111111111111111, sa_flags=SA_RESTART|SA_SIGINFO
SIGFPE: [libjvm.dylib+0x46c108], sa_mask[0]=11111111011111110111111111111111, sa_flags=SA_RESTART|SA_SIGINFO
SIGPIPE: [libjvm.dylib+0x46c108], sa_mask[0]=11111111011111110111111111111111, sa_flags=SA_RESTART|SA_SIGINFO
SIGXFSZ: [libjvm.dylib+0x46c108], sa_mask[0]=11111111011111110111111111111111, sa_flags=SA_RESTART|SA_SIGINFO
SIGILL: [libjvm.dylib+0x46c108], sa_mask[0]=11111111011111110111111111111111, sa_flags=SA_RESTART|SA_SIGINFO
SIGUSR1: SIG_DFL, sa_mask[0]=00000000000000000000000000000000, sa_flags=none
SIGUSR2: [libjvm.dylib+0x46bc26], sa_mask[0]=00100000000000000000000000000000, sa_flags=SA_RESTART|SA_SIGINFO
SIGHUP: [libjvm.dylib+0x46a1f9], sa_mask[0]=11111111011111110111111111111111, sa_flags=SA_RESTART|SA_SIGINFO
SIGINT: [libjvm.dylib+0x46a1f9], sa_mask[0]=11111111011111110111111111111111, sa_flags=SA_RESTART|SA_SIGINFO
SIGTERM: [libjvm.dylib+0x46a1f9], sa_mask[0]=11111111011111110111111111111111, sa_flags=SA_RESTART|SA_SIGINFO
SIGQUIT: [libjvm.dylib+0x46a1f9], sa_mask[0]=11111111011111110111111111111111, sa_flags=SA_RESTART|SA_SIGINFO


---------------  S Y S T E M  ---------------

OS:Bsduname:Darwin 14.5.0 Darwin Kernel Version 14.5.0: Wed Jul 29 02:26:53 PDT 2015; root:xnu-2782.40.9~1/RELEASE_X86_64 x86_64
rlimit: STACK 8192k, CORE 0k, NPROC 709, NOFILE 10240, AS infinity
load average:4.04 3.45 2.89

CPU:total 4 (2 cores per cpu, 2 threads per core) family 6 model 69 stepping 1, cmov, cx8, fxsr, mmx, sse, sse2, sse3, ssse3, sse4.1, sse4.2, popcnt, avx, avx2, aes, clmul, erms, lzcnt, ht, tsc, tscinvbit, bmi1, bmi2

Memory: 4k page, physical 8388608k(919940k free)

/proc/meminfo:


vm_info: Java HotSpot(TM) 64-Bit Server VM (25.45-b02) for bsd-amd64 JRE (1.8.0_45-b14), built on Apr 10 2015 10:46:38 by "java_re" with gcc 4.2.1 (Based on Apple Inc. build 5658) (LLVM build 2336.11.00)

time: Thu Oct 15 12:38:27 2015
elapsed time: 142 seconds (0d 0h 2m 22s)

