#
# A fatal error has been detected by the Java Runtime Environment:
#
#  SIGSEGV (0xb) at pc=0x0000000126f6258d, pid=1698, tid=1811
#
# JRE version: Java(TM) SE Runtime Environment (8.0_45-b14) (build 1.8.0_45-b14)
# Java VM: Java HotSpot(TM) 64-Bit Server VM (25.45-b02 mixed mode bsd-amd64 compressed oops)
# Problematic frame:
# C  [libglass.dylib+0x1558d]  GlassScreenDidChangeScreenParameters+0x9d
#
# Failed to write core dump. Core dumps have been disabled. To enable core dumping, try "ulimit -c unlimited" before starting Java again
#
# If you would like to submit a bug report, please visit:
#   http://bugreport.java.com/bugreport/crash.jsp
#

---------------  T H R E A D  ---------------

Current thread is native thread

siginfo: si_signo: 11 (SIGSEGV), si_code: 1 (SEGV_MAPERR), si_addr: 0x0000000000000000

Registers:
RAX=0x0000000126f94bc0, RBX=0x0000000000000000, RCX=0xa30087a1b1ad2890, RDX=0x00007fd0517a81b0
RSP=0x00007fff536e5930, RBP=0x00007fff536e5940, RSI=0x00007fd0517056c8, RDI=0x0000000000000000
R8 =0x00007fff536e57e0, R9 =0x00007fff7999f300, R10=0x0000000000000000, R11=0x0000000000000246
R12=0x00007fd05150f6a0, R13=0x00000000000f426a, R14=0x00007fd0514531e0, R15=0x00007fff536e5a80
RIP=0x0000000126f6258d, EFLAGS=0x0000000000010202, ERR=0x0000000000000004
  TRAPNO=0x000000000000000e

Top of Stack: (sp=0x00007fff536e5930)
0x00007fff536e5930:   00007fff536e5b10 00007fd0514531e0
0x00007fff536e5940:   00007fff536e5950 00007fff8d4cb45c
0x00007fff536e5950:   00007fff536e5cb0 00007fff8d3bb634
0x00007fff536e5960:   00007fff536e59b0 0000000000000000
0x00007fff536e5970:   00007fff796a3ed0 00007fd05175d5a0
0x00007fff536e5980:   0000000000001000 0000000000000ba0
0x00007fff536e5990:   00007fd05175d5a0 00007fd0514531e0
0x00007fff536e59a0:   0000000000000000 00007fff536e5a80
0x00007fff536e59b0:   0000000000000000 00007fd0514531a0
0x00007fff536e59c0:   00007fff536e5b00 000000000000007c
0x00007fff536e59d0:   00000000000f455c 00007fd0516d2240
0x00007fff536e59e0:   00007fd051555d10 00007fd05150f6a0
0x00007fff536e59f0:   0000000000000001 00000000000f426a
0x00007fff536e5a00:   00007fd05150f690 00007fff8e5efb90
0x00007fff536e5a10:   0000000000000001 0000000000000001
0x00007fff536e5a20:   0000000000000030 0000000000000001
0x00007fff536e5a30:   00007fff536e5a50 00007fff8e5f0546
0x00007fff536e5a40:   00007fff796a1fb0 0000000000000000
0x00007fff536e5a50:   00007fff536e5a70 000000000000001a
0x00007fff536e5a60:   001eb90300040000 00007fd05150f6c4
0x00007fff536e5a70:   0000000000000000 00007fff8d3b110f
0x00007fff536e5a80:   00007fd0514531e0 00007fff796a1fb0
0x00007fff536e5a90:   00007fff536e5b10 00007fff8d3b9c3f
0x00007fff536e5aa0:   00007fff536e5b14 0000000000582b01
0x00007fff536e5ab0:   000000010c535a00 0000000000000002
0x00007fff536e5ac0:   000000010c532000 00007fd0516fbd92
0x00007fff536e5ad0:   0000000000000003 000000010c535a00
0x00007fff536e5ae0:   00007fff536e5bd0 00007fff8e5ecb36
0x00007fff536e5af0:   00007fd0515558a0 00007fff536e5cb8
0x00007fff536e5b00:   0000000000000017 0000000000000000
0x00007fff536e5b10:   00000000000f426a 00007fff8d3b1403
0x00007fff536e5b20:   00007fff00000000 00007fd0516416c0 

Instructions: (pc=0x0000000126f6258d)
0x0000000126f6256d:   89 df 4c 89 f1 41 ff 90 68 04 00 00 48 8d 05 48
0x0000000126f6257d:   25 03 00 48 8b 30 48 8d 05 36 26 03 00 48 8b 10
0x0000000126f6258d:   48 8b 0b 30 c0 48 89 df ff 91 68 04 00 00 48 8b
0x0000000126f6259d:   03 48 89 df ff 50 78 48 85 c0 74 36 49 89 c6 48 

Register to memory mapping:

RAX=0x0000000126f94bc0: jScreenNotifySettingsChanged+0 in /Library/Java/JavaVirtualMachines/jdk1.8.0_45.jdk/Contents/Home/jre/lib/libglass.dylib at 0x0000000126f4d000
RBX=0x0000000000000000 is an unknown value
RCX=0xa30087a1b1ad2890 is an unknown value
RDX=0x00007fd0517a81b0 is an unknown value
RSP=0x00007fff536e5930 is an unknown value
RBP=0x00007fff536e5940 is an unknown value
RSI=0x00007fd0517056c8 is a global jni handle
RDI=0x0000000000000000 is an unknown value
R8 =0x00007fff536e57e0 is an unknown value
R9 =0x00007fff7999f300: _thread+0 in /usr/lib/system/libsystem_pthread.dylib at 0x00007fff8e923000
R10=0x0000000000000000 is an unknown value
R11=0x0000000000000246 is an unknown value
R12=0x00007fd05150f6a0 is an unknown value
R13=0x00000000000f426a is an unknown value
R14=0x00007fd0514531e0 is an unknown value
R15=0x00007fff536e5a80 is an unknown value


Stack: [0x00007fff52ee9000,0x00007fff536e9000],  sp=0x00007fff536e5930,  free space=8178k
Native frames: (J=compiled Java code, j=interpreted, Vv=VM code, C=native code)
C  [libglass.dylib+0x1558d]  GlassScreenDidChangeScreenParameters+0x9d
C  [CoreFoundation+0x12045c]  __CFNOTIFICATIONCENTER_IS_CALLING_OUT_TO_AN_OBSERVER__+0xc
C  [CoreFoundation+0x10634]  _CFXNotificationPost+0xc44
C  [Foundation+0x7aa1]  -[NSNotificationCenter postNotificationName:object:userInfo:]+0x42
C  [AppKit+0x40de7e]  -[NSApplication _reactToScreenInvalidationImmediately:]+0x17b
C  [AppKit+0x40dcc7]  __44-[NSApplication _reactToScreenInvalidation:]_block_invoke+0x4b
C  [CoreFoundation+0x808ec]  __CFRUNLOOP_IS_CALLING_OUT_TO_A_BLOCK__+0xc
C  [CoreFoundation+0x729f5]  __CFRunLoopDoBlocks+0x155
C  [CoreFoundation+0x72536]  __CFRunLoopRun+0x716
C  [CoreFoundation+0x71bd8]  CFRunLoopRunSpecific+0x128
C  [java+0x6490]  CreateExecutionEnvironment+0x367
C  [java+0x221c]  JLI_Launch+0x7a0
C  [java+0x84ed]  main+0x65
C  [java+0x1a74]  start+0x34


---------------  P R O C E S S  ---------------

VM state:not at safepoint (normal execution)

VM Mutex/Monitor currently owned by a thread: None

Heap:
 PSYoungGen      total 93184K, used 54619K [0x0000000795580000, 0x000000079d200000, 0x00000007c0000000)
  eden space 64000K, 51% used [0x0000000795580000,0x000000079758c810,0x0000000799400000)
  from space 29184K, 74% used [0x000000079b300000,0x000000079c84a5d8,0x000000079cf80000)
  to   space 31744K, 0% used [0x0000000799400000,0x0000000799400000,0x000000079b300000)
 ParOldGen       total 117760K, used 45152K [0x0000000740000000, 0x0000000747300000, 0x0000000795580000)
  object space 117760K, 38% used [0x0000000740000000,0x0000000742c18330,0x0000000747300000)
 Metaspace       used 19009K, capacity 19982K, committed 20096K, reserved 1067008K
  class space    used 2575K, capacity 2840K, committed 2944K, reserved 1048576K

Card table byte_map: [0x000000011d3c0000,0x000000011d7c1000] byte_map_base: 0x00000001199c0000

Marking Bits: (ParMarkBitMap*) 0x000000010ced87a0
 Begin Bits: [0x000000011dd75000, 0x000000011fd75000)
 End Bits:   [0x000000011fd75000, 0x0000000121d75000)

Polling page: 0x000000010d6d8000

CodeCache: size=245760Kb used=12532Kb max_used=12532Kb free=233228Kb
 bounds [0x000000010e000000, 0x000000010ec50000, 0x000000011d000000]
 total_blobs=4437 nmethods=3768 adapters=580
 compilation: enabled

Compilation events (10 events):
Event: 86.181 Thread 0x00007fd05204a000 4169       3       jdk.internal.org.objectweb.asm.ClassVisitor::<init> (35 bytes)
Event: 86.182 Thread 0x00007fd05204a000 nmethod 4169 0x000000010ec2ad90 code [0x000000010ec2af20, 0x000000010ec2b228]
Event: 91.921 Thread 0x00007fd05204a000 4171   !   3       com.sun.javafx.application.PlatformImpl::runLater (100 bytes)
Event: 91.923 Thread 0x00007fd05204a000 nmethod 4171 0x000000010ec442d0 code [0x000000010ec44600, 0x000000010ec460f8]
Event: 93.923 Thread 0x00007fd05204a000 4172       3       com.sun.javafx.application.PlatformImpl::runLater (6 bytes)
Event: 93.923 Thread 0x00007fd05204a000 nmethod 4172 0x000000010ec2a990 code [0x000000010ec2ab00, 0x000000010ec2ac68]
Event: 96.919 Thread 0x00007fd05204a000 4173       3       javafx.application.Platform::runLater (5 bytes)
Event: 96.919 Thread 0x00007fd05204a000 nmethod 4173 0x000000010ec47090 code [0x000000010ec47200, 0x000000010ec473c8]
Event: 97.918 Thread 0x00007fd05204a000 4174       3       java.util.TaskQueue::isEmpty (13 bytes)
Event: 97.919 Thread 0x00007fd05204a000 nmethod 4174 0x000000010ec47490 code [0x000000010ec47600, 0x000000010ec477b0]

GC Heap History (10 events):
Event: 15.187 GC heap before
{Heap before GC invocations=3 (full 0):
 PSYoungGen      total 38400K, used 38386K [0x0000000795580000, 0x0000000798000000, 0x00000007c0000000)
  eden space 33280K, 100% used [0x0000000795580000,0x0000000797600000,0x0000000797600000)
  from space 5120K, 99% used [0x0000000797b00000,0x0000000797ffcac0,0x0000000798000000)
  to   space 5120K, 0% used [0x0000000797600000,0x0000000797600000,0x0000000797b00000)
 ParOldGen       total 414720K, used 341821K [0x0000000740000000, 0x0000000759500000, 0x0000000795580000)
  object space 414720K, 82% used [0x0000000740000000,0x0000000754dcf4d8,0x0000000759500000)
 Metaspace       used 18093K, capacity 18980K, committed 19200K, reserved 1064960K
  class space    used 2530K, capacity 2742K, committed 2816K, reserved 1048576K
Event: 15.202 GC heap after
Heap after GC invocations=3 (full 0):
 PSYoungGen      total 38400K, used 5088K [0x0000000795580000, 0x0000000798000000, 0x00000007c0000000)
  eden space 33280K, 0% used [0x0000000795580000,0x0000000795580000,0x0000000797600000)
  from space 5120K, 99% used [0x0000000797600000,0x0000000797af8030,0x0000000797b00000)
  to   space 5120K, 0% used [0x0000000797b00000,0x0000000797b00000,0x0000000798000000)
 ParOldGen       total 414720K, used 355126K [0x0000000740000000, 0x0000000759500000, 0x0000000795580000)
  object space 414720K, 85% used [0x0000000740000000,0x0000000755acdac8,0x0000000759500000)
 Metaspace       used 18093K, capacity 18980K, committed 19200K, reserved 1064960K
  class space    used 2530K, capacity 2742K, committed 2816K, reserved 1048576K
}
Event: 15.356 GC heap before
{Heap before GC invocations=4 (full 0):
 PSYoungGen      total 38400K, used 35539K [0x0000000795580000, 0x0000000798000000, 0x00000007c0000000)
  eden space 33280K, 91% used [0x0000000795580000,0x000000079733cc10,0x0000000797600000)
  from space 5120K, 99% used [0x0000000797600000,0x0000000797af8030,0x0000000797b00000)
  to   space 5120K, 0% used [0x0000000797b00000,0x0000000797b00000,0x0000000798000000)
 ParOldGen       total 414720K, used 355126K [0x0000000740000000, 0x0000000759500000, 0x0000000795580000)
  object space 414720K, 85% used [0x0000000740000000,0x0000000755acdac8,0x0000000759500000)
 Metaspace       used 18123K, capacity 18986K, committed 19200K, reserved 1064960K
  class space    used 2533K, capacity 2743K, committed 2816K, reserved 1048576K
Event: 15.372 GC heap after
Heap after GC invocations=4 (full 0):
 PSYoungGen      total 38400K, used 4976K [0x0000000795580000, 0x000000079a080000, 0x00000007c0000000)
  eden space 33280K, 0% used [0x0000000795580000,0x0000000795580000,0x0000000797600000)
  from space 5120K, 97% used [0x0000000797b00000,0x0000000797fdc030,0x0000000798000000)
  to   space 5120K, 0% used [0x0000000797600000,0x0000000797600000,0x0000000797b00000)
 ParOldGen       total 414720K, used 374187K [0x0000000740000000, 0x0000000759500000, 0x0000000795580000)
  object space 414720K, 90% used [0x0000000740000000,0x0000000756d6ae88,0x0000000759500000)
 Metaspace       used 18123K, capacity 18986K, committed 19200K, reserved 1064960K
  class space    used 2533K, capacity 2743K, committed 2816K, reserved 1048576K
}
Event: 39.987 GC heap before
{Heap before GC invocations=5 (full 0):
 PSYoungGen      total 38400K, used 32484K [0x0000000795580000, 0x000000079a080000, 0x00000007c0000000)
  eden space 33280K, 82% used [0x0000000795580000,0x000000079705d3b8,0x0000000797600000)
  from space 5120K, 97% used [0x0000000797b00000,0x0000000797fdc030,0x0000000798000000)
  to   space 5120K, 0% used [0x0000000797600000,0x0000000797600000,0x0000000797b00000)
 ParOldGen       total 414720K, used 374187K [0x0000000740000000, 0x0000000759500000, 0x0000000795580000)
  object space 414720K, 90% used [0x0000000740000000,0x0000000756d6ae88,0x0000000759500000)
 Metaspace       used 18682K, capacity 19656K, committed 19840K, reserved 1067008K
  class space    used 2567K, capacity 2829K, committed 2944K, reserved 1048576K
Event: 40.004 GC heap after
Heap after GC invocations=5 (full 0):
 PSYoungGen      total 38400K, used 5088K [0x0000000795580000, 0x000000079cf80000, 0x00000007c0000000)
  eden space 33280K, 0% used [0x0000000795580000,0x0000000795580000,0x0000000797600000)
  from space 5120K, 99% used [0x0000000797600000,0x0000000797af8140,0x0000000797b00000)
  to   space 29184K, 0% used [0x000000079b300000,0x000000079b300000,0x000000079cf80000)
 ParOldGen       total 414720K, used 392050K [0x0000000740000000, 0x0000000759500000, 0x0000000795580000)
  object space 414720K, 94% used [0x0000000740000000,0x0000000757edc968,0x0000000759500000)
 Metaspace       used 18682K, capacity 19656K, committed 19840K, reserved 1067008K
  class space    used 2567K, capacity 2829K, committed 2944K, reserved 1048576K
}
Event: 40.004 GC heap before
{Heap before GC invocations=6 (full 1):
 PSYoungGen      total 38400K, used 5088K [0x0000000795580000, 0x000000079cf80000, 0x00000007c0000000)
  eden space 33280K, 0% used [0x0000000795580000,0x0000000795580000,0x0000000797600000)
  from space 5120K, 99% used [0x0000000797600000,0x0000000797af8140,0x0000000797b00000)
  to   space 29184K, 0% used [0x000000079b300000,0x000000079b300000,0x000000079cf80000)
 ParOldGen       total 414720K, used 392050K [0x0000000740000000, 0x0000000759500000, 0x0000000795580000)
  object space 414720K, 94% used [0x0000000740000000,0x0000000757edc968,0x0000000759500000)
 Metaspace       used 18682K, capacity 19656K, committed 19840K, reserved 1067008K
  class space    used 2567K, capacity 2829K, committed 2944K, reserved 1048576K
Event: 40.066 GC heap after
Heap after GC invocations=6 (full 1):
 PSYoungGen      total 38400K, used 0K [0x0000000795580000, 0x000000079cf80000, 0x00000007c0000000)
  eden space 33280K, 0% used [0x0000000795580000,0x0000000795580000,0x0000000797600000)
  from space 5120K, 0% used [0x0000000797600000,0x0000000797600000,0x0000000797b00000)
  to   space 29184K, 0% used [0x000000079b300000,0x000000079b300000,0x000000079cf80000)
 ParOldGen       total 117760K, used 45144K [0x0000000740000000, 0x0000000747300000, 0x0000000795580000)
  object space 117760K, 38% used [0x0000000740000000,0x0000000742c16330,0x0000000747300000)
 Metaspace       used 18682K, capacity 19656K, committed 19840K, reserved 1067008K
  class space    used 2567K, capacity 2829K, committed 2944K, reserved 1048576K
}
Event: 75.823 GC heap before
{Heap before GC invocations=7 (full 1):
 PSYoungGen      total 38400K, used 33280K [0x0000000795580000, 0x000000079cf80000, 0x00000007c0000000)
  eden space 33280K, 100% used [0x0000000795580000,0x0000000797600000,0x0000000797600000)
  from space 5120K, 0% used [0x0000000797600000,0x0000000797600000,0x0000000797b00000)
  to   space 29184K, 0% used [0x000000079b300000,0x000000079b300000,0x000000079cf80000)
 ParOldGen       total 117760K, used 45144K [0x0000000740000000, 0x0000000747300000, 0x0000000795580000)
  object space 117760K, 38% used [0x0000000740000000,0x0000000742c16330,0x0000000747300000)
 Metaspace       used 18885K, capacity 19810K, committed 20096K, reserved 1067008K
  class space    used 2570K, capacity 2832K, committed 2944K, reserved 1048576K
Event: 75.837 GC heap after
Heap after GC invocations=7 (full 1):
 PSYoungGen      total 93184K, used 21801K [0x0000000795580000, 0x000000079d200000, 0x00000007c0000000)
  eden space 64000K, 0% used [0x0000000795580000,0x0000000795580000,0x0000000799400000)
  from space 29184K, 74% used [0x000000079b300000,0x000000079c84a5d8,0x000000079cf80000)
  to   space 31744K, 0% used [0x0000000799400000,0x0000000799400000,0x000000079b300000)
 ParOldGen       total 117760K, used 45152K [0x0000000740000000, 0x0000000747300000, 0x0000000795580000)
  object space 117760K, 38% used [0x0000000740000000,0x0000000742c18330,0x0000000747300000)
 Metaspace       used 18885K, capacity 19810K, committed 20096K, reserved 1067008K
  class space    used 2570K, capacity 2832K, committed 2944K, reserved 1048576K
}

Deoptimization events (10 events):
Event: 15.448 Thread 0x00007fd052114000 Uncommon trap: reason=class_check action=maybe_recompile pc=0x000000010e8287ec method=javafx.scene.Scene.getRoot()Ljavafx/scene/Parent; @ 18
Event: 20.956 Thread 0x00007fd052114000 Uncommon trap: reason=unstable_if action=reinterpret pc=0x000000010ea5432c method=javafx.scene.Node.impl_pickNode(Lcom/sun/javafx/geom/PickRay;Lcom/sun/javafx/scene/input/PickResultChooser;)V @ 11
Event: 20.961 Thread 0x00007fd052114000 Uncommon trap: reason=unstable_if action=reinterpret pc=0x000000010e76cdf4 method=com.sun.javafx.css.ParsedValueImpl.containsFontRelativeSize(Ljavafx/css/ParsedValue;Z)Z @ 56
Event: 40.121 Thread 0x00007fd052114000 Uncommon trap: reason=unstable_if action=reinterpret pc=0x000000010e1d3c7c method=javafx.scene.Node.getProperties()Ljavafx/collections/ObservableMap; @ 4
Event: 40.147 Thread 0x00007fd052114000 Uncommon trap: reason=bimorphic action=maybe_recompile pc=0x000000010e696b60 method=com.sun.javafx.css.SimpleSelector.applies(Ljavafx/css/Styleable;)Z @ 95
Event: 40.156 Thread 0x00007fd052114000 Uncommon trap: reason=bimorphic action=maybe_recompile pc=0x000000010e696b60 method=com.sun.javafx.css.SimpleSelector.applies(Ljavafx/css/Styleable;)Z @ 95
Event: 40.166 Thread 0x00007fd052104800 Uncommon trap: reason=null_check action=make_not_entrant pc=0x000000010e2793e0 method=com.sun.prism.impl.BaseResourcePool$WeakLinkedList.getResource()Lcom/sun/prism/impl/ManagedResource; @ 7
Event: 40.166 Thread 0x00007fd052104800 Uncommon trap: reason=unstable_if action=reinterpret pc=0x000000010e13ce80 method=com.sun.prism.impl.ManagedResource._isgone(Lcom/sun/prism/impl/ManagedResource;)Z @ 1
Event: 51.627 Thread 0x00007fd052114000 Uncommon trap: reason=unstable_if action=reinterpret pc=0x000000010e65b338 method=com.sun.javafx.css.StyleManager$CacheContainer.getStyleMap(I)Lcom/sun/javafx/css/StyleMap; @ 22
Event: 51.629 Thread 0x00007fd052114000 Uncommon trap: reason=class_check action=maybe_recompile pc=0x000000010e4ed54c method=javafx.scene.CssStyleHelper.lookup(Ljavafx/css/Styleable;Ljavafx/css/CssMetaData;Lcom/sun/javafx/css/StyleMap;Ljava/util/Set;Ljavafx/css/Styleable;Lcom/sun/javafx/css/Ca

Internal exceptions (10 events):
Event: 75.843 Thread 0x00007fd052114000 Exception <a 'java/io/FileNotFoundException'> (0x0000000795719120) thrown at [/Users/java_re/workspace/8-2-build-macosx-x86_64/jdk8u45/3457/hotspot/src/share/vm/prims/jni.cpp, line 709]
Event: 75.899 Thread 0x00007fd052114000 Exception <a 'java/io/FileNotFoundException'> (0x00000007957286e8) thrown at [/Users/java_re/workspace/8-2-build-macosx-x86_64/jdk8u45/3457/hotspot/src/share/vm/prims/jni.cpp, line 709]
Event: 75.906 Thread 0x00007fd052114000 Exception <a 'java/io/FileNotFoundException'> (0x000000079573b6b0) thrown at [/Users/java_re/workspace/8-2-build-macosx-x86_64/jdk8u45/3457/hotspot/src/share/vm/prims/jni.cpp, line 709]
Event: 75.912 Thread 0x00007fd052114000 Exception <a 'java/io/FileNotFoundException'> (0x00000007957488d8) thrown at [/Users/java_re/workspace/8-2-build-macosx-x86_64/jdk8u45/3457/hotspot/src/share/vm/prims/jni.cpp, line 709]
Event: 76.515 Thread 0x00007fd052114000 Exception <a 'java/io/FileNotFoundException'> (0x00000007967518b8) thrown at [/Users/java_re/workspace/8-2-build-macosx-x86_64/jdk8u45/3457/hotspot/src/share/vm/prims/jni.cpp, line 709]
Event: 77.436 Thread 0x00007fd052114000 Exception <a 'java/io/FileNotFoundException'> (0x0000000796e4f9d0) thrown at [/Users/java_re/workspace/8-2-build-macosx-x86_64/jdk8u45/3457/hotspot/src/share/vm/prims/jni.cpp, line 709]
Event: 77.449 Thread 0x00007fd052114000 Exception <a 'java/io/FileNotFoundException'> (0x0000000796e57710) thrown at [/Users/java_re/workspace/8-2-build-macosx-x86_64/jdk8u45/3457/hotspot/src/share/vm/prims/jni.cpp, line 709]
Event: 77.449 Thread 0x00007fd052114000 Exception <a 'java/io/FileNotFoundException'> (0x0000000796e638b8) thrown at [/Users/java_re/workspace/8-2-build-macosx-x86_64/jdk8u45/3457/hotspot/src/share/vm/prims/jni.cpp, line 709]
Event: 77.450 Thread 0x00007fd052114000 Exception <a 'java/io/FileNotFoundException'> (0x0000000796e70a40) thrown at [/Users/java_re/workspace/8-2-build-macosx-x86_64/jdk8u45/3457/hotspot/src/share/vm/prims/jni.cpp, line 709]
Event: 77.455 Thread 0x00007fd052114000 Exception <a 'java/io/FileNotFoundException'> (0x00000007971641b0) thrown at [/Users/java_re/workspace/8-2-build-macosx-x86_64/jdk8u45/3457/hotspot/src/share/vm/prims/jni.cpp, line 709]

Events (10 events):
Event: 86.166 loading class javafx/application/Application done
Event: 86.179 loading class com/sun/javafx/tk/quantum/QuantumRenderer
Event: 86.179 loading class com/sun/javafx/tk/quantum/QuantumRenderer done
Event: 86.181 loading class com/sun/javafx/tk/quantum/QuantumToolkit
Event: 86.181 loading class com/sun/javafx/tk/quantum/QuantumToolkit done
Event: 86.181 Thread 0x00007fd052104800 Thread exited: 0x00007fd052104800
Event: 86.181 Thread 0x00007fd051866000 Thread exited: 0x00007fd051866000
Event: 86.181 Thread 0x00007fd05280a000 Thread exited: 0x00007fd05280a000
Event: 86.182 Thread 0x00007fd0568b9000 Thread added: 0x00007fd0568b9000
Event: 86.182 Thread 0x00007fd052114000 Thread exited: 0x00007fd052114000


Dynamic libraries:
0x0000000008a98000 	/System/Library/Frameworks/Cocoa.framework/Versions/A/Cocoa
0x0000000008a98000 	/System/Library/Frameworks/Security.framework/Versions/A/Security
0x0000000008a98000 	/System/Library/Frameworks/ApplicationServices.framework/Versions/A/ApplicationServices
0x0000000008a98000 	/usr/lib/libz.1.dylib
0x0000000008a98000 	/usr/lib/libSystem.B.dylib
0x0000000008a98000 	/usr/lib/libobjc.A.dylib
0x0000000008a98000 	/System/Library/Frameworks/CoreFoundation.framework/Versions/A/CoreFoundation
0x0000000008a98000 	/System/Library/Frameworks/Foundation.framework/Versions/C/Foundation
0x0000000008a98000 	/System/Library/Frameworks/AppKit.framework/Versions/C/AppKit
0x0000000008a98000 	/System/Library/Frameworks/CoreData.framework/Versions/A/CoreData
0x0000000008a98000 	/System/Library/PrivateFrameworks/RemoteViewServices.framework/Versions/A/RemoteViewServices
0x0000000008a98000 	/System/Library/PrivateFrameworks/UIFoundation.framework/Versions/A/UIFoundation
0x0000000008a98000 	/System/Library/Frameworks/IOSurface.framework/Versions/A/IOSurface
0x0000000008a98000 	/System/Library/Frameworks/AudioToolbox.framework/Versions/A/AudioToolbox
0x0000000008a98000 	/System/Library/Frameworks/AudioUnit.framework/Versions/A/AudioUnit
0x0000000008a98000 	/System/Library/PrivateFrameworks/DataDetectorsCore.framework/Versions/A/DataDetectorsCore
0x0000000008a98000 	/System/Library/PrivateFrameworks/DesktopServicesPriv.framework/Versions/A/DesktopServicesPriv
0x0000000008a98000 	/System/Library/Frameworks/Carbon.framework/Versions/A/Frameworks/HIToolbox.framework/Versions/A/HIToolbox
0x0000000008a98000 	/System/Library/Frameworks/QuartzCore.framework/Versions/A/QuartzCore
0x0000000008a98000 	/System/Library/Frameworks/Carbon.framework/Versions/A/Frameworks/SpeechRecognition.framework/Versions/A/SpeechRecognition
0x0000000008a98000 	/usr/lib/libauto.dylib
0x0000000008a98000 	/usr/lib/libicucore.A.dylib
0x0000000008a98000 	/usr/lib/libxml2.2.dylib
0x0000000008a98000 	/System/Library/PrivateFrameworks/CoreUI.framework/Versions/A/CoreUI
0x0000000008a98000 	/System/Library/Frameworks/CoreAudio.framework/Versions/A/CoreAudio
0x0000000008a98000 	/System/Library/Frameworks/DiskArbitration.framework/Versions/A/DiskArbitration
0x0000000008a98000 	/usr/lib/liblangid.dylib
0x0000000008a98000 	/System/Library/PrivateFrameworks/MultitouchSupport.framework/Versions/A/MultitouchSupport
0x0000000008a98000 	/System/Library/Frameworks/IOKit.framework/Versions/A/IOKit
0x0000000008a98000 	/usr/lib/libDiagnosticMessagesClient.dylib
0x0000000008a98000 	/System/Library/Frameworks/CoreServices.framework/Versions/A/CoreServices
0x0000000008a98000 	/System/Library/PrivateFrameworks/PerformanceAnalysis.framework/Versions/A/PerformanceAnalysis
0x0000000008a98000 	/System/Library/PrivateFrameworks/GenerationalStorage.framework/Versions/A/GenerationalStorage
0x0000000008a98000 	/System/Library/Frameworks/OpenGL.framework/Versions/A/OpenGL
0x0000000008a98000 	/System/Library/PrivateFrameworks/Sharing.framework/Versions/A/Sharing
0x0000000008a98000 	/System/Library/Frameworks/CoreGraphics.framework/Versions/A/CoreGraphics
0x0000000008a98000 	/System/Library/Frameworks/CoreText.framework/Versions/A/CoreText
0x0000000008a98000 	/System/Library/Frameworks/ImageIO.framework/Versions/A/ImageIO
0x0000000008a98000 	/usr/lib/libextension.dylib
0x0000000008a98000 	/System/Library/PrivateFrameworks/Backup.framework/Versions/A/Backup
0x0000000008a98000 	/usr/lib/libarchive.2.dylib
0x0000000008a98000 	/System/Library/Frameworks/CFNetwork.framework/Versions/A/CFNetwork
0x0000000008a98000 	/System/Library/Frameworks/SystemConfiguration.framework/Versions/A/SystemConfiguration
0x0000000008a98000 	/usr/lib/libCRFSuite.dylib
0x0000000008a98000 	/usr/lib/libc++.1.dylib
0x0000000008a98000 	/usr/lib/libc++abi.dylib
0x0000000008a98000 	/usr/lib/system/libcache.dylib
0x0000000008a98000 	/usr/lib/system/libcommonCrypto.dylib
0x0000000008a98000 	/usr/lib/system/libcompiler_rt.dylib
0x0000000008a98000 	/usr/lib/system/libcopyfile.dylib
0x0000000008a98000 	/usr/lib/system/libcorecrypto.dylib
0x0000000008a98000 	/usr/lib/system/libdispatch.dylib
0x0000000008a98000 	/usr/lib/system/libdyld.dylib
0x0000000008a98000 	/usr/lib/system/libkeymgr.dylib
0x0000000008a98000 	/usr/lib/system/liblaunch.dylib
0x0000000008a98000 	/usr/lib/system/libmacho.dylib
0x0000000008a98000 	/usr/lib/system/libquarantine.dylib
0x0000000008a98000 	/usr/lib/system/libremovefile.dylib
0x0000000008a98000 	/usr/lib/system/libsystem_asl.dylib
0x0000000008a98000 	/usr/lib/system/libsystem_blocks.dylib
0x0000000008a98000 	/usr/lib/system/libsystem_c.dylib
0x0000000008a98000 	/usr/lib/system/libsystem_configuration.dylib
0x0000000008a98000 	/usr/lib/system/libsystem_coreservices.dylib
0x0000000008a98000 	/usr/lib/system/libsystem_coretls.dylib
0x0000000008a98000 	/usr/lib/system/libsystem_dnssd.dylib
0x0000000008a98000 	/usr/lib/system/libsystem_info.dylib
0x0000000008a98000 	/usr/lib/system/libsystem_kernel.dylib
0x0000000008a98000 	/usr/lib/system/libsystem_m.dylib
0x0000000008a98000 	/usr/lib/system/libsystem_malloc.dylib
0x0000000008a98000 	/usr/lib/system/libsystem_network.dylib
0x0000000008a98000 	/usr/lib/system/libsystem_networkextension.dylib
0x0000000008a98000 	/usr/lib/system/libsystem_notify.dylib
0x0000000008a98000 	/usr/lib/system/libsystem_platform.dylib
0x0000000008a98000 	/usr/lib/system/libsystem_pthread.dylib
0x0000000008a98000 	/usr/lib/system/libsystem_sandbox.dylib
0x0000000008a98000 	/usr/lib/system/libsystem_secinit.dylib
0x0000000008a98000 	/usr/lib/system/libsystem_stats.dylib
0x0000000008a98000 	/usr/lib/system/libsystem_trace.dylib
0x0000000008a98000 	/usr/lib/system/libunc.dylib
0x0000000008a98000 	/usr/lib/system/libunwind.dylib
0x0000000008a98000 	/usr/lib/system/libxpc.dylib
0x0000000008a98000 	/usr/lib/libbz2.1.0.dylib
0x0000000008a98000 	/usr/lib/liblzma.5.dylib
0x0000000008a98000 	/usr/lib/libbsm.0.dylib
0x0000000008a98000 	/usr/lib/libsqlite3.dylib
0x0000000008a98000 	/usr/lib/system/libkxld.dylib
0x0000000008a98000 	/usr/lib/libxar.1.dylib
0x0000000008a98000 	/usr/lib/libpam.2.dylib
0x0000000008a98000 	/usr/lib/libOpenScriptingUtil.dylib
0x0000000008a98000 	/System/Library/Frameworks/CoreServices.framework/Versions/A/Frameworks/FSEvents.framework/Versions/A/FSEvents
0x0000000008a98000 	/System/Library/Frameworks/CoreServices.framework/Versions/A/Frameworks/CarbonCore.framework/Versions/A/CarbonCore
0x0000000008a98000 	/System/Library/Frameworks/CoreServices.framework/Versions/A/Frameworks/Metadata.framework/Versions/A/Metadata
0x0000000008a98000 	/System/Library/Frameworks/CoreServices.framework/Versions/A/Frameworks/OSServices.framework/Versions/A/OSServices
0x0000000008a98000 	/System/Library/Frameworks/CoreServices.framework/Versions/A/Frameworks/SearchKit.framework/Versions/A/SearchKit
0x0000000008a98000 	/System/Library/Frameworks/CoreServices.framework/Versions/A/Frameworks/AE.framework/Versions/A/AE
0x0000000008a98000 	/System/Library/Frameworks/CoreServices.framework/Versions/A/Frameworks/LaunchServices.framework/Versions/A/LaunchServices
0x0000000008a98000 	/System/Library/Frameworks/CoreServices.framework/Versions/A/Frameworks/DictionaryServices.framework/Versions/A/DictionaryServices
0x0000000008a98000 	/System/Library/Frameworks/NetFS.framework/Versions/A/NetFS
0x0000000008a98000 	/System/Library/PrivateFrameworks/NetAuth.framework/Versions/A/NetAuth
0x0000000008a98000 	/System/Library/PrivateFrameworks/login.framework/Versions/A/Frameworks/loginsupport.framework/Versions/A/loginsupport
0x0000000008a98000 	/System/Library/PrivateFrameworks/TCC.framework/Versions/A/TCC
0x0000000008a98000 	/usr/lib/libmecabra.dylib
0x0000000008a98000 	/System/Library/Frameworks/ApplicationServices.framework/Versions/A/Frameworks/ATS.framework/Versions/A/ATS
0x0000000008a98000 	/System/Library/Frameworks/ApplicationServices.framework/Versions/A/Frameworks/ColorSync.framework/Versions/A/ColorSync
0x0000000008a98000 	/System/Library/Frameworks/ApplicationServices.framework/Versions/A/Frameworks/HIServices.framework/Versions/A/HIServices
0x0000000008a98000 	/System/Library/Frameworks/ApplicationServices.framework/Versions/A/Frameworks/LangAnalysis.framework/Versions/A/LangAnalysis
0x0000000008a98000 	/System/Library/Frameworks/ApplicationServices.framework/Versions/A/Frameworks/PrintCore.framework/Versions/A/PrintCore
0x0000000008a98000 	/System/Library/Frameworks/ApplicationServices.framework/Versions/A/Frameworks/QD.framework/Versions/A/QD
0x0000000008a98000 	/System/Library/Frameworks/ApplicationServices.framework/Versions/A/Frameworks/SpeechSynthesis.framework/Versions/A/SpeechSynthesis
0x0000000008a98000 	/System/Library/Frameworks/Accelerate.framework/Versions/A/Accelerate
0x0000000008a98000 	/System/Library/Frameworks/Accelerate.framework/Versions/A/Frameworks/vImage.framework/Versions/A/vImage
0x0000000008a98000 	/System/Library/Frameworks/Accelerate.framework/Versions/A/Frameworks/vecLib.framework/Versions/A/vecLib
0x0000000008a98000 	/System/Library/Frameworks/Accelerate.framework/Versions/A/Frameworks/vecLib.framework/Versions/A/libvDSP.dylib
0x0000000008a98000 	/System/Library/Frameworks/Accelerate.framework/Versions/A/Frameworks/vecLib.framework/Versions/A/libvMisc.dylib
0x0000000008a98000 	/System/Library/Frameworks/Accelerate.framework/Versions/A/Frameworks/vecLib.framework/Versions/A/libLAPACK.dylib
0x0000000008a98000 	/System/Library/Frameworks/Accelerate.framework/Versions/A/Frameworks/vecLib.framework/Versions/A/libBLAS.dylib
0x0000000008a98000 	/System/Library/Frameworks/Accelerate.framework/Versions/A/Frameworks/vecLib.framework/Versions/A/libLinearAlgebra.dylib
0x0000000008a98000 	/System/Library/Frameworks/ApplicationServices.framework/Versions/A/Frameworks/ATS.framework/Versions/A/Resources/libFontParser.dylib
0x0000000008a98000 	/System/Library/Frameworks/ApplicationServices.framework/Versions/A/Frameworks/ATS.framework/Versions/A/Resources/libFontRegistry.dylib
0x0000000008a98000 	/System/Library/PrivateFrameworks/AppleVPA.framework/Versions/A/AppleVPA
0x0000000008a98000 	/System/Library/PrivateFrameworks/AppleJPEG.framework/Versions/A/AppleJPEG
0x0000000008a98000 	/System/Library/Frameworks/ImageIO.framework/Versions/A/Resources/libJPEG.dylib
0x0000000008a98000 	/System/Library/Frameworks/ImageIO.framework/Versions/A/Resources/libTIFF.dylib
0x0000000008a98000 	/System/Library/Frameworks/ImageIO.framework/Versions/A/Resources/libPng.dylib
0x0000000008a98000 	/System/Library/Frameworks/ImageIO.framework/Versions/A/Resources/libGIF.dylib
0x0000000008a98000 	/System/Library/Frameworks/ImageIO.framework/Versions/A/Resources/libJP2.dylib
0x0000000008a98000 	/System/Library/Frameworks/ImageIO.framework/Versions/A/Resources/libRadiance.dylib
0x0000000008a98000 	/System/Library/Frameworks/CoreVideo.framework/Versions/A/CoreVideo
0x0000000008a98000 	/System/Library/Frameworks/OpenGL.framework/Versions/A/Libraries/libGLU.dylib
0x0000000008a98000 	/System/Library/Frameworks/OpenGL.framework/Versions/A/Libraries/libGFXShared.dylib
0x0000000008a98000 	/System/Library/Frameworks/OpenGL.framework/Versions/A/Libraries/libGL.dylib
0x0000000008a98000 	/System/Library/Frameworks/OpenGL.framework/Versions/A/Libraries/libGLImage.dylib
0x0000000008a98000 	/System/Library/Frameworks/OpenGL.framework/Versions/A/Libraries/libCVMSPluginSupport.dylib
0x0000000008a98000 	/System/Library/Frameworks/OpenGL.framework/Versions/A/Libraries/libCoreVMClient.dylib
0x0000000008a98000 	/usr/lib/libcups.2.dylib
0x0000000008a98000 	/System/Library/Frameworks/Kerberos.framework/Versions/A/Kerberos
0x0000000008a98000 	/System/Library/Frameworks/GSS.framework/Versions/A/GSS
0x0000000008a98000 	/usr/lib/libresolv.9.dylib
0x0000000008a98000 	/usr/lib/libiconv.2.dylib
0x0000000008a98000 	/System/Library/PrivateFrameworks/Heimdal.framework/Versions/A/Heimdal
0x0000000008a98000 	/usr/lib/libheimdal-asn1.dylib
0x0000000008a98000 	/System/Library/Frameworks/OpenDirectory.framework/Versions/A/OpenDirectory
0x0000000008a98000 	/System/Library/PrivateFrameworks/CommonAuth.framework/Versions/A/CommonAuth
0x0000000008a98000 	/System/Library/Frameworks/OpenDirectory.framework/Versions/A/Frameworks/CFOpenDirectory.framework/Versions/A/CFOpenDirectory
0x0000000008a98000 	/System/Library/Frameworks/SecurityFoundation.framework/Versions/A/SecurityFoundation
0x0000000008a98000 	/System/Library/PrivateFrameworks/LanguageModeling.framework/Versions/A/LanguageModeling
0x0000000008a98000 	/usr/lib/libcmph.dylib
0x0000000008a98000 	/System/Library/Frameworks/ServiceManagement.framework/Versions/A/ServiceManagement
0x0000000008a98000 	/usr/lib/libxslt.1.dylib
0x0000000008a98000 	/System/Library/Frameworks/Carbon.framework/Versions/A/Frameworks/Ink.framework/Versions/A/Ink
0x0000000008a98000 	/System/Library/Frameworks/QuartzCore.framework/Versions/A/Frameworks/CoreImage.framework/Versions/A/CoreImage
0x0000000008a98000 	/System/Library/PrivateFrameworks/CrashReporterSupport.framework/Versions/A/CrashReporterSupport
0x0000000008a98000 	/System/Library/Frameworks/OpenCL.framework/Versions/A/OpenCL
0x0000000008a98000 	/System/Library/PrivateFrameworks/FaceCore.framework/Versions/A/FaceCore
0x0000000008a98000 	/System/Library/PrivateFrameworks/Ubiquity.framework/Versions/A/Ubiquity
0x0000000008a98000 	/System/Library/PrivateFrameworks/IconServices.framework/Versions/A/IconServices
0x0000000008a98000 	/System/Library/PrivateFrameworks/ChunkingLibrary.framework/Versions/A/ChunkingLibrary
0x0000000008a98000 	/System/Library/PrivateFrameworks/Apple80211.framework/Versions/A/Apple80211
0x0000000008a98000 	/System/Library/Frameworks/CoreWLAN.framework/Versions/A/CoreWLAN
0x0000000008a98000 	/System/Library/Frameworks/IOBluetooth.framework/Versions/A/IOBluetooth
0x0000000008a98000 	/System/Library/PrivateFrameworks/CoreWiFi.framework/Versions/A/CoreWiFi
0x0000000008a98000 	/System/Library/Frameworks/CoreBluetooth.framework/Versions/A/CoreBluetooth
0x0000000008a98000 	/System/Library/PrivateFrameworks/DebugSymbols.framework/Versions/A/DebugSymbols
0x0000000008a98000 	/System/Library/PrivateFrameworks/CoreSymbolication.framework/Versions/A/CoreSymbolication
0x0000000008a98000 	/System/Library/PrivateFrameworks/Symbolication.framework/Versions/A/Symbolication
0x0000000008a98000 	/System/Library/PrivateFrameworks/SpeechRecognitionCore.framework/Versions/A/SpeechRecognitionCore
0x000000010c616000 	/Library/Java/JavaVirtualMachines/jdk1.8.0_45.jdk/Contents/Home/jre/lib/server/libjvm.dylib
0x0000000008a98000 	/usr/lib/libstdc++.6.dylib
0x000000010d695000 	/Library/Java/JavaVirtualMachines/jdk1.8.0_45.jdk/Contents/Home/jre/lib/libverify.dylib
0x000000010d6a3000 	/Library/Java/JavaVirtualMachines/jdk1.8.0_45.jdk/Contents/Home/jre/lib/libjava.dylib
0x000000010d6e6000 	/Library/Java/JavaVirtualMachines/jdk1.8.0_45.jdk/Contents/Home/jre/lib/libzip.dylib
0x0000000123f74000 	/System/Library/Frameworks/JavaVM.framework/Frameworks/JavaRuntimeSupport.framework/JavaRuntimeSupport
0x0000000123f8a000 	/System/Library/Frameworks/JavaVM.framework/Versions/A/Frameworks/JavaNativeFoundation.framework/Versions/A/JavaNativeFoundation
0x000000010d7f3000 	/System/Library/Frameworks/JavaVM.framework/Versions/A/JavaVM
0x0000000008a98000 	/System/Library/Frameworks/Carbon.framework/Versions/A/Carbon
0x0000000123f9e000 	/System/Library/PrivateFrameworks/JavaLaunching.framework/Versions/A/JavaLaunching
0x0000000008a98000 	/System/Library/Frameworks/Carbon.framework/Versions/A/Frameworks/CommonPanels.framework/Versions/A/CommonPanels
0x0000000008a98000 	/System/Library/Frameworks/Carbon.framework/Versions/A/Frameworks/Help.framework/Versions/A/Help
0x0000000008a98000 	/System/Library/Frameworks/Carbon.framework/Versions/A/Frameworks/ImageCapture.framework/Versions/A/ImageCapture
0x0000000008a98000 	/System/Library/Frameworks/Carbon.framework/Versions/A/Frameworks/OpenScripting.framework/Versions/A/OpenScripting
0x0000000008a98000 	/System/Library/Frameworks/Carbon.framework/Versions/A/Frameworks/Print.framework/Versions/A/Print
0x0000000008a98000 	/System/Library/Frameworks/Carbon.framework/Versions/A/Frameworks/SecurityHI.framework/Versions/A/SecurityHI
0x0000000125fb3000 	/Applications/IntelliJ IDEA 14 CE.app/Contents/bin/libbreakgen64.jnilib
0x00000001260b9000 	/Library/Java/JavaVirtualMachines/jdk1.8.0_45.jdk/Contents/Home/jre/lib/libnet.dylib
0x00000001263b4000 	/Library/Java/JavaVirtualMachines/jdk1.8.0_45.jdk/Contents/Home/jre/lib/libprism_es2.dylib
0x0000000008a98000 	/System/Library/Frameworks/OpenGL.framework/Versions/A/Resources/GLEngine.bundle/GLEngine
0x0000000008a98000 	/System/Library/Frameworks/OpenGL.framework/Versions/A/Libraries/libGLProgrammability.dylib
0x0000000126436000 	/System/Library/Extensions/AppleIntelHD5000GraphicsGLDriver.bundle/Contents/MacOS/AppleIntelHD5000GraphicsGLDriver
0x0000000008a98000 	/System/Library/PrivateFrameworks/IOAccelerator.framework/Versions/A/IOAccelerator
0x0000000008a98000 	/System/Library/PrivateFrameworks/GPUSupport.framework/Versions/A/Libraries/libGPUSupportMercury.dylib
0x0000000008a98000 	/System/Library/Frameworks/OpenGL.framework/Versions/A/Resources/GLRendererFloat.bundle/GLRendererFloat
0x0000000008a98000 	/System/Library/Frameworks/OpenCL.framework/Versions/A/Libraries/libcldcpuengine.dylib
0x0000000008a98000 	/System/Library/PrivateFrameworks/DiskImages.framework/Versions/A/DiskImages
0x0000000008a98000 	/System/Library/Frameworks/DiscRecording.framework/Versions/A/DiscRecording
0x0000000008a98000 	/usr/lib/libcsfde.dylib
0x0000000008a98000 	/usr/lib/libcurl.4.dylib
0x0000000008a98000 	/System/Library/PrivateFrameworks/MediaKit.framework/Versions/A/MediaKit
0x0000000008a98000 	/System/Library/PrivateFrameworks/ProtectedCloudStorage.framework/Versions/A/ProtectedCloudStorage
0x0000000008a98000 	/usr/lib/libCoreStorage.dylib
0x0000000008a98000 	/System/Library/PrivateFrameworks/EFILogin.framework/Versions/A/EFILogin
0x0000000008a98000 	/usr/lib/libutil.dylib
0x0000000008a98000 	/System/Library/PrivateFrameworks/FindMyDevice.framework/Versions/A/FindMyDevice
0x0000000008a98000 	/System/Library/Frameworks/LDAP.framework/Versions/A/LDAP
0x0000000008a98000 	/usr/lib/libsasl2.2.dylib
0x0000000008a98000 	/System/Library/PrivateFrameworks/CoreDaemon.framework/Versions/B/CoreDaemon
0x0000000008a98000 	/usr/lib/libcrypto.0.9.8.dylib
0x0000000008a98000 	/System/Library/PrivateFrameworks/AppleSRP.framework/Versions/A/AppleSRP
0x0000000008a98000 	/System/Library/PrivateFrameworks/TrustEvaluationAgent.framework/Versions/A/TrustEvaluationAgent
0x0000000126f4d000 	/Library/Java/JavaVirtualMachines/jdk1.8.0_45.jdk/Contents/Home/jre/lib/libglass.dylib
0x0000000008a98000 	/System/Library/PrivateFrameworks/CoreServicesInternal.framework/Versions/A/CoreServicesInternal
0x0000000008a98000 	/System/Library/PrivateFrameworks/CloudDocs.framework/Versions/A/CloudDocs
0x0000000008a98000 	/System/Library/PrivateFrameworks/CoreDuet.framework/Versions/A/CoreDuet
0x0000000008a98000 	/System/Library/Frameworks/CloudKit.framework/Versions/A/CloudKit
0x0000000008a98000 	/System/Library/PrivateFrameworks/ProtocolBuffer.framework/Versions/A/ProtocolBuffer
0x0000000008a98000 	/System/Library/PrivateFrameworks/CoreDuetDaemonProtocol.framework/Versions/A/CoreDuetDaemonProtocol
0x0000000008a98000 	/System/Library/PrivateFrameworks/CoreDuetDebugLogging.framework/Versions/A/CoreDuetDebugLogging
0x0000000008a98000 	/System/Library/PrivateFrameworks/MMCS.framework/Versions/A/MMCS
0x0000000008a98000 	/System/Library/Frameworks/CoreLocation.framework/Versions/A/CoreLocation
0x0000000008a98000 	/System/Library/PrivateFrameworks/GeoServices.framework/Versions/A/GeoServices
0x0000000008a98000 	/System/Library/Frameworks/CoreGraphics.framework/Versions/A/Resources/libCGCMS.A.dylib
0x0000000008a98000 	/System/Library/CoreServices/RawCamera.bundle/Contents/MacOS/RawCamera
0x0000000008a98000 	/System/Library/Frameworks/CoreGraphics.framework/Versions/A/Resources/libRIP.A.dylib
0x0000000008a98000 	/System/Library/PrivateFrameworks/FamilyControls.framework/Versions/A/FamilyControls
0x0000000008a98000 	/System/Library/PrivateFrameworks/CommerceKit.framework/Versions/A/Frameworks/CommerceCore.framework/Versions/A/CommerceCore
0x0000000008a98000 	/System/Library/PrivateFrameworks/SystemAdministration.framework/Versions/A/SystemAdministration
0x0000000008a98000 	/System/Library/PrivateFrameworks/AppContainer.framework/Versions/A/AppContainer
0x0000000008a98000 	/System/Library/PrivateFrameworks/SecCodeWrapper.framework/Versions/A/SecCodeWrapper
0x0000000008a98000 	/System/Library/Frameworks/DirectoryService.framework/Versions/A/DirectoryService
0x0000000008a98000 	/System/Library/PrivateFrameworks/LoginUIKit.framework/Versions/A/Frameworks/LoginUICore.framework/Versions/A/LoginUICore
0x0000000008a98000 	/usr/lib/libodfde.dylib
0x000000012b240000 	/Library/Java/JavaVirtualMachines/jdk1.8.0_45.jdk/Contents/Home/jre/lib/libjavafx_iio.dylib
0x000000012b278000 	/Library/Java/JavaVirtualMachines/jdk1.8.0_45.jdk/Contents/Home/jre/lib/libjavafx_font.dylib
0x0000000008a98000 	/System/Library/Frameworks/CoreGraphics.framework/Versions/A/Resources/libCGXType.A.dylib
0x000000012dc8c000 	cl_kernels
0x000000012ee52000 	/System/Library/Frameworks/OpenCL.framework/Versions/A/Libraries/ImageFormats/unorm8_bgra.dylib
0x000000012dc7e000 	cl_kernels
0x000000012fb93000 	/Library/Java/JavaVirtualMachines/jdk1.8.0_45.jdk/Contents/Home/jre/lib/libprism_common.dylib

VM Arguments:
jvm_args: -Didea.launcher.port=7538 -Didea.launcher.bin.path=/Applications/IntelliJ IDEA 14 CE.app/Contents/bin -Dfile.encoding=UTF-8 
java_command: com.intellij.rt.execution.application.AppMain sample.Main
java_class_path (initial): /Library/Java/JavaVirtualMachines/jdk1.8.0_45.jdk/Contents/Home/lib/ant-javafx.jar:/Library/Java/JavaVirtualMachines/jdk1.8.0_45.jdk/Contents/Home/lib/dt.jar:/Library/Java/JavaVirtualMachines/jdk1.8.0_45.jdk/Contents/Home/lib/javafx-mx.jar:/Library/Java/JavaVirtualMachines/jdk1.8.0_45.jdk/Contents/Home/lib/jconsole.jar:/Library/Java/JavaVirtualMachines/jdk1.8.0_45.jdk/Contents/Home/lib/packager.jar:/Library/Java/JavaVirtualMachines/jdk1.8.0_45.jdk/Contents/Home/lib/sa-jdi.jar:/Library/Java/JavaVirtualMachines/jdk1.8.0_45.jdk/Contents/Home/lib/tools.jar:/Library/Java/JavaVirtualMachines/jdk1.8.0_45.jdk/Contents/Home/jre/lib/charsets.jar:/Library/Java/JavaVirtualMachines/jdk1.8.0_45.jdk/Contents/Home/jre/lib/deploy.jar:/Library/Java/JavaVirtualMachines/jdk1.8.0_45.jdk/Contents/Home/jre/lib/javaws.jar:/Library/Java/JavaVirtualMachines/jdk1.8.0_45.jdk/Contents/Home/jre/lib/jce.jar:/Library/Java/JavaVirtualMachines/jdk1.8.0_45.jdk/Contents/Home/jre/lib/jfr.jar:/Library/Java/JavaVirtualMachines/jdk1.8.0_45.jdk/Contents/Home/jre/lib/jfxswt.jar:/Library/Java/JavaVirtualMachines/jdk1.8.0_45.jdk/Contents/Home/jre/lib/jsse.jar:/Library/Java/JavaVirtualMachines/jdk1.8.0_45.jdk/Contents/Home/jre/lib/management-agent.jar:/Library/Java/JavaVirtualMachines/jdk1.8.0_45.jdk/Contents/Home/jre/lib/plugin.jar:/Library/Java/JavaVirtualMachines/jdk1.8.0_45.jdk/Contents/Home/jre/lib/resources.jar:/Library/Java/JavaVirtualMachines/jdk1.8.0_45.jdk/Contents/Home/jre/lib/rt.jar:/Library/Java/JavaVirtualMachines/jdk1.8.0_45.jdk/Contents/Home/jre/lib/ext/cldrdata.jar:/Library/Java/JavaVirtualMachines/jdk1.8.0_45.jdk/Contents/Home/jre/lib/ext/dnsns.jar:/Library/Java/JavaVirtualMachines/jdk1.8.0_45.jdk/Contents/Home/jre/lib/ext/jfxrt.jar:/Library/Java/JavaVirtualMachines/jdk1.8.0_45.jdk/Contents/Home/jre/lib/ext/localedata.jar:/Library/Java/JavaVirtualMachines/jdk1.8.0_45.jdk/Contents/Home/jre/lib/ext/nashorn.jar:/Library/Java/JavaVirtualMachines/jdk1.8.0_45.jdk/Conten
Launcher Type: SUN_STANDARD

Environment Variables:
PATH=/usr/local/bin:/usr/bin:/bin:/usr/sbin:/sbin:/usr/local/git/bin
SHELL=/bin/bash

Signal Handlers:
SIGSEGV: [libjvm.dylib+0x58ef95], sa_mask[0]=11111111011111110111111111111111, sa_flags=SA_ONSTACK|SA_RESTART|SA_SIGINFO
SIGBUS: [libjvm.dylib+0x58ef95], sa_mask[0]=11111111011111110111111111111111, sa_flags=SA_RESTART|SA_SIGINFO
SIGFPE: [libjvm.dylib+0x46c108], sa_mask[0]=11111111011111110111111111111111, sa_flags=SA_RESTART|SA_SIGINFO
SIGPIPE: [libjvm.dylib+0x46c108], sa_mask[0]=11111111011111110111111111111111, sa_flags=SA_RESTART|SA_SIGINFO
SIGXFSZ: [libjvm.dylib+0x46c108], sa_mask[0]=11111111011111110111111111111111, sa_flags=SA_RESTART|SA_SIGINFO
SIGILL: [libjvm.dylib+0x46c108], sa_mask[0]=11111111011111110111111111111111, sa_flags=SA_RESTART|SA_SIGINFO
SIGUSR1: SIG_DFL, sa_mask[0]=00000000000000000000000000000000, sa_flags=none
SIGUSR2: [libjvm.dylib+0x46bc26], sa_mask[0]=00100000000000000000000000000000, sa_flags=SA_RESTART|SA_SIGINFO
SIGHUP: [libjvm.dylib+0x46a1f9], sa_mask[0]=11111111011111110111111111111111, sa_flags=SA_RESTART|SA_SIGINFO
SIGINT: [libjvm.dylib+0x46a1f9], sa_mask[0]=11111111011111110111111111111111, sa_flags=SA_RESTART|SA_SIGINFO
SIGTERM: [libjvm.dylib+0x46a1f9], sa_mask[0]=11111111011111110111111111111111, sa_flags=SA_RESTART|SA_SIGINFO
SIGQUIT: [libjvm.dylib+0x46a1f9], sa_mask[0]=11111111011111110111111111111111, sa_flags=SA_RESTART|SA_SIGINFO


---------------  S Y S T E M  ---------------

OS:Bsduname:Darwin 14.5.0 Darwin Kernel Version 14.5.0: Wed Jul 29 02:26:53 PDT 2015; root:xnu-2782.40.9~1/RELEASE_X86_64 x86_64
rlimit: STACK 8192k, CORE 0k, NPROC 709, NOFILE 10240, AS infinity
load average:3.26 3.01 2.95

CPU:total 4 (2 cores per cpu, 2 threads per core) family 6 model 69 stepping 1, cmov, cx8, fxsr, mmx, sse, sse2, sse3, ssse3, sse4.1, sse4.2, popcnt, avx, avx2, aes, clmul, erms, lzcnt, ht, tsc, tscinvbit, bmi1, bmi2

Memory: 4k page, physical 8388608k(296332k free)

/proc/meminfo:


vm_info: Java HotSpot(TM) 64-Bit Server VM (25.45-b02) for bsd-amd64 JRE (1.8.0_45-b14), built on Apr 10 2015 10:46:38 by "java_re" with gcc 4.2.1 (Based on Apple Inc. build 5658) (LLVM build 2336.11.00)

time: Tue Oct 20 01:45:44 2015
elapsed time: 156 seconds (0d 0h 2m 36s)

