#
# A fatal error has been detected by the Java Runtime Environment:
#
#  SIGSEGV (0xb) at pc=0x000000012a40658d, pid=2309, tid=1811
#
# JRE version: Java(TM) SE Runtime Environment (8.0_45-b14) (build 1.8.0_45-b14)
# Java VM: Java HotSpot(TM) 64-Bit Server VM (25.45-b02 mixed mode bsd-amd64 compressed oops)
# Problematic frame:
# C  [libglass.dylib+0x1558d]  GlassScreenDidChangeScreenParameters+0x9d
#
# Failed to write core dump. Core dumps have been disabled. To enable core dumping, try "ulimit -c unlimited" before starting Java again
#
# If you would like to submit a bug report, please visit:
#   http://bugreport.java.com/bugreport/crash.jsp
#

---------------  T H R E A D  ---------------

Current thread is native thread

siginfo: si_signo: 11 (SIGSEGV), si_code: 1 (SEGV_MAPERR), si_addr: 0x0000000000000000

Registers:
RAX=0x000000012a438bc0, RBX=0x0000000000000000, RCX=0xbc0071442ad04e74, RDX=0x00007f9c43e493c0
RSP=0x00007fff5685f760, RBP=0x00007fff5685f770, RSI=0x00007f9c45b02d58, RDI=0x0000000000000000
R8 =0x00007fff5685f610, R9 =0x00007fff78977300, R10=0x0000000000000000, R11=0x0000000000000246
R12=0x00007f9c45803bc0, R13=0x00000000000f426a, R14=0x00007f9c43e72e00, R15=0x00007fff5685f8b0
RIP=0x000000012a40658d, EFLAGS=0x0000000000010206, ERR=0x0000000000000004
  TRAPNO=0x000000000000000e

Top of Stack: (sp=0x00007fff5685f760)
0x00007fff5685f760:   00007fff5685f940 00007f9c43e72e00
0x00007fff5685f770:   00007fff5685f780 00007fff916e145c
0x00007fff5685f780:   00007fff5685fae0 00007fff915d1634
0x00007fff5685f790:   00007fff5685f7e0 0000000000002800
0x00007fff5685f7a0:   00007fff78a18ed0 00007f9c4586bd00
0x00007fff5685f7b0:   0000000000001004 0000000000000bb8
0x00007fff5685f7c0:   00007f9c4586bd00 00007f9c43e72e00
0x00007fff5685f7d0:   0000000000000000 00007fff5685f8b0
0x00007fff5685f7e0:   0000000000000000 00007f9c43e72dc0
0x00007fff5685f7f0:   00007fff5685f930 000000000000007d
0x00007fff5685f800:   00000000000f44a1 00007f9c459e0cb0
0x00007fff5685f810:   00007f9c4592d240 00007f9c45803bc0
0x00007fff5685f820:   0000000000000001 00000000000f426a
0x00007fff5685f830:   00007f9c45803bb0 00007fff8a51eb90
0x00007fff5685f840:   0000000000000001 0000000000000001
0x00007fff5685f850:   0000000000000030 0000000000000001
0x00007fff5685f860:   00007fff5685f880 00007fff8a51f546
0x00007fff5685f870:   00007fff78a16fb0 0000000000000000
0x00007fff5685f880:   00007fff5685f8a0 0000000000000007
0x00007fff5685f890:   0010a90300001000 00007f9c45803be4
0x00007fff5685f8a0:   0000000000000000 00007fff915c710f
0x00007fff5685f8b0:   00007f9c43e72e00 00007fff78a16fb0
0x00007fff5685f8c0:   00007fff5685f940 00007fff915cfc3f
0x00007fff5685f8d0:   00007fff5685f944 0000000000565f01
0x00007fff5685f8e0:   00000001093bba00 0000000000000002
0x00007fff5685f8f0:   00000001093b8000 00007f9c459f73c2
0x00007fff5685f900:   0000000000000003 00000001093be200
0x00007fff5685f910:   00007fff5685fa00 00007fff8a51bb36
0x00007fff5685f920:   00007f9c4592cdd0 00007fff5685fae8
0x00007fff5685f930:   0000000000000017 0000000000000000
0x00007fff5685f940:   00000000000f426a 00007fff915c7403
0x00007fff5685f950:   00007fff00000000 00007f9c43e4a5a0 

Instructions: (pc=0x000000012a40658d)
0x000000012a40656d:   89 df 4c 89 f1 41 ff 90 68 04 00 00 48 8d 05 48
0x000000012a40657d:   25 03 00 48 8b 30 48 8d 05 36 26 03 00 48 8b 10
0x000000012a40658d:   48 8b 0b 30 c0 48 89 df ff 91 68 04 00 00 48 8b
0x000000012a40659d:   03 48 89 df ff 50 78 48 85 c0 74 36 49 89 c6 48 

Register to memory mapping:

RAX=0x000000012a438bc0: jScreenNotifySettingsChanged+0 in /Library/Java/JavaVirtualMachines/jdk1.8.0_45.jdk/Contents/Home/jre/lib/libglass.dylib at 0x000000012a3f1000
RBX=0x0000000000000000 is an unknown value
RCX=0xbc0071442ad04e74 is an unknown value
RDX=0x00007f9c43e493c0 is an unknown value
RSP=0x00007fff5685f760 is an unknown value
RBP=0x00007fff5685f770 is an unknown value
RSI=0x00007f9c45b02d58 is a global jni handle
RDI=0x0000000000000000 is an unknown value
R8 =0x00007fff5685f610 is an unknown value
R9 =0x00007fff78977300: _thread+0 in /usr/lib/system/libsystem_pthread.dylib at 0x00007fff91306000
R10=0x0000000000000000 is an unknown value
R11=0x0000000000000246 is an unknown value
R12=0x00007f9c45803bc0 is an unknown value
R13=0x00000000000f426a is an unknown value
R14=0x00007f9c43e72e00 is an unknown value
R15=0x00007fff5685f8b0 is an unknown value


Stack: [0x00007fff56063000,0x00007fff56863000],  sp=0x00007fff5685f760,  free space=8177k
Native frames: (J=compiled Java code, j=interpreted, Vv=VM code, C=native code)
C  [libglass.dylib+0x1558d]  GlassScreenDidChangeScreenParameters+0x9d
C  [CoreFoundation+0x12045c]  __CFNOTIFICATIONCENTER_IS_CALLING_OUT_TO_AN_OBSERVER__+0xc
C  [CoreFoundation+0x10634]  _CFXNotificationPost+0xc44
C  [Foundation+0x7aa1]  -[NSNotificationCenter postNotificationName:object:userInfo:]+0x42
C  [AppKit+0x40de7e]  -[NSApplication _reactToScreenInvalidationImmediately:]+0x17b
C  [AppKit+0x40dcc7]  __44-[NSApplication _reactToScreenInvalidation:]_block_invoke+0x4b
C  [CoreFoundation+0x808ec]  __CFRUNLOOP_IS_CALLING_OUT_TO_A_BLOCK__+0xc
C  [CoreFoundation+0x729f5]  __CFRunLoopDoBlocks+0x155
C  [CoreFoundation+0x72536]  __CFRunLoopRun+0x716
C  [CoreFoundation+0x71bd8]  CFRunLoopRunSpecific+0x128
C  [java+0x6490]  CreateExecutionEnvironment+0x367
C  [java+0x221c]  JLI_Launch+0x7a0
C  [java+0x84ed]  main+0x65
C  [java+0x1a74]  start+0x34


---------------  P R O C E S S  ---------------

VM state:not at safepoint (normal execution)

VM Mutex/Monitor currently owned by a thread: None

Heap:
 PSYoungGen      total 76288K, used 50322K [0x000000076ab00000, 0x0000000770000000, 0x00000007c0000000)
  eden space 65536K, 76% used [0x000000076ab00000,0x000000076dc24960,0x000000076eb00000)
  from space 10752K, 0% used [0x000000076f580000,0x000000076f580000,0x0000000770000000)
  to   space 10752K, 0% used [0x000000076eb00000,0x000000076eb00000,0x000000076f580000)
 ParOldGen       total 254976K, used 142528K [0x00000006c0000000, 0x00000006cf900000, 0x000000076ab00000)
  object space 254976K, 55% used [0x00000006c0000000,0x00000006c8b303f8,0x00000006cf900000)
 Metaspace       used 19616K, capacity 20594K, committed 20608K, reserved 1067008K
  class space    used 2683K, capacity 2940K, committed 2944K, reserved 1048576K

Card table byte_map: [0x000000011a93a000,0x000000011b13b000] byte_map_base: 0x000000011733a000

Marking Bits: (ParMarkBitMap*) 0x000000010aec27a0
 Begin Bits: [0x000000011bea9000, 0x000000011fea9000)
 End Bits:   [0x000000011fea9000, 0x0000000123ea9000)

Polling page: 0x00000001095f9000

CodeCache: size=245760Kb used=11916Kb max_used=12252Kb free=233843Kb
 bounds [0x000000010b57a000, 0x000000010c18a000, 0x000000011a57a000]
 total_blobs=4373 nmethods=3694 adapters=590
 compilation: enabled

Compilation events (10 events):
Event: 28.088 Thread 0x00007f9c47828800 3831       3       com.sun.javafx.scene.control.skin.LabeledSkinBase::computeMinLabeledPartWidth (295 bytes)
Event: 28.092 Thread 0x00007f9c47828800 nmethod 3831 0x000000010c173950 code [0x000000010c173f40, 0x000000010c178038]
Event: 28.092 Thread 0x00007f9c47828800 3832       3       javafx.scene.text.Text::getTextOrigin (29 bytes)
Event: 28.093 Thread 0x00007f9c47828800 nmethod 3832 0x000000010c171fd0 code [0x000000010c172160, 0x000000010c1726a8]
Event: 28.279 Thread 0x00007f9c47828800 3833       3       com.sun.javafx.css.PseudoClassState::getIndex (86 bytes)
Event: 28.280 Thread 0x00007f9c47828800 nmethod 3833 0x000000010c16fcd0 code [0x000000010c16ff80, 0x000000010c1715d8]
Event: 28.926 Thread 0x00007f9c47828800 3835       3       jdk.internal.org.objectweb.asm.ClassVisitor::<init> (35 bytes)
Event: 28.926 Thread 0x00007f9c47828800 nmethod 3835 0x000000010b6943d0 code [0x000000010b694560, 0x000000010b694868]
Event: 28.928 Thread 0x00007f9c47828800 3836       3       java.util.concurrent.locks.AbstractQueuedSynchronizer$Node::predecessor (19 bytes)
Event: 28.928 Thread 0x00007f9c47828800 nmethod 3836 0x000000010b7249d0 code [0x000000010b724b40, 0x000000010b724d88]

GC Heap History (6 events):
Event: 7.887 GC heap before
{Heap before GC invocations=1 (full 0):
 PSYoungGen      total 76288K, used 61169K [0x000000076ab00000, 0x0000000770000000, 0x00000007c0000000)
  eden space 65536K, 93% used [0x000000076ab00000,0x000000076e6bc430,0x000000076eb00000)
  from space 10752K, 0% used [0x000000076f580000,0x000000076f580000,0x0000000770000000)
  to   space 10752K, 0% used [0x000000076eb00000,0x000000076eb00000,0x000000076f580000)
 ParOldGen       total 175104K, used 108654K [0x00000006c0000000, 0x00000006cab00000, 0x000000076ab00000)
  object space 175104K, 62% used [0x00000006c0000000,0x00000006c6a1ba18,0x00000006cab00000)
 Metaspace       used 16318K, capacity 17076K, committed 17408K, reserved 1064960K
  class space    used 2255K, capacity 2449K, committed 2560K, reserved 1048576K
Event: 7.897 GC heap after
Heap after GC invocations=1 (full 0):
 PSYoungGen      total 76288K, used 10750K [0x000000076ab00000, 0x0000000770000000, 0x00000007c0000000)
  eden space 65536K, 0% used [0x000000076ab00000,0x000000076ab00000,0x000000076eb00000)
  from space 10752K, 99% used [0x000000076eb00000,0x000000076f57fa80,0x000000076f580000)
  to   space 10752K, 0% used [0x000000076f580000,0x000000076f580000,0x0000000770000000)
 ParOldGen       total 175104K, used 114827K [0x00000006c0000000, 0x00000006cab00000, 0x000000076ab00000)
  object space 175104K, 65% used [0x00000006c0000000,0x00000006c7022d78,0x00000006cab00000)
 Metaspace       used 16318K, capacity 17076K, committed 17408K, reserved 1064960K
  class space    used 2255K, capacity 2449K, committed 2560K, reserved 1048576K
}
Event: 16.577 GC heap before
{Heap before GC invocations=2 (full 0):
 PSYoungGen      total 76288K, used 75705K [0x000000076ab00000, 0x0000000770000000, 0x00000007c0000000)
  eden space 65536K, 99% used [0x000000076ab00000,0x000000076ea6ecc0,0x000000076eb00000)
  from space 10752K, 99% used [0x000000076eb00000,0x000000076f57fa80,0x000000076f580000)
  to   space 10752K, 0% used [0x000000076f580000,0x000000076f580000,0x0000000770000000)
 ParOldGen       total 393216K, used 332136K [0x00000006c0000000, 0x00000006d8000000, 0x000000076ab00000)
  object space 393216K, 84% used [0x00000006c0000000,0x00000006d445a1a8,0x00000006d8000000)
 Metaspace       used 18468K, capacity 19352K, committed 19584K, reserved 1067008K
  class space    used 2564K, capacity 2819K, committed 2944K, reserved 1048576K
Event: 16.595 GC heap after
Heap after GC invocations=2 (full 0):
 PSYoungGen      total 76288K, used 10734K [0x000000076ab00000, 0x0000000770000000, 0x00000007c0000000)
  eden space 65536K, 0% used [0x000000076ab00000,0x000000076ab00000,0x000000076eb00000)
  from space 10752K, 99% used [0x000000076f580000,0x000000076fffba90,0x0000000770000000)
  to   space 10752K, 0% used [0x000000076eb00000,0x000000076eb00000,0x000000076f580000)
 ParOldGen       total 393216K, used 360010K [0x00000006c0000000, 0x00000006d8000000, 0x000000076ab00000)
  object space 393216K, 91% used [0x00000006c0000000,0x00000006d5f92ba8,0x00000006d8000000)
 Metaspace       used 18468K, capacity 19352K, committed 19584K, reserved 1067008K
  class space    used 2564K, capacity 2819K, committed 2944K, reserved 1048576K
}
Event: 16.595 GC heap before
{Heap before GC invocations=3 (full 1):
 PSYoungGen      total 76288K, used 10734K [0x000000076ab00000, 0x0000000770000000, 0x00000007c0000000)
  eden space 65536K, 0% used [0x000000076ab00000,0x000000076ab00000,0x000000076eb00000)
  from space 10752K, 99% used [0x000000076f580000,0x000000076fffba90,0x0000000770000000)
  to   space 10752K, 0% used [0x000000076eb00000,0x000000076eb00000,0x000000076f580000)
 ParOldGen       total 393216K, used 360010K [0x00000006c0000000, 0x00000006d8000000, 0x000000076ab00000)
  object space 393216K, 91% used [0x00000006c0000000,0x00000006d5f92ba8,0x00000006d8000000)
 Metaspace       used 18468K, capacity 19352K, committed 19584K, reserved 1067008K
  class space    used 2564K, capacity 2819K, committed 2944K, reserved 1048576K
Event: 16.647 GC heap after
Heap after GC invocations=3 (full 1):
 PSYoungGen      total 76288K, used 0K [0x000000076ab00000, 0x0000000770000000, 0x00000007c0000000)
  eden space 65536K, 0% used [0x000000076ab00000,0x000000076ab00000,0x000000076eb00000)
  from space 10752K, 0% used [0x000000076f580000,0x000000076f580000,0x0000000770000000)
  to   space 10752K, 0% used [0x000000076eb00000,0x000000076eb00000,0x000000076f580000)
 ParOldGen       total 254976K, used 142528K [0x00000006c0000000, 0x00000006cf900000, 0x000000076ab00000)
  object space 254976K, 55% used [0x00000006c0000000,0x00000006c8b303f8,0x00000006cf900000)
 Metaspace       used 18468K, capacity 19352K, committed 19584K, reserved 1067008K
  class space    used 2564K, capacity 2819K, committed 2944K, reserved 1048576K
}

Deoptimization events (10 events):
Event: 16.767 Thread 0x00007f9c468e9800 Uncommon trap: reason=class_check action=maybe_recompile pc=0x000000010bcebf54 method=javafx.scene.Scene.getRoot()Ljavafx/scene/Parent; @ 18
Event: 16.778 Thread 0x00007f9c468e9800 Uncommon trap: reason=bimorphic action=maybe_recompile pc=0x000000010bc62910 method=com.sun.javafx.css.SimpleSelector.applies(Ljavafx/css/Styleable;)Z @ 95
Event: 16.779 Thread 0x00007f9c468e9800 Uncommon trap: reason=class_check action=maybe_recompile pc=0x000000010ba8350c method=javafx.scene.CssStyleHelper.lookup(Ljavafx/css/Styleable;Ljavafx/css/CssMetaData;Lcom/sun/javafx/css/StyleMap;Ljava/util/Set;Ljavafx/css/Styleable;Lcom/sun/javafx/css/Ca
Event: 16.779 Thread 0x00007f9c468e9800 Uncommon trap: reason=unstable_if action=reinterpret pc=0x000000010ba149fc method=java.lang.ref.ReferenceQueue.poll()Ljava/lang/ref/Reference; @ 4
Event: 16.789 Thread 0x00007f9c468e9800 Uncommon trap: reason=unstable_if action=reinterpret pc=0x000000010bef749c method=javafx.scene.CssStyleHelper.transitionToState(Ljavafx/scene/Node;)V @ 666
Event: 20.911 Thread 0x00007f9c468e9800 Uncommon trap: reason=unstable_if action=reinterpret pc=0x000000010c05da84 method=javafx.scene.Node.impl_pickNode(Lcom/sun/javafx/geom/PickRay;Lcom/sun/javafx/scene/input/PickResultChooser;)V @ 11
Event: 20.921 Thread 0x00007f9c468e9800 Uncommon trap: reason=unstable_if action=reinterpret pc=0x000000010bd55f2c method=com.sun.javafx.css.ParsedValueImpl.containsFontRelativeSize(Ljavafx/css/ParsedValue;Z)Z @ 56
Event: 20.923 Thread 0x00007f9c468e9800 Uncommon trap: reason=unstable_if action=reinterpret pc=0x000000010c0435b4 method=javafx.scene.Node.impl_pickNode(Lcom/sun/javafx/geom/PickRay;Lcom/sun/javafx/scene/input/PickResultChooser;)V @ 11
Event: 27.105 Thread 0x00007f9c468e9800 Uncommon trap: reason=unstable_if action=reinterpret pc=0x000000010b875160 method=java.lang.String.lastIndexOf([CII[CIII)I @ 66
Event: 27.105 Thread 0x00007f9c468e9800 Uncommon trap: reason=unstable_if action=reinterpret pc=0x000000010b877784 method=java.lang.String.lastIndexOf([CII[CIII)I @ 66

Internal exceptions (10 events):
Event: 16.698 Thread 0x00007f9c468e9800 Exception <a 'java/io/FileNotFoundException'> (0x000000076aed9690) thrown at [/Users/java_re/workspace/8-2-build-macosx-x86_64/jdk8u45/3457/hotspot/src/share/vm/prims/jni.cpp, line 709]
Event: 16.703 Thread 0x00007f9c468e9800 Exception <a 'java/io/FileNotFoundException'> (0x000000076af8cda0) thrown at [/Users/java_re/workspace/8-2-build-macosx-x86_64/jdk8u45/3457/hotspot/src/share/vm/prims/jni.cpp, line 709]
Event: 16.708 Thread 0x00007f9c468e9800 Exception <a 'java/io/FileNotFoundException'> (0x000000076afac8c8) thrown at [/Users/java_re/workspace/8-2-build-macosx-x86_64/jdk8u45/3457/hotspot/src/share/vm/prims/jni.cpp, line 709]
Event: 16.712 Thread 0x00007f9c468e9800 Exception <a 'java/io/FileNotFoundException'> (0x000000076afbe820) thrown at [/Users/java_re/workspace/8-2-build-macosx-x86_64/jdk8u45/3457/hotspot/src/share/vm/prims/jni.cpp, line 709]
Event: 16.725 Thread 0x00007f9c468e9800 Exception <a 'java/io/FileNotFoundException'> (0x000000076afd6b50) thrown at [/Users/java_re/workspace/8-2-build-macosx-x86_64/jdk8u45/3457/hotspot/src/share/vm/prims/jni.cpp, line 709]
Event: 16.731 Thread 0x00007f9c468e9800 Exception <a 'java/io/FileNotFoundException'> (0x000000076afeea10) thrown at [/Users/java_re/workspace/8-2-build-macosx-x86_64/jdk8u45/3457/hotspot/src/share/vm/prims/jni.cpp, line 709]
Event: 16.738 Thread 0x00007f9c468e9800 Exception <a 'java/io/FileNotFoundException'> (0x000000076c8a44b0) thrown at [/Users/java_re/workspace/8-2-build-macosx-x86_64/jdk8u45/3457/hotspot/src/share/vm/prims/jni.cpp, line 709]
Event: 16.745 Thread 0x00007f9c468e9800 Exception <a 'java/io/FileNotFoundException'> (0x000000076c8bc190) thrown at [/Users/java_re/workspace/8-2-build-macosx-x86_64/jdk8u45/3457/hotspot/src/share/vm/prims/jni.cpp, line 709]
Event: 27.104 Thread 0x00007f9c468e9800 Exception <a 'java/lang/ArrayIndexOutOfBoundsException'> (0x000000076d9add50) thrown at [/Users/java_re/workspace/8-2-build-macosx-x86_64/jdk8u45/3457/hotspot/src/share/vm/runtime/sharedRuntime.cpp, line 605]
Event: 27.104 Thread 0x00007f9c468e9800 Exception <a 'java/lang/ArrayIndexOutOfBoundsException'> (0x000000076d9b6720) thrown at [/Users/java_re/workspace/8-2-build-macosx-x86_64/jdk8u45/3457/hotspot/src/share/vm/runtime/sharedRuntime.cpp, line 605]

Events (10 events):
Event: 28.929 Thread 0x00007f9c47828800 flushing nmethod 0x000000010b81a510
Event: 28.929 Thread 0x00007f9c47828800 flushing nmethod 0x000000010b81b910
Event: 28.929 Thread 0x00007f9c47828800 flushing nmethod 0x000000010b81bc90
Event: 28.929 Thread 0x00007f9c47828800 flushing nmethod 0x000000010b81c650
Event: 28.929 Thread 0x00007f9c47828800 flushing nmethod 0x000000010b81e090
Event: 28.929 Thread 0x00007f9c47828800 flushing nmethod 0x000000010b81fc50
Event: 28.929 Thread 0x00007f9c47828800 flushing nmethod 0x000000010b8269d0
Event: 28.929 Thread 0x00007f9c47828800 flushing nmethod 0x000000010b827650
Event: 28.929 Thread 0x00007f9c47828800 flushing nmethod 0x000000010b82b150
Event: 28.929 Thread 0x00007f9c47828800 flushing nmethod 0x000000010b82b8d0


Dynamic libraries:
0x000000000701e000 	/System/Library/Frameworks/Cocoa.framework/Versions/A/Cocoa
0x000000000701e000 	/System/Library/Frameworks/Security.framework/Versions/A/Security
0x000000000701e000 	/System/Library/Frameworks/ApplicationServices.framework/Versions/A/ApplicationServices
0x000000000701e000 	/usr/lib/libz.1.dylib
0x000000000701e000 	/usr/lib/libSystem.B.dylib
0x000000000701e000 	/usr/lib/libobjc.A.dylib
0x000000000701e000 	/System/Library/Frameworks/CoreFoundation.framework/Versions/A/CoreFoundation
0x000000000701e000 	/System/Library/Frameworks/Foundation.framework/Versions/C/Foundation
0x000000000701e000 	/System/Library/Frameworks/AppKit.framework/Versions/C/AppKit
0x000000000701e000 	/System/Library/Frameworks/CoreData.framework/Versions/A/CoreData
0x000000000701e000 	/System/Library/PrivateFrameworks/RemoteViewServices.framework/Versions/A/RemoteViewServices
0x000000000701e000 	/System/Library/PrivateFrameworks/UIFoundation.framework/Versions/A/UIFoundation
0x000000000701e000 	/System/Library/Frameworks/IOSurface.framework/Versions/A/IOSurface
0x000000000701e000 	/System/Library/Frameworks/AudioToolbox.framework/Versions/A/AudioToolbox
0x000000000701e000 	/System/Library/Frameworks/AudioUnit.framework/Versions/A/AudioUnit
0x000000000701e000 	/System/Library/PrivateFrameworks/DataDetectorsCore.framework/Versions/A/DataDetectorsCore
0x000000000701e000 	/System/Library/PrivateFrameworks/DesktopServicesPriv.framework/Versions/A/DesktopServicesPriv
0x000000000701e000 	/System/Library/Frameworks/Carbon.framework/Versions/A/Frameworks/HIToolbox.framework/Versions/A/HIToolbox
0x000000000701e000 	/System/Library/Frameworks/QuartzCore.framework/Versions/A/QuartzCore
0x000000000701e000 	/System/Library/Frameworks/Carbon.framework/Versions/A/Frameworks/SpeechRecognition.framework/Versions/A/SpeechRecognition
0x000000000701e000 	/usr/lib/libauto.dylib
0x000000000701e000 	/usr/lib/libicucore.A.dylib
0x000000000701e000 	/usr/lib/libxml2.2.dylib
0x000000000701e000 	/System/Library/PrivateFrameworks/CoreUI.framework/Versions/A/CoreUI
0x000000000701e000 	/System/Library/Frameworks/CoreAudio.framework/Versions/A/CoreAudio
0x000000000701e000 	/System/Library/Frameworks/DiskArbitration.framework/Versions/A/DiskArbitration
0x000000000701e000 	/usr/lib/liblangid.dylib
0x000000000701e000 	/System/Library/PrivateFrameworks/MultitouchSupport.framework/Versions/A/MultitouchSupport
0x000000000701e000 	/System/Library/Frameworks/IOKit.framework/Versions/A/IOKit
0x000000000701e000 	/usr/lib/libDiagnosticMessagesClient.dylib
0x000000000701e000 	/System/Library/Frameworks/CoreServices.framework/Versions/A/CoreServices
0x000000000701e000 	/System/Library/PrivateFrameworks/PerformanceAnalysis.framework/Versions/A/PerformanceAnalysis
0x000000000701e000 	/System/Library/PrivateFrameworks/GenerationalStorage.framework/Versions/A/GenerationalStorage
0x000000000701e000 	/System/Library/Frameworks/OpenGL.framework/Versions/A/OpenGL
0x000000000701e000 	/System/Library/PrivateFrameworks/Sharing.framework/Versions/A/Sharing
0x000000000701e000 	/System/Library/Frameworks/CoreGraphics.framework/Versions/A/CoreGraphics
0x000000000701e000 	/System/Library/Frameworks/CoreText.framework/Versions/A/CoreText
0x000000000701e000 	/System/Library/Frameworks/ImageIO.framework/Versions/A/ImageIO
0x000000000701e000 	/usr/lib/libextension.dylib
0x000000000701e000 	/System/Library/PrivateFrameworks/Backup.framework/Versions/A/Backup
0x000000000701e000 	/usr/lib/libarchive.2.dylib
0x000000000701e000 	/System/Library/Frameworks/CFNetwork.framework/Versions/A/CFNetwork
0x000000000701e000 	/System/Library/Frameworks/SystemConfiguration.framework/Versions/A/SystemConfiguration
0x000000000701e000 	/usr/lib/libCRFSuite.dylib
0x000000000701e000 	/usr/lib/libc++.1.dylib
0x000000000701e000 	/usr/lib/libc++abi.dylib
0x000000000701e000 	/usr/lib/system/libcache.dylib
0x000000000701e000 	/usr/lib/system/libcommonCrypto.dylib
0x000000000701e000 	/usr/lib/system/libcompiler_rt.dylib
0x000000000701e000 	/usr/lib/system/libcopyfile.dylib
0x000000000701e000 	/usr/lib/system/libcorecrypto.dylib
0x000000000701e000 	/usr/lib/system/libdispatch.dylib
0x000000000701e000 	/usr/lib/system/libdyld.dylib
0x000000000701e000 	/usr/lib/system/libkeymgr.dylib
0x000000000701e000 	/usr/lib/system/liblaunch.dylib
0x000000000701e000 	/usr/lib/system/libmacho.dylib
0x000000000701e000 	/usr/lib/system/libquarantine.dylib
0x000000000701e000 	/usr/lib/system/libremovefile.dylib
0x000000000701e000 	/usr/lib/system/libsystem_asl.dylib
0x000000000701e000 	/usr/lib/system/libsystem_blocks.dylib
0x000000000701e000 	/usr/lib/system/libsystem_c.dylib
0x000000000701e000 	/usr/lib/system/libsystem_configuration.dylib
0x000000000701e000 	/usr/lib/system/libsystem_coreservices.dylib
0x000000000701e000 	/usr/lib/system/libsystem_coretls.dylib
0x000000000701e000 	/usr/lib/system/libsystem_dnssd.dylib
0x000000000701e000 	/usr/lib/system/libsystem_info.dylib
0x000000000701e000 	/usr/lib/system/libsystem_kernel.dylib
0x000000000701e000 	/usr/lib/system/libsystem_m.dylib
0x000000000701e000 	/usr/lib/system/libsystem_malloc.dylib
0x000000000701e000 	/usr/lib/system/libsystem_network.dylib
0x000000000701e000 	/usr/lib/system/libsystem_networkextension.dylib
0x000000000701e000 	/usr/lib/system/libsystem_notify.dylib
0x000000000701e000 	/usr/lib/system/libsystem_platform.dylib
0x000000000701e000 	/usr/lib/system/libsystem_pthread.dylib
0x000000000701e000 	/usr/lib/system/libsystem_sandbox.dylib
0x000000000701e000 	/usr/lib/system/libsystem_secinit.dylib
0x000000000701e000 	/usr/lib/system/libsystem_stats.dylib
0x000000000701e000 	/usr/lib/system/libsystem_trace.dylib
0x000000000701e000 	/usr/lib/system/libunc.dylib
0x000000000701e000 	/usr/lib/system/libunwind.dylib
0x000000000701e000 	/usr/lib/system/libxpc.dylib
0x000000000701e000 	/usr/lib/libbz2.1.0.dylib
0x000000000701e000 	/usr/lib/liblzma.5.dylib
0x000000000701e000 	/usr/lib/libbsm.0.dylib
0x000000000701e000 	/usr/lib/libsqlite3.dylib
0x000000000701e000 	/usr/lib/system/libkxld.dylib
0x000000000701e000 	/usr/lib/libxar.1.dylib
0x000000000701e000 	/usr/lib/libpam.2.dylib
0x000000000701e000 	/usr/lib/libOpenScriptingUtil.dylib
0x000000000701e000 	/System/Library/Frameworks/CoreServices.framework/Versions/A/Frameworks/FSEvents.framework/Versions/A/FSEvents
0x000000000701e000 	/System/Library/Frameworks/CoreServices.framework/Versions/A/Frameworks/CarbonCore.framework/Versions/A/CarbonCore
0x000000000701e000 	/System/Library/Frameworks/CoreServices.framework/Versions/A/Frameworks/Metadata.framework/Versions/A/Metadata
0x000000000701e000 	/System/Library/Frameworks/CoreServices.framework/Versions/A/Frameworks/OSServices.framework/Versions/A/OSServices
0x000000000701e000 	/System/Library/Frameworks/CoreServices.framework/Versions/A/Frameworks/SearchKit.framework/Versions/A/SearchKit
0x000000000701e000 	/System/Library/Frameworks/CoreServices.framework/Versions/A/Frameworks/AE.framework/Versions/A/AE
0x000000000701e000 	/System/Library/Frameworks/CoreServices.framework/Versions/A/Frameworks/LaunchServices.framework/Versions/A/LaunchServices
0x000000000701e000 	/System/Library/Frameworks/CoreServices.framework/Versions/A/Frameworks/DictionaryServices.framework/Versions/A/DictionaryServices
0x000000000701e000 	/System/Library/Frameworks/NetFS.framework/Versions/A/NetFS
0x000000000701e000 	/System/Library/PrivateFrameworks/NetAuth.framework/Versions/A/NetAuth
0x000000000701e000 	/System/Library/PrivateFrameworks/login.framework/Versions/A/Frameworks/loginsupport.framework/Versions/A/loginsupport
0x000000000701e000 	/System/Library/PrivateFrameworks/TCC.framework/Versions/A/TCC
0x000000000701e000 	/usr/lib/libmecabra.dylib
0x000000000701e000 	/System/Library/Frameworks/ApplicationServices.framework/Versions/A/Frameworks/ATS.framework/Versions/A/ATS
0x000000000701e000 	/System/Library/Frameworks/ApplicationServices.framework/Versions/A/Frameworks/ColorSync.framework/Versions/A/ColorSync
0x000000000701e000 	/System/Library/Frameworks/ApplicationServices.framework/Versions/A/Frameworks/HIServices.framework/Versions/A/HIServices
0x000000000701e000 	/System/Library/Frameworks/ApplicationServices.framework/Versions/A/Frameworks/LangAnalysis.framework/Versions/A/LangAnalysis
0x000000000701e000 	/System/Library/Frameworks/ApplicationServices.framework/Versions/A/Frameworks/PrintCore.framework/Versions/A/PrintCore
0x000000000701e000 	/System/Library/Frameworks/ApplicationServices.framework/Versions/A/Frameworks/QD.framework/Versions/A/QD
0x000000000701e000 	/System/Library/Frameworks/ApplicationServices.framework/Versions/A/Frameworks/SpeechSynthesis.framework/Versions/A/SpeechSynthesis
0x000000000701e000 	/System/Library/Frameworks/Accelerate.framework/Versions/A/Accelerate
0x000000000701e000 	/System/Library/Frameworks/Accelerate.framework/Versions/A/Frameworks/vImage.framework/Versions/A/vImage
0x000000000701e000 	/System/Library/Frameworks/Accelerate.framework/Versions/A/Frameworks/vecLib.framework/Versions/A/vecLib
0x000000000701e000 	/System/Library/Frameworks/Accelerate.framework/Versions/A/Frameworks/vecLib.framework/Versions/A/libvDSP.dylib
0x000000000701e000 	/System/Library/Frameworks/Accelerate.framework/Versions/A/Frameworks/vecLib.framework/Versions/A/libvMisc.dylib
0x000000000701e000 	/System/Library/Frameworks/Accelerate.framework/Versions/A/Frameworks/vecLib.framework/Versions/A/libLAPACK.dylib
0x000000000701e000 	/System/Library/Frameworks/Accelerate.framework/Versions/A/Frameworks/vecLib.framework/Versions/A/libBLAS.dylib
0x000000000701e000 	/System/Library/Frameworks/Accelerate.framework/Versions/A/Frameworks/vecLib.framework/Versions/A/libLinearAlgebra.dylib
0x000000000701e000 	/System/Library/Frameworks/ApplicationServices.framework/Versions/A/Frameworks/ATS.framework/Versions/A/Resources/libFontParser.dylib
0x000000000701e000 	/System/Library/Frameworks/ApplicationServices.framework/Versions/A/Frameworks/ATS.framework/Versions/A/Resources/libFontRegistry.dylib
0x000000000701e000 	/System/Library/PrivateFrameworks/AppleVPA.framework/Versions/A/AppleVPA
0x000000000701e000 	/System/Library/PrivateFrameworks/AppleJPEG.framework/Versions/A/AppleJPEG
0x000000000701e000 	/System/Library/Frameworks/ImageIO.framework/Versions/A/Resources/libJPEG.dylib
0x000000000701e000 	/System/Library/Frameworks/ImageIO.framework/Versions/A/Resources/libTIFF.dylib
0x000000000701e000 	/System/Library/Frameworks/ImageIO.framework/Versions/A/Resources/libPng.dylib
0x000000000701e000 	/System/Library/Frameworks/ImageIO.framework/Versions/A/Resources/libGIF.dylib
0x000000000701e000 	/System/Library/Frameworks/ImageIO.framework/Versions/A/Resources/libJP2.dylib
0x000000000701e000 	/System/Library/Frameworks/ImageIO.framework/Versions/A/Resources/libRadiance.dylib
0x000000000701e000 	/System/Library/Frameworks/CoreVideo.framework/Versions/A/CoreVideo
0x000000000701e000 	/System/Library/Frameworks/OpenGL.framework/Versions/A/Libraries/libGLU.dylib
0x000000000701e000 	/System/Library/Frameworks/OpenGL.framework/Versions/A/Libraries/libGFXShared.dylib
0x000000000701e000 	/System/Library/Frameworks/OpenGL.framework/Versions/A/Libraries/libGL.dylib
0x000000000701e000 	/System/Library/Frameworks/OpenGL.framework/Versions/A/Libraries/libGLImage.dylib
0x000000000701e000 	/System/Library/Frameworks/OpenGL.framework/Versions/A/Libraries/libCVMSPluginSupport.dylib
0x000000000701e000 	/System/Library/Frameworks/OpenGL.framework/Versions/A/Libraries/libCoreVMClient.dylib
0x000000000701e000 	/usr/lib/libcups.2.dylib
0x000000000701e000 	/System/Library/Frameworks/Kerberos.framework/Versions/A/Kerberos
0x000000000701e000 	/System/Library/Frameworks/GSS.framework/Versions/A/GSS
0x000000000701e000 	/usr/lib/libresolv.9.dylib
0x000000000701e000 	/usr/lib/libiconv.2.dylib
0x000000000701e000 	/System/Library/PrivateFrameworks/Heimdal.framework/Versions/A/Heimdal
0x000000000701e000 	/usr/lib/libheimdal-asn1.dylib
0x000000000701e000 	/System/Library/Frameworks/OpenDirectory.framework/Versions/A/OpenDirectory
0x000000000701e000 	/System/Library/PrivateFrameworks/CommonAuth.framework/Versions/A/CommonAuth
0x000000000701e000 	/System/Library/Frameworks/OpenDirectory.framework/Versions/A/Frameworks/CFOpenDirectory.framework/Versions/A/CFOpenDirectory
0x000000000701e000 	/System/Library/Frameworks/SecurityFoundation.framework/Versions/A/SecurityFoundation
0x000000000701e000 	/System/Library/PrivateFrameworks/LanguageModeling.framework/Versions/A/LanguageModeling
0x000000000701e000 	/usr/lib/libcmph.dylib
0x000000000701e000 	/System/Library/Frameworks/ServiceManagement.framework/Versions/A/ServiceManagement
0x000000000701e000 	/usr/lib/libxslt.1.dylib
0x000000000701e000 	/System/Library/Frameworks/Carbon.framework/Versions/A/Frameworks/Ink.framework/Versions/A/Ink
0x000000000701e000 	/System/Library/Frameworks/QuartzCore.framework/Versions/A/Frameworks/CoreImage.framework/Versions/A/CoreImage
0x000000000701e000 	/System/Library/PrivateFrameworks/CrashReporterSupport.framework/Versions/A/CrashReporterSupport
0x000000000701e000 	/System/Library/Frameworks/OpenCL.framework/Versions/A/OpenCL
0x000000000701e000 	/System/Library/PrivateFrameworks/FaceCore.framework/Versions/A/FaceCore
0x000000000701e000 	/System/Library/PrivateFrameworks/Ubiquity.framework/Versions/A/Ubiquity
0x000000000701e000 	/System/Library/PrivateFrameworks/IconServices.framework/Versions/A/IconServices
0x000000000701e000 	/System/Library/PrivateFrameworks/ChunkingLibrary.framework/Versions/A/ChunkingLibrary
0x000000000701e000 	/System/Library/PrivateFrameworks/Apple80211.framework/Versions/A/Apple80211
0x000000000701e000 	/System/Library/Frameworks/CoreWLAN.framework/Versions/A/CoreWLAN
0x000000000701e000 	/System/Library/Frameworks/IOBluetooth.framework/Versions/A/IOBluetooth
0x000000000701e000 	/System/Library/PrivateFrameworks/CoreWiFi.framework/Versions/A/CoreWiFi
0x000000000701e000 	/System/Library/Frameworks/CoreBluetooth.framework/Versions/A/CoreBluetooth
0x000000000701e000 	/System/Library/PrivateFrameworks/DebugSymbols.framework/Versions/A/DebugSymbols
0x000000000701e000 	/System/Library/PrivateFrameworks/CoreSymbolication.framework/Versions/A/CoreSymbolication
0x000000000701e000 	/System/Library/PrivateFrameworks/Symbolication.framework/Versions/A/Symbolication
0x000000000701e000 	/System/Library/PrivateFrameworks/SpeechRecognitionCore.framework/Versions/A/SpeechRecognitionCore
0x000000010a600000 	/Library/Java/JavaVirtualMachines/jdk1.8.0_45.jdk/Contents/Home/jre/lib/server/libjvm.dylib
0x000000000701e000 	/usr/lib/libstdc++.6.dylib
0x00000001095b6000 	/Library/Java/JavaVirtualMachines/jdk1.8.0_45.jdk/Contents/Home/jre/lib/libverify.dylib
0x00000001095c4000 	/Library/Java/JavaVirtualMachines/jdk1.8.0_45.jdk/Contents/Home/jre/lib/libjava.dylib
0x000000010b571000 	/Library/Java/JavaVirtualMachines/jdk1.8.0_45.jdk/Contents/Home/jre/lib/libzip.dylib
0x0000000127150000 	/System/Library/Frameworks/JavaVM.framework/Frameworks/JavaRuntimeSupport.framework/JavaRuntimeSupport
0x0000000127166000 	/System/Library/Frameworks/JavaVM.framework/Versions/A/Frameworks/JavaNativeFoundation.framework/Versions/A/JavaNativeFoundation
0x000000012717a000 	/System/Library/Frameworks/JavaVM.framework/Versions/A/JavaVM
0x000000000701e000 	/System/Library/Frameworks/Carbon.framework/Versions/A/Carbon
0x0000000127186000 	/System/Library/PrivateFrameworks/JavaLaunching.framework/Versions/A/JavaLaunching
0x000000000701e000 	/System/Library/Frameworks/Carbon.framework/Versions/A/Frameworks/CommonPanels.framework/Versions/A/CommonPanels
0x000000000701e000 	/System/Library/Frameworks/Carbon.framework/Versions/A/Frameworks/Help.framework/Versions/A/Help
0x000000000701e000 	/System/Library/Frameworks/Carbon.framework/Versions/A/Frameworks/ImageCapture.framework/Versions/A/ImageCapture
0x000000000701e000 	/System/Library/Frameworks/Carbon.framework/Versions/A/Frameworks/OpenScripting.framework/Versions/A/OpenScripting
0x000000000701e000 	/System/Library/Frameworks/Carbon.framework/Versions/A/Frameworks/Print.framework/Versions/A/Print
0x000000000701e000 	/System/Library/Frameworks/Carbon.framework/Versions/A/Frameworks/SecurityHI.framework/Versions/A/SecurityHI
0x00000001292a1000 	/Applications/IntelliJ IDEA 14 CE.app/Contents/bin/libbreakgen64.jnilib
0x00000001293a7000 	/Library/Java/JavaVirtualMachines/jdk1.8.0_45.jdk/Contents/Home/jre/lib/libnet.dylib
0x00000001296a2000 	/Library/Java/JavaVirtualMachines/jdk1.8.0_45.jdk/Contents/Home/jre/lib/libprism_es2.dylib
0x000000000701e000 	/System/Library/Frameworks/OpenGL.framework/Versions/A/Resources/GLEngine.bundle/GLEngine
0x000000000701e000 	/System/Library/Frameworks/OpenGL.framework/Versions/A/Libraries/libGLProgrammability.dylib
0x0000000129724000 	/System/Library/Extensions/AppleIntelHD4000GraphicsGLDriver.bundle/Contents/MacOS/AppleIntelHD4000GraphicsGLDriver
0x000000000701e000 	/System/Library/PrivateFrameworks/IOAccelerator.framework/Versions/A/IOAccelerator
0x000000000701e000 	/System/Library/PrivateFrameworks/GPUSupport.framework/Versions/A/Libraries/libGPUSupportMercury.dylib
0x0000000000000000 	/System/Library/Extensions/GeForceGLDriver.bundle/Contents/MacOS/GeForceGLDriver
0x000000000701e000 	/System/Library/Extensions/GeForceGLDriver.bundle/Contents/MacOS/libclh.dylib
0x000000000701e000 	/System/Library/Frameworks/OpenGL.framework/Versions/A/Resources/GLRendererFloat.bundle/GLRendererFloat
0x000000000701e000 	/System/Library/Frameworks/OpenCL.framework/Versions/A/Libraries/libcldcpuengine.dylib
0x000000000701e000 	/System/Library/PrivateFrameworks/DiskImages.framework/Versions/A/DiskImages
0x000000000701e000 	/System/Library/Frameworks/DiscRecording.framework/Versions/A/DiscRecording
0x000000000701e000 	/usr/lib/libcsfde.dylib
0x000000000701e000 	/usr/lib/libcurl.4.dylib
0x000000000701e000 	/System/Library/PrivateFrameworks/MediaKit.framework/Versions/A/MediaKit
0x000000000701e000 	/System/Library/PrivateFrameworks/ProtectedCloudStorage.framework/Versions/A/ProtectedCloudStorage
0x000000000701e000 	/usr/lib/libCoreStorage.dylib
0x000000000701e000 	/System/Library/PrivateFrameworks/EFILogin.framework/Versions/A/EFILogin
0x000000000701e000 	/usr/lib/libutil.dylib
0x000000000701e000 	/System/Library/PrivateFrameworks/FindMyDevice.framework/Versions/A/FindMyDevice
0x000000000701e000 	/System/Library/Frameworks/LDAP.framework/Versions/A/LDAP
0x000000000701e000 	/usr/lib/libsasl2.2.dylib
0x000000000701e000 	/System/Library/PrivateFrameworks/CoreDaemon.framework/Versions/B/CoreDaemon
0x000000000701e000 	/usr/lib/libcrypto.0.9.8.dylib
0x000000000701e000 	/System/Library/PrivateFrameworks/AppleSRP.framework/Versions/A/AppleSRP
0x000000000701e000 	/System/Library/PrivateFrameworks/TrustEvaluationAgent.framework/Versions/A/TrustEvaluationAgent
0x000000012a3f1000 	/Library/Java/JavaVirtualMachines/jdk1.8.0_45.jdk/Contents/Home/jre/lib/libglass.dylib
0x000000000701e000 	/System/Library/PrivateFrameworks/CoreServicesInternal.framework/Versions/A/CoreServicesInternal
0x000000000701e000 	/System/Library/PrivateFrameworks/CloudDocs.framework/Versions/A/CloudDocs
0x000000000701e000 	/System/Library/PrivateFrameworks/CoreDuet.framework/Versions/A/CoreDuet
0x000000000701e000 	/System/Library/Frameworks/CloudKit.framework/Versions/A/CloudKit
0x000000000701e000 	/System/Library/PrivateFrameworks/ProtocolBuffer.framework/Versions/A/ProtocolBuffer
0x000000000701e000 	/System/Library/PrivateFrameworks/CoreDuetDaemonProtocol.framework/Versions/A/CoreDuetDaemonProtocol
0x000000000701e000 	/System/Library/PrivateFrameworks/CoreDuetDebugLogging.framework/Versions/A/CoreDuetDebugLogging
0x000000000701e000 	/System/Library/PrivateFrameworks/MMCS.framework/Versions/A/MMCS
0x000000000701e000 	/System/Library/Frameworks/CoreLocation.framework/Versions/A/CoreLocation
0x000000000701e000 	/System/Library/PrivateFrameworks/GeoServices.framework/Versions/A/GeoServices
0x000000000701e000 	/System/Library/Frameworks/CoreGraphics.framework/Versions/A/Resources/libCGCMS.A.dylib
0x000000000701e000 	/System/Library/CoreServices/RawCamera.bundle/Contents/MacOS/RawCamera
0x000000000701e000 	/System/Library/Frameworks/CoreGraphics.framework/Versions/A/Resources/libRIP.A.dylib
0x000000000701e000 	/System/Library/PrivateFrameworks/FamilyControls.framework/Versions/A/FamilyControls
0x000000000701e000 	/System/Library/PrivateFrameworks/CommerceKit.framework/Versions/A/Frameworks/CommerceCore.framework/Versions/A/CommerceCore
0x000000000701e000 	/System/Library/PrivateFrameworks/SystemAdministration.framework/Versions/A/SystemAdministration
0x000000000701e000 	/System/Library/PrivateFrameworks/AppContainer.framework/Versions/A/AppContainer
0x000000000701e000 	/System/Library/PrivateFrameworks/SecCodeWrapper.framework/Versions/A/SecCodeWrapper
0x000000000701e000 	/System/Library/Frameworks/DirectoryService.framework/Versions/A/DirectoryService
0x000000000701e000 	/System/Library/PrivateFrameworks/LoginUIKit.framework/Versions/A/Frameworks/LoginUICore.framework/Versions/A/LoginUICore
0x000000000701e000 	/usr/lib/libodfde.dylib
0x000000012eaae000 	/Library/Java/JavaVirtualMachines/jdk1.8.0_45.jdk/Contents/Home/jre/lib/libjavafx_iio.dylib
0x000000012ed5a000 	/Library/Java/JavaVirtualMachines/jdk1.8.0_45.jdk/Contents/Home/jre/lib/libjavafx_font.dylib
0x000000000701e000 	/System/Library/Frameworks/CoreGraphics.framework/Versions/A/Resources/libCGXType.A.dylib
0x0000000131c2b000 	cl_kernels
0x00000001325a7000 	/System/Library/Frameworks/OpenCL.framework/Versions/A/Libraries/ImageFormats/unorm8_bgra.dylib
0x0000000131c31000 	cl_kernels
0x0000000134620000 	/Library/Java/JavaVirtualMachines/jdk1.8.0_45.jdk/Contents/Home/jre/lib/libprism_common.dylib

VM Arguments:
jvm_args: -Didea.launcher.port=7543 -Didea.launcher.bin.path=/Applications/IntelliJ IDEA 14 CE.app/Contents/bin -Dfile.encoding=UTF-8 
java_command: com.intellij.rt.execution.application.AppMain sample.Main
java_class_path (initial): /Library/Java/JavaVirtualMachines/jdk1.8.0_45.jdk/Contents/Home/lib/ant-javafx.jar:/Library/Java/JavaVirtualMachines/jdk1.8.0_45.jdk/Contents/Home/lib/dt.jar:/Library/Java/JavaVirtualMachines/jdk1.8.0_45.jdk/Contents/Home/lib/javafx-mx.jar:/Library/Java/JavaVirtualMachines/jdk1.8.0_45.jdk/Contents/Home/lib/jconsole.jar:/Library/Java/JavaVirtualMachines/jdk1.8.0_45.jdk/Contents/Home/lib/packager.jar:/Library/Java/JavaVirtualMachines/jdk1.8.0_45.jdk/Contents/Home/lib/sa-jdi.jar:/Library/Java/JavaVirtualMachines/jdk1.8.0_45.jdk/Contents/Home/lib/tools.jar:/Library/Java/JavaVirtualMachines/jdk1.8.0_45.jdk/Contents/Home/jre/lib/charsets.jar:/Library/Java/JavaVirtualMachines/jdk1.8.0_45.jdk/Contents/Home/jre/lib/deploy.jar:/Library/Java/JavaVirtualMachines/jdk1.8.0_45.jdk/Contents/Home/jre/lib/javaws.jar:/Library/Java/JavaVirtualMachines/jdk1.8.0_45.jdk/Contents/Home/jre/lib/jce.jar:/Library/Java/JavaVirtualMachines/jdk1.8.0_45.jdk/Contents/Home/jre/lib/jfr.jar:/Library/Java/JavaVirtualMachines/jdk1.8.0_45.jdk/Contents/Home/jre/lib/jfxswt.jar:/Library/Java/JavaVirtualMachines/jdk1.8.0_45.jdk/Contents/Home/jre/lib/jsse.jar:/Library/Java/JavaVirtualMachines/jdk1.8.0_45.jdk/Contents/Home/jre/lib/management-agent.jar:/Library/Java/JavaVirtualMachines/jdk1.8.0_45.jdk/Contents/Home/jre/lib/plugin.jar:/Library/Java/JavaVirtualMachines/jdk1.8.0_45.jdk/Contents/Home/jre/lib/resources.jar:/Library/Java/JavaVirtualMachines/jdk1.8.0_45.jdk/Contents/Home/jre/lib/rt.jar:/Library/Java/JavaVirtualMachines/jdk1.8.0_45.jdk/Contents/Home/jre/lib/ext/cldrdata.jar:/Library/Java/JavaVirtualMachines/jdk1.8.0_45.jdk/Contents/Home/jre/lib/ext/dnsns.jar:/Library/Java/JavaVirtualMachines/jdk1.8.0_45.jdk/Contents/Home/jre/lib/ext/jfxrt.jar:/Library/Java/JavaVirtualMachines/jdk1.8.0_45.jdk/Contents/Home/jre/lib/ext/localedata.jar:/Library/Java/JavaVirtualMachines/jdk1.8.0_45.jdk/Contents/Home/jre/lib/ext/nashorn.jar:/Library/Java/JavaVirtualMachines/jdk1.8.0_45.jdk/Conten
Launcher Type: SUN_STANDARD

Environment Variables:
CLASSPATH=.:/Users/MacbookRetina/Desktop/OneDrive/Georgia Tech Classes/Fall 2015/cs 1332/hw1/junit-4.12.jar:/Users/MacbookRetina/Desktop/OneDrive/Georgia Tech Classes/Fall 2015/cs 1332/hw1/hamcrest-core-1.3.jar
PATH=/Library/Frameworks/Python.framework/Versions/2.7/bin:/usr/local/bin:/usr/bin:/bin:/usr/sbin:/sbin
SHELL=/bin/bash

Signal Handlers:
SIGSEGV: [libjvm.dylib+0x58ef95], sa_mask[0]=11111111011111110111111111111111, sa_flags=SA_ONSTACK|SA_RESTART|SA_SIGINFO
SIGBUS: [libjvm.dylib+0x58ef95], sa_mask[0]=11111111011111110111111111111111, sa_flags=SA_RESTART|SA_SIGINFO
SIGFPE: [libjvm.dylib+0x46c108], sa_mask[0]=11111111011111110111111111111111, sa_flags=SA_RESTART|SA_SIGINFO
SIGPIPE: [libjvm.dylib+0x46c108], sa_mask[0]=11111111011111110111111111111111, sa_flags=SA_RESTART|SA_SIGINFO
SIGXFSZ: [libjvm.dylib+0x46c108], sa_mask[0]=11111111011111110111111111111111, sa_flags=SA_RESTART|SA_SIGINFO
SIGILL: [libjvm.dylib+0x46c108], sa_mask[0]=11111111011111110111111111111111, sa_flags=SA_RESTART|SA_SIGINFO
SIGUSR1: SIG_DFL, sa_mask[0]=00000000000000000000000000000000, sa_flags=none
SIGUSR2: [libjvm.dylib+0x46bc26], sa_mask[0]=00100000000000000000000000000000, sa_flags=SA_RESTART|SA_SIGINFO
SIGHUP: [libjvm.dylib+0x46a1f9], sa_mask[0]=11111111011111110111111111111111, sa_flags=SA_RESTART|SA_SIGINFO
SIGINT: [libjvm.dylib+0x46a1f9], sa_mask[0]=11111111011111110111111111111111, sa_flags=SA_RESTART|SA_SIGINFO
SIGTERM: [libjvm.dylib+0x46a1f9], sa_mask[0]=11111111011111110111111111111111, sa_flags=SA_RESTART|SA_SIGINFO
SIGQUIT: [libjvm.dylib+0x46a1f9], sa_mask[0]=11111111011111110111111111111111, sa_flags=SA_RESTART|SA_SIGINFO


---------------  S Y S T E M  ---------------

OS:Bsduname:Darwin 14.5.0 Darwin Kernel Version 14.5.0: Wed Jul 29 02:26:53 PDT 2015; root:xnu-2782.40.9~1/RELEASE_X86_64 x86_64
rlimit: STACK 8192k, CORE 0k, NPROC 709, NOFILE 10240, AS infinity
load average:3.10 3.20 3.04

CPU:total 8 (4 cores per cpu, 2 threads per core) family 6 model 58 stepping 9, cmov, cx8, fxsr, mmx, sse, sse2, sse3, ssse3, sse4.1, sse4.2, popcnt, avx, aes, clmul, erms, ht, tsc, tscinvbit, tscinv

Memory: 4k page, physical 16777216k(4055520k free)

/proc/meminfo:


vm_info: Java HotSpot(TM) 64-Bit Server VM (25.45-b02) for bsd-amd64 JRE (1.8.0_45-b14), built on Apr 10 2015 10:46:38 by "java_re" with gcc 4.2.1 (Based on Apple Inc. build 5658) (LLVM build 2336.11.00)

time: Tue Nov  3 22:42:50 2015
elapsed time: 43 seconds (0d 0h 0m 43s)

