#
# A fatal error has been detected by the Java Runtime Environment:
#
#  SIGSEGV (0xb) at pc=0x0000000126bb758d, pid=5295, tid=1811
#
# JRE version: Java(TM) SE Runtime Environment (8.0_45-b14) (build 1.8.0_45-b14)
# Java VM: Java HotSpot(TM) 64-Bit Server VM (25.45-b02 mixed mode bsd-amd64 compressed oops)
# Problematic frame:
# C  [libglass.dylib+0x1558d]  GlassScreenDidChangeScreenParameters+0x9d
#
# Failed to write core dump. Core dumps have been disabled. To enable core dumping, try "ulimit -c unlimited" before starting Java again
#
# If you would like to submit a bug report, please visit:
#   http://bugreport.java.com/bugreport/crash.jsp
#

---------------  T H R E A D  ---------------

Current thread is native thread

siginfo: si_signo: 11 (SIGSEGV), si_code: 1 (SEGV_MAPERR), si_addr: 0x0000000000000000

Registers:
RAX=0x0000000126be9bc0, RBX=0x0000000000000000, RCX=0xe10010a345a1c824, RDX=0x00007fc99278ff10
RSP=0x00007fff5a0b7680, RBP=0x00007fff5a0b7690, RSI=0x00007fc994a025b8, RDI=0x0000000000000000
R8 =0x00007fff5a0b7530, R9 =0x00007fff78977300, R10=0x0000000000000000, R11=0x0000000000000246
R12=0x00007fc992407400, R13=0x00000000000f426a, R14=0x00007fc994865090, R15=0x00007fff5a0b77d0
RIP=0x0000000126bb758d, EFLAGS=0x0000000000010202, ERR=0x0000000000000004
  TRAPNO=0x000000000000000e

Top of Stack: (sp=0x00007fff5a0b7680)
0x00007fff5a0b7680:   00007fff5a0b7860 00007fc994865090
0x00007fff5a0b7690:   00007fff5a0b76a0 00007fff916e145c
0x00007fff5a0b76a0:   00007fff5a0b7a00 00007fff915d1634
0x00007fff5a0b76b0:   00007fff5a0b7700 0000000000000000
0x00007fff5a0b76c0:   00007fff78a18ed0 00007fc9989619d0
0x00007fff5a0b76d0:   0000000000001000 0000000000000bb8
0x00007fff5a0b76e0:   00007fc9989619d0 00007fc994865090
0x00007fff5a0b76f0:   0000000000000000 00007fff5a0b77d0
0x00007fff5a0b7700:   0000000000000000 00007fc994865000
0x00007fff5a0b7710:   00007fff5a0b7850 000000000000007d
0x00007fff5a0b7720:   00000000000f49ae 00007fc9949e22c0
0x00007fff5a0b7730:   00007fc9948463c0 00007fc992407400
0x00007fff5a0b7740:   0000000000000001 00000000000f426a
0x00007fff5a0b7750:   00007fc9924073f0 00007fff8a51eb90
0x00007fff5a0b7760:   0000000000000001 0000000000000001
0x00007fff5a0b7770:   0000000000000030 0000000000000001
0x00007fff5a0b7780:   00007fff5a0b77a0 00007fff8a51f546
0x00007fff5a0b7790:   00007fff78a16fb0 0000000000000000
0x00007fff5a0b77a0:   00007fff5a0b77c0 0000000000000018
0x00007fff5a0b77b0:   0053d70300000002 00007fc992407424
0x00007fff5a0b77c0:   0000000000000000 00007fff915c710f
0x00007fff5a0b77d0:   00007fc994865090 00007fff78a16fb0
0x00007fff5a0b77e0:   00007fff5a0b7860 00007fff915cfc3f
0x00007fff5a0b77f0:   00007fff5a0b7864 00000000005f2401
0x00007fff5a0b7800:   0000000105b63a00 0000000000000002
0x00007fff5a0b7810:   0000000105b60000 00007fc99494bc02
0x00007fff5a0b7820:   0000000000000003 0000000105b63a00
0x00007fff5a0b7830:   00007fff5a0b7920 00007fff8a51bb36
0x00007fff5a0b7840:   00007fc994845fd0 00007fff5a0b7a08
0x00007fff5a0b7850:   0000000000000017 0000000000000000
0x00007fff5a0b7860:   00000000000f426a 00007fff915c7403
0x00007fff5a0b7870:   00007fff00000000 00007fc992525650 

Instructions: (pc=0x0000000126bb758d)
0x0000000126bb756d:   89 df 4c 89 f1 41 ff 90 68 04 00 00 48 8d 05 48
0x0000000126bb757d:   25 03 00 48 8b 30 48 8d 05 36 26 03 00 48 8b 10
0x0000000126bb758d:   48 8b 0b 30 c0 48 89 df ff 91 68 04 00 00 48 8b
0x0000000126bb759d:   03 48 89 df ff 50 78 48 85 c0 74 36 49 89 c6 48 

Register to memory mapping:

RAX=0x0000000126be9bc0: jScreenNotifySettingsChanged+0 in /Library/Java/JavaVirtualMachines/jdk1.8.0_45.jdk/Contents/Home/jre/lib/libglass.dylib at 0x0000000126ba2000
RBX=0x0000000000000000 is an unknown value
RCX=0xe10010a345a1c824 is an unknown value
RDX=0x00007fc99278ff10 is an unknown value
RSP=0x00007fff5a0b7680 is an unknown value
RBP=0x00007fff5a0b7690 is an unknown value
RSI=0x00007fc994a025b8 is a global jni handle
RDI=0x0000000000000000 is an unknown value
R8 =0x00007fff5a0b7530 is an unknown value
R9 =0x00007fff78977300: _thread+0 in /usr/lib/system/libsystem_pthread.dylib at 0x00007fff91306000
R10=0x0000000000000000 is an unknown value
R11=0x0000000000000246 is an unknown value
R12=0x00007fc992407400 is an unknown value
R13=0x00000000000f426a is an unknown value
R14=0x00007fc994865090 is an unknown value
R15=0x00007fff5a0b77d0 is an unknown value


Stack: [0x00007fff598bb000,0x00007fff5a0bb000],  sp=0x00007fff5a0b7680,  free space=8177k
Native frames: (J=compiled Java code, j=interpreted, Vv=VM code, C=native code)
C  [libglass.dylib+0x1558d]  GlassScreenDidChangeScreenParameters+0x9d
C  [CoreFoundation+0x12045c]  __CFNOTIFICATIONCENTER_IS_CALLING_OUT_TO_AN_OBSERVER__+0xc
C  [CoreFoundation+0x10634]  _CFXNotificationPost+0xc44
C  [Foundation+0x7aa1]  -[NSNotificationCenter postNotificationName:object:userInfo:]+0x42
C  [AppKit+0x40de7e]  -[NSApplication _reactToScreenInvalidationImmediately:]+0x17b
C  [AppKit+0x40dcc7]  __44-[NSApplication _reactToScreenInvalidation:]_block_invoke+0x4b
C  [CoreFoundation+0x808ec]  __CFRUNLOOP_IS_CALLING_OUT_TO_A_BLOCK__+0xc
C  [CoreFoundation+0x729f5]  __CFRunLoopDoBlocks+0x155
C  [CoreFoundation+0x72536]  __CFRunLoopRun+0x716
C  [CoreFoundation+0x71bd8]  CFRunLoopRunSpecific+0x128
C  [java+0x6490]  CreateExecutionEnvironment+0x367
C  [java+0x221c]  JLI_Launch+0x7a0
C  [java+0x84ed]  main+0x65
C  [java+0x1a74]  start+0x34


---------------  P R O C E S S  ---------------

VM state:not at safepoint (normal execution)

VM Mutex/Monitor currently owned by a thread: None

Heap:
 PSYoungGen      total 84992K, used 81430K [0x000000076ab00000, 0x0000000775880000, 0x00000007c0000000)
  eden space 58880K, 94% used [0x000000076ab00000,0x000000076e130938,0x000000076e480000)
  from space 26112K, 99% used [0x000000076e580000,0x000000076fed4ef8,0x000000076ff00000)
  to   space 59392K, 0% used [0x0000000771e80000,0x0000000771e80000,0x0000000775880000)
 ParOldGen       total 216576K, used 125391K [0x00000006c0000000, 0x00000006cd380000, 0x000000076ab00000)
  object space 216576K, 57% used [0x00000006c0000000,0x00000006c7a73ef8,0x00000006cd380000)
 Metaspace       used 20525K, capacity 21522K, committed 21632K, reserved 1069056K
  class space    used 2695K, capacity 2930K, committed 2944K, reserved 1048576K

Card table byte_map: [0x00000001170f8000,0x00000001178f9000] byte_map_base: 0x0000000113af8000

Marking Bits: (ParMarkBitMap*) 0x00000001065067a0
 Begin Bits: [0x0000000118667000, 0x000000011c667000)
 End Bits:   [0x000000011c667000, 0x0000000120667000)

Polling page: 0x0000000106bd2000

CodeCache: size=245760Kb used=16030Kb max_used=16058Kb free=229729Kb
 bounds [0x0000000107d38000, 0x0000000108d08000, 0x0000000116d38000]
 total_blobs=5321 nmethods=4647 adapters=585
 compilation: enabled

Compilation events (10 events):
Event: 345.806 Thread 0x00007fc995018000 5419       4       java.util.concurrent.CopyOnWriteArrayList::isEmpty (13 bytes)
Event: 345.806 Thread 0x00007fc995805000 5417       3       java.lang.invoke.MethodHandleNatives::linkCallSite (65 bytes)
Event: 345.806 Thread 0x00007fc995805000 nmethod 5417 0x0000000108cf7b10 code [0x0000000108cf7cc0, 0x0000000108cf82a8]
Event: 345.806 Thread 0x00007fc995018000 nmethod 5419 0x0000000108ceb650 code [0x0000000108ceb7a0, 0x0000000108ceb818]
Event: 345.806 Thread 0x00007fc995805000 5418       3       java.lang.invoke.MethodHandleNatives::linkCallSiteImpl (44 bytes)
Event: 345.807 Thread 0x00007fc995805000 nmethod 5418 0x0000000108021990 code [0x0000000108021b60, 0x00000001080222b8]
Event: 345.814 Thread 0x00007fc995805000 5422       3       jdk.internal.org.objectweb.asm.ClassWriter::visit (121 bytes)
Event: 345.814 Thread 0x00007fc995805000 nmethod 5422 0x0000000108cfa410 code [0x0000000108cfa600, 0x0000000108cfacd8]
Event: 345.815 Thread 0x00007fc995805000 5421       3       jdk.internal.org.objectweb.asm.ClassVisitor::<init> (35 bytes)
Event: 345.815 Thread 0x00007fc995805000 nmethod 5421 0x000000010817bf90 code [0x000000010817c120, 0x000000010817c428]

GC Heap History (10 events):
Event: 53.790 GC heap before
{Heap before GC invocations=7 (full 2):
 PSYoungGen      total 76288K, used 65536K [0x000000076ab00000, 0x0000000770000000, 0x00000007c0000000)
  eden space 65536K, 100% used [0x000000076ab00000,0x000000076eb00000,0x000000076eb00000)
  from space 10752K, 0% used [0x000000076f580000,0x000000076f580000,0x0000000770000000)
  to   space 10752K, 0% used [0x000000076eb00000,0x000000076eb00000,0x000000076f580000)
 ParOldGen       total 216576K, used 87909K [0x00000006c0000000, 0x00000006cd380000, 0x000000076ab00000)
  object space 216576K, 40% used [0x00000006c0000000,0x00000006c55d95c8,0x00000006cd380000)
 Metaspace       used 19261K, capacity 20216K, committed 20352K, reserved 1067008K
  class space    used 2587K, capacity 2841K, committed 2944K, reserved 1048576K
Event: 53.798 GC heap after
Heap after GC invocations=7 (full 2):
 PSYoungGen      total 74752K, used 10107K [0x000000076ab00000, 0x0000000776380000, 0x00000007c0000000)
  eden space 64000K, 0% used [0x000000076ab00000,0x000000076ab00000,0x000000076e980000)
  from space 10752K, 94% used [0x000000076eb00000,0x000000076f4def50,0x000000076f580000)
  to   space 62464K, 0% used [0x0000000772680000,0x0000000772680000,0x0000000776380000)
 ParOldGen       total 216576K, used 125359K [0x00000006c0000000, 0x00000006cd380000, 0x000000076ab00000)
  object space 216576K, 57% used [0x00000006c0000000,0x00000006c7a6bef8,0x00000006cd380000)
 Metaspace       used 19261K, capacity 20216K, committed 20352K, reserved 1067008K
  class space    used 2587K, capacity 2841K, committed 2944K, reserved 1048576K
}
Event: 227.406 GC heap before
{Heap before GC invocations=8 (full 2):
 PSYoungGen      total 74752K, used 74107K [0x000000076ab00000, 0x0000000776380000, 0x00000007c0000000)
  eden space 64000K, 100% used [0x000000076ab00000,0x000000076e980000,0x000000076e980000)
  from space 10752K, 94% used [0x000000076eb00000,0x000000076f4def50,0x000000076f580000)
  to   space 62464K, 0% used [0x0000000772680000,0x0000000772680000,0x0000000776380000)
 ParOldGen       total 216576K, used 125359K [0x00000006c0000000, 0x00000006cd380000, 0x000000076ab00000)
  object space 216576K, 57% used [0x00000006c0000000,0x00000006c7a6bef8,0x00000006cd380000)
 Metaspace       used 19505K, capacity 20496K, committed 20608K, reserved 1067008K
  class space    used 2592K, capacity 2845K, committed 2944K, reserved 1048576K
Event: 227.429 GC heap after
Heap after GC invocations=8 (full 2):
 PSYoungGen      total 124928K, used 41253K [0x000000076ab00000, 0x0000000776400000, 0x00000007c0000000)
  eden space 62464K, 0% used [0x000000076ab00000,0x000000076ab00000,0x000000076e800000)
  from space 62464K, 66% used [0x0000000772680000,0x0000000774ec97e0,0x0000000776380000)
  to   space 63488K, 0% used [0x000000076e800000,0x000000076e800000,0x0000000772600000)
 ParOldGen       total 216576K, used 125367K [0x00000006c0000000, 0x00000006cd380000, 0x000000076ab00000)
  object space 216576K, 57% used [0x00000006c0000000,0x00000006c7a6def8,0x00000006cd380000)
 Metaspace       used 19505K, capacity 20496K, committed 20608K, reserved 1067008K
  class space    used 2592K, capacity 2845K, committed 2944K, reserved 1048576K
}
Event: 250.637 GC heap before
{Heap before GC invocations=9 (full 2):
 PSYoungGen      total 124928K, used 98120K [0x000000076ab00000, 0x0000000776400000, 0x00000007c0000000)
  eden space 62464K, 91% used [0x000000076ab00000,0x000000076e288858,0x000000076e800000)
  from space 62464K, 66% used [0x0000000772680000,0x0000000774ec97e0,0x0000000776380000)
  to   space 63488K, 0% used [0x000000076e800000,0x000000076e800000,0x0000000772600000)
 ParOldGen       total 216576K, used 125367K [0x00000006c0000000, 0x00000006cd380000, 0x000000076ab00000)
  object space 216576K, 57% used [0x00000006c0000000,0x00000006c7a6def8,0x00000006cd380000)
 Metaspace       used 19608K, capacity 20654K, committed 20864K, reserved 1067008K
  class space    used 2597K, capacity 2850K, committed 2944K, reserved 1048576K
Event: 250.645 GC heap after
Heap after GC invocations=9 (full 2):
 PSYoungGen      total 91648K, used 30034K [0x000000076ab00000, 0x0000000775c00000, 0x00000007c0000000)
  eden space 61440K, 0% used [0x000000076ab00000,0x000000076ab00000,0x000000076e700000)
  from space 30208K, 99% used [0x000000076e800000,0x0000000770554830,0x0000000770580000)
  to   space 59904K, 0% used [0x0000000772180000,0x0000000772180000,0x0000000775c00000)
 ParOldGen       total 216576K, used 125375K [0x00000006c0000000, 0x00000006cd380000, 0x000000076ab00000)
  object space 216576K, 57% used [0x00000006c0000000,0x00000006c7a6fef8,0x00000006cd380000)
 Metaspace       used 19608K, capacity 20654K, committed 20864K, reserved 1067008K
  class space    used 2597K, capacity 2850K, committed 2944K, reserved 1048576K
}
Event: 266.830 GC heap before
{Heap before GC invocations=10 (full 2):
 PSYoungGen      total 91648K, used 91474K [0x000000076ab00000, 0x0000000775c00000, 0x00000007c0000000)
  eden space 61440K, 100% used [0x000000076ab00000,0x000000076e700000,0x000000076e700000)
  from space 30208K, 99% used [0x000000076e800000,0x0000000770554830,0x0000000770580000)
  to   space 59904K, 0% used [0x0000000772180000,0x0000000772180000,0x0000000775c00000)
 ParOldGen       total 216576K, used 125375K [0x00000006c0000000, 0x00000006cd380000, 0x000000076ab00000)
  object space 216576K, 57% used [0x00000006c0000000,0x00000006c7a6fef8,0x00000006cd380000)
 Metaspace       used 19689K, capacity 20722K, committed 20864K, reserved 1067008K
  class space    used 2597K, capacity 2850K, committed 2944K, reserved 1048576K
Event: 266.840 GC heap after
Heap after GC invocations=10 (full 2):
 PSYoungGen      total 119808K, used 42851K [0x000000076ab00000, 0x0000000775e00000, 0x00000007c0000000)
  eden space 59904K, 0% used [0x000000076ab00000,0x000000076ab00000,0x000000076e580000)
  from space 59904K, 71% used [0x0000000772180000,0x0000000774b58c20,0x0000000775c00000)
  to   space 61440K, 0% used [0x000000076e580000,0x000000076e580000,0x0000000772180000)
 ParOldGen       total 216576K, used 125383K [0x00000006c0000000, 0x00000006cd380000, 0x000000076ab00000)
  object space 216576K, 57% used [0x00000006c0000000,0x00000006c7a71ef8,0x00000006cd380000)
 Metaspace       used 19689K, capacity 20722K, committed 20864K, reserved 1067008K
  class space    used 2597K, capacity 2850K, committed 2944K, reserved 1048576K
}
Event: 328.291 GC heap before
{Heap before GC invocations=11 (full 2):
 PSYoungGen      total 119808K, used 96732K [0x000000076ab00000, 0x0000000775e00000, 0x00000007c0000000)
  eden space 59904K, 89% used [0x000000076ab00000,0x000000076df9e6a8,0x000000076e580000)
  from space 59904K, 71% used [0x0000000772180000,0x0000000774b58c20,0x0000000775c00000)
  to   space 61440K, 0% used [0x000000076e580000,0x000000076e580000,0x0000000772180000)
 ParOldGen       total 216576K, used 125383K [0x00000006c0000000, 0x00000006cd380000, 0x000000076ab00000)
  object space 216576K, 57% used [0x00000006c0000000,0x00000006c7a71ef8,0x00000006cd380000)
 Metaspace       used 19797K, capacity 20848K, committed 21120K, reserved 1067008K
  class space    used 2602K, capacity 2859K, committed 2944K, reserved 1048576K
Event: 328.296 GC heap after
Heap after GC invocations=11 (full 2):
 PSYoungGen      total 84992K, used 25939K [0x000000076ab00000, 0x0000000775880000, 0x00000007c0000000)
  eden space 58880K, 0% used [0x000000076ab00000,0x000000076ab00000,0x000000076e480000)
  from space 26112K, 99% used [0x000000076e580000,0x000000076fed4ef8,0x000000076ff00000)
  to   space 59392K, 0% used [0x0000000771e80000,0x0000000771e80000,0x0000000775880000)
 ParOldGen       total 216576K, used 125391K [0x00000006c0000000, 0x00000006cd380000, 0x000000076ab00000)
  object space 216576K, 57% used [0x00000006c0000000,0x00000006c7a73ef8,0x00000006cd380000)
 Metaspace       used 19797K, capacity 20848K, committed 21120K, reserved 1067008K
  class space    used 2602K, capacity 2859K, committed 2944K, reserved 1048576K
}

Deoptimization events (10 events):
Event: 343.586 Thread 0x00007fc9950ac000 Uncommon trap: reason=class_check action=maybe_recompile pc=0x0000000108cdb074 method=java.util.zip.InflaterInputStream.read([BII)I @ 100
Event: 343.618 Thread 0x00007fc9950ac000 Uncommon trap: reason=class_check action=maybe_recompile pc=0x0000000108a17454 method=java.util.regex.Pattern$CharProperty.match(Ljava/util/regex/Matcher;ILjava/lang/CharSequence;)Z @ 37
Event: 343.619 Thread 0x00007fc9950ac000 Uncommon trap: reason=class_check action=maybe_recompile pc=0x0000000108a17454 method=java.util.regex.Pattern$CharProperty.match(Ljava/util/regex/Matcher;ILjava/lang/CharSequence;)Z @ 37
Event: 343.619 Thread 0x00007fc9950ac000 Uncommon trap: reason=class_check action=maybe_recompile pc=0x0000000108a17454 method=java.util.regex.Pattern$CharProperty.match(Ljava/util/regex/Matcher;ILjava/lang/CharSequence;)Z @ 37
Event: 343.619 Thread 0x00007fc9950ac000 Uncommon trap: reason=class_check action=maybe_recompile pc=0x0000000108a17454 method=java.util.regex.Pattern$CharProperty.match(Ljava/util/regex/Matcher;ILjava/lang/CharSequence;)Z @ 37
Event: 343.628 Thread 0x00007fc9950ac000 Uncommon trap: reason=unstable_if action=reinterpret pc=0x000000010805eb20 method=java.lang.String.lastIndexOf([CII[CIII)I @ 66
Event: 343.628 Thread 0x00007fc9950ac000 Uncommon trap: reason=unstable_if action=reinterpret pc=0x0000000108061804 method=java.lang.String.lastIndexOf([CII[CIII)I @ 66
Event: 345.814 Thread 0x00007fc9950ac000 Uncommon trap: reason=unstable_if action=reinterpret pc=0x00000001081e6ef0 method=java.util.concurrent.locks.ReentrantLock$NonfairSync.lock()V @ 6
Event: 345.814 Thread 0x00007fc9950ac000 Uncommon trap: reason=unstable_if action=reinterpret pc=0x000000010802a8b8 method=java.util.concurrent.locks.ReentrantLock$Sync.nonfairTryAcquire(I)Z @ 10
Event: 345.814 Thread 0x00007fc9950ac000 Uncommon trap: reason=unstable_if action=reinterpret pc=0x0000000107f9a764 method=java.util.concurrent.locks.ReentrantLock$Sync.tryRelease(I)Z @ 28

Internal exceptions (10 events):
Event: 329.978 Thread 0x00007fc9950ac000 Exception <a 'java/io/FileNotFoundException'> (0x000000076c1af548) thrown at [/Users/java_re/workspace/8-2-build-macosx-x86_64/jdk8u45/3457/hotspot/src/share/vm/prims/jni.cpp, line 709]
Event: 329.992 Thread 0x00007fc9950ac000 Exception <a 'java/io/FileNotFoundException'> (0x000000076c1b85d0) thrown at [/Users/java_re/workspace/8-2-build-macosx-x86_64/jdk8u45/3457/hotspot/src/share/vm/prims/jni.cpp, line 709]
Event: 329.993 Thread 0x00007fc9950ac000 Exception <a 'java/io/FileNotFoundException'> (0x000000076c1c5ad0) thrown at [/Users/java_re/workspace/8-2-build-macosx-x86_64/jdk8u45/3457/hotspot/src/share/vm/prims/jni.cpp, line 709]
Event: 329.994 Thread 0x00007fc9950ac000 Exception <a 'java/io/FileNotFoundException'> (0x000000076c1d3fe8) thrown at [/Users/java_re/workspace/8-2-build-macosx-x86_64/jdk8u45/3457/hotspot/src/share/vm/prims/jni.cpp, line 709]
Event: 329.996 Thread 0x00007fc9950ac000 Exception <a 'java/io/FileNotFoundException'> (0x000000076c4a68a8) thrown at [/Users/java_re/workspace/8-2-build-macosx-x86_64/jdk8u45/3457/hotspot/src/share/vm/prims/jni.cpp, line 709]
Event: 336.035 Thread 0x00007fc9950ac000 Exception <a 'java/io/FileNotFoundException'> (0x000000076ca01a78) thrown at [/Users/java_re/workspace/8-2-build-macosx-x86_64/jdk8u45/3457/hotspot/src/share/vm/prims/jni.cpp, line 709]
Event: 336.095 Thread 0x00007fc9950ac000 Exception <a 'java/io/FileNotFoundException'> (0x000000076ca12380) thrown at [/Users/java_re/workspace/8-2-build-macosx-x86_64/jdk8u45/3457/hotspot/src/share/vm/prims/jni.cpp, line 709]
Event: 336.101 Thread 0x00007fc9950ac000 Exception <a 'java/io/FileNotFoundException'> (0x000000076ca26698) thrown at [/Users/java_re/workspace/8-2-build-macosx-x86_64/jdk8u45/3457/hotspot/src/share/vm/prims/jni.cpp, line 709]
Event: 336.107 Thread 0x00007fc9950ac000 Exception <a 'java/io/FileNotFoundException'> (0x000000076ca34b70) thrown at [/Users/java_re/workspace/8-2-build-macosx-x86_64/jdk8u45/3457/hotspot/src/share/vm/prims/jni.cpp, line 709]
Event: 336.621 Thread 0x00007fc9950ac000 Exception <a 'java/io/FileNotFoundException'> (0x000000076d9c4d78) thrown at [/Users/java_re/workspace/8-2-build-macosx-x86_64/jdk8u45/3457/hotspot/src/share/vm/prims/jni.cpp, line 709]

Events (10 events):
Event: 345.814 loading class com/sun/javafx/tk/quantum/QuantumToolkit done
Event: 345.814 Thread 0x00007fc995818000 Thread exited: 0x00007fc995818000
Event: 345.814 Thread 0x00007fc995805000 flushing nmethod 0x0000000108147d90
Event: 345.814 Thread 0x00007fc994035800 Thread exited: 0x00007fc994035800
Event: 345.814 Thread 0x00007fc993008000 Thread exited: 0x00007fc993008000
Event: 345.815 Thread 0x00007fc995805000 flushing nmethod 0x000000010817bf90
Event: 345.815 Thread 0x00007fc99b5a7000 Thread added: 0x00007fc99b5a7000
Event: 345.815 Thread 0x00007fc9950ac000 Thread exited: 0x00007fc9950ac000
Event: 345.815 Thread 0x00007fc995805000 flushing nmethod 0x00000001081a2e50
Event: 345.815 Thread 0x00007fc995805000 flushing nmethod 0x0000000108213bd0


Dynamic libraries:
0x000000000701e000 	/System/Library/Frameworks/Cocoa.framework/Versions/A/Cocoa
0x000000000701e000 	/System/Library/Frameworks/Security.framework/Versions/A/Security
0x000000000701e000 	/System/Library/Frameworks/ApplicationServices.framework/Versions/A/ApplicationServices
0x000000000701e000 	/usr/lib/libz.1.dylib
0x000000000701e000 	/usr/lib/libSystem.B.dylib
0x000000000701e000 	/usr/lib/libobjc.A.dylib
0x000000000701e000 	/System/Library/Frameworks/CoreFoundation.framework/Versions/A/CoreFoundation
0x000000000701e000 	/System/Library/Frameworks/Foundation.framework/Versions/C/Foundation
0x000000000701e000 	/System/Library/Frameworks/AppKit.framework/Versions/C/AppKit
0x000000000701e000 	/System/Library/Frameworks/CoreData.framework/Versions/A/CoreData
0x000000000701e000 	/System/Library/PrivateFrameworks/RemoteViewServices.framework/Versions/A/RemoteViewServices
0x000000000701e000 	/System/Library/PrivateFrameworks/UIFoundation.framework/Versions/A/UIFoundation
0x000000000701e000 	/System/Library/Frameworks/IOSurface.framework/Versions/A/IOSurface
0x000000000701e000 	/System/Library/Frameworks/AudioToolbox.framework/Versions/A/AudioToolbox
0x000000000701e000 	/System/Library/Frameworks/AudioUnit.framework/Versions/A/AudioUnit
0x000000000701e000 	/System/Library/PrivateFrameworks/DataDetectorsCore.framework/Versions/A/DataDetectorsCore
0x000000000701e000 	/System/Library/PrivateFrameworks/DesktopServicesPriv.framework/Versions/A/DesktopServicesPriv
0x000000000701e000 	/System/Library/Frameworks/Carbon.framework/Versions/A/Frameworks/HIToolbox.framework/Versions/A/HIToolbox
0x000000000701e000 	/System/Library/Frameworks/QuartzCore.framework/Versions/A/QuartzCore
0x000000000701e000 	/System/Library/Frameworks/Carbon.framework/Versions/A/Frameworks/SpeechRecognition.framework/Versions/A/SpeechRecognition
0x000000000701e000 	/usr/lib/libauto.dylib
0x000000000701e000 	/usr/lib/libicucore.A.dylib
0x000000000701e000 	/usr/lib/libxml2.2.dylib
0x000000000701e000 	/System/Library/PrivateFrameworks/CoreUI.framework/Versions/A/CoreUI
0x000000000701e000 	/System/Library/Frameworks/CoreAudio.framework/Versions/A/CoreAudio
0x000000000701e000 	/System/Library/Frameworks/DiskArbitration.framework/Versions/A/DiskArbitration
0x000000000701e000 	/usr/lib/liblangid.dylib
0x000000000701e000 	/System/Library/PrivateFrameworks/MultitouchSupport.framework/Versions/A/MultitouchSupport
0x000000000701e000 	/System/Library/Frameworks/IOKit.framework/Versions/A/IOKit
0x000000000701e000 	/usr/lib/libDiagnosticMessagesClient.dylib
0x000000000701e000 	/System/Library/Frameworks/CoreServices.framework/Versions/A/CoreServices
0x000000000701e000 	/System/Library/PrivateFrameworks/PerformanceAnalysis.framework/Versions/A/PerformanceAnalysis
0x000000000701e000 	/System/Library/PrivateFrameworks/GenerationalStorage.framework/Versions/A/GenerationalStorage
0x000000000701e000 	/System/Library/Frameworks/OpenGL.framework/Versions/A/OpenGL
0x000000000701e000 	/System/Library/PrivateFrameworks/Sharing.framework/Versions/A/Sharing
0x000000000701e000 	/System/Library/Frameworks/CoreGraphics.framework/Versions/A/CoreGraphics
0x000000000701e000 	/System/Library/Frameworks/CoreText.framework/Versions/A/CoreText
0x000000000701e000 	/System/Library/Frameworks/ImageIO.framework/Versions/A/ImageIO
0x000000000701e000 	/usr/lib/libextension.dylib
0x000000000701e000 	/System/Library/PrivateFrameworks/Backup.framework/Versions/A/Backup
0x000000000701e000 	/usr/lib/libarchive.2.dylib
0x000000000701e000 	/System/Library/Frameworks/CFNetwork.framework/Versions/A/CFNetwork
0x000000000701e000 	/System/Library/Frameworks/SystemConfiguration.framework/Versions/A/SystemConfiguration
0x000000000701e000 	/usr/lib/libCRFSuite.dylib
0x000000000701e000 	/usr/lib/libc++.1.dylib
0x000000000701e000 	/usr/lib/libc++abi.dylib
0x000000000701e000 	/usr/lib/system/libcache.dylib
0x000000000701e000 	/usr/lib/system/libcommonCrypto.dylib
0x000000000701e000 	/usr/lib/system/libcompiler_rt.dylib
0x000000000701e000 	/usr/lib/system/libcopyfile.dylib
0x000000000701e000 	/usr/lib/system/libcorecrypto.dylib
0x000000000701e000 	/usr/lib/system/libdispatch.dylib
0x000000000701e000 	/usr/lib/system/libdyld.dylib
0x000000000701e000 	/usr/lib/system/libkeymgr.dylib
0x000000000701e000 	/usr/lib/system/liblaunch.dylib
0x000000000701e000 	/usr/lib/system/libmacho.dylib
0x000000000701e000 	/usr/lib/system/libquarantine.dylib
0x000000000701e000 	/usr/lib/system/libremovefile.dylib
0x000000000701e000 	/usr/lib/system/libsystem_asl.dylib
0x000000000701e000 	/usr/lib/system/libsystem_blocks.dylib
0x000000000701e000 	/usr/lib/system/libsystem_c.dylib
0x000000000701e000 	/usr/lib/system/libsystem_configuration.dylib
0x000000000701e000 	/usr/lib/system/libsystem_coreservices.dylib
0x000000000701e000 	/usr/lib/system/libsystem_coretls.dylib
0x000000000701e000 	/usr/lib/system/libsystem_dnssd.dylib
0x000000000701e000 	/usr/lib/system/libsystem_info.dylib
0x000000000701e000 	/usr/lib/system/libsystem_kernel.dylib
0x000000000701e000 	/usr/lib/system/libsystem_m.dylib
0x000000000701e000 	/usr/lib/system/libsystem_malloc.dylib
0x000000000701e000 	/usr/lib/system/libsystem_network.dylib
0x000000000701e000 	/usr/lib/system/libsystem_networkextension.dylib
0x000000000701e000 	/usr/lib/system/libsystem_notify.dylib
0x000000000701e000 	/usr/lib/system/libsystem_platform.dylib
0x000000000701e000 	/usr/lib/system/libsystem_pthread.dylib
0x000000000701e000 	/usr/lib/system/libsystem_sandbox.dylib
0x000000000701e000 	/usr/lib/system/libsystem_secinit.dylib
0x000000000701e000 	/usr/lib/system/libsystem_stats.dylib
0x000000000701e000 	/usr/lib/system/libsystem_trace.dylib
0x000000000701e000 	/usr/lib/system/libunc.dylib
0x000000000701e000 	/usr/lib/system/libunwind.dylib
0x000000000701e000 	/usr/lib/system/libxpc.dylib
0x000000000701e000 	/usr/lib/libbz2.1.0.dylib
0x000000000701e000 	/usr/lib/liblzma.5.dylib
0x000000000701e000 	/usr/lib/libbsm.0.dylib
0x000000000701e000 	/usr/lib/libsqlite3.dylib
0x000000000701e000 	/usr/lib/system/libkxld.dylib
0x000000000701e000 	/usr/lib/libxar.1.dylib
0x000000000701e000 	/usr/lib/libpam.2.dylib
0x000000000701e000 	/usr/lib/libOpenScriptingUtil.dylib
0x000000000701e000 	/System/Library/Frameworks/CoreServices.framework/Versions/A/Frameworks/FSEvents.framework/Versions/A/FSEvents
0x000000000701e000 	/System/Library/Frameworks/CoreServices.framework/Versions/A/Frameworks/CarbonCore.framework/Versions/A/CarbonCore
0x000000000701e000 	/System/Library/Frameworks/CoreServices.framework/Versions/A/Frameworks/Metadata.framework/Versions/A/Metadata
0x000000000701e000 	/System/Library/Frameworks/CoreServices.framework/Versions/A/Frameworks/OSServices.framework/Versions/A/OSServices
0x000000000701e000 	/System/Library/Frameworks/CoreServices.framework/Versions/A/Frameworks/SearchKit.framework/Versions/A/SearchKit
0x000000000701e000 	/System/Library/Frameworks/CoreServices.framework/Versions/A/Frameworks/AE.framework/Versions/A/AE
0x000000000701e000 	/System/Library/Frameworks/CoreServices.framework/Versions/A/Frameworks/LaunchServices.framework/Versions/A/LaunchServices
0x000000000701e000 	/System/Library/Frameworks/CoreServices.framework/Versions/A/Frameworks/DictionaryServices.framework/Versions/A/DictionaryServices
0x000000000701e000 	/System/Library/Frameworks/NetFS.framework/Versions/A/NetFS
0x000000000701e000 	/System/Library/PrivateFrameworks/NetAuth.framework/Versions/A/NetAuth
0x000000000701e000 	/System/Library/PrivateFrameworks/login.framework/Versions/A/Frameworks/loginsupport.framework/Versions/A/loginsupport
0x000000000701e000 	/System/Library/PrivateFrameworks/TCC.framework/Versions/A/TCC
0x000000000701e000 	/usr/lib/libmecabra.dylib
0x000000000701e000 	/System/Library/Frameworks/ApplicationServices.framework/Versions/A/Frameworks/ATS.framework/Versions/A/ATS
0x000000000701e000 	/System/Library/Frameworks/ApplicationServices.framework/Versions/A/Frameworks/ColorSync.framework/Versions/A/ColorSync
0x000000000701e000 	/System/Library/Frameworks/ApplicationServices.framework/Versions/A/Frameworks/HIServices.framework/Versions/A/HIServices
0x000000000701e000 	/System/Library/Frameworks/ApplicationServices.framework/Versions/A/Frameworks/LangAnalysis.framework/Versions/A/LangAnalysis
0x000000000701e000 	/System/Library/Frameworks/ApplicationServices.framework/Versions/A/Frameworks/PrintCore.framework/Versions/A/PrintCore
0x000000000701e000 	/System/Library/Frameworks/ApplicationServices.framework/Versions/A/Frameworks/QD.framework/Versions/A/QD
0x000000000701e000 	/System/Library/Frameworks/ApplicationServices.framework/Versions/A/Frameworks/SpeechSynthesis.framework/Versions/A/SpeechSynthesis
0x000000000701e000 	/System/Library/Frameworks/Accelerate.framework/Versions/A/Accelerate
0x000000000701e000 	/System/Library/Frameworks/Accelerate.framework/Versions/A/Frameworks/vImage.framework/Versions/A/vImage
0x000000000701e000 	/System/Library/Frameworks/Accelerate.framework/Versions/A/Frameworks/vecLib.framework/Versions/A/vecLib
0x000000000701e000 	/System/Library/Frameworks/Accelerate.framework/Versions/A/Frameworks/vecLib.framework/Versions/A/libvDSP.dylib
0x000000000701e000 	/System/Library/Frameworks/Accelerate.framework/Versions/A/Frameworks/vecLib.framework/Versions/A/libvMisc.dylib
0x000000000701e000 	/System/Library/Frameworks/Accelerate.framework/Versions/A/Frameworks/vecLib.framework/Versions/A/libLAPACK.dylib
0x000000000701e000 	/System/Library/Frameworks/Accelerate.framework/Versions/A/Frameworks/vecLib.framework/Versions/A/libBLAS.dylib
0x000000000701e000 	/System/Library/Frameworks/Accelerate.framework/Versions/A/Frameworks/vecLib.framework/Versions/A/libLinearAlgebra.dylib
0x000000000701e000 	/System/Library/Frameworks/ApplicationServices.framework/Versions/A/Frameworks/ATS.framework/Versions/A/Resources/libFontParser.dylib
0x000000000701e000 	/System/Library/Frameworks/ApplicationServices.framework/Versions/A/Frameworks/ATS.framework/Versions/A/Resources/libFontRegistry.dylib
0x000000000701e000 	/System/Library/PrivateFrameworks/AppleVPA.framework/Versions/A/AppleVPA
0x000000000701e000 	/System/Library/PrivateFrameworks/AppleJPEG.framework/Versions/A/AppleJPEG
0x000000000701e000 	/System/Library/Frameworks/ImageIO.framework/Versions/A/Resources/libJPEG.dylib
0x000000000701e000 	/System/Library/Frameworks/ImageIO.framework/Versions/A/Resources/libTIFF.dylib
0x000000000701e000 	/System/Library/Frameworks/ImageIO.framework/Versions/A/Resources/libPng.dylib
0x000000000701e000 	/System/Library/Frameworks/ImageIO.framework/Versions/A/Resources/libGIF.dylib
0x000000000701e000 	/System/Library/Frameworks/ImageIO.framework/Versions/A/Resources/libJP2.dylib
0x000000000701e000 	/System/Library/Frameworks/ImageIO.framework/Versions/A/Resources/libRadiance.dylib
0x000000000701e000 	/System/Library/Frameworks/CoreVideo.framework/Versions/A/CoreVideo
0x000000000701e000 	/System/Library/Frameworks/OpenGL.framework/Versions/A/Libraries/libGLU.dylib
0x000000000701e000 	/System/Library/Frameworks/OpenGL.framework/Versions/A/Libraries/libGFXShared.dylib
0x000000000701e000 	/System/Library/Frameworks/OpenGL.framework/Versions/A/Libraries/libGL.dylib
0x000000000701e000 	/System/Library/Frameworks/OpenGL.framework/Versions/A/Libraries/libGLImage.dylib
0x000000000701e000 	/System/Library/Frameworks/OpenGL.framework/Versions/A/Libraries/libCVMSPluginSupport.dylib
0x000000000701e000 	/System/Library/Frameworks/OpenGL.framework/Versions/A/Libraries/libCoreVMClient.dylib
0x000000000701e000 	/usr/lib/libcups.2.dylib
0x000000000701e000 	/System/Library/Frameworks/Kerberos.framework/Versions/A/Kerberos
0x000000000701e000 	/System/Library/Frameworks/GSS.framework/Versions/A/GSS
0x000000000701e000 	/usr/lib/libresolv.9.dylib
0x000000000701e000 	/usr/lib/libiconv.2.dylib
0x000000000701e000 	/System/Library/PrivateFrameworks/Heimdal.framework/Versions/A/Heimdal
0x000000000701e000 	/usr/lib/libheimdal-asn1.dylib
0x000000000701e000 	/System/Library/Frameworks/OpenDirectory.framework/Versions/A/OpenDirectory
0x000000000701e000 	/System/Library/PrivateFrameworks/CommonAuth.framework/Versions/A/CommonAuth
0x000000000701e000 	/System/Library/Frameworks/OpenDirectory.framework/Versions/A/Frameworks/CFOpenDirectory.framework/Versions/A/CFOpenDirectory
0x000000000701e000 	/System/Library/Frameworks/SecurityFoundation.framework/Versions/A/SecurityFoundation
0x000000000701e000 	/System/Library/PrivateFrameworks/LanguageModeling.framework/Versions/A/LanguageModeling
0x000000000701e000 	/usr/lib/libcmph.dylib
0x000000000701e000 	/System/Library/Frameworks/ServiceManagement.framework/Versions/A/ServiceManagement
0x000000000701e000 	/usr/lib/libxslt.1.dylib
0x000000000701e000 	/System/Library/Frameworks/Carbon.framework/Versions/A/Frameworks/Ink.framework/Versions/A/Ink
0x000000000701e000 	/System/Library/Frameworks/QuartzCore.framework/Versions/A/Frameworks/CoreImage.framework/Versions/A/CoreImage
0x000000000701e000 	/System/Library/PrivateFrameworks/CrashReporterSupport.framework/Versions/A/CrashReporterSupport
0x000000000701e000 	/System/Library/Frameworks/OpenCL.framework/Versions/A/OpenCL
0x000000000701e000 	/System/Library/PrivateFrameworks/FaceCore.framework/Versions/A/FaceCore
0x000000000701e000 	/System/Library/PrivateFrameworks/Ubiquity.framework/Versions/A/Ubiquity
0x000000000701e000 	/System/Library/PrivateFrameworks/IconServices.framework/Versions/A/IconServices
0x000000000701e000 	/System/Library/PrivateFrameworks/ChunkingLibrary.framework/Versions/A/ChunkingLibrary
0x000000000701e000 	/System/Library/PrivateFrameworks/Apple80211.framework/Versions/A/Apple80211
0x000000000701e000 	/System/Library/Frameworks/CoreWLAN.framework/Versions/A/CoreWLAN
0x000000000701e000 	/System/Library/Frameworks/IOBluetooth.framework/Versions/A/IOBluetooth
0x000000000701e000 	/System/Library/PrivateFrameworks/CoreWiFi.framework/Versions/A/CoreWiFi
0x000000000701e000 	/System/Library/Frameworks/CoreBluetooth.framework/Versions/A/CoreBluetooth
0x000000000701e000 	/System/Library/PrivateFrameworks/DebugSymbols.framework/Versions/A/DebugSymbols
0x000000000701e000 	/System/Library/PrivateFrameworks/CoreSymbolication.framework/Versions/A/CoreSymbolication
0x000000000701e000 	/System/Library/PrivateFrameworks/Symbolication.framework/Versions/A/Symbolication
0x000000000701e000 	/System/Library/PrivateFrameworks/SpeechRecognitionCore.framework/Versions/A/SpeechRecognitionCore
0x0000000105c44000 	/Library/Java/JavaVirtualMachines/jdk1.8.0_45.jdk/Contents/Home/jre/lib/server/libjvm.dylib
0x000000000701e000 	/usr/lib/libstdc++.6.dylib
0x0000000106bc4000 	/Library/Java/JavaVirtualMachines/jdk1.8.0_45.jdk/Contents/Home/jre/lib/libverify.dylib
0x0000000107d03000 	/Library/Java/JavaVirtualMachines/jdk1.8.0_45.jdk/Contents/Home/jre/lib/libjava.dylib
0x0000000106bdc000 	/Library/Java/JavaVirtualMachines/jdk1.8.0_45.jdk/Contents/Home/jre/lib/libzip.dylib
0x0000000106be6000 	/System/Library/Frameworks/JavaVM.framework/Frameworks/JavaRuntimeSupport.framework/JavaRuntimeSupport
0x000000012390e000 	/System/Library/Frameworks/JavaVM.framework/Versions/A/Frameworks/JavaNativeFoundation.framework/Versions/A/JavaNativeFoundation
0x0000000123922000 	/System/Library/Frameworks/JavaVM.framework/Versions/A/JavaVM
0x000000000701e000 	/System/Library/Frameworks/Carbon.framework/Versions/A/Carbon
0x000000012392e000 	/System/Library/PrivateFrameworks/JavaLaunching.framework/Versions/A/JavaLaunching
0x000000000701e000 	/System/Library/Frameworks/Carbon.framework/Versions/A/Frameworks/CommonPanels.framework/Versions/A/CommonPanels
0x000000000701e000 	/System/Library/Frameworks/Carbon.framework/Versions/A/Frameworks/Help.framework/Versions/A/Help
0x000000000701e000 	/System/Library/Frameworks/Carbon.framework/Versions/A/Frameworks/ImageCapture.framework/Versions/A/ImageCapture
0x000000000701e000 	/System/Library/Frameworks/Carbon.framework/Versions/A/Frameworks/OpenScripting.framework/Versions/A/OpenScripting
0x000000000701e000 	/System/Library/Frameworks/Carbon.framework/Versions/A/Frameworks/Print.framework/Versions/A/Print
0x000000000701e000 	/System/Library/Frameworks/Carbon.framework/Versions/A/Frameworks/SecurityHI.framework/Versions/A/SecurityHI
0x00000001259cf000 	/Applications/IntelliJ IDEA 14 CE.app/Contents/bin/libbreakgen64.jnilib
0x0000000125ad5000 	/Library/Java/JavaVirtualMachines/jdk1.8.0_45.jdk/Contents/Home/jre/lib/libnet.dylib
0x0000000125dd0000 	/Library/Java/JavaVirtualMachines/jdk1.8.0_45.jdk/Contents/Home/jre/lib/libprism_es2.dylib
0x000000000701e000 	/System/Library/Frameworks/OpenGL.framework/Versions/A/Resources/GLEngine.bundle/GLEngine
0x000000000701e000 	/System/Library/Frameworks/OpenGL.framework/Versions/A/Libraries/libGLProgrammability.dylib
0x0000000125e52000 	/System/Library/Extensions/AppleIntelHD4000GraphicsGLDriver.bundle/Contents/MacOS/AppleIntelHD4000GraphicsGLDriver
0x000000000701e000 	/System/Library/PrivateFrameworks/IOAccelerator.framework/Versions/A/IOAccelerator
0x000000000701e000 	/System/Library/PrivateFrameworks/GPUSupport.framework/Versions/A/Libraries/libGPUSupportMercury.dylib
0x0000000000000000 	/System/Library/Extensions/GeForceGLDriver.bundle/Contents/MacOS/GeForceGLDriver
0x000000000701e000 	/System/Library/Extensions/GeForceGLDriver.bundle/Contents/MacOS/libclh.dylib
0x000000000701e000 	/System/Library/Frameworks/OpenGL.framework/Versions/A/Resources/GLRendererFloat.bundle/GLRendererFloat
0x000000000701e000 	/System/Library/Frameworks/OpenCL.framework/Versions/A/Libraries/libcldcpuengine.dylib
0x000000000701e000 	/System/Library/PrivateFrameworks/DiskImages.framework/Versions/A/DiskImages
0x000000000701e000 	/System/Library/Frameworks/DiscRecording.framework/Versions/A/DiscRecording
0x000000000701e000 	/usr/lib/libcsfde.dylib
0x000000000701e000 	/usr/lib/libcurl.4.dylib
0x000000000701e000 	/System/Library/PrivateFrameworks/MediaKit.framework/Versions/A/MediaKit
0x000000000701e000 	/System/Library/PrivateFrameworks/ProtectedCloudStorage.framework/Versions/A/ProtectedCloudStorage
0x000000000701e000 	/usr/lib/libCoreStorage.dylib
0x000000000701e000 	/System/Library/PrivateFrameworks/EFILogin.framework/Versions/A/EFILogin
0x000000000701e000 	/usr/lib/libutil.dylib
0x000000000701e000 	/System/Library/PrivateFrameworks/FindMyDevice.framework/Versions/A/FindMyDevice
0x000000000701e000 	/System/Library/Frameworks/LDAP.framework/Versions/A/LDAP
0x000000000701e000 	/usr/lib/libsasl2.2.dylib
0x000000000701e000 	/System/Library/PrivateFrameworks/CoreDaemon.framework/Versions/B/CoreDaemon
0x000000000701e000 	/usr/lib/libcrypto.0.9.8.dylib
0x000000000701e000 	/System/Library/PrivateFrameworks/AppleSRP.framework/Versions/A/AppleSRP
0x000000000701e000 	/System/Library/PrivateFrameworks/TrustEvaluationAgent.framework/Versions/A/TrustEvaluationAgent
0x0000000126ba2000 	/Library/Java/JavaVirtualMachines/jdk1.8.0_45.jdk/Contents/Home/jre/lib/libglass.dylib
0x000000000701e000 	/System/Library/PrivateFrameworks/CoreServicesInternal.framework/Versions/A/CoreServicesInternal
0x000000000701e000 	/System/Library/PrivateFrameworks/CloudDocs.framework/Versions/A/CloudDocs
0x000000000701e000 	/System/Library/PrivateFrameworks/CoreDuet.framework/Versions/A/CoreDuet
0x000000000701e000 	/System/Library/Frameworks/CloudKit.framework/Versions/A/CloudKit
0x000000000701e000 	/System/Library/PrivateFrameworks/ProtocolBuffer.framework/Versions/A/ProtocolBuffer
0x000000000701e000 	/System/Library/PrivateFrameworks/CoreDuetDaemonProtocol.framework/Versions/A/CoreDuetDaemonProtocol
0x000000000701e000 	/System/Library/PrivateFrameworks/CoreDuetDebugLogging.framework/Versions/A/CoreDuetDebugLogging
0x000000000701e000 	/System/Library/PrivateFrameworks/MMCS.framework/Versions/A/MMCS
0x000000000701e000 	/System/Library/Frameworks/CoreLocation.framework/Versions/A/CoreLocation
0x000000000701e000 	/System/Library/PrivateFrameworks/GeoServices.framework/Versions/A/GeoServices
0x000000000701e000 	/System/Library/Frameworks/CoreGraphics.framework/Versions/A/Resources/libCGCMS.A.dylib
0x000000000701e000 	/System/Library/CoreServices/RawCamera.bundle/Contents/MacOS/RawCamera
0x000000000701e000 	/System/Library/Frameworks/CoreGraphics.framework/Versions/A/Resources/libRIP.A.dylib
0x000000000701e000 	/System/Library/PrivateFrameworks/FamilyControls.framework/Versions/A/FamilyControls
0x000000000701e000 	/System/Library/PrivateFrameworks/CommerceKit.framework/Versions/A/Frameworks/CommerceCore.framework/Versions/A/CommerceCore
0x000000000701e000 	/System/Library/PrivateFrameworks/SystemAdministration.framework/Versions/A/SystemAdministration
0x000000000701e000 	/System/Library/PrivateFrameworks/AppContainer.framework/Versions/A/AppContainer
0x000000000701e000 	/System/Library/PrivateFrameworks/SecCodeWrapper.framework/Versions/A/SecCodeWrapper
0x000000000701e000 	/System/Library/Frameworks/DirectoryService.framework/Versions/A/DirectoryService
0x000000000701e000 	/System/Library/PrivateFrameworks/LoginUIKit.framework/Versions/A/Frameworks/LoginUICore.framework/Versions/A/LoginUICore
0x000000000701e000 	/usr/lib/libodfde.dylib
0x000000012b1dc000 	/Library/Java/JavaVirtualMachines/jdk1.8.0_45.jdk/Contents/Home/jre/lib/libjavafx_iio.dylib
0x000000012b32c000 	/Library/Java/JavaVirtualMachines/jdk1.8.0_45.jdk/Contents/Home/jre/lib/libjavafx_font.dylib
0x000000000701e000 	/System/Library/Frameworks/CoreGraphics.framework/Versions/A/Resources/libCGXType.A.dylib
0x000000012e35e000 	/Library/Java/JavaVirtualMachines/jdk1.8.0_45.jdk/Contents/Home/jre/lib/libprism_common.dylib
0x0000000130af3000 	cl_kernels
0x0000000130af5000 	/System/Library/Frameworks/OpenCL.framework/Versions/A/Libraries/ImageFormats/unorm8_bgra.dylib
0x0000000130ae5000 	cl_kernels

VM Arguments:
jvm_args: -Didea.launcher.port=7533 -Didea.launcher.bin.path=/Applications/IntelliJ IDEA 14 CE.app/Contents/bin -Dfile.encoding=UTF-8 
java_command: com.intellij.rt.execution.application.AppMain sample.Main
java_class_path (initial): /Library/Java/JavaVirtualMachines/jdk1.8.0_45.jdk/Contents/Home/lib/ant-javafx.jar:/Library/Java/JavaVirtualMachines/jdk1.8.0_45.jdk/Contents/Home/lib/dt.jar:/Library/Java/JavaVirtualMachines/jdk1.8.0_45.jdk/Contents/Home/lib/javafx-mx.jar:/Library/Java/JavaVirtualMachines/jdk1.8.0_45.jdk/Contents/Home/lib/jconsole.jar:/Library/Java/JavaVirtualMachines/jdk1.8.0_45.jdk/Contents/Home/lib/packager.jar:/Library/Java/JavaVirtualMachines/jdk1.8.0_45.jdk/Contents/Home/lib/sa-jdi.jar:/Library/Java/JavaVirtualMachines/jdk1.8.0_45.jdk/Contents/Home/lib/tools.jar:/Library/Java/JavaVirtualMachines/jdk1.8.0_45.jdk/Contents/Home/jre/lib/charsets.jar:/Library/Java/JavaVirtualMachines/jdk1.8.0_45.jdk/Contents/Home/jre/lib/deploy.jar:/Library/Java/JavaVirtualMachines/jdk1.8.0_45.jdk/Contents/Home/jre/lib/javaws.jar:/Library/Java/JavaVirtualMachines/jdk1.8.0_45.jdk/Contents/Home/jre/lib/jce.jar:/Library/Java/JavaVirtualMachines/jdk1.8.0_45.jdk/Contents/Home/jre/lib/jfr.jar:/Library/Java/JavaVirtualMachines/jdk1.8.0_45.jdk/Contents/Home/jre/lib/jfxswt.jar:/Library/Java/JavaVirtualMachines/jdk1.8.0_45.jdk/Contents/Home/jre/lib/jsse.jar:/Library/Java/JavaVirtualMachines/jdk1.8.0_45.jdk/Contents/Home/jre/lib/management-agent.jar:/Library/Java/JavaVirtualMachines/jdk1.8.0_45.jdk/Contents/Home/jre/lib/plugin.jar:/Library/Java/JavaVirtualMachines/jdk1.8.0_45.jdk/Contents/Home/jre/lib/resources.jar:/Library/Java/JavaVirtualMachines/jdk1.8.0_45.jdk/Contents/Home/jre/lib/rt.jar:/Library/Java/JavaVirtualMachines/jdk1.8.0_45.jdk/Contents/Home/jre/lib/ext/cldrdata.jar:/Library/Java/JavaVirtualMachines/jdk1.8.0_45.jdk/Contents/Home/jre/lib/ext/dnsns.jar:/Library/Java/JavaVirtualMachines/jdk1.8.0_45.jdk/Contents/Home/jre/lib/ext/jfxrt.jar:/Library/Java/JavaVirtualMachines/jdk1.8.0_45.jdk/Contents/Home/jre/lib/ext/localedata.jar:/Library/Java/JavaVirtualMachines/jdk1.8.0_45.jdk/Contents/Home/jre/lib/ext/nashorn.jar:/Library/Java/JavaVirtualMachines/jdk1.8.0_45.jdk/Conten
Launcher Type: SUN_STANDARD

Environment Variables:
CLASSPATH=.:/Users/MacbookRetina/Desktop/OneDrive/Georgia Tech Classes/Fall 2015/cs 1332/hw1/junit-4.12.jar:/Users/MacbookRetina/Desktop/OneDrive/Georgia Tech Classes/Fall 2015/cs 1332/hw1/hamcrest-core-1.3.jar
PATH=/Library/Frameworks/Python.framework/Versions/2.7/bin:/usr/local/bin:/usr/bin:/bin:/usr/sbin:/sbin
SHELL=/bin/bash

Signal Handlers:
SIGSEGV: [libjvm.dylib+0x58ef95], sa_mask[0]=11111111011111110111111111111111, sa_flags=SA_ONSTACK|SA_RESTART|SA_SIGINFO
SIGBUS: [libjvm.dylib+0x58ef95], sa_mask[0]=11111111011111110111111111111111, sa_flags=SA_RESTART|SA_SIGINFO
SIGFPE: [libjvm.dylib+0x46c108], sa_mask[0]=11111111011111110111111111111111, sa_flags=SA_RESTART|SA_SIGINFO
SIGPIPE: [libjvm.dylib+0x46c108], sa_mask[0]=11111111011111110111111111111111, sa_flags=SA_RESTART|SA_SIGINFO
SIGXFSZ: [libjvm.dylib+0x46c108], sa_mask[0]=11111111011111110111111111111111, sa_flags=SA_RESTART|SA_SIGINFO
SIGILL: [libjvm.dylib+0x46c108], sa_mask[0]=11111111011111110111111111111111, sa_flags=SA_RESTART|SA_SIGINFO
SIGUSR1: SIG_DFL, sa_mask[0]=00000000000000000000000000000000, sa_flags=none
SIGUSR2: [libjvm.dylib+0x46bc26], sa_mask[0]=00100000000000000000000000000000, sa_flags=SA_RESTART|SA_SIGINFO
SIGHUP: [libjvm.dylib+0x46a1f9], sa_mask[0]=11111111011111110111111111111111, sa_flags=SA_RESTART|SA_SIGINFO
SIGINT: [libjvm.dylib+0x46a1f9], sa_mask[0]=11111111011111110111111111111111, sa_flags=SA_RESTART|SA_SIGINFO
SIGTERM: [libjvm.dylib+0x46a1f9], sa_mask[0]=11111111011111110111111111111111, sa_flags=SA_RESTART|SA_SIGINFO
SIGQUIT: [libjvm.dylib+0x46a1f9], sa_mask[0]=11111111011111110111111111111111, sa_flags=SA_RESTART|SA_SIGINFO


---------------  S Y S T E M  ---------------

OS:Bsduname:Darwin 14.5.0 Darwin Kernel Version 14.5.0: Wed Jul 29 02:26:53 PDT 2015; root:xnu-2782.40.9~1/RELEASE_X86_64 x86_64
rlimit: STACK 8192k, CORE 0k, NPROC 709, NOFILE 10240, AS infinity
load average:2.89 2.73 2.40

CPU:total 8 (4 cores per cpu, 2 threads per core) family 6 model 58 stepping 9, cmov, cx8, fxsr, mmx, sse, sse2, sse3, ssse3, sse4.1, sse4.2, popcnt, avx, aes, clmul, erms, ht, tsc, tscinvbit, tscinv

Memory: 4k page, physical 16777216k(3918068k free)

/proc/meminfo:


vm_info: Java HotSpot(TM) 64-Bit Server VM (25.45-b02) for bsd-amd64 JRE (1.8.0_45-b14), built on Apr 10 2015 10:46:38 by "java_re" with gcc 4.2.1 (Based on Apple Inc. build 5658) (LLVM build 2336.11.00)

time: Tue Nov 10 19:49:07 2015
elapsed time: 351 seconds (0d 0h 5m 51s)

