#
# A fatal error has been detected by the Java Runtime Environment:
#
#  SIGSEGV (0xb) at pc=0x000000011ccb858d, pid=1667, tid=1811
#
# JRE version: Java(TM) SE Runtime Environment (8.0_45-b14) (build 1.8.0_45-b14)
# Java VM: Java HotSpot(TM) 64-Bit Server VM (25.45-b02 mixed mode bsd-amd64 compressed oops)
# Problematic frame:
# C  [libglass.dylib+0x1558d]  GlassScreenDidChangeScreenParameters+0x9d
#
# Failed to write core dump. Core dumps have been disabled. To enable core dumping, try "ulimit -c unlimited" before starting Java again
#
# If you would like to submit a bug report, please visit:
#   http://bugreport.java.com/bugreport/crash.jsp
#

---------------  T H R E A D  ---------------

Current thread is native thread

siginfo: si_signo: 11 (SIGSEGV), si_code: 1 (SEGV_MAPERR), si_addr: 0x0000000000000000

Registers:
RAX=0x000000011cceabc0, RBX=0x0000000000000000, RCX=0xeb00c4125973c460, RDX=0x00007ff802c29680
RSP=0x00007fff5d98f930, RBP=0x00007fff5d98f940, RSI=0x00007ff8006044e8, RDI=0x0000000000000000
R8 =0x00007fff5d98f7e0, R9 =0x00007fff76bbf300, R10=0x0000000000000000, R11=0x0000000000000246
R12=0x00007ff800611050, R13=0x00000000000f426a, R14=0x00007ff80074d9f0, R15=0x00007fff5d98fa80
RIP=0x000000011ccb858d, EFLAGS=0x0000000000010202, ERR=0x0000000000000004
  TRAPNO=0x000000000000000e

Top of Stack: (sp=0x00007fff5d98f930)
0x00007fff5d98f930:   00007fff5d98fb10 00007ff80074d9f0
0x00007fff5d98f940:   00007fff5d98f950 00007fff8a6eb45c
0x00007fff5d98f950:   00007fff5d98fcb0 00007fff8a5db634
0x00007fff5d98f960:   00007fff5d98f9b0 0000000000001e00
0x00007fff5d98f970:   00007fff768c3ed0 00007ff8006ae9e0
0x00007fff5d98f980:   0000000000001003 0000000000000bb8
0x00007fff5d98f990:   00007ff8006ae9e0 00007ff80074d9f0
0x00007fff5d98f9a0:   0000000000000000 00007fff5d98fa80
0x00007fff5d98f9b0:   0000000000000000 00007ff80074d9b0
0x00007fff5d98f9c0:   00007fff5d98fb00 000000000000007d
0x00007fff5d98f9d0:   00000000000f44d2 00007ff802c26a40
0x00007fff5d98f9e0:   00007ff800430530 00007ff800611050
0x00007fff5d98f9f0:   0000000000000001 00000000000f426a
0x00007fff5d98fa00:   00007ff800611040 00007fff8b80fb90
0x00007fff5d98fa10:   0000000000000001 0000000000000001
0x00007fff5d98fa20:   0000000000000030 0000000000000001
0x00007fff5d98fa30:   00007fff5d98fa50 00007fff8b810546
0x00007fff5d98fa40:   00007fff768c1fb0 0000000000000000
0x00007fff5d98fa50:   00007fff5d98fa70 0000000000000002
0x00007fff5d98fa60:   00241c03012d5e00 00007ff800611074
0x00007fff5d98fa70:   0000000000000000 00007fff8a5d110f
0x00007fff5d98fa80:   00007ff80074d9f0 00007fff768c1fb0
0x00007fff5d98fa90:   00007fff5d98fb10 00007fff8a5d9c3f
0x00007fff5d98faa0:   00007fff5d98fb14 0000000000573101
0x00007fff5d98fab0:   000000010228ba00 0000000000000002
0x00007fff5d98fac0:   0000000102288000 00007ff802c012b2
0x00007fff5d98fad0:   0000000000000003 000000010228d800
0x00007fff5d98fae0:   00007fff5d98fbd0 00007fff8b80cb36
0x00007fff5d98faf0:   00007ff8004301b0 00007fff5d98fcb8
0x00007fff5d98fb00:   0000000000000017 0000000000000000
0x00007fff5d98fb10:   00000000000f426a 00007fff8a5d1403
0x00007fff5d98fb20:   00007fff00000000 00007ff800435f00 

Instructions: (pc=0x000000011ccb858d)
0x000000011ccb856d:   89 df 4c 89 f1 41 ff 90 68 04 00 00 48 8d 05 48
0x000000011ccb857d:   25 03 00 48 8b 30 48 8d 05 36 26 03 00 48 8b 10
0x000000011ccb858d:   48 8b 0b 30 c0 48 89 df ff 91 68 04 00 00 48 8b
0x000000011ccb859d:   03 48 89 df ff 50 78 48 85 c0 74 36 49 89 c6 48 

Register to memory mapping:

RAX=0x000000011cceabc0: jScreenNotifySettingsChanged+0 in /Library/Java/JavaVirtualMachines/jdk1.8.0_45.jdk/Contents/Home/jre/lib/libglass.dylib at 0x000000011cca3000
RBX=0x0000000000000000 is an unknown value
RCX=0xeb00c4125973c460 is an unknown value
RDX=0x00007ff802c29680 is an unknown value
RSP=0x00007fff5d98f930 is an unknown value
RBP=0x00007fff5d98f940 is an unknown value
RSI=0x00007ff8006044e8 is a global jni handle
RDI=0x0000000000000000 is an unknown value
R8 =0x00007fff5d98f7e0 is an unknown value
R9 =0x00007fff76bbf300: _thread+0 in /usr/lib/system/libsystem_pthread.dylib at 0x00007fff8bb43000
R10=0x0000000000000000 is an unknown value
R11=0x0000000000000246 is an unknown value
R12=0x00007ff800611050 is an unknown value
R13=0x00000000000f426a is an unknown value
R14=0x00007ff80074d9f0 is an unknown value
R15=0x00007fff5d98fa80 is an unknown value


Stack: [0x00007fff5d193000,0x00007fff5d993000],  sp=0x00007fff5d98f930,  free space=8178k
Native frames: (J=compiled Java code, j=interpreted, Vv=VM code, C=native code)
C  [libglass.dylib+0x1558d]  GlassScreenDidChangeScreenParameters+0x9d
C  [CoreFoundation+0x12045c]  __CFNOTIFICATIONCENTER_IS_CALLING_OUT_TO_AN_OBSERVER__+0xc
C  [CoreFoundation+0x10634]  _CFXNotificationPost+0xc44
C  [Foundation+0x7aa1]  -[NSNotificationCenter postNotificationName:object:userInfo:]+0x42
C  [AppKit+0x40de7e]  -[NSApplication _reactToScreenInvalidationImmediately:]+0x17b
C  [AppKit+0x40dcc7]  __44-[NSApplication _reactToScreenInvalidation:]_block_invoke+0x4b
C  [CoreFoundation+0x808ec]  __CFRUNLOOP_IS_CALLING_OUT_TO_A_BLOCK__+0xc
C  [CoreFoundation+0x729f5]  __CFRunLoopDoBlocks+0x155
C  [CoreFoundation+0x72536]  __CFRunLoopRun+0x716
C  [CoreFoundation+0x71bd8]  CFRunLoopRunSpecific+0x128
C  [java+0x6490]  CreateExecutionEnvironment+0x367
C  [java+0x221c]  JLI_Launch+0x7a0
C  [java+0x84ed]  main+0x65
C  [java+0x1a74]  start+0x34


---------------  P R O C E S S  ---------------

VM state:not at safepoint (normal execution)

VM Mutex/Monitor currently owned by a thread: None

Heap:
 PSYoungGen      total 38400K, used 26238K [0x0000000795580000, 0x0000000798000000, 0x00000007c0000000)
  eden space 33280K, 63% used [0x0000000795580000,0x0000000796a26ef0,0x0000000797600000)
  from space 5120K, 99% used [0x0000000797600000,0x0000000797af8ab0,0x0000000797b00000)
  to   space 5120K, 0% used [0x0000000797b00000,0x0000000797b00000,0x0000000798000000)
 ParOldGen       total 87552K, used 13558K [0x0000000740000000, 0x0000000745580000, 0x0000000795580000)
  object space 87552K, 15% used [0x0000000740000000,0x0000000740d3d940,0x0000000745580000)
 Metaspace       used 18771K, capacity 19714K, committed 19968K, reserved 1067008K
  class space    used 2546K, capacity 2784K, committed 2816K, reserved 1048576K

Card table byte_map: [0x000000011302c000,0x000000011342d000] byte_map_base: 0x000000010f62c000

Marking Bits: (ParMarkBitMap*) 0x00000001034c27a0
 Begin Bits: [0x0000000113ae4000, 0x0000000115ae4000)
 End Bits:   [0x0000000115ae4000, 0x0000000117ae4000)

Polling page: 0x00000001023c6000

CodeCache: size=245760Kb used=11790Kb max_used=12217Kb free=233969Kb
 bounds [0x0000000103c6c000, 0x000000010489c000, 0x0000000112c6c000]
 total_blobs=4250 nmethods=3591 adapters=570
 compilation: enabled

Compilation events (10 events):
Event: 84.660 Thread 0x00007ff802023800 3925       3       com.sun.prism.es2.ES2Graphics::setCamera (15 bytes)
Event: 84.660 Thread 0x00007ff802023800 nmethod 3925 0x0000000103fe5450 code [0x0000000103fe55e0, 0x0000000103fe5928]
Event: 84.660 Thread 0x00007ff802023800 3926       3       com.sun.prism.impl.BaseGraphics::setCamera (6 bytes)
Event: 84.660 Thread 0x00007ff802023800 nmethod 3926 0x0000000104123610 code [0x0000000104123760, 0x00000001041238d0]
Event: 85.552 Thread 0x00007ff802023800 3927       3       java.nio.ByteBuffer::hasArray (20 bytes)
Event: 85.552 Thread 0x00007ff802023800 nmethod 3927 0x00000001040bef90 code [0x00000001040bf100, 0x00000001040bf2f0]
Event: 86.404 Thread 0x00007ff802023800 3928       3       java.util.concurrent.CopyOnWriteArrayList$COWIterator::hasNext (18 bytes)
Event: 86.405 Thread 0x00007ff802023800 nmethod 3928 0x000000010417fe90 code [0x0000000104180000, 0x00000001041801d0]
Event: 106.552 Thread 0x00007ff802023800 3929       3       java.util.TaskQueue::isEmpty (13 bytes)
Event: 106.552 Thread 0x00007ff802023800 nmethod 3929 0x00000001043dcfd0 code [0x00000001043dd140, 0x00000001043dd2f0]

GC Heap History (6 events):
Event: 1.677 GC heap before
{Heap before GC invocations=1 (full 0):
 PSYoungGen      total 38400K, used 32556K [0x0000000795580000, 0x0000000798000000, 0x00000007c0000000)
  eden space 33280K, 97% used [0x0000000795580000,0x000000079754b260,0x0000000797600000)
  from space 5120K, 0% used [0x0000000797b00000,0x0000000797b00000,0x0000000798000000)
  to   space 5120K, 0% used [0x0000000797600000,0x0000000797600000,0x0000000797b00000)
 ParOldGen       total 87552K, used 0K [0x0000000740000000, 0x0000000745580000, 0x0000000795580000)
  object space 87552K, 0% used [0x0000000740000000,0x0000000740000000,0x0000000745580000)
 Metaspace       used 14249K, capacity 14884K, committed 14976K, reserved 1062912K
  class space    used 1994K, capacity 2157K, committed 2176K, reserved 1048576K
Event: 1.690 GC heap after
Heap after GC invocations=1 (full 0):
 PSYoungGen      total 38400K, used 4770K [0x0000000795580000, 0x0000000798000000, 0x00000007c0000000)
  eden space 33280K, 0% used [0x0000000795580000,0x0000000795580000,0x0000000797600000)
  from space 5120K, 93% used [0x0000000797600000,0x0000000797aa8ad0,0x0000000797b00000)
  to   space 5120K, 0% used [0x0000000797b00000,0x0000000797b00000,0x0000000798000000)
 ParOldGen       total 87552K, used 80K [0x0000000740000000, 0x0000000745580000, 0x0000000795580000)
  object space 87552K, 0% used [0x0000000740000000,0x0000000740014010,0x0000000745580000)
 Metaspace       used 14249K, capacity 14884K, committed 14976K, reserved 1062912K
  class space    used 1994K, capacity 2157K, committed 2176K, reserved 1048576K
}
Event: 14.958 GC heap before
{Heap before GC invocations=2 (full 0):
 PSYoungGen      total 38400K, used 37975K [0x0000000795580000, 0x0000000798000000, 0x00000007c0000000)
  eden space 33280K, 99% used [0x0000000795580000,0x00000007975ed248,0x0000000797600000)
  from space 5120K, 93% used [0x0000000797600000,0x0000000797aa8ad0,0x0000000797b00000)
  to   space 5120K, 0% used [0x0000000797b00000,0x0000000797b00000,0x0000000798000000)
 ParOldGen       total 87552K, used 80K [0x0000000740000000, 0x0000000745580000, 0x0000000795580000)
  object space 87552K, 0% used [0x0000000740000000,0x0000000740014010,0x0000000745580000)
 Metaspace       used 17826K, capacity 18628K, committed 18816K, reserved 1064960K
  class space    used 2494K, capacity 2686K, committed 2688K, reserved 1048576K
Event: 14.969 GC heap after
Heap after GC invocations=2 (full 0):
 PSYoungGen      total 38400K, used 5115K [0x0000000795580000, 0x0000000798000000, 0x00000007c0000000)
  eden space 33280K, 0% used [0x0000000795580000,0x0000000795580000,0x0000000797600000)
  from space 5120K, 99% used [0x0000000797b00000,0x0000000797ffec00,0x0000000798000000)
  to   space 5120K, 0% used [0x0000000797600000,0x0000000797600000,0x0000000797b00000)
 ParOldGen       total 87552K, used 9472K [0x0000000740000000, 0x0000000745580000, 0x0000000795580000)
  object space 87552K, 10% used [0x0000000740000000,0x0000000740940300,0x0000000745580000)
 Metaspace       used 17826K, capacity 18628K, committed 18816K, reserved 1064960K
  class space    used 2494K, capacity 2686K, committed 2688K, reserved 1048576K
}
Event: 60.534 GC heap before
{Heap before GC invocations=3 (full 0):
 PSYoungGen      total 38400K, used 29089K [0x0000000795580000, 0x0000000798000000, 0x00000007c0000000)
  eden space 33280K, 72% used [0x0000000795580000,0x0000000796ce9b20,0x0000000797600000)
  from space 5120K, 99% used [0x0000000797b00000,0x0000000797ffec00,0x0000000798000000)
  to   space 5120K, 0% used [0x0000000797600000,0x0000000797600000,0x0000000797b00000)
 ParOldGen       total 87552K, used 9472K [0x0000000740000000, 0x0000000745580000, 0x0000000795580000)
  object space 87552K, 10% used [0x0000000740000000,0x0000000740940300,0x0000000745580000)
 Metaspace       used 18699K, capacity 19596K, committed 19712K, reserved 1067008K
  class space    used 2539K, capacity 2773K, committed 2816K, reserved 1048576K
Event: 60.546 GC heap after
Heap after GC invocations=3 (full 0):
 PSYoungGen      total 38400K, used 5090K [0x0000000795580000, 0x0000000798000000, 0x00000007c0000000)
  eden space 33280K, 0% used [0x0000000795580000,0x0000000795580000,0x0000000797600000)
  from space 5120K, 99% used [0x0000000797600000,0x0000000797af8ab0,0x0000000797b00000)
  to   space 5120K, 0% used [0x0000000797b00000,0x0000000797b00000,0x0000000798000000)
 ParOldGen       total 87552K, used 13558K [0x0000000740000000, 0x0000000745580000, 0x0000000795580000)
  object space 87552K, 15% used [0x0000000740000000,0x0000000740d3d940,0x0000000745580000)
 Metaspace       used 18699K, capacity 19596K, committed 19712K, reserved 1067008K
  class space    used 2539K, capacity 2773K, committed 2816K, reserved 1048576K
}

Deoptimization events (10 events):
Event: 45.558 Thread 0x00007ff801870000 Uncommon trap: reason=bimorphic action=maybe_recompile pc=0x0000000104818828 method=com.sun.javafx.sg.prism.NGGroup.renderContent(Lcom/sun/prism/Graphics;)V @ 69
Event: 46.559 Thread 0x00007ff801870000 Uncommon trap: reason=bimorphic action=maybe_recompile pc=0x0000000104818828 method=com.sun.javafx.sg.prism.NGGroup.renderContent(Lcom/sun/prism/Graphics;)V @ 69
Event: 60.602 Thread 0x00007ff8011ee000 Uncommon trap: reason=unstable_if action=reinterpret pc=0x000000010463b13c method=javafx.scene.Node.getProperties()Ljavafx/collections/ObservableMap; @ 4
Event: 60.621 Thread 0x00007ff8011ee000 Uncommon trap: reason=bimorphic action=maybe_recompile pc=0x0000000104277c58 method=com.sun.javafx.css.SimpleSelector.applies(Ljavafx/css/Styleable;)Z @ 95
Event: 60.627 Thread 0x00007ff8011ee000 Uncommon trap: reason=bimorphic action=maybe_recompile pc=0x0000000104277c58 method=com.sun.javafx.css.SimpleSelector.applies(Ljavafx/css/Styleable;)Z @ 95
Event: 60.629 Thread 0x00007ff8011ee000 Uncommon trap: reason=unstable_if action=reinterpret pc=0x0000000104042d98 method=javafx.scene.Node.layoutXProperty()Ljavafx/beans/property/DoubleProperty; @ 4
Event: 60.629 Thread 0x00007ff8011ee000 Uncommon trap: reason=unstable_if action=reinterpret pc=0x0000000103e37ea4 method=javafx.scene.Node.layoutXProperty()Ljavafx/beans/property/DoubleProperty; @ 4
Event: 60.983 Thread 0x00007ff801870000 Uncommon trap: reason=bimorphic action=maybe_recompile pc=0x0000000104709eec method=com.sun.javafx.sg.prism.NGNode.getOpaqueRegion()Lcom/sun/javafx/geom/RectBounds; @ 56
Event: 60.983 Thread 0x00007ff801870000 Uncommon trap: reason=bimorphic action=maybe_recompile pc=0x0000000104709eec method=com.sun.javafx.sg.prism.NGNode.getOpaqueRegion()Lcom/sun/javafx/geom/RectBounds; @ 56
Event: 86.407 Thread 0x00007ff8011ee000 Uncommon trap: reason=unstable_if action=reinterpret pc=0x0000000104105164 method=java.util.concurrent.locks.ReentrantLock$Sync.tryRelease(I)Z @ 28

Internal exceptions (10 events):
Event: 14.958 Thread 0x00007ff8011ee000 Exception <a 'java/io/FileNotFoundException'> (0x00000007975a52d8) thrown at [/Users/java_re/workspace/8-2-build-macosx-x86_64/jdk8u45/3457/hotspot/src/share/vm/prims/jni.cpp, line 709]
Event: 14.986 Thread 0x00007ff8011ee000 Exception <a 'java/io/FileNotFoundException'> (0x00000007957bd698) thrown at [/Users/java_re/workspace/8-2-build-macosx-x86_64/jdk8u45/3457/hotspot/src/share/vm/prims/jni.cpp, line 709]
Event: 60.526 Thread 0x00007ff8011ee000 Exception <a 'java/io/FileNotFoundException'> (0x0000000796c83dc8) thrown at [/Users/java_re/workspace/8-2-build-macosx-x86_64/jdk8u45/3457/hotspot/src/share/vm/prims/jni.cpp, line 709]
Event: 60.602 Thread 0x00007ff8011ee000 Exception <a 'java/io/FileNotFoundException'> (0x00000007961b9a78) thrown at [/Users/java_re/workspace/8-2-build-macosx-x86_64/jdk8u45/3457/hotspot/src/share/vm/prims/jni.cpp, line 709]
Event: 60.609 Thread 0x00007ff8011ee000 Exception <a 'java/io/FileNotFoundException'> (0x00000007961cca40) thrown at [/Users/java_re/workspace/8-2-build-macosx-x86_64/jdk8u45/3457/hotspot/src/share/vm/prims/jni.cpp, line 709]
Event: 60.615 Thread 0x00007ff8011ee000 Exception <a 'java/io/FileNotFoundException'> (0x00000007961dbf88) thrown at [/Users/java_re/workspace/8-2-build-macosx-x86_64/jdk8u45/3457/hotspot/src/share/vm/prims/jni.cpp, line 709]
Event: 60.629 Thread 0x00007ff8011ee000 Implicit null exception at 0x000000010403d32e to 0x0000000104042d75
Event: 60.629 Thread 0x00007ff8011ee000 Implicit null exception at 0x0000000103e3798c to 0x0000000103e37e79
Event: 61.269 Thread 0x00007ff8011ee000 Exception <a 'java/io/FileNotFoundException'> (0x00000007965ebef0) thrown at [/Users/java_re/workspace/8-2-build-macosx-x86_64/jdk8u45/3457/hotspot/src/share/vm/prims/jni.cpp, line 709]
Event: 61.276 Thread 0x00007ff8011ee000 Exception <a 'java/io/FileNotFoundException'> (0x00000007965f5f38) thrown at [/Users/java_re/workspace/8-2-build-macosx-x86_64/jdk8u45/3457/hotspot/src/share/vm/prims/jni.cpp, line 709]

Events (10 events):
Event: 86.407 Thread 0x00007ff8011ee000 Uncommon trap: trap_request=0xffffff65 fr.pc=0x0000000104105164
Event: 86.407 Thread 0x00007ff8011ee000 DEOPT PACKING pc=0x0000000104105164 sp=0x00007fff5d98c520
Event: 86.407 Thread 0x00007ff8011ee000 DEOPT UNPACKING pc=0x0000000103c71229 sp=0x00007fff5d98c4c8 mode 2
Event: 86.407 loading class com/sun/javafx/tk/quantum/QuantumToolkit
Event: 86.407 loading class com/sun/javafx/tk/quantum/QuantumToolkit done
Event: 86.407 Thread 0x00007ff801870000 Thread exited: 0x00007ff801870000
Event: 86.407 Thread 0x00007ff802064000 Thread exited: 0x00007ff802064000
Event: 86.407 Thread 0x00007ff802002000 Thread exited: 0x00007ff802002000
Event: 86.407 Thread 0x00007ff8011ee000 Thread exited: 0x00007ff8011ee000
Event: 86.408 Thread 0x00007ff805c4b800 Thread added: 0x00007ff805c4b800


Dynamic libraries:
0x0000000005cb8000 	/System/Library/Frameworks/Cocoa.framework/Versions/A/Cocoa
0x0000000005cb8000 	/System/Library/Frameworks/Security.framework/Versions/A/Security
0x0000000005cb8000 	/System/Library/Frameworks/ApplicationServices.framework/Versions/A/ApplicationServices
0x0000000005cb8000 	/usr/lib/libz.1.dylib
0x0000000005cb8000 	/usr/lib/libSystem.B.dylib
0x0000000005cb8000 	/usr/lib/libobjc.A.dylib
0x0000000005cb8000 	/System/Library/Frameworks/CoreFoundation.framework/Versions/A/CoreFoundation
0x0000000005cb8000 	/System/Library/Frameworks/Foundation.framework/Versions/C/Foundation
0x0000000005cb8000 	/System/Library/Frameworks/AppKit.framework/Versions/C/AppKit
0x0000000005cb8000 	/System/Library/Frameworks/CoreData.framework/Versions/A/CoreData
0x0000000005cb8000 	/System/Library/PrivateFrameworks/RemoteViewServices.framework/Versions/A/RemoteViewServices
0x0000000005cb8000 	/System/Library/PrivateFrameworks/UIFoundation.framework/Versions/A/UIFoundation
0x0000000005cb8000 	/System/Library/Frameworks/IOSurface.framework/Versions/A/IOSurface
0x0000000005cb8000 	/System/Library/Frameworks/AudioToolbox.framework/Versions/A/AudioToolbox
0x0000000005cb8000 	/System/Library/Frameworks/AudioUnit.framework/Versions/A/AudioUnit
0x0000000005cb8000 	/System/Library/PrivateFrameworks/DataDetectorsCore.framework/Versions/A/DataDetectorsCore
0x0000000005cb8000 	/System/Library/PrivateFrameworks/DesktopServicesPriv.framework/Versions/A/DesktopServicesPriv
0x0000000005cb8000 	/System/Library/Frameworks/Carbon.framework/Versions/A/Frameworks/HIToolbox.framework/Versions/A/HIToolbox
0x0000000005cb8000 	/System/Library/Frameworks/QuartzCore.framework/Versions/A/QuartzCore
0x0000000005cb8000 	/System/Library/Frameworks/Carbon.framework/Versions/A/Frameworks/SpeechRecognition.framework/Versions/A/SpeechRecognition
0x0000000005cb8000 	/usr/lib/libauto.dylib
0x0000000005cb8000 	/usr/lib/libicucore.A.dylib
0x0000000005cb8000 	/usr/lib/libxml2.2.dylib
0x0000000005cb8000 	/System/Library/PrivateFrameworks/CoreUI.framework/Versions/A/CoreUI
0x0000000005cb8000 	/System/Library/Frameworks/CoreAudio.framework/Versions/A/CoreAudio
0x0000000005cb8000 	/System/Library/Frameworks/DiskArbitration.framework/Versions/A/DiskArbitration
0x0000000005cb8000 	/usr/lib/liblangid.dylib
0x0000000005cb8000 	/System/Library/PrivateFrameworks/MultitouchSupport.framework/Versions/A/MultitouchSupport
0x0000000005cb8000 	/System/Library/Frameworks/IOKit.framework/Versions/A/IOKit
0x0000000005cb8000 	/usr/lib/libDiagnosticMessagesClient.dylib
0x0000000005cb8000 	/System/Library/Frameworks/CoreServices.framework/Versions/A/CoreServices
0x0000000005cb8000 	/System/Library/PrivateFrameworks/PerformanceAnalysis.framework/Versions/A/PerformanceAnalysis
0x0000000005cb8000 	/System/Library/PrivateFrameworks/GenerationalStorage.framework/Versions/A/GenerationalStorage
0x0000000005cb8000 	/System/Library/Frameworks/OpenGL.framework/Versions/A/OpenGL
0x0000000005cb8000 	/System/Library/PrivateFrameworks/Sharing.framework/Versions/A/Sharing
0x0000000005cb8000 	/System/Library/Frameworks/CoreGraphics.framework/Versions/A/CoreGraphics
0x0000000005cb8000 	/System/Library/Frameworks/CoreText.framework/Versions/A/CoreText
0x0000000005cb8000 	/System/Library/Frameworks/ImageIO.framework/Versions/A/ImageIO
0x0000000005cb8000 	/usr/lib/libextension.dylib
0x0000000005cb8000 	/System/Library/PrivateFrameworks/Backup.framework/Versions/A/Backup
0x0000000005cb8000 	/usr/lib/libarchive.2.dylib
0x0000000005cb8000 	/System/Library/Frameworks/CFNetwork.framework/Versions/A/CFNetwork
0x0000000005cb8000 	/System/Library/Frameworks/SystemConfiguration.framework/Versions/A/SystemConfiguration
0x0000000005cb8000 	/usr/lib/libCRFSuite.dylib
0x0000000005cb8000 	/usr/lib/libc++.1.dylib
0x0000000005cb8000 	/usr/lib/libc++abi.dylib
0x0000000005cb8000 	/usr/lib/system/libcache.dylib
0x0000000005cb8000 	/usr/lib/system/libcommonCrypto.dylib
0x0000000005cb8000 	/usr/lib/system/libcompiler_rt.dylib
0x0000000005cb8000 	/usr/lib/system/libcopyfile.dylib
0x0000000005cb8000 	/usr/lib/system/libcorecrypto.dylib
0x0000000005cb8000 	/usr/lib/system/libdispatch.dylib
0x0000000005cb8000 	/usr/lib/system/libdyld.dylib
0x0000000005cb8000 	/usr/lib/system/libkeymgr.dylib
0x0000000005cb8000 	/usr/lib/system/liblaunch.dylib
0x0000000005cb8000 	/usr/lib/system/libmacho.dylib
0x0000000005cb8000 	/usr/lib/system/libquarantine.dylib
0x0000000005cb8000 	/usr/lib/system/libremovefile.dylib
0x0000000005cb8000 	/usr/lib/system/libsystem_asl.dylib
0x0000000005cb8000 	/usr/lib/system/libsystem_blocks.dylib
0x0000000005cb8000 	/usr/lib/system/libsystem_c.dylib
0x0000000005cb8000 	/usr/lib/system/libsystem_configuration.dylib
0x0000000005cb8000 	/usr/lib/system/libsystem_coreservices.dylib
0x0000000005cb8000 	/usr/lib/system/libsystem_coretls.dylib
0x0000000005cb8000 	/usr/lib/system/libsystem_dnssd.dylib
0x0000000005cb8000 	/usr/lib/system/libsystem_info.dylib
0x0000000005cb8000 	/usr/lib/system/libsystem_kernel.dylib
0x0000000005cb8000 	/usr/lib/system/libsystem_m.dylib
0x0000000005cb8000 	/usr/lib/system/libsystem_malloc.dylib
0x0000000005cb8000 	/usr/lib/system/libsystem_network.dylib
0x0000000005cb8000 	/usr/lib/system/libsystem_networkextension.dylib
0x0000000005cb8000 	/usr/lib/system/libsystem_notify.dylib
0x0000000005cb8000 	/usr/lib/system/libsystem_platform.dylib
0x0000000005cb8000 	/usr/lib/system/libsystem_pthread.dylib
0x0000000005cb8000 	/usr/lib/system/libsystem_sandbox.dylib
0x0000000005cb8000 	/usr/lib/system/libsystem_secinit.dylib
0x0000000005cb8000 	/usr/lib/system/libsystem_stats.dylib
0x0000000005cb8000 	/usr/lib/system/libsystem_trace.dylib
0x0000000005cb8000 	/usr/lib/system/libunc.dylib
0x0000000005cb8000 	/usr/lib/system/libunwind.dylib
0x0000000005cb8000 	/usr/lib/system/libxpc.dylib
0x0000000005cb8000 	/usr/lib/libbz2.1.0.dylib
0x0000000005cb8000 	/usr/lib/liblzma.5.dylib
0x0000000005cb8000 	/usr/lib/libbsm.0.dylib
0x0000000005cb8000 	/usr/lib/libsqlite3.dylib
0x0000000005cb8000 	/usr/lib/system/libkxld.dylib
0x0000000005cb8000 	/usr/lib/libxar.1.dylib
0x0000000005cb8000 	/usr/lib/libpam.2.dylib
0x0000000005cb8000 	/usr/lib/libOpenScriptingUtil.dylib
0x0000000005cb8000 	/System/Library/Frameworks/CoreServices.framework/Versions/A/Frameworks/FSEvents.framework/Versions/A/FSEvents
0x0000000005cb8000 	/System/Library/Frameworks/CoreServices.framework/Versions/A/Frameworks/CarbonCore.framework/Versions/A/CarbonCore
0x0000000005cb8000 	/System/Library/Frameworks/CoreServices.framework/Versions/A/Frameworks/Metadata.framework/Versions/A/Metadata
0x0000000005cb8000 	/System/Library/Frameworks/CoreServices.framework/Versions/A/Frameworks/OSServices.framework/Versions/A/OSServices
0x0000000005cb8000 	/System/Library/Frameworks/CoreServices.framework/Versions/A/Frameworks/SearchKit.framework/Versions/A/SearchKit
0x0000000005cb8000 	/System/Library/Frameworks/CoreServices.framework/Versions/A/Frameworks/AE.framework/Versions/A/AE
0x0000000005cb8000 	/System/Library/Frameworks/CoreServices.framework/Versions/A/Frameworks/LaunchServices.framework/Versions/A/LaunchServices
0x0000000005cb8000 	/System/Library/Frameworks/CoreServices.framework/Versions/A/Frameworks/DictionaryServices.framework/Versions/A/DictionaryServices
0x0000000005cb8000 	/System/Library/Frameworks/NetFS.framework/Versions/A/NetFS
0x0000000005cb8000 	/System/Library/PrivateFrameworks/NetAuth.framework/Versions/A/NetAuth
0x0000000005cb8000 	/System/Library/PrivateFrameworks/login.framework/Versions/A/Frameworks/loginsupport.framework/Versions/A/loginsupport
0x0000000005cb8000 	/System/Library/PrivateFrameworks/TCC.framework/Versions/A/TCC
0x0000000005cb8000 	/usr/lib/libmecabra.dylib
0x0000000005cb8000 	/System/Library/Frameworks/ApplicationServices.framework/Versions/A/Frameworks/ATS.framework/Versions/A/ATS
0x0000000005cb8000 	/System/Library/Frameworks/ApplicationServices.framework/Versions/A/Frameworks/ColorSync.framework/Versions/A/ColorSync
0x0000000005cb8000 	/System/Library/Frameworks/ApplicationServices.framework/Versions/A/Frameworks/HIServices.framework/Versions/A/HIServices
0x0000000005cb8000 	/System/Library/Frameworks/ApplicationServices.framework/Versions/A/Frameworks/LangAnalysis.framework/Versions/A/LangAnalysis
0x0000000005cb8000 	/System/Library/Frameworks/ApplicationServices.framework/Versions/A/Frameworks/PrintCore.framework/Versions/A/PrintCore
0x0000000005cb8000 	/System/Library/Frameworks/ApplicationServices.framework/Versions/A/Frameworks/QD.framework/Versions/A/QD
0x0000000005cb8000 	/System/Library/Frameworks/ApplicationServices.framework/Versions/A/Frameworks/SpeechSynthesis.framework/Versions/A/SpeechSynthesis
0x0000000005cb8000 	/System/Library/Frameworks/Accelerate.framework/Versions/A/Accelerate
0x0000000005cb8000 	/System/Library/Frameworks/Accelerate.framework/Versions/A/Frameworks/vImage.framework/Versions/A/vImage
0x0000000005cb8000 	/System/Library/Frameworks/Accelerate.framework/Versions/A/Frameworks/vecLib.framework/Versions/A/vecLib
0x0000000005cb8000 	/System/Library/Frameworks/Accelerate.framework/Versions/A/Frameworks/vecLib.framework/Versions/A/libvDSP.dylib
0x0000000005cb8000 	/System/Library/Frameworks/Accelerate.framework/Versions/A/Frameworks/vecLib.framework/Versions/A/libvMisc.dylib
0x0000000005cb8000 	/System/Library/Frameworks/Accelerate.framework/Versions/A/Frameworks/vecLib.framework/Versions/A/libLAPACK.dylib
0x0000000005cb8000 	/System/Library/Frameworks/Accelerate.framework/Versions/A/Frameworks/vecLib.framework/Versions/A/libBLAS.dylib
0x0000000005cb8000 	/System/Library/Frameworks/Accelerate.framework/Versions/A/Frameworks/vecLib.framework/Versions/A/libLinearAlgebra.dylib
0x0000000005cb8000 	/System/Library/Frameworks/ApplicationServices.framework/Versions/A/Frameworks/ATS.framework/Versions/A/Resources/libFontParser.dylib
0x0000000005cb8000 	/System/Library/Frameworks/ApplicationServices.framework/Versions/A/Frameworks/ATS.framework/Versions/A/Resources/libFontRegistry.dylib
0x0000000005cb8000 	/System/Library/PrivateFrameworks/AppleVPA.framework/Versions/A/AppleVPA
0x0000000005cb8000 	/System/Library/PrivateFrameworks/AppleJPEG.framework/Versions/A/AppleJPEG
0x0000000005cb8000 	/System/Library/Frameworks/ImageIO.framework/Versions/A/Resources/libJPEG.dylib
0x0000000005cb8000 	/System/Library/Frameworks/ImageIO.framework/Versions/A/Resources/libTIFF.dylib
0x0000000005cb8000 	/System/Library/Frameworks/ImageIO.framework/Versions/A/Resources/libPng.dylib
0x0000000005cb8000 	/System/Library/Frameworks/ImageIO.framework/Versions/A/Resources/libGIF.dylib
0x0000000005cb8000 	/System/Library/Frameworks/ImageIO.framework/Versions/A/Resources/libJP2.dylib
0x0000000005cb8000 	/System/Library/Frameworks/ImageIO.framework/Versions/A/Resources/libRadiance.dylib
0x0000000005cb8000 	/System/Library/Frameworks/CoreVideo.framework/Versions/A/CoreVideo
0x0000000005cb8000 	/System/Library/Frameworks/OpenGL.framework/Versions/A/Libraries/libGLU.dylib
0x0000000005cb8000 	/System/Library/Frameworks/OpenGL.framework/Versions/A/Libraries/libGFXShared.dylib
0x0000000005cb8000 	/System/Library/Frameworks/OpenGL.framework/Versions/A/Libraries/libGL.dylib
0x0000000005cb8000 	/System/Library/Frameworks/OpenGL.framework/Versions/A/Libraries/libGLImage.dylib
0x0000000005cb8000 	/System/Library/Frameworks/OpenGL.framework/Versions/A/Libraries/libCVMSPluginSupport.dylib
0x0000000005cb8000 	/System/Library/Frameworks/OpenGL.framework/Versions/A/Libraries/libCoreVMClient.dylib
0x0000000005cb8000 	/usr/lib/libcups.2.dylib
0x0000000005cb8000 	/System/Library/Frameworks/Kerberos.framework/Versions/A/Kerberos
0x0000000005cb8000 	/System/Library/Frameworks/GSS.framework/Versions/A/GSS
0x0000000005cb8000 	/usr/lib/libresolv.9.dylib
0x0000000005cb8000 	/usr/lib/libiconv.2.dylib
0x0000000005cb8000 	/System/Library/PrivateFrameworks/Heimdal.framework/Versions/A/Heimdal
0x0000000005cb8000 	/usr/lib/libheimdal-asn1.dylib
0x0000000005cb8000 	/System/Library/Frameworks/OpenDirectory.framework/Versions/A/OpenDirectory
0x0000000005cb8000 	/System/Library/PrivateFrameworks/CommonAuth.framework/Versions/A/CommonAuth
0x0000000005cb8000 	/System/Library/Frameworks/OpenDirectory.framework/Versions/A/Frameworks/CFOpenDirectory.framework/Versions/A/CFOpenDirectory
0x0000000005cb8000 	/System/Library/Frameworks/SecurityFoundation.framework/Versions/A/SecurityFoundation
0x0000000005cb8000 	/System/Library/PrivateFrameworks/LanguageModeling.framework/Versions/A/LanguageModeling
0x0000000005cb8000 	/usr/lib/libcmph.dylib
0x0000000005cb8000 	/System/Library/Frameworks/ServiceManagement.framework/Versions/A/ServiceManagement
0x0000000005cb8000 	/usr/lib/libxslt.1.dylib
0x0000000005cb8000 	/System/Library/Frameworks/Carbon.framework/Versions/A/Frameworks/Ink.framework/Versions/A/Ink
0x0000000005cb8000 	/System/Library/Frameworks/QuartzCore.framework/Versions/A/Frameworks/CoreImage.framework/Versions/A/CoreImage
0x0000000005cb8000 	/System/Library/PrivateFrameworks/CrashReporterSupport.framework/Versions/A/CrashReporterSupport
0x0000000005cb8000 	/System/Library/Frameworks/OpenCL.framework/Versions/A/OpenCL
0x0000000005cb8000 	/System/Library/PrivateFrameworks/FaceCore.framework/Versions/A/FaceCore
0x0000000005cb8000 	/System/Library/PrivateFrameworks/Ubiquity.framework/Versions/A/Ubiquity
0x0000000005cb8000 	/System/Library/PrivateFrameworks/IconServices.framework/Versions/A/IconServices
0x0000000005cb8000 	/System/Library/PrivateFrameworks/ChunkingLibrary.framework/Versions/A/ChunkingLibrary
0x0000000005cb8000 	/System/Library/PrivateFrameworks/Apple80211.framework/Versions/A/Apple80211
0x0000000005cb8000 	/System/Library/Frameworks/CoreWLAN.framework/Versions/A/CoreWLAN
0x0000000005cb8000 	/System/Library/Frameworks/IOBluetooth.framework/Versions/A/IOBluetooth
0x0000000005cb8000 	/System/Library/PrivateFrameworks/CoreWiFi.framework/Versions/A/CoreWiFi
0x0000000005cb8000 	/System/Library/Frameworks/CoreBluetooth.framework/Versions/A/CoreBluetooth
0x0000000005cb8000 	/System/Library/PrivateFrameworks/DebugSymbols.framework/Versions/A/DebugSymbols
0x0000000005cb8000 	/System/Library/PrivateFrameworks/CoreSymbolication.framework/Versions/A/CoreSymbolication
0x0000000005cb8000 	/System/Library/PrivateFrameworks/Symbolication.framework/Versions/A/Symbolication
0x0000000005cb8000 	/System/Library/PrivateFrameworks/SpeechRecognitionCore.framework/Versions/A/SpeechRecognitionCore
0x0000000102c00000 	/Library/Java/JavaVirtualMachines/jdk1.8.0_45.jdk/Contents/Home/jre/lib/server/libjvm.dylib
0x0000000005cb8000 	/usr/lib/libstdc++.6.dylib
0x0000000102383000 	/Library/Java/JavaVirtualMachines/jdk1.8.0_45.jdk/Contents/Home/jre/lib/libverify.dylib
0x0000000102391000 	/Library/Java/JavaVirtualMachines/jdk1.8.0_45.jdk/Contents/Home/jre/lib/libjava.dylib
0x00000001023d0000 	/Library/Java/JavaVirtualMachines/jdk1.8.0_45.jdk/Contents/Home/jre/lib/libzip.dylib
0x0000000119cc3000 	/System/Library/Frameworks/JavaVM.framework/Frameworks/JavaRuntimeSupport.framework/JavaRuntimeSupport
0x0000000119cd9000 	/System/Library/Frameworks/JavaVM.framework/Versions/A/Frameworks/JavaNativeFoundation.framework/Versions/A/JavaNativeFoundation
0x0000000119ced000 	/System/Library/Frameworks/JavaVM.framework/Versions/A/JavaVM
0x0000000005cb8000 	/System/Library/Frameworks/Carbon.framework/Versions/A/Carbon
0x0000000119cf9000 	/System/Library/PrivateFrameworks/JavaLaunching.framework/Versions/A/JavaLaunching
0x0000000005cb8000 	/System/Library/Frameworks/Carbon.framework/Versions/A/Frameworks/CommonPanels.framework/Versions/A/CommonPanels
0x0000000005cb8000 	/System/Library/Frameworks/Carbon.framework/Versions/A/Frameworks/Help.framework/Versions/A/Help
0x0000000005cb8000 	/System/Library/Frameworks/Carbon.framework/Versions/A/Frameworks/ImageCapture.framework/Versions/A/ImageCapture
0x0000000005cb8000 	/System/Library/Frameworks/Carbon.framework/Versions/A/Frameworks/OpenScripting.framework/Versions/A/OpenScripting
0x0000000005cb8000 	/System/Library/Frameworks/Carbon.framework/Versions/A/Frameworks/Print.framework/Versions/A/Print
0x0000000005cb8000 	/System/Library/Frameworks/Carbon.framework/Versions/A/Frameworks/SecurityHI.framework/Versions/A/SecurityHI
0x000000011bc86000 	/Applications/IntelliJ IDEA 14 CE.app/Contents/bin/libbreakgen64.jnilib
0x000000011be22000 	/Library/Java/JavaVirtualMachines/jdk1.8.0_45.jdk/Contents/Home/jre/lib/libnet.dylib
0x000000011c087000 	/Library/Java/JavaVirtualMachines/jdk1.8.0_45.jdk/Contents/Home/jre/lib/libprism_es2.dylib
0x0000000005cb8000 	/System/Library/Frameworks/OpenGL.framework/Versions/A/Resources/GLEngine.bundle/GLEngine
0x0000000005cb8000 	/System/Library/Frameworks/OpenGL.framework/Versions/A/Libraries/libGLProgrammability.dylib
0x000000011c109000 	/System/Library/Extensions/AppleIntelHD5000GraphicsGLDriver.bundle/Contents/MacOS/AppleIntelHD5000GraphicsGLDriver
0x0000000005cb8000 	/System/Library/PrivateFrameworks/IOAccelerator.framework/Versions/A/IOAccelerator
0x0000000005cb8000 	/System/Library/PrivateFrameworks/GPUSupport.framework/Versions/A/Libraries/libGPUSupportMercury.dylib
0x0000000005cb8000 	/System/Library/Frameworks/OpenGL.framework/Versions/A/Resources/GLRendererFloat.bundle/GLRendererFloat
0x0000000005cb8000 	/System/Library/Frameworks/OpenCL.framework/Versions/A/Libraries/libcldcpuengine.dylib
0x0000000005cb8000 	/System/Library/PrivateFrameworks/DiskImages.framework/Versions/A/DiskImages
0x0000000005cb8000 	/System/Library/Frameworks/DiscRecording.framework/Versions/A/DiscRecording
0x0000000005cb8000 	/usr/lib/libcsfde.dylib
0x0000000005cb8000 	/usr/lib/libcurl.4.dylib
0x0000000005cb8000 	/System/Library/PrivateFrameworks/MediaKit.framework/Versions/A/MediaKit
0x0000000005cb8000 	/System/Library/PrivateFrameworks/ProtectedCloudStorage.framework/Versions/A/ProtectedCloudStorage
0x0000000005cb8000 	/usr/lib/libCoreStorage.dylib
0x0000000005cb8000 	/System/Library/PrivateFrameworks/EFILogin.framework/Versions/A/EFILogin
0x0000000005cb8000 	/usr/lib/libutil.dylib
0x0000000005cb8000 	/System/Library/PrivateFrameworks/FindMyDevice.framework/Versions/A/FindMyDevice
0x0000000005cb8000 	/System/Library/Frameworks/LDAP.framework/Versions/A/LDAP
0x0000000005cb8000 	/usr/lib/libsasl2.2.dylib
0x0000000005cb8000 	/System/Library/PrivateFrameworks/CoreDaemon.framework/Versions/B/CoreDaemon
0x0000000005cb8000 	/usr/lib/libcrypto.0.9.8.dylib
0x0000000005cb8000 	/System/Library/PrivateFrameworks/AppleSRP.framework/Versions/A/AppleSRP
0x0000000005cb8000 	/System/Library/PrivateFrameworks/TrustEvaluationAgent.framework/Versions/A/TrustEvaluationAgent
0x000000011cca3000 	/Library/Java/JavaVirtualMachines/jdk1.8.0_45.jdk/Contents/Home/jre/lib/libglass.dylib
0x0000000005cb8000 	/System/Library/PrivateFrameworks/CoreServicesInternal.framework/Versions/A/CoreServicesInternal
0x0000000005cb8000 	/System/Library/PrivateFrameworks/CloudDocs.framework/Versions/A/CloudDocs
0x0000000005cb8000 	/System/Library/PrivateFrameworks/CoreDuet.framework/Versions/A/CoreDuet
0x0000000005cb8000 	/System/Library/Frameworks/CloudKit.framework/Versions/A/CloudKit
0x0000000005cb8000 	/System/Library/PrivateFrameworks/ProtocolBuffer.framework/Versions/A/ProtocolBuffer
0x0000000005cb8000 	/System/Library/PrivateFrameworks/CoreDuetDaemonProtocol.framework/Versions/A/CoreDuetDaemonProtocol
0x0000000005cb8000 	/System/Library/PrivateFrameworks/CoreDuetDebugLogging.framework/Versions/A/CoreDuetDebugLogging
0x0000000005cb8000 	/System/Library/PrivateFrameworks/MMCS.framework/Versions/A/MMCS
0x0000000005cb8000 	/System/Library/Frameworks/CoreLocation.framework/Versions/A/CoreLocation
0x0000000005cb8000 	/System/Library/PrivateFrameworks/GeoServices.framework/Versions/A/GeoServices
0x0000000005cb8000 	/System/Library/Frameworks/CoreGraphics.framework/Versions/A/Resources/libCGCMS.A.dylib
0x0000000005cb8000 	/System/Library/CoreServices/RawCamera.bundle/Contents/MacOS/RawCamera
0x0000000005cb8000 	/System/Library/Frameworks/CoreGraphics.framework/Versions/A/Resources/libRIP.A.dylib
0x0000000005cb8000 	/System/Library/PrivateFrameworks/FamilyControls.framework/Versions/A/FamilyControls
0x0000000005cb8000 	/System/Library/PrivateFrameworks/CommerceKit.framework/Versions/A/Frameworks/CommerceCore.framework/Versions/A/CommerceCore
0x0000000005cb8000 	/System/Library/PrivateFrameworks/SystemAdministration.framework/Versions/A/SystemAdministration
0x0000000005cb8000 	/System/Library/PrivateFrameworks/AppContainer.framework/Versions/A/AppContainer
0x0000000005cb8000 	/System/Library/PrivateFrameworks/SecCodeWrapper.framework/Versions/A/SecCodeWrapper
0x0000000005cb8000 	/System/Library/Frameworks/DirectoryService.framework/Versions/A/DirectoryService
0x0000000005cb8000 	/System/Library/PrivateFrameworks/LoginUIKit.framework/Versions/A/Frameworks/LoginUICore.framework/Versions/A/LoginUICore
0x0000000005cb8000 	/usr/lib/libodfde.dylib
0x0000000120ee2000 	/Library/Java/JavaVirtualMachines/jdk1.8.0_45.jdk/Contents/Home/jre/lib/libjavafx_font.dylib
0x0000000005cb8000 	/System/Library/Frameworks/CoreGraphics.framework/Versions/A/Resources/libCGXType.A.dylib
0x000000012393d000 	cl_kernels
0x000000012393f000 	/System/Library/Frameworks/OpenCL.framework/Versions/A/Libraries/ImageFormats/unorm8_bgra.dylib
0x000000012392f000 	cl_kernels
0x0000000123e8b000 	/Library/Java/JavaVirtualMachines/jdk1.8.0_45.jdk/Contents/Home/jre/lib/libprism_common.dylib
0x0000000119d2d000 	/Library/Java/JavaVirtualMachines/jdk1.8.0_45.jdk/Contents/Home/jre/lib/libjavafx_iio.dylib

VM Arguments:
jvm_args: -Didea.launcher.port=7532 -Didea.launcher.bin.path=/Applications/IntelliJ IDEA 14 CE.app/Contents/bin -Dfile.encoding=UTF-8 
java_command: com.intellij.rt.execution.application.AppMain sample.Main
java_class_path (initial): /Library/Java/JavaVirtualMachines/jdk1.8.0_45.jdk/Contents/Home/lib/ant-javafx.jar:/Library/Java/JavaVirtualMachines/jdk1.8.0_45.jdk/Contents/Home/lib/dt.jar:/Library/Java/JavaVirtualMachines/jdk1.8.0_45.jdk/Contents/Home/lib/javafx-mx.jar:/Library/Java/JavaVirtualMachines/jdk1.8.0_45.jdk/Contents/Home/lib/jconsole.jar:/Library/Java/JavaVirtualMachines/jdk1.8.0_45.jdk/Contents/Home/lib/packager.jar:/Library/Java/JavaVirtualMachines/jdk1.8.0_45.jdk/Contents/Home/lib/sa-jdi.jar:/Library/Java/JavaVirtualMachines/jdk1.8.0_45.jdk/Contents/Home/lib/tools.jar:/Library/Java/JavaVirtualMachines/jdk1.8.0_45.jdk/Contents/Home/jre/lib/charsets.jar:/Library/Java/JavaVirtualMachines/jdk1.8.0_45.jdk/Contents/Home/jre/lib/deploy.jar:/Library/Java/JavaVirtualMachines/jdk1.8.0_45.jdk/Contents/Home/jre/lib/javaws.jar:/Library/Java/JavaVirtualMachines/jdk1.8.0_45.jdk/Contents/Home/jre/lib/jce.jar:/Library/Java/JavaVirtualMachines/jdk1.8.0_45.jdk/Contents/Home/jre/lib/jfr.jar:/Library/Java/JavaVirtualMachines/jdk1.8.0_45.jdk/Contents/Home/jre/lib/jfxswt.jar:/Library/Java/JavaVirtualMachines/jdk1.8.0_45.jdk/Contents/Home/jre/lib/jsse.jar:/Library/Java/JavaVirtualMachines/jdk1.8.0_45.jdk/Contents/Home/jre/lib/management-agent.jar:/Library/Java/JavaVirtualMachines/jdk1.8.0_45.jdk/Contents/Home/jre/lib/plugin.jar:/Library/Java/JavaVirtualMachines/jdk1.8.0_45.jdk/Contents/Home/jre/lib/resources.jar:/Library/Java/JavaVirtualMachines/jdk1.8.0_45.jdk/Contents/Home/jre/lib/rt.jar:/Library/Java/JavaVirtualMachines/jdk1.8.0_45.jdk/Contents/Home/jre/lib/ext/cldrdata.jar:/Library/Java/JavaVirtualMachines/jdk1.8.0_45.jdk/Contents/Home/jre/lib/ext/dnsns.jar:/Library/Java/JavaVirtualMachines/jdk1.8.0_45.jdk/Contents/Home/jre/lib/ext/jfxrt.jar:/Library/Java/JavaVirtualMachines/jdk1.8.0_45.jdk/Contents/Home/jre/lib/ext/localedata.jar:/Library/Java/JavaVirtualMachines/jdk1.8.0_45.jdk/Contents/Home/jre/lib/ext/nashorn.jar:/Library/Java/JavaVirtualMachines/jdk1.8.0_45.jdk/Conten
Launcher Type: SUN_STANDARD

Environment Variables:
PATH=/usr/local/bin:/usr/bin:/bin:/usr/sbin:/sbin:/usr/local/git/bin
SHELL=/bin/bash

Signal Handlers:
SIGSEGV: [libjvm.dylib+0x58ef95], sa_mask[0]=11111111011111110111111111111111, sa_flags=SA_ONSTACK|SA_RESTART|SA_SIGINFO
SIGBUS: [libjvm.dylib+0x58ef95], sa_mask[0]=11111111011111110111111111111111, sa_flags=SA_RESTART|SA_SIGINFO
SIGFPE: [libjvm.dylib+0x46c108], sa_mask[0]=11111111011111110111111111111111, sa_flags=SA_RESTART|SA_SIGINFO
SIGPIPE: [libjvm.dylib+0x46c108], sa_mask[0]=11111111011111110111111111111111, sa_flags=SA_RESTART|SA_SIGINFO
SIGXFSZ: [libjvm.dylib+0x46c108], sa_mask[0]=11111111011111110111111111111111, sa_flags=SA_RESTART|SA_SIGINFO
SIGILL: [libjvm.dylib+0x46c108], sa_mask[0]=11111111011111110111111111111111, sa_flags=SA_RESTART|SA_SIGINFO
SIGUSR1: SIG_DFL, sa_mask[0]=00000000000000000000000000000000, sa_flags=none
SIGUSR2: [libjvm.dylib+0x46bc26], sa_mask[0]=00100000000000000000000000000000, sa_flags=SA_RESTART|SA_SIGINFO
SIGHUP: [libjvm.dylib+0x46a1f9], sa_mask[0]=11111111011111110111111111111111, sa_flags=SA_RESTART|SA_SIGINFO
SIGINT: [libjvm.dylib+0x46a1f9], sa_mask[0]=11111111011111110111111111111111, sa_flags=SA_RESTART|SA_SIGINFO
SIGTERM: [libjvm.dylib+0x46a1f9], sa_mask[0]=11111111011111110111111111111111, sa_flags=SA_RESTART|SA_SIGINFO
SIGQUIT: [libjvm.dylib+0x46a1f9], sa_mask[0]=11111111011111110111111111111111, sa_flags=SA_RESTART|SA_SIGINFO


---------------  S Y S T E M  ---------------

OS:Bsduname:Darwin 14.5.0 Darwin Kernel Version 14.5.0: Wed Jul 29 02:26:53 PDT 2015; root:xnu-2782.40.9~1/RELEASE_X86_64 x86_64
rlimit: STACK 8192k, CORE 0k, NPROC 709, NOFILE 10240, AS infinity
load average:3.25 2.59 2.43

CPU:total 4 (2 cores per cpu, 2 threads per core) family 6 model 69 stepping 1, cmov, cx8, fxsr, mmx, sse, sse2, sse3, ssse3, sse4.1, sse4.2, popcnt, avx, avx2, aes, clmul, erms, lzcnt, ht, tsc, tscinvbit, bmi1, bmi2

Memory: 4k page, physical 8388608k(900584k free)

/proc/meminfo:


vm_info: Java HotSpot(TM) 64-Bit Server VM (25.45-b02) for bsd-amd64 JRE (1.8.0_45-b14), built on Apr 10 2015 10:46:38 by "java_re" with gcc 4.2.1 (Based on Apple Inc. build 5658) (LLVM build 2336.11.00)

time: Thu Oct 15 12:30:49 2015
elapsed time: 139 seconds (0d 0h 2m 19s)

