#
# A fatal error has been detected by the Java Runtime Environment:
#
#  SIGSEGV (0xb) at pc=0x0000000128d9158d, pid=4501, tid=1811
#
# JRE version: Java(TM) SE Runtime Environment (8.0_45-b14) (build 1.8.0_45-b14)
# Java VM: Java HotSpot(TM) 64-Bit Server VM (25.45-b02 mixed mode bsd-amd64 compressed oops)
# Problematic frame:
# C  [libglass.dylib+0x1558d]  GlassScreenDidChangeScreenParameters+0x9d
#
# Failed to write core dump. Core dumps have been disabled. To enable core dumping, try "ulimit -c unlimited" before starting Java again
#
# If you would like to submit a bug report, please visit:
#   http://bugreport.java.com/bugreport/crash.jsp
#

---------------  T H R E A D  ---------------

Current thread is native thread

siginfo: si_signo: 11 (SIGSEGV), si_code: 1 (SEGV_MAPERR), si_addr: 0x0000000000000000

Registers:
RAX=0x0000000128dc3bc0, RBX=0x0000000000000000, RCX=0xd600622401586436, RDX=0x00007fcb09eb8300
RSP=0x00007fff57ece810, RBP=0x00007fff57ece820, RSI=0x00007fcb0c103b88, RDI=0x0000000000000000
R8 =0x00007fff57ece6c0, R9 =0x00007fff7aa81300, R10=0x0000000000000000, R11=0x0000000000000246
R12=0x00007fcb09e14790, R13=0x00000000000f426a, R14=0x00007fcb09c796c0, R15=0x00007fff57ece960
RIP=0x0000000128d9158d, EFLAGS=0x0000000000010206, ERR=0x0000000000000004
  TRAPNO=0x000000000000000e

Top of Stack: (sp=0x00007fff57ece810)
0x00007fff57ece810:   00007fff57ece9f0 00007fcb09c796c0
0x00007fff57ece820:   00007fff57ece830 00007fff982d945c
0x00007fff57ece830:   00007fff57eceb90 00007fff981c9634
0x00007fff57ece840:   00007fff57ece890 0000000000001400
0x00007fff57ece850:   00007fff7b99bed0 00007fcb10391990
0x00007fff57ece860:   0000000000001002 0000000000000bb8
0x00007fff57ece870:   00007fcb10391990 00007fcb09c796c0
0x00007fff57ece880:   0000000000000000 00007fff57ece960
0x00007fff57ece890:   0000000000000000 00007fcb09c79680
0x00007fff57ece8a0:   00007fff57ece9e0 000000000000007d
0x00007fff57ece8b0:   00000000000f44b5 00007fcb09c61c20
0x00007fff57ece8c0:   00007fcb09e4ded0 00007fcb09e14790
0x00007fff57ece8d0:   0000000000000001 00000000000f426a
0x00007fff57ece8e0:   00007fcb09e14780 00007fff9101ab90
0x00007fff57ece8f0:   0000000000000001 0000000000000001
0x00007fff57ece900:   0000000000000030 0000000000000001
0x00007fff57ece910:   00007fff57ece930 00007fff9101b546
0x00007fff57ece920:   00007fff7b999fb0 0000000000000000
0x00007fff57ece930:   00007fff57ece950 0000000000000000
0x00007fff57ece940:   00165d030000060f 00007fcb09e147b4
0x00007fff57ece950:   0000000000000000 00007fff981bf10f
0x00007fff57ece960:   00007fcb09c796c0 00007fff7b999fb0
0x00007fff57ece970:   00007fff57ece9f0 00007fff981c7c3f
0x00007fff57ece980:   00007fff57ece9fc 00007fff57ecea00
0x00007fff57ece990:   0000000107d4ca00 0000000000000002
0x00007fff57ece9a0:   0000000107d49000 00007fcb09cc7f92
0x00007fff57ece9b0:   0000000000000003 0000000107d4de00
0x00007fff57ece9c0:   00007fff57eceab0 00007fff91017b36
0x00007fff57ece9d0:   00007fcb09e4db20 00007fff57eceb98
0x00007fff57ece9e0:   0000000000000017 0000000000000000
0x00007fff57ece9f0:   00000000000f426a 00007fff981bf403
0x00007fff57ecea00:   00007fff00000000 00007fcb09c42550 

Instructions: (pc=0x0000000128d9158d)
0x0000000128d9156d:   89 df 4c 89 f1 41 ff 90 68 04 00 00 48 8d 05 48
0x0000000128d9157d:   25 03 00 48 8b 30 48 8d 05 36 26 03 00 48 8b 10
0x0000000128d9158d:   48 8b 0b 30 c0 48 89 df ff 91 68 04 00 00 48 8b
0x0000000128d9159d:   03 48 89 df ff 50 78 48 85 c0 74 36 49 89 c6 48 

Register to memory mapping:

RAX=0x0000000128dc3bc0: jScreenNotifySettingsChanged+0 in /Library/Java/JavaVirtualMachines/jdk1.8.0_45.jdk/Contents/Home/jre/lib/libglass.dylib at 0x0000000128d7c000
RBX=0x0000000000000000 is an unknown value
RCX=0xd600622401586436 is an unknown value
RDX=0x00007fcb09eb8300 is an unknown value
RSP=0x00007fff57ece810 is an unknown value
RBP=0x00007fff57ece820 is an unknown value
RSI=0x00007fcb0c103b88 is a global jni handle
RDI=0x0000000000000000 is an unknown value
R8 =0x00007fff57ece6c0 is an unknown value
R9 =0x00007fff7aa81300: _thread+0 in /usr/lib/system/libsystem_pthread.dylib at 0x00007fff925d7000
R10=0x0000000000000000 is an unknown value
R11=0x0000000000000246 is an unknown value
R12=0x00007fcb09e14790 is an unknown value
R13=0x00000000000f426a is an unknown value
R14=0x00007fcb09c796c0 is an unknown value
R15=0x00007fff57ece960 is an unknown value


Stack: [0x00007fff576d2000,0x00007fff57ed2000],  sp=0x00007fff57ece810,  free space=8178k
Native frames: (J=compiled Java code, j=interpreted, Vv=VM code, C=native code)
C  [libglass.dylib+0x1558d]  GlassScreenDidChangeScreenParameters+0x9d
C  [CoreFoundation+0x12045c]  __CFNOTIFICATIONCENTER_IS_CALLING_OUT_TO_AN_OBSERVER__+0xc
C  [CoreFoundation+0x10634]  _CFXNotificationPost+0xc44
C  [Foundation+0x7aa1]  -[NSNotificationCenter postNotificationName:object:userInfo:]+0x42
C  [AppKit+0x40de7e]  -[NSApplication _reactToScreenInvalidationImmediately:]+0x17b
C  [AppKit+0x40dcc7]  __44-[NSApplication _reactToScreenInvalidation:]_block_invoke+0x4b
C  [CoreFoundation+0x808ec]  __CFRUNLOOP_IS_CALLING_OUT_TO_A_BLOCK__+0xc
C  [CoreFoundation+0x729f5]  __CFRunLoopDoBlocks+0x155
C  [CoreFoundation+0x72536]  __CFRunLoopRun+0x716
C  [CoreFoundation+0x71bd8]  CFRunLoopRunSpecific+0x128
C  [java+0x6490]  CreateExecutionEnvironment+0x367
C  [java+0x221c]  JLI_Launch+0x7a0
C  [java+0x84ed]  main+0x65
C  [java+0x1a74]  start+0x34


---------------  P R O C E S S  ---------------

VM state:at safepoint (normal execution)

VM Mutex/Monitor currently owned by a thread:  ([mutex/lock_event])
[0x00007fcb0c102650] Threads_lock - owner thread: 0x00007fcb0b002800
[0x00007fcb0c102b50] Heap_lock - owner thread: 0x00007fcb0a012800

Heap:
 PSYoungGen      total 76288K, used 43917K [0x000000076ab00000, 0x0000000770000000, 0x00000007c0000000)
  eden space 65536K, 50% used [0x000000076ab00000,0x000000076cb65858,0x000000076eb00000)
  from space 10752K, 99% used [0x000000076eb00000,0x000000076f57dd90,0x000000076f580000)
  to   space 10752K, 0% used [0x000000076f580000,0x000000076f580000,0x0000000770000000)
 ParOldGen       total 175104K, used 2136K [0x00000006c0000000, 0x00000006cab00000, 0x000000076ab00000)
  object space 175104K, 1% used [0x00000006c0000000,0x00000006c0216030,0x00000006cab00000)
 Metaspace       used 18772K, capacity 19720K, committed 19968K, reserved 1067008K
  class space    used 2552K, capacity 2797K, committed 2816K, reserved 1048576K

Card table byte_map: [0x0000000119329000,0x0000000119b2a000] byte_map_base: 0x0000000115d29000

Marking Bits: (ParMarkBitMap*) 0x00000001098c27a0
 Begin Bits: [0x000000011a898000, 0x000000011e898000)
 End Bits:   [0x000000011e898000, 0x0000000122898000)

Polling page: 0x0000000107f8a000

CodeCache: size=245760Kb used=12193Kb max_used=12305Kb free=233566Kb
 bounds [0x0000000109f69000, 0x000000010abb9000, 0x0000000118f69000]
 total_blobs=4412 nmethods=3745 adapters=578
 compilation: enabled

Compilation events (10 events):
Event: 134.615 Thread 0x00007fcb0d007800 3969       3       java.lang.invoke.MethodHandles$Lookup::getDirectMethodNoSecurityManager (12 bytes)
Event: 134.615 Thread 0x00007fcb0d007800 nmethod 3969 0x000000010a269e50 code [0x000000010a269fc0, 0x000000010a26a168]
Event: 134.615 Thread 0x00007fcb0d007800 3970       3       java.lang.invoke.MethodHandleNatives::linkCallSite (65 bytes)
Event: 134.616 Thread 0x00007fcb0d007800 nmethod 3970 0x000000010a07fed0 code [0x000000010a080080, 0x000000010a080668]
Event: 134.616 Thread 0x00007fcb0d007800 3971       3       java.lang.invoke.MethodHandleNatives::linkCallSiteImpl (44 bytes)
Event: 134.616 Thread 0x00007fcb0d007800 nmethod 3971 0x000000010a121ed0 code [0x000000010a1220a0, 0x000000010a1227f8]
Event: 134.616 Thread 0x00007fcb0d007800 3972       3       java.lang.invoke.ConstantCallSite::<init> (11 bytes)
Event: 134.616 Thread 0x00007fcb0d007800 nmethod 3972 0x000000010a39a490 code [0x000000010a39a600, 0x000000010a39a8d0]
Event: 134.616 Thread 0x00007fcb0d007800 3973       3       java.lang.invoke.MemberName::<init> (47 bytes)
Event: 134.616 Thread 0x00007fcb0d007800 nmethod 3973 0x000000010a20da50 code [0x000000010a20dc00, 0x000000010a20dfd8]

GC Heap History (2 events):
Event: 12.447 GC heap before
{Heap before GC invocations=1 (full 0):
 PSYoungGen      total 76288K, used 65536K [0x000000076ab00000, 0x0000000770000000, 0x00000007c0000000)
  eden space 65536K, 100% used [0x000000076ab00000,0x000000076eb00000,0x000000076eb00000)
  from space 10752K, 0% used [0x000000076f580000,0x000000076f580000,0x0000000770000000)
  to   space 10752K, 0% used [0x000000076eb00000,0x000000076eb00000,0x000000076f580000)
 ParOldGen       total 175104K, used 0K [0x00000006c0000000, 0x00000006cab00000, 0x000000076ab00000)
  object space 175104K, 0% used [0x00000006c0000000,0x00000006c0000000,0x00000006cab00000)
 Metaspace       used 17909K, capacity 18700K, committed 18944K, reserved 1064960K
  class space    used 2504K, capacity 2702K, committed 2816K, reserved 1048576K
Event: 12.458 GC heap after
Heap after GC invocations=1 (full 0):
 PSYoungGen      total 76288K, used 10743K [0x000000076ab00000, 0x0000000770000000, 0x00000007c0000000)
  eden space 65536K, 0% used [0x000000076ab00000,0x000000076ab00000,0x000000076eb00000)
  from space 10752K, 99% used [0x000000076eb00000,0x000000076f57dd90,0x000000076f580000)
  to   space 10752K, 0% used [0x000000076f580000,0x000000076f580000,0x0000000770000000)
 ParOldGen       total 175104K, used 2136K [0x00000006c0000000, 0x00000006cab00000, 0x000000076ab00000)
  object space 175104K, 1% used [0x00000006c0000000,0x00000006c0216030,0x00000006cab00000)
 Metaspace       used 17909K, capacity 18700K, committed 18944K, reserved 1064960K
  class space    used 2504K, capacity 2702K, committed 2816K, reserved 1048576K
}

Deoptimization events (10 events):
Event: 12.608 Thread 0x00007fcb0a90b000 Uncommon trap: reason=bimorphic action=maybe_recompile pc=0x000000010a59d11c method=com.sun.javafx.css.SimpleSelector.applies(Ljavafx/css/Styleable;)Z @ 95
Event: 12.609 Thread 0x00007fcb0a90b000 Uncommon trap: reason=class_check action=maybe_recompile pc=0x000000010a4164f0 method=javafx.scene.CssStyleHelper.lookup(Ljavafx/css/Styleable;Ljavafx/css/CssMetaData;Lcom/sun/javafx/css/StyleMap;Ljava/util/Set;Ljavafx/css/Styleable;Lcom/sun/javafx/css/Ca
Event: 12.609 Thread 0x00007fcb0a90b000 Uncommon trap: reason=class_check action=maybe_recompile pc=0x000000010a72a81c method=javafx.scene.Scene.getRoot()Ljavafx/scene/Parent; @ 18
Event: 15.560 Thread 0x00007fcb0a90b000 Uncommon trap: reason=unstable_if action=reinterpret pc=0x000000010a973674 method=javafx.scene.Node.impl_pickNode(Lcom/sun/javafx/geom/PickRay;Lcom/sun/javafx/scene/input/PickResultChooser;)V @ 11
Event: 15.560 Thread 0x00007fcb0a90b000 Uncommon trap: reason=unstable_if action=reinterpret pc=0x000000010a96aba8 method=javafx.scene.Node.impl_pickNode(Lcom/sun/javafx/geom/PickRay;Lcom/sun/javafx/scene/input/PickResultChooser;)V @ 11
Event: 15.570 Thread 0x00007fcb0a90b000 Uncommon trap: reason=unstable_if action=reinterpret pc=0x000000010a6e81fc method=com.sun.javafx.css.ParsedValueImpl.containsFontRelativeSize(Ljavafx/css/ParsedValue;Z)Z @ 56
Event: 15.669 Thread 0x00007fcb0e01f800 Uncommon trap: reason=unstable_if action=reinterpret pc=0x000000010a9562fc method=com.sun.javafx.geom.transform.AffineBase.updateState2D()V @ 95
Event: 15.701 Thread 0x00007fcb0e01f800 Uncommon trap: reason=unstable_if action=reinterpret pc=0x000000010a9b3f0c method=com.sun.javafx.geom.transform.AffineBase.updateState2D()V @ 95
Event: 16.401 Thread 0x00007fcb0e01f800 Uncommon trap: reason=unstable_if action=reinterpret pc=0x000000010a97de10 method=com.sun.javafx.geom.transform.AffineBase.updateState2D()V @ 95
Event: 34.038 Thread 0x00007fcb0a90b000 Uncommon trap: reason=unstable_if action=reinterpret pc=0x000000010a9881e4 method=javafx.scene.CssStyleHelper.transitionToState(Ljavafx/scene/Node;)V @ 513

Internal exceptions (10 events):
Event: 12.407 Thread 0x00007fcb0a90b000 Exception <a 'java/io/FileNotFoundException'> (0x000000076e5d6668) thrown at [/Users/java_re/workspace/8-2-build-macosx-x86_64/jdk8u45/3457/hotspot/src/share/vm/prims/jni.cpp, line 709]
Event: 12.414 Thread 0x00007fcb0a90b000 Exception <a 'java/io/FileNotFoundException'> (0x000000076e5ee218) thrown at [/Users/java_re/workspace/8-2-build-macosx-x86_64/jdk8u45/3457/hotspot/src/share/vm/prims/jni.cpp, line 709]
Event: 12.421 Thread 0x00007fcb0a90b000 Exception <a 'java/io/FileNotFoundException'> (0x000000076e8af040) thrown at [/Users/java_re/workspace/8-2-build-macosx-x86_64/jdk8u45/3457/hotspot/src/share/vm/prims/jni.cpp, line 709]
Event: 12.428 Thread 0x00007fcb0a90b000 Exception <a 'java/io/FileNotFoundException'> (0x000000076e947d68) thrown at [/Users/java_re/workspace/8-2-build-macosx-x86_64/jdk8u45/3457/hotspot/src/share/vm/prims/jni.cpp, line 709]
Event: 12.435 Thread 0x00007fcb0a90b000 Exception <a 'java/io/FileNotFoundException'> (0x000000076e9e0b10) thrown at [/Users/java_re/workspace/8-2-build-macosx-x86_64/jdk8u45/3457/hotspot/src/share/vm/prims/jni.cpp, line 709]
Event: 12.462 Thread 0x00007fcb0a90b000 Exception <a 'java/io/FileNotFoundException'> (0x000000076ab412f0) thrown at [/Users/java_re/workspace/8-2-build-macosx-x86_64/jdk8u45/3457/hotspot/src/share/vm/prims/jni.cpp, line 709]
Event: 12.469 Thread 0x00007fcb0a90b000 Exception <a 'java/io/FileNotFoundException'> (0x000000076ab58ac8) thrown at [/Users/java_re/workspace/8-2-build-macosx-x86_64/jdk8u45/3457/hotspot/src/share/vm/prims/jni.cpp, line 709]
Event: 12.476 Thread 0x00007fcb0a90b000 Exception <a 'java/io/FileNotFoundException'> (0x000000076ab701f8) thrown at [/Users/java_re/workspace/8-2-build-macosx-x86_64/jdk8u45/3457/hotspot/src/share/vm/prims/jni.cpp, line 709]
Event: 12.485 Thread 0x00007fcb0a90b000 Exception <a 'java/io/FileNotFoundException'> (0x000000076abb7500) thrown at [/Users/java_re/workspace/8-2-build-macosx-x86_64/jdk8u45/3457/hotspot/src/share/vm/prims/jni.cpp, line 709]
Event: 12.501 Thread 0x00007fcb0a90b000 Exception <a 'java/io/FileNotFoundException'> (0x000000076b1331c0) thrown at [/Users/java_re/workspace/8-2-build-macosx-x86_64/jdk8u45/3457/hotspot/src/share/vm/prims/jni.cpp, line 709]

Events (10 events):
Event: 134.617 Thread 0x00007fcb0b802800 Thread exited: 0x00007fcb0b802800
Event: 134.617 Thread 0x00007fcb0a012800 Thread added: 0x00007fcb0a012800
Event: 134.617 Thread 0x00007fcb0a90b000 Thread exited: 0x00007fcb0a90b000
Event: 134.617 loading class java/util/IdentityHashMap$KeySet
Event: 134.617 loading class java/util/IdentityHashMap$KeySet done
Event: 134.617 loading class java/util/IdentityHashMap$KeyIterator
Event: 134.617 loading class java/util/IdentityHashMap$IdentityHashMapIterator
Event: 134.617 loading class java/util/IdentityHashMap$IdentityHashMapIterator done
Event: 134.617 loading class java/util/IdentityHashMap$KeyIterator done
Event: 134.617 Thread 0x00007fcb0a012800 Thread exited: 0x00007fcb0a012800


Dynamic libraries:
0x00000000095b5000 	/System/Library/Frameworks/Cocoa.framework/Versions/A/Cocoa
0x00000000095b5000 	/System/Library/Frameworks/Security.framework/Versions/A/Security
0x00000000095b5000 	/System/Library/Frameworks/ApplicationServices.framework/Versions/A/ApplicationServices
0x00000000095b5000 	/usr/lib/libz.1.dylib
0x00000000095b5000 	/usr/lib/libSystem.B.dylib
0x00000000095b5000 	/usr/lib/libobjc.A.dylib
0x00000000095b5000 	/System/Library/Frameworks/CoreFoundation.framework/Versions/A/CoreFoundation
0x00000000095b5000 	/System/Library/Frameworks/Foundation.framework/Versions/C/Foundation
0x00000000095b5000 	/System/Library/Frameworks/AppKit.framework/Versions/C/AppKit
0x00000000095b5000 	/System/Library/Frameworks/CoreData.framework/Versions/A/CoreData
0x00000000095b5000 	/System/Library/PrivateFrameworks/RemoteViewServices.framework/Versions/A/RemoteViewServices
0x00000000095b5000 	/System/Library/PrivateFrameworks/UIFoundation.framework/Versions/A/UIFoundation
0x00000000095b5000 	/System/Library/Frameworks/IOSurface.framework/Versions/A/IOSurface
0x00000000095b5000 	/System/Library/Frameworks/AudioToolbox.framework/Versions/A/AudioToolbox
0x00000000095b5000 	/System/Library/Frameworks/AudioUnit.framework/Versions/A/AudioUnit
0x00000000095b5000 	/System/Library/PrivateFrameworks/DataDetectorsCore.framework/Versions/A/DataDetectorsCore
0x00000000095b5000 	/System/Library/PrivateFrameworks/DesktopServicesPriv.framework/Versions/A/DesktopServicesPriv
0x00000000095b5000 	/System/Library/Frameworks/Carbon.framework/Versions/A/Frameworks/HIToolbox.framework/Versions/A/HIToolbox
0x00000000095b5000 	/System/Library/Frameworks/QuartzCore.framework/Versions/A/QuartzCore
0x00000000095b5000 	/System/Library/Frameworks/Carbon.framework/Versions/A/Frameworks/SpeechRecognition.framework/Versions/A/SpeechRecognition
0x00000000095b5000 	/usr/lib/libauto.dylib
0x00000000095b5000 	/usr/lib/libicucore.A.dylib
0x00000000095b5000 	/usr/lib/libxml2.2.dylib
0x00000000095b5000 	/System/Library/PrivateFrameworks/CoreUI.framework/Versions/A/CoreUI
0x00000000095b5000 	/System/Library/Frameworks/CoreAudio.framework/Versions/A/CoreAudio
0x00000000095b5000 	/System/Library/Frameworks/DiskArbitration.framework/Versions/A/DiskArbitration
0x00000000095b5000 	/usr/lib/liblangid.dylib
0x00000000095b5000 	/System/Library/PrivateFrameworks/MultitouchSupport.framework/Versions/A/MultitouchSupport
0x00000000095b5000 	/System/Library/Frameworks/IOKit.framework/Versions/A/IOKit
0x00000000095b5000 	/usr/lib/libDiagnosticMessagesClient.dylib
0x00000000095b5000 	/System/Library/Frameworks/CoreServices.framework/Versions/A/CoreServices
0x00000000095b5000 	/System/Library/PrivateFrameworks/PerformanceAnalysis.framework/Versions/A/PerformanceAnalysis
0x00000000095b5000 	/System/Library/PrivateFrameworks/GenerationalStorage.framework/Versions/A/GenerationalStorage
0x00000000095b5000 	/System/Library/Frameworks/OpenGL.framework/Versions/A/OpenGL
0x00000000095b5000 	/System/Library/PrivateFrameworks/Sharing.framework/Versions/A/Sharing
0x00000000095b5000 	/System/Library/Frameworks/CoreGraphics.framework/Versions/A/CoreGraphics
0x00000000095b5000 	/System/Library/Frameworks/CoreText.framework/Versions/A/CoreText
0x00000000095b5000 	/System/Library/Frameworks/ImageIO.framework/Versions/A/ImageIO
0x00000000095b5000 	/usr/lib/libextension.dylib
0x00000000095b5000 	/System/Library/PrivateFrameworks/Backup.framework/Versions/A/Backup
0x00000000095b5000 	/usr/lib/libarchive.2.dylib
0x00000000095b5000 	/System/Library/Frameworks/CFNetwork.framework/Versions/A/CFNetwork
0x00000000095b5000 	/System/Library/Frameworks/SystemConfiguration.framework/Versions/A/SystemConfiguration
0x00000000095b5000 	/usr/lib/libCRFSuite.dylib
0x00000000095b5000 	/usr/lib/libc++.1.dylib
0x00000000095b5000 	/usr/lib/libc++abi.dylib
0x00000000095b5000 	/usr/lib/system/libcache.dylib
0x00000000095b5000 	/usr/lib/system/libcommonCrypto.dylib
0x00000000095b5000 	/usr/lib/system/libcompiler_rt.dylib
0x00000000095b5000 	/usr/lib/system/libcopyfile.dylib
0x00000000095b5000 	/usr/lib/system/libcorecrypto.dylib
0x00000000095b5000 	/usr/lib/system/libdispatch.dylib
0x00000000095b5000 	/usr/lib/system/libdyld.dylib
0x00000000095b5000 	/usr/lib/system/libkeymgr.dylib
0x00000000095b5000 	/usr/lib/system/liblaunch.dylib
0x00000000095b5000 	/usr/lib/system/libmacho.dylib
0x00000000095b5000 	/usr/lib/system/libquarantine.dylib
0x00000000095b5000 	/usr/lib/system/libremovefile.dylib
0x00000000095b5000 	/usr/lib/system/libsystem_asl.dylib
0x00000000095b5000 	/usr/lib/system/libsystem_blocks.dylib
0x00000000095b5000 	/usr/lib/system/libsystem_c.dylib
0x00000000095b5000 	/usr/lib/system/libsystem_configuration.dylib
0x00000000095b5000 	/usr/lib/system/libsystem_coreservices.dylib
0x00000000095b5000 	/usr/lib/system/libsystem_coretls.dylib
0x00000000095b5000 	/usr/lib/system/libsystem_dnssd.dylib
0x00000000095b5000 	/usr/lib/system/libsystem_info.dylib
0x00000000095b5000 	/usr/lib/system/libsystem_kernel.dylib
0x00000000095b5000 	/usr/lib/system/libsystem_m.dylib
0x00000000095b5000 	/usr/lib/system/libsystem_malloc.dylib
0x00000000095b5000 	/usr/lib/system/libsystem_network.dylib
0x00000000095b5000 	/usr/lib/system/libsystem_networkextension.dylib
0x00000000095b5000 	/usr/lib/system/libsystem_notify.dylib
0x00000000095b5000 	/usr/lib/system/libsystem_platform.dylib
0x00000000095b5000 	/usr/lib/system/libsystem_pthread.dylib
0x00000000095b5000 	/usr/lib/system/libsystem_sandbox.dylib
0x00000000095b5000 	/usr/lib/system/libsystem_secinit.dylib
0x00000000095b5000 	/usr/lib/system/libsystem_stats.dylib
0x00000000095b5000 	/usr/lib/system/libsystem_trace.dylib
0x00000000095b5000 	/usr/lib/system/libunc.dylib
0x00000000095b5000 	/usr/lib/system/libunwind.dylib
0x00000000095b5000 	/usr/lib/system/libxpc.dylib
0x00000000095b5000 	/usr/lib/libbz2.1.0.dylib
0x00000000095b5000 	/usr/lib/liblzma.5.dylib
0x00000000095b5000 	/usr/lib/libbsm.0.dylib
0x00000000095b5000 	/usr/lib/libsqlite3.dylib
0x00000000095b5000 	/usr/lib/system/libkxld.dylib
0x00000000095b5000 	/usr/lib/libxar.1.dylib
0x00000000095b5000 	/usr/lib/libpam.2.dylib
0x00000000095b5000 	/usr/lib/libOpenScriptingUtil.dylib
0x00000000095b5000 	/System/Library/Frameworks/CoreServices.framework/Versions/A/Frameworks/FSEvents.framework/Versions/A/FSEvents
0x00000000095b5000 	/System/Library/Frameworks/CoreServices.framework/Versions/A/Frameworks/CarbonCore.framework/Versions/A/CarbonCore
0x00000000095b5000 	/System/Library/Frameworks/CoreServices.framework/Versions/A/Frameworks/Metadata.framework/Versions/A/Metadata
0x00000000095b5000 	/System/Library/Frameworks/CoreServices.framework/Versions/A/Frameworks/OSServices.framework/Versions/A/OSServices
0x00000000095b5000 	/System/Library/Frameworks/CoreServices.framework/Versions/A/Frameworks/SearchKit.framework/Versions/A/SearchKit
0x00000000095b5000 	/System/Library/Frameworks/CoreServices.framework/Versions/A/Frameworks/AE.framework/Versions/A/AE
0x00000000095b5000 	/System/Library/Frameworks/CoreServices.framework/Versions/A/Frameworks/LaunchServices.framework/Versions/A/LaunchServices
0x00000000095b5000 	/System/Library/Frameworks/CoreServices.framework/Versions/A/Frameworks/DictionaryServices.framework/Versions/A/DictionaryServices
0x00000000095b5000 	/System/Library/Frameworks/NetFS.framework/Versions/A/NetFS
0x00000000095b5000 	/System/Library/PrivateFrameworks/NetAuth.framework/Versions/A/NetAuth
0x00000000095b5000 	/System/Library/PrivateFrameworks/login.framework/Versions/A/Frameworks/loginsupport.framework/Versions/A/loginsupport
0x00000000095b5000 	/System/Library/PrivateFrameworks/TCC.framework/Versions/A/TCC
0x00000000095b5000 	/usr/lib/libmecabra.dylib
0x00000000095b5000 	/System/Library/Frameworks/ApplicationServices.framework/Versions/A/Frameworks/ATS.framework/Versions/A/ATS
0x00000000095b5000 	/System/Library/Frameworks/ApplicationServices.framework/Versions/A/Frameworks/ColorSync.framework/Versions/A/ColorSync
0x00000000095b5000 	/System/Library/Frameworks/ApplicationServices.framework/Versions/A/Frameworks/HIServices.framework/Versions/A/HIServices
0x00000000095b5000 	/System/Library/Frameworks/ApplicationServices.framework/Versions/A/Frameworks/LangAnalysis.framework/Versions/A/LangAnalysis
0x00000000095b5000 	/System/Library/Frameworks/ApplicationServices.framework/Versions/A/Frameworks/PrintCore.framework/Versions/A/PrintCore
0x00000000095b5000 	/System/Library/Frameworks/ApplicationServices.framework/Versions/A/Frameworks/QD.framework/Versions/A/QD
0x00000000095b5000 	/System/Library/Frameworks/ApplicationServices.framework/Versions/A/Frameworks/SpeechSynthesis.framework/Versions/A/SpeechSynthesis
0x00000000095b5000 	/System/Library/Frameworks/Accelerate.framework/Versions/A/Accelerate
0x00000000095b5000 	/System/Library/Frameworks/Accelerate.framework/Versions/A/Frameworks/vImage.framework/Versions/A/vImage
0x00000000095b5000 	/System/Library/Frameworks/Accelerate.framework/Versions/A/Frameworks/vecLib.framework/Versions/A/vecLib
0x00000000095b5000 	/System/Library/Frameworks/Accelerate.framework/Versions/A/Frameworks/vecLib.framework/Versions/A/libvDSP.dylib
0x00000000095b5000 	/System/Library/Frameworks/Accelerate.framework/Versions/A/Frameworks/vecLib.framework/Versions/A/libvMisc.dylib
0x00000000095b5000 	/System/Library/Frameworks/Accelerate.framework/Versions/A/Frameworks/vecLib.framework/Versions/A/libLAPACK.dylib
0x00000000095b5000 	/System/Library/Frameworks/Accelerate.framework/Versions/A/Frameworks/vecLib.framework/Versions/A/libBLAS.dylib
0x00000000095b5000 	/System/Library/Frameworks/Accelerate.framework/Versions/A/Frameworks/vecLib.framework/Versions/A/libLinearAlgebra.dylib
0x00000000095b5000 	/System/Library/Frameworks/ApplicationServices.framework/Versions/A/Frameworks/ATS.framework/Versions/A/Resources/libFontParser.dylib
0x00000000095b5000 	/System/Library/Frameworks/ApplicationServices.framework/Versions/A/Frameworks/ATS.framework/Versions/A/Resources/libFontRegistry.dylib
0x00000000095b5000 	/System/Library/PrivateFrameworks/AppleVPA.framework/Versions/A/AppleVPA
0x00000000095b5000 	/System/Library/PrivateFrameworks/AppleJPEG.framework/Versions/A/AppleJPEG
0x00000000095b5000 	/System/Library/Frameworks/ImageIO.framework/Versions/A/Resources/libJPEG.dylib
0x00000000095b5000 	/System/Library/Frameworks/ImageIO.framework/Versions/A/Resources/libTIFF.dylib
0x00000000095b5000 	/System/Library/Frameworks/ImageIO.framework/Versions/A/Resources/libPng.dylib
0x00000000095b5000 	/System/Library/Frameworks/ImageIO.framework/Versions/A/Resources/libGIF.dylib
0x00000000095b5000 	/System/Library/Frameworks/ImageIO.framework/Versions/A/Resources/libJP2.dylib
0x00000000095b5000 	/System/Library/Frameworks/ImageIO.framework/Versions/A/Resources/libRadiance.dylib
0x00000000095b5000 	/System/Library/Frameworks/CoreVideo.framework/Versions/A/CoreVideo
0x00000000095b5000 	/System/Library/Frameworks/OpenGL.framework/Versions/A/Libraries/libGLU.dylib
0x00000000095b5000 	/System/Library/Frameworks/OpenGL.framework/Versions/A/Libraries/libGFXShared.dylib
0x00000000095b5000 	/System/Library/Frameworks/OpenGL.framework/Versions/A/Libraries/libGL.dylib
0x00000000095b5000 	/System/Library/Frameworks/OpenGL.framework/Versions/A/Libraries/libGLImage.dylib
0x00000000095b5000 	/System/Library/Frameworks/OpenGL.framework/Versions/A/Libraries/libCVMSPluginSupport.dylib
0x00000000095b5000 	/System/Library/Frameworks/OpenGL.framework/Versions/A/Libraries/libCoreVMClient.dylib
0x00000000095b5000 	/usr/lib/libcups.2.dylib
0x00000000095b5000 	/System/Library/Frameworks/Kerberos.framework/Versions/A/Kerberos
0x00000000095b5000 	/System/Library/Frameworks/GSS.framework/Versions/A/GSS
0x00000000095b5000 	/usr/lib/libresolv.9.dylib
0x00000000095b5000 	/usr/lib/libiconv.2.dylib
0x00000000095b5000 	/System/Library/PrivateFrameworks/Heimdal.framework/Versions/A/Heimdal
0x00000000095b5000 	/usr/lib/libheimdal-asn1.dylib
0x00000000095b5000 	/System/Library/Frameworks/OpenDirectory.framework/Versions/A/OpenDirectory
0x00000000095b5000 	/System/Library/PrivateFrameworks/CommonAuth.framework/Versions/A/CommonAuth
0x00000000095b5000 	/System/Library/Frameworks/OpenDirectory.framework/Versions/A/Frameworks/CFOpenDirectory.framework/Versions/A/CFOpenDirectory
0x00000000095b5000 	/System/Library/Frameworks/SecurityFoundation.framework/Versions/A/SecurityFoundation
0x00000000095b5000 	/System/Library/PrivateFrameworks/LanguageModeling.framework/Versions/A/LanguageModeling
0x00000000095b5000 	/usr/lib/libcmph.dylib
0x00000000095b5000 	/System/Library/Frameworks/ServiceManagement.framework/Versions/A/ServiceManagement
0x00000000095b5000 	/usr/lib/libxslt.1.dylib
0x00000000095b5000 	/System/Library/Frameworks/Carbon.framework/Versions/A/Frameworks/Ink.framework/Versions/A/Ink
0x00000000095b5000 	/System/Library/Frameworks/QuartzCore.framework/Versions/A/Frameworks/CoreImage.framework/Versions/A/CoreImage
0x00000000095b5000 	/System/Library/PrivateFrameworks/CrashReporterSupport.framework/Versions/A/CrashReporterSupport
0x00000000095b5000 	/System/Library/Frameworks/OpenCL.framework/Versions/A/OpenCL
0x00000000095b5000 	/System/Library/PrivateFrameworks/FaceCore.framework/Versions/A/FaceCore
0x00000000095b5000 	/System/Library/PrivateFrameworks/Ubiquity.framework/Versions/A/Ubiquity
0x00000000095b5000 	/System/Library/PrivateFrameworks/IconServices.framework/Versions/A/IconServices
0x00000000095b5000 	/System/Library/PrivateFrameworks/ChunkingLibrary.framework/Versions/A/ChunkingLibrary
0x00000000095b5000 	/System/Library/PrivateFrameworks/Apple80211.framework/Versions/A/Apple80211
0x00000000095b5000 	/System/Library/Frameworks/CoreWLAN.framework/Versions/A/CoreWLAN
0x00000000095b5000 	/System/Library/Frameworks/IOBluetooth.framework/Versions/A/IOBluetooth
0x00000000095b5000 	/System/Library/PrivateFrameworks/CoreWiFi.framework/Versions/A/CoreWiFi
0x00000000095b5000 	/System/Library/Frameworks/CoreBluetooth.framework/Versions/A/CoreBluetooth
0x00000000095b5000 	/System/Library/PrivateFrameworks/DebugSymbols.framework/Versions/A/DebugSymbols
0x00000000095b5000 	/System/Library/PrivateFrameworks/CoreSymbolication.framework/Versions/A/CoreSymbolication
0x00000000095b5000 	/System/Library/PrivateFrameworks/Symbolication.framework/Versions/A/Symbolication
0x00000000095b5000 	/System/Library/PrivateFrameworks/SpeechRecognitionCore.framework/Versions/A/SpeechRecognitionCore
0x0000000109000000 	/Library/Java/JavaVirtualMachines/jdk1.8.0_45.jdk/Contents/Home/jre/lib/server/libjvm.dylib
0x00000000095b5000 	/usr/lib/libstdc++.6.dylib
0x0000000107f47000 	/Library/Java/JavaVirtualMachines/jdk1.8.0_45.jdk/Contents/Home/jre/lib/libverify.dylib
0x0000000107f55000 	/Library/Java/JavaVirtualMachines/jdk1.8.0_45.jdk/Contents/Home/jre/lib/libjava.dylib
0x0000000107f94000 	/Library/Java/JavaVirtualMachines/jdk1.8.0_45.jdk/Contents/Home/jre/lib/libzip.dylib
0x0000000125aef000 	/System/Library/Frameworks/JavaVM.framework/Frameworks/JavaRuntimeSupport.framework/JavaRuntimeSupport
0x0000000125b05000 	/System/Library/Frameworks/JavaVM.framework/Versions/A/Frameworks/JavaNativeFoundation.framework/Versions/A/JavaNativeFoundation
0x0000000107fee000 	/System/Library/Frameworks/JavaVM.framework/Versions/A/JavaVM
0x00000000095b5000 	/System/Library/Frameworks/Carbon.framework/Versions/A/Carbon
0x0000000125b19000 	/System/Library/PrivateFrameworks/JavaLaunching.framework/Versions/A/JavaLaunching
0x00000000095b5000 	/System/Library/Frameworks/Carbon.framework/Versions/A/Frameworks/CommonPanels.framework/Versions/A/CommonPanels
0x00000000095b5000 	/System/Library/Frameworks/Carbon.framework/Versions/A/Frameworks/Help.framework/Versions/A/Help
0x00000000095b5000 	/System/Library/Frameworks/Carbon.framework/Versions/A/Frameworks/ImageCapture.framework/Versions/A/ImageCapture
0x00000000095b5000 	/System/Library/Frameworks/Carbon.framework/Versions/A/Frameworks/OpenScripting.framework/Versions/A/OpenScripting
0x00000000095b5000 	/System/Library/Frameworks/Carbon.framework/Versions/A/Frameworks/Print.framework/Versions/A/Print
0x00000000095b5000 	/System/Library/Frameworks/Carbon.framework/Versions/A/Frameworks/SecurityHI.framework/Versions/A/SecurityHI
0x0000000127c2c000 	/Applications/IntelliJ IDEA 14 CE.app/Contents/bin/libbreakgen64.jnilib
0x0000000127dc8000 	/Library/Java/JavaVirtualMachines/jdk1.8.0_45.jdk/Contents/Home/jre/lib/libnet.dylib
0x000000012802d000 	/Library/Java/JavaVirtualMachines/jdk1.8.0_45.jdk/Contents/Home/jre/lib/libprism_es2.dylib
0x00000000095b5000 	/System/Library/Frameworks/OpenGL.framework/Versions/A/Resources/GLEngine.bundle/GLEngine
0x00000000095b5000 	/System/Library/Frameworks/OpenGL.framework/Versions/A/Libraries/libGLProgrammability.dylib
0x00000001280af000 	/System/Library/Extensions/AppleIntelHD4000GraphicsGLDriver.bundle/Contents/MacOS/AppleIntelHD4000GraphicsGLDriver
0x00000000095b5000 	/System/Library/PrivateFrameworks/IOAccelerator.framework/Versions/A/IOAccelerator
0x00000000095b5000 	/System/Library/PrivateFrameworks/GPUSupport.framework/Versions/A/Libraries/libGPUSupportMercury.dylib
0x0000000000000000 	/System/Library/Extensions/GeForceGLDriver.bundle/Contents/MacOS/GeForceGLDriver
0x00000000095b5000 	/System/Library/Extensions/GeForceGLDriver.bundle/Contents/MacOS/libclh.dylib
0x00000000095b5000 	/System/Library/Frameworks/OpenGL.framework/Versions/A/Resources/GLRendererFloat.bundle/GLRendererFloat
0x00000000095b5000 	/System/Library/Frameworks/OpenCL.framework/Versions/A/Libraries/libcldcpuengine.dylib
0x00000000095b5000 	/System/Library/PrivateFrameworks/DiskImages.framework/Versions/A/DiskImages
0x00000000095b5000 	/System/Library/Frameworks/DiscRecording.framework/Versions/A/DiscRecording
0x00000000095b5000 	/usr/lib/libcsfde.dylib
0x00000000095b5000 	/usr/lib/libcurl.4.dylib
0x00000000095b5000 	/System/Library/PrivateFrameworks/MediaKit.framework/Versions/A/MediaKit
0x00000000095b5000 	/System/Library/PrivateFrameworks/ProtectedCloudStorage.framework/Versions/A/ProtectedCloudStorage
0x00000000095b5000 	/usr/lib/libCoreStorage.dylib
0x00000000095b5000 	/System/Library/PrivateFrameworks/EFILogin.framework/Versions/A/EFILogin
0x00000000095b5000 	/usr/lib/libutil.dylib
0x00000000095b5000 	/System/Library/PrivateFrameworks/FindMyDevice.framework/Versions/A/FindMyDevice
0x00000000095b5000 	/System/Library/Frameworks/LDAP.framework/Versions/A/LDAP
0x00000000095b5000 	/usr/lib/libsasl2.2.dylib
0x00000000095b5000 	/System/Library/PrivateFrameworks/CoreDaemon.framework/Versions/B/CoreDaemon
0x00000000095b5000 	/usr/lib/libcrypto.0.9.8.dylib
0x00000000095b5000 	/System/Library/PrivateFrameworks/AppleSRP.framework/Versions/A/AppleSRP
0x00000000095b5000 	/System/Library/PrivateFrameworks/TrustEvaluationAgent.framework/Versions/A/TrustEvaluationAgent
0x0000000128d7c000 	/Library/Java/JavaVirtualMachines/jdk1.8.0_45.jdk/Contents/Home/jre/lib/libglass.dylib
0x00000000095b5000 	/System/Library/PrivateFrameworks/CoreServicesInternal.framework/Versions/A/CoreServicesInternal
0x00000000095b5000 	/System/Library/PrivateFrameworks/CloudDocs.framework/Versions/A/CloudDocs
0x00000000095b5000 	/System/Library/PrivateFrameworks/CoreDuet.framework/Versions/A/CoreDuet
0x00000000095b5000 	/System/Library/Frameworks/CloudKit.framework/Versions/A/CloudKit
0x00000000095b5000 	/System/Library/PrivateFrameworks/ProtocolBuffer.framework/Versions/A/ProtocolBuffer
0x00000000095b5000 	/System/Library/PrivateFrameworks/CoreDuetDaemonProtocol.framework/Versions/A/CoreDuetDaemonProtocol
0x00000000095b5000 	/System/Library/PrivateFrameworks/CoreDuetDebugLogging.framework/Versions/A/CoreDuetDebugLogging
0x00000000095b5000 	/System/Library/PrivateFrameworks/MMCS.framework/Versions/A/MMCS
0x00000000095b5000 	/System/Library/Frameworks/CoreLocation.framework/Versions/A/CoreLocation
0x00000000095b5000 	/System/Library/PrivateFrameworks/GeoServices.framework/Versions/A/GeoServices
0x00000000095b5000 	/System/Library/Frameworks/CoreGraphics.framework/Versions/A/Resources/libCGCMS.A.dylib
0x00000000095b5000 	/System/Library/CoreServices/RawCamera.bundle/Contents/MacOS/RawCamera
0x00000000095b5000 	/System/Library/Frameworks/CoreGraphics.framework/Versions/A/Resources/libRIP.A.dylib
0x00000000095b5000 	/System/Library/PrivateFrameworks/FamilyControls.framework/Versions/A/FamilyControls
0x00000000095b5000 	/System/Library/PrivateFrameworks/CommerceKit.framework/Versions/A/Frameworks/CommerceCore.framework/Versions/A/CommerceCore
0x00000000095b5000 	/System/Library/PrivateFrameworks/SystemAdministration.framework/Versions/A/SystemAdministration
0x00000000095b5000 	/System/Library/PrivateFrameworks/AppContainer.framework/Versions/A/AppContainer
0x00000000095b5000 	/System/Library/PrivateFrameworks/SecCodeWrapper.framework/Versions/A/SecCodeWrapper
0x00000000095b5000 	/System/Library/Frameworks/DirectoryService.framework/Versions/A/DirectoryService
0x00000000095b5000 	/System/Library/PrivateFrameworks/LoginUIKit.framework/Versions/A/Frameworks/LoginUICore.framework/Versions/A/LoginUICore
0x00000000095b5000 	/usr/lib/libodfde.dylib
0x000000012d342000 	/Library/Java/JavaVirtualMachines/jdk1.8.0_45.jdk/Contents/Home/jre/lib/libjavafx_font.dylib
0x00000000095b5000 	/System/Library/Frameworks/CoreGraphics.framework/Versions/A/Resources/libCGXType.A.dylib
0x000000012ff76000 	cl_kernels
0x00000001304f8000 	/System/Library/Frameworks/OpenCL.framework/Versions/A/Libraries/ImageFormats/unorm8_bgra.dylib
0x000000012ff7c000 	cl_kernels
0x0000000130f33000 	/Library/Java/JavaVirtualMachines/jdk1.8.0_45.jdk/Contents/Home/jre/lib/libprism_common.dylib

VM Arguments:
jvm_args: -Didea.launcher.port=7533 -Didea.launcher.bin.path=/Applications/IntelliJ IDEA 14 CE.app/Contents/bin -Dfile.encoding=UTF-8 
java_command: com.intellij.rt.execution.application.AppMain sample.Main
java_class_path (initial): /Library/Java/JavaVirtualMachines/jdk1.8.0_45.jdk/Contents/Home/lib/ant-javafx.jar:/Library/Java/JavaVirtualMachines/jdk1.8.0_45.jdk/Contents/Home/lib/dt.jar:/Library/Java/JavaVirtualMachines/jdk1.8.0_45.jdk/Contents/Home/lib/javafx-mx.jar:/Library/Java/JavaVirtualMachines/jdk1.8.0_45.jdk/Contents/Home/lib/jconsole.jar:/Library/Java/JavaVirtualMachines/jdk1.8.0_45.jdk/Contents/Home/lib/packager.jar:/Library/Java/JavaVirtualMachines/jdk1.8.0_45.jdk/Contents/Home/lib/sa-jdi.jar:/Library/Java/JavaVirtualMachines/jdk1.8.0_45.jdk/Contents/Home/lib/tools.jar:/Library/Java/JavaVirtualMachines/jdk1.8.0_45.jdk/Contents/Home/jre/lib/charsets.jar:/Library/Java/JavaVirtualMachines/jdk1.8.0_45.jdk/Contents/Home/jre/lib/deploy.jar:/Library/Java/JavaVirtualMachines/jdk1.8.0_45.jdk/Contents/Home/jre/lib/javaws.jar:/Library/Java/JavaVirtualMachines/jdk1.8.0_45.jdk/Contents/Home/jre/lib/jce.jar:/Library/Java/JavaVirtualMachines/jdk1.8.0_45.jdk/Contents/Home/jre/lib/jfr.jar:/Library/Java/JavaVirtualMachines/jdk1.8.0_45.jdk/Contents/Home/jre/lib/jfxswt.jar:/Library/Java/JavaVirtualMachines/jdk1.8.0_45.jdk/Contents/Home/jre/lib/jsse.jar:/Library/Java/JavaVirtualMachines/jdk1.8.0_45.jdk/Contents/Home/jre/lib/management-agent.jar:/Library/Java/JavaVirtualMachines/jdk1.8.0_45.jdk/Contents/Home/jre/lib/plugin.jar:/Library/Java/JavaVirtualMachines/jdk1.8.0_45.jdk/Contents/Home/jre/lib/resources.jar:/Library/Java/JavaVirtualMachines/jdk1.8.0_45.jdk/Contents/Home/jre/lib/rt.jar:/Library/Java/JavaVirtualMachines/jdk1.8.0_45.jdk/Contents/Home/jre/lib/ext/cldrdata.jar:/Library/Java/JavaVirtualMachines/jdk1.8.0_45.jdk/Contents/Home/jre/lib/ext/dnsns.jar:/Library/Java/JavaVirtualMachines/jdk1.8.0_45.jdk/Contents/Home/jre/lib/ext/jfxrt.jar:/Library/Java/JavaVirtualMachines/jdk1.8.0_45.jdk/Contents/Home/jre/lib/ext/localedata.jar:/Library/Java/JavaVirtualMachines/jdk1.8.0_45.jdk/Contents/Home/jre/lib/ext/nashorn.jar:/Library/Java/JavaVirtualMachines/jdk1.8.0_45.jdk/Conten
Launcher Type: SUN_STANDARD

Environment Variables:
CLASSPATH=.:/Users/MacbookRetina/Desktop/OneDrive/Georgia Tech Classes/Fall 2015/cs 1332/hw1/junit-4.12.jar:/Users/MacbookRetina/Desktop/OneDrive/Georgia Tech Classes/Fall 2015/cs 1332/hw1/hamcrest-core-1.3.jar
PATH=/Library/Frameworks/Python.framework/Versions/2.7/bin:/usr/local/bin:/usr/bin:/bin:/usr/sbin:/sbin
SHELL=/bin/bash

Signal Handlers:
SIGSEGV: [libjvm.dylib+0x58ef95], sa_mask[0]=11111111011111110111111111111111, sa_flags=SA_ONSTACK|SA_RESTART|SA_SIGINFO
SIGBUS: [libjvm.dylib+0x58ef95], sa_mask[0]=11111111011111110111111111111111, sa_flags=SA_RESTART|SA_SIGINFO
SIGFPE: [libjvm.dylib+0x46c108], sa_mask[0]=11111111011111110111111111111111, sa_flags=SA_RESTART|SA_SIGINFO
SIGPIPE: [libjvm.dylib+0x46c108], sa_mask[0]=11111111011111110111111111111111, sa_flags=SA_RESTART|SA_SIGINFO
SIGXFSZ: [libjvm.dylib+0x46c108], sa_mask[0]=11111111011111110111111111111111, sa_flags=SA_RESTART|SA_SIGINFO
SIGILL: [libjvm.dylib+0x46c108], sa_mask[0]=11111111011111110111111111111111, sa_flags=SA_RESTART|SA_SIGINFO
SIGUSR1: SIG_DFL, sa_mask[0]=00000000000000000000000000000000, sa_flags=none
SIGUSR2: [libjvm.dylib+0x46bc26], sa_mask[0]=00100000000000000000000000000000, sa_flags=SA_RESTART|SA_SIGINFO
SIGHUP: [libjvm.dylib+0x46a1f9], sa_mask[0]=11111111011111110111111111111111, sa_flags=SA_RESTART|SA_SIGINFO
SIGINT: [libjvm.dylib+0x46a1f9], sa_mask[0]=11111111011111110111111111111111, sa_flags=SA_RESTART|SA_SIGINFO
SIGTERM: [libjvm.dylib+0x46a1f9], sa_mask[0]=11111111011111110111111111111111, sa_flags=SA_RESTART|SA_SIGINFO
SIGQUIT: [libjvm.dylib+0x46a1f9], sa_mask[0]=11111111011111110111111111111111, sa_flags=SA_RESTART|SA_SIGINFO


---------------  S Y S T E M  ---------------

OS:Bsduname:Darwin 14.5.0 Darwin Kernel Version 14.5.0: Wed Jul 29 02:26:53 PDT 2015; root:xnu-2782.40.9~1/RELEASE_X86_64 x86_64
rlimit: STACK 8192k, CORE 0k, NPROC 709, NOFILE 10240, AS infinity
load average:5.35 4.27 3.72

CPU:total 8 (4 cores per cpu, 2 threads per core) family 6 model 58 stepping 9, cmov, cx8, fxsr, mmx, sse, sse2, sse3, ssse3, sse4.1, sse4.2, popcnt, avx, aes, clmul, erms, ht, tsc, tscinvbit, tscinv

Memory: 4k page, physical 16777216k(1930828k free)

/proc/meminfo:


vm_info: Java HotSpot(TM) 64-Bit Server VM (25.45-b02) for bsd-amd64 JRE (1.8.0_45-b14), built on Apr 10 2015 10:46:38 by "java_re" with gcc 4.2.1 (Based on Apple Inc. build 5658) (LLVM build 2336.11.00)

time: Thu Oct 15 13:57:57 2015
elapsed time: 134 seconds (0d 0h 2m 14s)

