#
# A fatal error has been detected by the Java Runtime Environment:
#
#  SIGSEGV (0xb) at pc=0x000000011b95a58d, pid=2462, tid=1811
#
# JRE version: Java(TM) SE Runtime Environment (8.0_45-b14) (build 1.8.0_45-b14)
# Java VM: Java HotSpot(TM) 64-Bit Server VM (25.45-b02 mixed mode bsd-amd64 compressed oops)
# Problematic frame:
# C  [libglass.dylib+0x1558d]  GlassScreenDidChangeScreenParameters+0x9d
#
# Failed to write core dump. Core dumps have been disabled. To enable core dumping, try "ulimit -c unlimited" before starting Java again
#
# If you would like to submit a bug report, please visit:
#   http://bugreport.java.com/bugreport/crash.jsp
#

---------------  T H R E A D  ---------------

Current thread is native thread

siginfo: si_signo: 11 (SIGSEGV), si_code: 1 (SEGV_MAPERR), si_addr: 0x0000000000000000

Registers:
RAX=0x000000011b98cbc0, RBX=0x0000000000000000, RCX=0x4000186271e21685, RDX=0x00007fd759d6b460
RSP=0x00007fff5eced930, RBP=0x00007fff5eced940, RSI=0x00007fd759c04a38, RDI=0x0000000000000000
R8 =0x00007fff5eced7e0, R9 =0x00007fff7999f300, R10=0x0000000000000000, R11=0x0000000000000246
R12=0x00007fd759f2bd60, R13=0x00000000000f426a, R14=0x00007fd759c4fef0, R15=0x00007fff5eceda80
RIP=0x000000011b95a58d, EFLAGS=0x0000000000010206, ERR=0x0000000000000004
  TRAPNO=0x000000000000000e

Top of Stack: (sp=0x00007fff5eced930)
0x00007fff5eced930:   00007fff5ecedb10 00007fd759c4fef0
0x00007fff5eced940:   00007fff5eced950 00007fff8d4cb45c
0x00007fff5eced950:   00007fff5ecedcb0 00007fff8d3bb634
0x00007fff5eced960:   00007fff5eced9b0 0000000000000a00
0x00007fff5eced970:   00007fff796a3ed0 00007fd759d345e0
0x00007fff5eced980:   0000000000001001 0000000000000bb8
0x00007fff5eced990:   00007fd759d345e0 00007fd759c4fef0
0x00007fff5eced9a0:   0000000000000000 00007fff5eceda80
0x00007fff5eced9b0:   0000000000000000 00007fd759c501f0
0x00007fff5eced9c0:   00007fff5ecedb00 000000000000007d
0x00007fff5eced9d0:   00000000000f47e9 00007fd759f0f080
0x00007fff5eced9e0:   00007fd759c31560 00007fd759f2bd60
0x00007fff5eced9f0:   0000000000000001 00000000000f426a
0x00007fff5eceda00:   00007fd759f2bd50 00007fff8e5efb90
0x00007fff5eceda10:   0000000000000001 0000000000000001
0x00007fff5eceda20:   0000000000000030 0000000000000001
0x00007fff5eceda30:   00007fff5eceda50 00007fff8e5f0546
0x00007fff5eceda40:   00007fff796a1fb0 0000000000000000
0x00007fff5eceda50:   00007fff5eceda70 0000000000000019
0x00007fff5eceda60:   003a49035b2f6400 00007fd759f2bd84
0x00007fff5eceda70:   0000000000000000 00007fff8d3b110f
0x00007fff5eceda80:   00007fd759c4fef0 00007fff796a1fb0
0x00007fff5eceda90:   00007fff5ecedb10 00007fff8d3b9c3f
0x00007fff5ecedaa0:   00007fff5ecedb14 00000000005c0901
0x00007fff5ecedab0:   0000000100f2da00 0000000000000002
0x00007fff5ecedac0:   0000000100f2a000 00007fd759f98c72
0x00007fff5ecedad0:   0000000000000003 0000000100f2e400
0x00007fff5ecedae0:   00007fff5ecedbd0 00007fff8e5ecb36
0x00007fff5ecedaf0:   00007fd759f60e00 00007fff5ecedcb8
0x00007fff5ecedb00:   0000000000000017 0000000000000000
0x00007fff5ecedb10:   00000000000f426a 00007fff8d3b1403
0x00007fff5ecedb20:   00007fff00000000 00007fd759d37540 

Instructions: (pc=0x000000011b95a58d)
0x000000011b95a56d:   89 df 4c 89 f1 41 ff 90 68 04 00 00 48 8d 05 48
0x000000011b95a57d:   25 03 00 48 8b 30 48 8d 05 36 26 03 00 48 8b 10
0x000000011b95a58d:   48 8b 0b 30 c0 48 89 df ff 91 68 04 00 00 48 8b
0x000000011b95a59d:   03 48 89 df ff 50 78 48 85 c0 74 36 49 89 c6 48 

Register to memory mapping:

RAX=0x000000011b98cbc0: jScreenNotifySettingsChanged+0 in /Library/Java/JavaVirtualMachines/jdk1.8.0_45.jdk/Contents/Home/jre/lib/libglass.dylib at 0x000000011b945000
RBX=0x0000000000000000 is an unknown value
RCX=0x4000186271e21685 is an unknown value
RDX=0x00007fd759d6b460 is an unknown value
RSP=0x00007fff5eced930 is an unknown value
RBP=0x00007fff5eced940 is an unknown value
RSI=0x00007fd759c04a38 is a global jni handle
RDI=0x0000000000000000 is an unknown value
R8 =0x00007fff5eced7e0 is an unknown value
R9 =0x00007fff7999f300: _thread+0 in /usr/lib/system/libsystem_pthread.dylib at 0x00007fff8e923000
R10=0x0000000000000000 is an unknown value
R11=0x0000000000000246 is an unknown value
R12=0x00007fd759f2bd60 is an unknown value
R13=0x00000000000f426a is an unknown value
R14=0x00007fd759c4fef0 is an unknown value
R15=0x00007fff5eceda80 is an unknown value


Stack: [0x00007fff5e4f1000,0x00007fff5ecf1000],  sp=0x00007fff5eced930,  free space=8178k
Native frames: (J=compiled Java code, j=interpreted, Vv=VM code, C=native code)
C  [libglass.dylib+0x1558d]  GlassScreenDidChangeScreenParameters+0x9d
C  [CoreFoundation+0x12045c]  __CFNOTIFICATIONCENTER_IS_CALLING_OUT_TO_AN_OBSERVER__+0xc
C  [CoreFoundation+0x10634]  _CFXNotificationPost+0xc44
C  [Foundation+0x7aa1]  -[NSNotificationCenter postNotificationName:object:userInfo:]+0x42
C  [AppKit+0x40de7e]  -[NSApplication _reactToScreenInvalidationImmediately:]+0x17b
C  [AppKit+0x40dcc7]  __44-[NSApplication _reactToScreenInvalidation:]_block_invoke+0x4b
C  [CoreFoundation+0x808ec]  __CFRUNLOOP_IS_CALLING_OUT_TO_A_BLOCK__+0xc
C  [CoreFoundation+0x729f5]  __CFRunLoopDoBlocks+0x155
C  [CoreFoundation+0x72536]  __CFRunLoopRun+0x716
C  [CoreFoundation+0x71bd8]  CFRunLoopRunSpecific+0x128
C  [java+0x6490]  CreateExecutionEnvironment+0x367
C  [java+0x221c]  JLI_Launch+0x7a0
C  [java+0x84ed]  main+0x65
C  [java+0x1a74]  start+0x34


---------------  P R O C E S S  ---------------

VM state:not at safepoint (normal execution)

VM Mutex/Monitor currently owned by a thread: None

Heap:
 PSYoungGen      total 155648K, used 108676K [0x0000000795580000, 0x00000007a2500000, 0x00000007c0000000)
  eden space 117248K, 92% used [0x0000000795580000,0x000000079bfa1178,0x000000079c800000)
  from space 38400K, 0% used [0x000000079f400000,0x000000079f400000,0x00000007a1980000)
  to   space 45056K, 0% used [0x000000079c800000,0x000000079c800000,0x000000079f400000)
 ParOldGen       total 180736K, used 97963K [0x0000000740000000, 0x000000074b080000, 0x0000000795580000)
  object space 180736K, 54% used [0x0000000740000000,0x0000000745faade8,0x000000074b080000)
 Metaspace       used 19624K, capacity 20672K, committed 20864K, reserved 1067008K
  class space    used 2596K, capacity 2857K, committed 2944K, reserved 1048576K

Card table byte_map: [0x0000000111dc0000,0x00000001121c1000] byte_map_base: 0x000000010e3c0000

Marking Bits: (ParMarkBitMap*) 0x00000001018d07a0
 Begin Bits: [0x0000000112775000, 0x0000000114775000)
 End Bits:   [0x0000000114775000, 0x0000000116775000)

Polling page: 0x00000001020bd000

CodeCache: size=245760Kb used=15007Kb max_used=15014Kb free=230752Kb
 bounds [0x0000000102a00000, 0x00000001038d0000, 0x0000000111a00000]
 total_blobs=5029 nmethods=4351 adapters=590
 compilation: enabled

Compilation events (10 events):
Event: 179.468 Thread 0x00007fd75b807000 4939       3       jdk.internal.org.objectweb.asm.ClassWriter::visit (121 bytes)
Event: 179.468 Thread 0x00007fd75b807000 nmethod 4939 0x0000000102f4ffd0 code [0x0000000102f501c0, 0x0000000102f50898]
Event: 179.469 Thread 0x00007fd75b807000 4940       3       jdk.internal.org.objectweb.asm.ClassVisitor::<init> (35 bytes)
Event: 179.469 Thread 0x00007fd75b807000 nmethod 4940 0x0000000102f4fa10 code [0x0000000102f4fba0, 0x0000000102f4fea8]
Event: 179.469 Thread 0x00007fd75b807000 4941       3       java.lang.invoke.MemberName::<init> (47 bytes)
Event: 179.469 Thread 0x00007fd75b807000 nmethod 4941 0x0000000102ef8610 code [0x0000000102ef87c0, 0x0000000102ef8b98]
Event: 296.068 Thread 0x00007fd75b807000 4942       3       java.util.TaskQueue::rescheduleMin (16 bytes)
Event: 296.068 Thread 0x00007fd75b807000 nmethod 4942 0x0000000102f11b90 code [0x0000000102f11d00, 0x0000000102f11ec8]
Event: 296.068 Thread 0x00007fd75b807000 4943       3       java.util.TaskQueue::fixDown (108 bytes)
Event: 296.068 Thread 0x00007fd75b807000 nmethod 4943 0x00000001030bef10 code [0x00000001030bf0c0, 0x00000001030bf710]

GC Heap History (10 events):
Event: 46.590 GC heap before
{Heap before GC invocations=6 (full 1):
 PSYoungGen      total 38400K, used 5088K [0x0000000795580000, 0x000000079d180000, 0x00000007c0000000)
  eden space 33280K, 0% used [0x0000000795580000,0x0000000795580000,0x0000000797600000)
  from space 5120K, 99% used [0x0000000797600000,0x0000000797af8140,0x0000000797b00000)
  to   space 30208K, 0% used [0x000000079b400000,0x000000079b400000,0x000000079d180000)
 ParOldGen       total 414720K, used 394188K [0x0000000740000000, 0x0000000759500000, 0x0000000795580000)
  object space 414720K, 95% used [0x0000000740000000,0x00000007580f3178,0x0000000759500000)
 Metaspace       used 18768K, capacity 19728K, committed 20096K, reserved 1067008K
  class space    used 2570K, capacity 2829K, committed 2944K, reserved 1048576K
Event: 46.655 GC heap after
Heap after GC invocations=6 (full 1):
 PSYoungGen      total 38400K, used 0K [0x0000000795580000, 0x000000079d180000, 0x00000007c0000000)
  eden space 33280K, 0% used [0x0000000795580000,0x0000000795580000,0x0000000797600000)
  from space 5120K, 0% used [0x0000000797600000,0x0000000797600000,0x0000000797b00000)
  to   space 30208K, 0% used [0x000000079b400000,0x000000079b400000,0x000000079d180000)
 ParOldGen       total 117760K, used 45168K [0x0000000740000000, 0x0000000747300000, 0x0000000795580000)
  object space 117760K, 38% used [0x0000000740000000,0x0000000742c1c118,0x0000000747300000)
 Metaspace       used 18768K, capacity 19728K, committed 20096K, reserved 1067008K
  class space    used 2570K, capacity 2829K, committed 2944K, reserved 1048576K
}
Event: 64.749 GC heap before
{Heap before GC invocations=7 (full 1):
 PSYoungGen      total 38400K, used 33280K [0x0000000795580000, 0x000000079d180000, 0x00000007c0000000)
  eden space 33280K, 100% used [0x0000000795580000,0x0000000797600000,0x0000000797600000)
  from space 5120K, 0% used [0x0000000797600000,0x0000000797600000,0x0000000797b00000)
  to   space 30208K, 0% used [0x000000079b400000,0x000000079b400000,0x000000079d180000)
 ParOldGen       total 117760K, used 45168K [0x0000000740000000, 0x0000000747300000, 0x0000000795580000)
  object space 117760K, 38% used [0x0000000740000000,0x0000000742c1c118,0x0000000747300000)
 Metaspace       used 18943K, capacity 19878K, committed 20096K, reserved 1067008K
  class space    used 2574K, capacity 2832K, committed 2944K, reserved 1048576K
Event: 64.763 GC heap after
Heap after GC invocations=7 (full 1):
 PSYoungGen      total 94720K, used 22137K [0x0000000795580000, 0x000000079d380000, 0x00000007c0000000)
  eden space 64512K, 0% used [0x0000000795580000,0x0000000795580000,0x0000000799480000)
  from space 30208K, 73% used [0x000000079b400000,0x000000079c99e5f8,0x000000079d180000)
  to   space 32256K, 0% used [0x0000000799480000,0x0000000799480000,0x000000079b400000)
 ParOldGen       total 117760K, used 45176K [0x0000000740000000, 0x0000000747300000, 0x0000000795580000)
  object space 117760K, 38% used [0x0000000740000000,0x0000000742c1e118,0x0000000747300000)
 Metaspace       used 18943K, capacity 19878K, committed 20096K, reserved 1067008K
  class space    used 2574K, capacity 2832K, committed 2944K, reserved 1048576K
}
Event: 77.416 GC heap before
{Heap before GC invocations=8 (full 1):
 PSYoungGen      total 94720K, used 85957K [0x0000000795580000, 0x000000079d380000, 0x00000007c0000000)
  eden space 64512K, 98% used [0x0000000795580000,0x00000007993d2e90,0x0000000799480000)
  from space 30208K, 73% used [0x000000079b400000,0x000000079c99e5f8,0x000000079d180000)
  to   space 32256K, 0% used [0x0000000799480000,0x0000000799480000,0x000000079b400000)
 ParOldGen       total 117760K, used 45176K [0x0000000740000000, 0x0000000747300000, 0x0000000795580000)
  object space 117760K, 38% used [0x0000000740000000,0x0000000742c1e118,0x0000000747300000)
 Metaspace       used 19094K, capacity 20084K, committed 20352K, reserved 1067008K
  class space    used 2576K, capacity 2833K, committed 2944K, reserved 1048576K
Event: 77.440 GC heap after
Heap after GC invocations=8 (full 1):
 PSYoungGen      total 96768K, used 31298K [0x0000000795580000, 0x00000007a1980000, 0x00000007c0000000)
  eden space 64512K, 0% used [0x0000000795580000,0x0000000795580000,0x0000000799480000)
  from space 32256K, 97% used [0x0000000799480000,0x000000079b310930,0x000000079b400000)
  to   space 38400K, 0% used [0x000000079f400000,0x000000079f400000,0x00000007a1980000)
 ParOldGen       total 117760K, used 72255K [0x0000000740000000, 0x0000000747300000, 0x0000000795580000)
  object space 117760K, 61% used [0x0000000740000000,0x000000074468fcd8,0x0000000747300000)
 Metaspace       used 19094K, capacity 20084K, committed 20352K, reserved 1067008K
  class space    used 2576K, capacity 2833K, committed 2944K, reserved 1048576K
}
Event: 110.265 GC heap before
{Heap before GC invocations=9 (full 1):
 PSYoungGen      total 96768K, used 92880K [0x0000000795580000, 0x00000007a1980000, 0x00000007c0000000)
  eden space 64512K, 95% used [0x0000000795580000,0x00000007991a39e8,0x0000000799480000)
  from space 32256K, 97% used [0x0000000799480000,0x000000079b310930,0x000000079b400000)
  to   space 38400K, 0% used [0x000000079f400000,0x000000079f400000,0x00000007a1980000)
 ParOldGen       total 117760K, used 72255K [0x0000000740000000, 0x0000000747300000, 0x0000000795580000)
  object space 117760K, 61% used [0x0000000740000000,0x000000074468fcd8,0x0000000747300000)
 Metaspace       used 19292K, capacity 20288K, committed 20608K, reserved 1067008K
  class space    used 2585K, capacity 2845K, committed 2944K, reserved 1048576K
Event: 110.309 GC heap after
Heap after GC invocations=9 (full 1):
 PSYoungGen      total 155648K, used 38320K [0x0000000795580000, 0x00000007a2500000, 0x00000007c0000000)
  eden space 117248K, 0% used [0x0000000795580000,0x0000000795580000,0x000000079c800000)
  from space 38400K, 99% used [0x000000079f400000,0x00000007a196c310,0x00000007a1980000)
  to   space 45056K, 0% used [0x000000079c800000,0x000000079c800000,0x000000079f400000)
 ParOldGen       total 117760K, used 89286K [0x0000000740000000, 0x0000000747300000, 0x0000000795580000)
  object space 117760K, 75% used [0x0000000740000000,0x0000000745731930,0x0000000747300000)
 Metaspace       used 19292K, capacity 20288K, committed 20608K, reserved 1067008K
  class space    used 2585K, capacity 2845K, committed 2944K, reserved 1048576K
}
Event: 110.309 GC heap before
{Heap before GC invocations=10 (full 2):
 PSYoungGen      total 155648K, used 38320K [0x0000000795580000, 0x00000007a2500000, 0x00000007c0000000)
  eden space 117248K, 0% used [0x0000000795580000,0x0000000795580000,0x000000079c800000)
  from space 38400K, 99% used [0x000000079f400000,0x00000007a196c310,0x00000007a1980000)
  to   space 45056K, 0% used [0x000000079c800000,0x000000079c800000,0x000000079f400000)
 ParOldGen       total 117760K, used 89286K [0x0000000740000000, 0x0000000747300000, 0x0000000795580000)
  object space 117760K, 75% used [0x0000000740000000,0x0000000745731930,0x0000000747300000)
 Metaspace       used 19292K, capacity 20288K, committed 20608K, reserved 1067008K
  class space    used 2585K, capacity 2845K, committed 2944K, reserved 1048576K
Event: 110.346 GC heap after
Heap after GC invocations=10 (full 2):
 PSYoungGen      total 155648K, used 0K [0x0000000795580000, 0x00000007a2500000, 0x00000007c0000000)
  eden space 117248K, 0% used [0x0000000795580000,0x0000000795580000,0x000000079c800000)
  from space 38400K, 0% used [0x000000079f400000,0x000000079f400000,0x00000007a1980000)
  to   space 45056K, 0% used [0x000000079c800000,0x000000079c800000,0x000000079f400000)
 ParOldGen       total 180736K, used 97963K [0x0000000740000000, 0x000000074b080000, 0x0000000795580000)
  object space 180736K, 54% used [0x0000000740000000,0x0000000745faade8,0x000000074b080000)
 Metaspace       used 19292K, capacity 20288K, committed 20608K, reserved 1067008K
  class space    used 2585K, capacity 2845K, committed 2944K, reserved 1048576K
}

Deoptimization events (10 events):
Event: 47.677 Thread 0x00007fd75a088800 Uncommon trap: reason=class_check action=maybe_recompile pc=0x0000000102dc88a8 method=com.sun.javafx.geom.Path2D$TxIterator.currentSegment([F)I @ 40
Event: 47.677 Thread 0x00007fd75a088800 Uncommon trap: reason=class_check action=maybe_recompile pc=0x0000000102dc88a8 method=com.sun.javafx.geom.Path2D$TxIterator.currentSegment([F)I @ 40
Event: 47.677 Thread 0x00007fd75a088800 Uncommon trap: reason=class_check action=maybe_recompile pc=0x0000000102dc88a8 method=com.sun.javafx.geom.Path2D$TxIterator.currentSegment([F)I @ 40
Event: 47.677 Thread 0x00007fd75a088800 Uncommon trap: reason=class_check action=maybe_recompile pc=0x0000000102dc88a8 method=com.sun.javafx.geom.Path2D$TxIterator.currentSegment([F)I @ 40
Event: 63.856 Thread 0x00007fd75a92d800 Uncommon trap: reason=class_check action=maybe_recompile pc=0x0000000102ef5030 method=javafx.scene.CssStyleHelper.lookup(Ljavafx/css/Styleable;Ljavafx/css/CssMetaData;Lcom/sun/javafx/css/StyleMap;Ljava/util/Set;Ljavafx/css/Styleable;Lcom/sun/javafx/css/Ca
Event: 64.765 Thread 0x00007fd75ba27000 Uncommon trap: reason=unstable_if action=reinterpret pc=0x00000001034dfd40 method=java.util.concurrent.ConcurrentHashMap.get(Ljava/lang/Object;)Ljava/lang/Object; @ 138
Event: 108.634 Thread 0x00007fd75a088800 Uncommon trap: reason=unstable_if action=reinterpret pc=0x00000001034906d8 method=com.sun.javafx.sg.prism.NGGroup.clearDirty()V @ 8
Event: 126.175 Thread 0x00007fd75a088800 Uncommon trap: reason=class_check action=maybe_recompile pc=0x000000010357a8c4 method=com.sun.javafx.font.CompositeStrike.getStrikeSlot(I)Lcom/sun/javafx/font/FontStrike; @ 16
Event: 179.468 Thread 0x00007fd75a92d800 Uncommon trap: reason=unstable_if action=reinterpret pc=0x000000010380bdc4 method=java.util.concurrent.locks.ReentrantLock$NonfairSync.lock()V @ 6
Event: 179.468 Thread 0x00007fd75a92d800 Uncommon trap: reason=unstable_if action=reinterpret pc=0x00000001035cdf24 method=java.util.concurrent.locks.ReentrantLock$Sync.tryRelease(I)Z @ 28

Internal exceptions (10 events):
Event: 164.665 Thread 0x00007fd75a92d800 Exception <a 'java/io/FileNotFoundException'> (0x000000079ab220a8) thrown at [/Users/java_re/workspace/8-2-build-macosx-x86_64/jdk8u45/3457/hotspot/src/share/vm/prims/jni.cpp, line 709]
Event: 165.364 Thread 0x00007fd75a92d800 Exception <a 'java/io/FileNotFoundException'> (0x000000079b1a8940) thrown at [/Users/java_re/workspace/8-2-build-macosx-x86_64/jdk8u45/3457/hotspot/src/share/vm/prims/jni.cpp, line 709]
Event: 165.380 Thread 0x00007fd75a92d800 Exception <a 'java/io/FileNotFoundException'> (0x000000079b1b04a0) thrown at [/Users/java_re/workspace/8-2-build-macosx-x86_64/jdk8u45/3457/hotspot/src/share/vm/prims/jni.cpp, line 709]
Event: 165.381 Thread 0x00007fd75a92d800 Exception <a 'java/io/FileNotFoundException'> (0x000000079b1bc468) thrown at [/Users/java_re/workspace/8-2-build-macosx-x86_64/jdk8u45/3457/hotspot/src/share/vm/prims/jni.cpp, line 709]
Event: 165.383 Thread 0x00007fd75a92d800 Exception <a 'java/io/FileNotFoundException'> (0x000000079b1c9410) thrown at [/Users/java_re/workspace/8-2-build-macosx-x86_64/jdk8u45/3457/hotspot/src/share/vm/prims/jni.cpp, line 709]
Event: 165.387 Thread 0x00007fd75a92d800 Exception <a 'java/io/FileNotFoundException'> (0x000000079b2b0c40) thrown at [/Users/java_re/workspace/8-2-build-macosx-x86_64/jdk8u45/3457/hotspot/src/share/vm/prims/jni.cpp, line 709]
Event: 166.377 Thread 0x00007fd75a92d800 Exception <a 'java/io/FileNotFoundException'> (0x000000079b7ff048) thrown at [/Users/java_re/workspace/8-2-build-macosx-x86_64/jdk8u45/3457/hotspot/src/share/vm/prims/jni.cpp, line 709]
Event: 166.395 Thread 0x00007fd75a92d800 Exception <a 'java/io/FileNotFoundException'> (0x000000079bb804a0) thrown at [/Users/java_re/workspace/8-2-build-macosx-x86_64/jdk8u45/3457/hotspot/src/share/vm/prims/jni.cpp, line 709]
Event: 166.397 Thread 0x00007fd75a92d800 Exception <a 'java/io/FileNotFoundException'> (0x000000079bb9b1e0) thrown at [/Users/java_re/workspace/8-2-build-macosx-x86_64/jdk8u45/3457/hotspot/src/share/vm/prims/jni.cpp, line 709]
Event: 166.398 Thread 0x00007fd75a92d800 Exception <a 'java/io/FileNotFoundException'> (0x000000079bba8708) thrown at [/Users/java_re/workspace/8-2-build-macosx-x86_64/jdk8u45/3457/hotspot/src/share/vm/prims/jni.cpp, line 709]

Events (10 events):
Event: 179.468 Thread 0x00007fd75a92d800 Uncommon trap: trap_request=0xffffff65 fr.pc=0x00000001035cdf24
Event: 179.468 Thread 0x00007fd75a92d800 DEOPT PACKING pc=0x00000001035cdf24 sp=0x00007fff5ecea560
Event: 179.468 Thread 0x00007fd75a92d800 DEOPT UNPACKING pc=0x0000000102a05229 sp=0x00007fff5ecea508 mode 2
Event: 179.468 loading class com/sun/javafx/tk/quantum/QuantumToolkit
Event: 179.468 loading class com/sun/javafx/tk/quantum/QuantumToolkit done
Event: 179.468 Thread 0x00007fd75a088800 Thread exited: 0x00007fd75a088800
Event: 179.469 Thread 0x00007fd75b8dc000 Thread exited: 0x00007fd75b8dc000
Event: 179.469 Thread 0x00007fd75a804000 Thread exited: 0x00007fd75a804000
Event: 179.469 Thread 0x00007fd75a088800 Thread added: 0x00007fd75a088800
Event: 179.469 Thread 0x00007fd75a92d800 Thread exited: 0x00007fd75a92d800


Dynamic libraries:
0x0000000008a98000 	/System/Library/Frameworks/Cocoa.framework/Versions/A/Cocoa
0x0000000008a98000 	/System/Library/Frameworks/Security.framework/Versions/A/Security
0x0000000008a98000 	/System/Library/Frameworks/ApplicationServices.framework/Versions/A/ApplicationServices
0x0000000008a98000 	/usr/lib/libz.1.dylib
0x0000000008a98000 	/usr/lib/libSystem.B.dylib
0x0000000008a98000 	/usr/lib/libobjc.A.dylib
0x0000000008a98000 	/System/Library/Frameworks/CoreFoundation.framework/Versions/A/CoreFoundation
0x0000000008a98000 	/System/Library/Frameworks/Foundation.framework/Versions/C/Foundation
0x0000000008a98000 	/System/Library/Frameworks/AppKit.framework/Versions/C/AppKit
0x0000000008a98000 	/System/Library/Frameworks/CoreData.framework/Versions/A/CoreData
0x0000000008a98000 	/System/Library/PrivateFrameworks/RemoteViewServices.framework/Versions/A/RemoteViewServices
0x0000000008a98000 	/System/Library/PrivateFrameworks/UIFoundation.framework/Versions/A/UIFoundation
0x0000000008a98000 	/System/Library/Frameworks/IOSurface.framework/Versions/A/IOSurface
0x0000000008a98000 	/System/Library/Frameworks/AudioToolbox.framework/Versions/A/AudioToolbox
0x0000000008a98000 	/System/Library/Frameworks/AudioUnit.framework/Versions/A/AudioUnit
0x0000000008a98000 	/System/Library/PrivateFrameworks/DataDetectorsCore.framework/Versions/A/DataDetectorsCore
0x0000000008a98000 	/System/Library/PrivateFrameworks/DesktopServicesPriv.framework/Versions/A/DesktopServicesPriv
0x0000000008a98000 	/System/Library/Frameworks/Carbon.framework/Versions/A/Frameworks/HIToolbox.framework/Versions/A/HIToolbox
0x0000000008a98000 	/System/Library/Frameworks/QuartzCore.framework/Versions/A/QuartzCore
0x0000000008a98000 	/System/Library/Frameworks/Carbon.framework/Versions/A/Frameworks/SpeechRecognition.framework/Versions/A/SpeechRecognition
0x0000000008a98000 	/usr/lib/libauto.dylib
0x0000000008a98000 	/usr/lib/libicucore.A.dylib
0x0000000008a98000 	/usr/lib/libxml2.2.dylib
0x0000000008a98000 	/System/Library/PrivateFrameworks/CoreUI.framework/Versions/A/CoreUI
0x0000000008a98000 	/System/Library/Frameworks/CoreAudio.framework/Versions/A/CoreAudio
0x0000000008a98000 	/System/Library/Frameworks/DiskArbitration.framework/Versions/A/DiskArbitration
0x0000000008a98000 	/usr/lib/liblangid.dylib
0x0000000008a98000 	/System/Library/PrivateFrameworks/MultitouchSupport.framework/Versions/A/MultitouchSupport
0x0000000008a98000 	/System/Library/Frameworks/IOKit.framework/Versions/A/IOKit
0x0000000008a98000 	/usr/lib/libDiagnosticMessagesClient.dylib
0x0000000008a98000 	/System/Library/Frameworks/CoreServices.framework/Versions/A/CoreServices
0x0000000008a98000 	/System/Library/PrivateFrameworks/PerformanceAnalysis.framework/Versions/A/PerformanceAnalysis
0x0000000008a98000 	/System/Library/PrivateFrameworks/GenerationalStorage.framework/Versions/A/GenerationalStorage
0x0000000008a98000 	/System/Library/Frameworks/OpenGL.framework/Versions/A/OpenGL
0x0000000008a98000 	/System/Library/PrivateFrameworks/Sharing.framework/Versions/A/Sharing
0x0000000008a98000 	/System/Library/Frameworks/CoreGraphics.framework/Versions/A/CoreGraphics
0x0000000008a98000 	/System/Library/Frameworks/CoreText.framework/Versions/A/CoreText
0x0000000008a98000 	/System/Library/Frameworks/ImageIO.framework/Versions/A/ImageIO
0x0000000008a98000 	/usr/lib/libextension.dylib
0x0000000008a98000 	/System/Library/PrivateFrameworks/Backup.framework/Versions/A/Backup
0x0000000008a98000 	/usr/lib/libarchive.2.dylib
0x0000000008a98000 	/System/Library/Frameworks/CFNetwork.framework/Versions/A/CFNetwork
0x0000000008a98000 	/System/Library/Frameworks/SystemConfiguration.framework/Versions/A/SystemConfiguration
0x0000000008a98000 	/usr/lib/libCRFSuite.dylib
0x0000000008a98000 	/usr/lib/libc++.1.dylib
0x0000000008a98000 	/usr/lib/libc++abi.dylib
0x0000000008a98000 	/usr/lib/system/libcache.dylib
0x0000000008a98000 	/usr/lib/system/libcommonCrypto.dylib
0x0000000008a98000 	/usr/lib/system/libcompiler_rt.dylib
0x0000000008a98000 	/usr/lib/system/libcopyfile.dylib
0x0000000008a98000 	/usr/lib/system/libcorecrypto.dylib
0x0000000008a98000 	/usr/lib/system/libdispatch.dylib
0x0000000008a98000 	/usr/lib/system/libdyld.dylib
0x0000000008a98000 	/usr/lib/system/libkeymgr.dylib
0x0000000008a98000 	/usr/lib/system/liblaunch.dylib
0x0000000008a98000 	/usr/lib/system/libmacho.dylib
0x0000000008a98000 	/usr/lib/system/libquarantine.dylib
0x0000000008a98000 	/usr/lib/system/libremovefile.dylib
0x0000000008a98000 	/usr/lib/system/libsystem_asl.dylib
0x0000000008a98000 	/usr/lib/system/libsystem_blocks.dylib
0x0000000008a98000 	/usr/lib/system/libsystem_c.dylib
0x0000000008a98000 	/usr/lib/system/libsystem_configuration.dylib
0x0000000008a98000 	/usr/lib/system/libsystem_coreservices.dylib
0x0000000008a98000 	/usr/lib/system/libsystem_coretls.dylib
0x0000000008a98000 	/usr/lib/system/libsystem_dnssd.dylib
0x0000000008a98000 	/usr/lib/system/libsystem_info.dylib
0x0000000008a98000 	/usr/lib/system/libsystem_kernel.dylib
0x0000000008a98000 	/usr/lib/system/libsystem_m.dylib
0x0000000008a98000 	/usr/lib/system/libsystem_malloc.dylib
0x0000000008a98000 	/usr/lib/system/libsystem_network.dylib
0x0000000008a98000 	/usr/lib/system/libsystem_networkextension.dylib
0x0000000008a98000 	/usr/lib/system/libsystem_notify.dylib
0x0000000008a98000 	/usr/lib/system/libsystem_platform.dylib
0x0000000008a98000 	/usr/lib/system/libsystem_pthread.dylib
0x0000000008a98000 	/usr/lib/system/libsystem_sandbox.dylib
0x0000000008a98000 	/usr/lib/system/libsystem_secinit.dylib
0x0000000008a98000 	/usr/lib/system/libsystem_stats.dylib
0x0000000008a98000 	/usr/lib/system/libsystem_trace.dylib
0x0000000008a98000 	/usr/lib/system/libunc.dylib
0x0000000008a98000 	/usr/lib/system/libunwind.dylib
0x0000000008a98000 	/usr/lib/system/libxpc.dylib
0x0000000008a98000 	/usr/lib/libbz2.1.0.dylib
0x0000000008a98000 	/usr/lib/liblzma.5.dylib
0x0000000008a98000 	/usr/lib/libbsm.0.dylib
0x0000000008a98000 	/usr/lib/libsqlite3.dylib
0x0000000008a98000 	/usr/lib/system/libkxld.dylib
0x0000000008a98000 	/usr/lib/libxar.1.dylib
0x0000000008a98000 	/usr/lib/libpam.2.dylib
0x0000000008a98000 	/usr/lib/libOpenScriptingUtil.dylib
0x0000000008a98000 	/System/Library/Frameworks/CoreServices.framework/Versions/A/Frameworks/FSEvents.framework/Versions/A/FSEvents
0x0000000008a98000 	/System/Library/Frameworks/CoreServices.framework/Versions/A/Frameworks/CarbonCore.framework/Versions/A/CarbonCore
0x0000000008a98000 	/System/Library/Frameworks/CoreServices.framework/Versions/A/Frameworks/Metadata.framework/Versions/A/Metadata
0x0000000008a98000 	/System/Library/Frameworks/CoreServices.framework/Versions/A/Frameworks/OSServices.framework/Versions/A/OSServices
0x0000000008a98000 	/System/Library/Frameworks/CoreServices.framework/Versions/A/Frameworks/SearchKit.framework/Versions/A/SearchKit
0x0000000008a98000 	/System/Library/Frameworks/CoreServices.framework/Versions/A/Frameworks/AE.framework/Versions/A/AE
0x0000000008a98000 	/System/Library/Frameworks/CoreServices.framework/Versions/A/Frameworks/LaunchServices.framework/Versions/A/LaunchServices
0x0000000008a98000 	/System/Library/Frameworks/CoreServices.framework/Versions/A/Frameworks/DictionaryServices.framework/Versions/A/DictionaryServices
0x0000000008a98000 	/System/Library/Frameworks/NetFS.framework/Versions/A/NetFS
0x0000000008a98000 	/System/Library/PrivateFrameworks/NetAuth.framework/Versions/A/NetAuth
0x0000000008a98000 	/System/Library/PrivateFrameworks/login.framework/Versions/A/Frameworks/loginsupport.framework/Versions/A/loginsupport
0x0000000008a98000 	/System/Library/PrivateFrameworks/TCC.framework/Versions/A/TCC
0x0000000008a98000 	/usr/lib/libmecabra.dylib
0x0000000008a98000 	/System/Library/Frameworks/ApplicationServices.framework/Versions/A/Frameworks/ATS.framework/Versions/A/ATS
0x0000000008a98000 	/System/Library/Frameworks/ApplicationServices.framework/Versions/A/Frameworks/ColorSync.framework/Versions/A/ColorSync
0x0000000008a98000 	/System/Library/Frameworks/ApplicationServices.framework/Versions/A/Frameworks/HIServices.framework/Versions/A/HIServices
0x0000000008a98000 	/System/Library/Frameworks/ApplicationServices.framework/Versions/A/Frameworks/LangAnalysis.framework/Versions/A/LangAnalysis
0x0000000008a98000 	/System/Library/Frameworks/ApplicationServices.framework/Versions/A/Frameworks/PrintCore.framework/Versions/A/PrintCore
0x0000000008a98000 	/System/Library/Frameworks/ApplicationServices.framework/Versions/A/Frameworks/QD.framework/Versions/A/QD
0x0000000008a98000 	/System/Library/Frameworks/ApplicationServices.framework/Versions/A/Frameworks/SpeechSynthesis.framework/Versions/A/SpeechSynthesis
0x0000000008a98000 	/System/Library/Frameworks/Accelerate.framework/Versions/A/Accelerate
0x0000000008a98000 	/System/Library/Frameworks/Accelerate.framework/Versions/A/Frameworks/vImage.framework/Versions/A/vImage
0x0000000008a98000 	/System/Library/Frameworks/Accelerate.framework/Versions/A/Frameworks/vecLib.framework/Versions/A/vecLib
0x0000000008a98000 	/System/Library/Frameworks/Accelerate.framework/Versions/A/Frameworks/vecLib.framework/Versions/A/libvDSP.dylib
0x0000000008a98000 	/System/Library/Frameworks/Accelerate.framework/Versions/A/Frameworks/vecLib.framework/Versions/A/libvMisc.dylib
0x0000000008a98000 	/System/Library/Frameworks/Accelerate.framework/Versions/A/Frameworks/vecLib.framework/Versions/A/libLAPACK.dylib
0x0000000008a98000 	/System/Library/Frameworks/Accelerate.framework/Versions/A/Frameworks/vecLib.framework/Versions/A/libBLAS.dylib
0x0000000008a98000 	/System/Library/Frameworks/Accelerate.framework/Versions/A/Frameworks/vecLib.framework/Versions/A/libLinearAlgebra.dylib
0x0000000008a98000 	/System/Library/Frameworks/ApplicationServices.framework/Versions/A/Frameworks/ATS.framework/Versions/A/Resources/libFontParser.dylib
0x0000000008a98000 	/System/Library/Frameworks/ApplicationServices.framework/Versions/A/Frameworks/ATS.framework/Versions/A/Resources/libFontRegistry.dylib
0x0000000008a98000 	/System/Library/PrivateFrameworks/AppleVPA.framework/Versions/A/AppleVPA
0x0000000008a98000 	/System/Library/PrivateFrameworks/AppleJPEG.framework/Versions/A/AppleJPEG
0x0000000008a98000 	/System/Library/Frameworks/ImageIO.framework/Versions/A/Resources/libJPEG.dylib
0x0000000008a98000 	/System/Library/Frameworks/ImageIO.framework/Versions/A/Resources/libTIFF.dylib
0x0000000008a98000 	/System/Library/Frameworks/ImageIO.framework/Versions/A/Resources/libPng.dylib
0x0000000008a98000 	/System/Library/Frameworks/ImageIO.framework/Versions/A/Resources/libGIF.dylib
0x0000000008a98000 	/System/Library/Frameworks/ImageIO.framework/Versions/A/Resources/libJP2.dylib
0x0000000008a98000 	/System/Library/Frameworks/ImageIO.framework/Versions/A/Resources/libRadiance.dylib
0x0000000008a98000 	/System/Library/Frameworks/CoreVideo.framework/Versions/A/CoreVideo
0x0000000008a98000 	/System/Library/Frameworks/OpenGL.framework/Versions/A/Libraries/libGLU.dylib
0x0000000008a98000 	/System/Library/Frameworks/OpenGL.framework/Versions/A/Libraries/libGFXShared.dylib
0x0000000008a98000 	/System/Library/Frameworks/OpenGL.framework/Versions/A/Libraries/libGL.dylib
0x0000000008a98000 	/System/Library/Frameworks/OpenGL.framework/Versions/A/Libraries/libGLImage.dylib
0x0000000008a98000 	/System/Library/Frameworks/OpenGL.framework/Versions/A/Libraries/libCVMSPluginSupport.dylib
0x0000000008a98000 	/System/Library/Frameworks/OpenGL.framework/Versions/A/Libraries/libCoreVMClient.dylib
0x0000000008a98000 	/usr/lib/libcups.2.dylib
0x0000000008a98000 	/System/Library/Frameworks/Kerberos.framework/Versions/A/Kerberos
0x0000000008a98000 	/System/Library/Frameworks/GSS.framework/Versions/A/GSS
0x0000000008a98000 	/usr/lib/libresolv.9.dylib
0x0000000008a98000 	/usr/lib/libiconv.2.dylib
0x0000000008a98000 	/System/Library/PrivateFrameworks/Heimdal.framework/Versions/A/Heimdal
0x0000000008a98000 	/usr/lib/libheimdal-asn1.dylib
0x0000000008a98000 	/System/Library/Frameworks/OpenDirectory.framework/Versions/A/OpenDirectory
0x0000000008a98000 	/System/Library/PrivateFrameworks/CommonAuth.framework/Versions/A/CommonAuth
0x0000000008a98000 	/System/Library/Frameworks/OpenDirectory.framework/Versions/A/Frameworks/CFOpenDirectory.framework/Versions/A/CFOpenDirectory
0x0000000008a98000 	/System/Library/Frameworks/SecurityFoundation.framework/Versions/A/SecurityFoundation
0x0000000008a98000 	/System/Library/PrivateFrameworks/LanguageModeling.framework/Versions/A/LanguageModeling
0x0000000008a98000 	/usr/lib/libcmph.dylib
0x0000000008a98000 	/System/Library/Frameworks/ServiceManagement.framework/Versions/A/ServiceManagement
0x0000000008a98000 	/usr/lib/libxslt.1.dylib
0x0000000008a98000 	/System/Library/Frameworks/Carbon.framework/Versions/A/Frameworks/Ink.framework/Versions/A/Ink
0x0000000008a98000 	/System/Library/Frameworks/QuartzCore.framework/Versions/A/Frameworks/CoreImage.framework/Versions/A/CoreImage
0x0000000008a98000 	/System/Library/PrivateFrameworks/CrashReporterSupport.framework/Versions/A/CrashReporterSupport
0x0000000008a98000 	/System/Library/Frameworks/OpenCL.framework/Versions/A/OpenCL
0x0000000008a98000 	/System/Library/PrivateFrameworks/FaceCore.framework/Versions/A/FaceCore
0x0000000008a98000 	/System/Library/PrivateFrameworks/Ubiquity.framework/Versions/A/Ubiquity
0x0000000008a98000 	/System/Library/PrivateFrameworks/IconServices.framework/Versions/A/IconServices
0x0000000008a98000 	/System/Library/PrivateFrameworks/ChunkingLibrary.framework/Versions/A/ChunkingLibrary
0x0000000008a98000 	/System/Library/PrivateFrameworks/Apple80211.framework/Versions/A/Apple80211
0x0000000008a98000 	/System/Library/Frameworks/CoreWLAN.framework/Versions/A/CoreWLAN
0x0000000008a98000 	/System/Library/Frameworks/IOBluetooth.framework/Versions/A/IOBluetooth
0x0000000008a98000 	/System/Library/PrivateFrameworks/CoreWiFi.framework/Versions/A/CoreWiFi
0x0000000008a98000 	/System/Library/Frameworks/CoreBluetooth.framework/Versions/A/CoreBluetooth
0x0000000008a98000 	/System/Library/PrivateFrameworks/DebugSymbols.framework/Versions/A/DebugSymbols
0x0000000008a98000 	/System/Library/PrivateFrameworks/CoreSymbolication.framework/Versions/A/CoreSymbolication
0x0000000008a98000 	/System/Library/PrivateFrameworks/Symbolication.framework/Versions/A/Symbolication
0x0000000008a98000 	/System/Library/PrivateFrameworks/SpeechRecognitionCore.framework/Versions/A/SpeechRecognitionCore
0x000000010100e000 	/Library/Java/JavaVirtualMachines/jdk1.8.0_45.jdk/Contents/Home/jre/lib/server/libjvm.dylib
0x0000000008a98000 	/usr/lib/libstdc++.6.dylib
0x000000010207a000 	/Library/Java/JavaVirtualMachines/jdk1.8.0_45.jdk/Contents/Home/jre/lib/libverify.dylib
0x0000000102088000 	/Library/Java/JavaVirtualMachines/jdk1.8.0_45.jdk/Contents/Home/jre/lib/libjava.dylib
0x00000001020de000 	/Library/Java/JavaVirtualMachines/jdk1.8.0_45.jdk/Contents/Home/jre/lib/libzip.dylib
0x0000000118974000 	/System/Library/Frameworks/JavaVM.framework/Frameworks/JavaRuntimeSupport.framework/JavaRuntimeSupport
0x00000001021eb000 	/System/Library/Frameworks/JavaVM.framework/Versions/A/Frameworks/JavaNativeFoundation.framework/Versions/A/JavaNativeFoundation
0x000000011898a000 	/System/Library/Frameworks/JavaVM.framework/Versions/A/JavaVM
0x0000000008a98000 	/System/Library/Frameworks/Carbon.framework/Versions/A/Carbon
0x0000000118996000 	/System/Library/PrivateFrameworks/JavaLaunching.framework/Versions/A/JavaLaunching
0x0000000008a98000 	/System/Library/Frameworks/Carbon.framework/Versions/A/Frameworks/CommonPanels.framework/Versions/A/CommonPanels
0x0000000008a98000 	/System/Library/Frameworks/Carbon.framework/Versions/A/Frameworks/Help.framework/Versions/A/Help
0x0000000008a98000 	/System/Library/Frameworks/Carbon.framework/Versions/A/Frameworks/ImageCapture.framework/Versions/A/ImageCapture
0x0000000008a98000 	/System/Library/Frameworks/Carbon.framework/Versions/A/Frameworks/OpenScripting.framework/Versions/A/OpenScripting
0x0000000008a98000 	/System/Library/Frameworks/Carbon.framework/Versions/A/Frameworks/Print.framework/Versions/A/Print
0x0000000008a98000 	/System/Library/Frameworks/Carbon.framework/Versions/A/Frameworks/SecurityHI.framework/Versions/A/SecurityHI
0x000000011a9ab000 	/Applications/IntelliJ IDEA 14 CE.app/Contents/bin/libbreakgen64.jnilib
0x000000011aab1000 	/Library/Java/JavaVirtualMachines/jdk1.8.0_45.jdk/Contents/Home/jre/lib/libnet.dylib
0x000000011adac000 	/Library/Java/JavaVirtualMachines/jdk1.8.0_45.jdk/Contents/Home/jre/lib/libprism_es2.dylib
0x0000000008a98000 	/System/Library/Frameworks/OpenGL.framework/Versions/A/Resources/GLEngine.bundle/GLEngine
0x0000000008a98000 	/System/Library/Frameworks/OpenGL.framework/Versions/A/Libraries/libGLProgrammability.dylib
0x000000011ae2e000 	/System/Library/Extensions/AppleIntelHD5000GraphicsGLDriver.bundle/Contents/MacOS/AppleIntelHD5000GraphicsGLDriver
0x0000000008a98000 	/System/Library/PrivateFrameworks/IOAccelerator.framework/Versions/A/IOAccelerator
0x0000000008a98000 	/System/Library/PrivateFrameworks/GPUSupport.framework/Versions/A/Libraries/libGPUSupportMercury.dylib
0x0000000008a98000 	/System/Library/Frameworks/OpenGL.framework/Versions/A/Resources/GLRendererFloat.bundle/GLRendererFloat
0x0000000008a98000 	/System/Library/Frameworks/OpenCL.framework/Versions/A/Libraries/libcldcpuengine.dylib
0x0000000008a98000 	/System/Library/PrivateFrameworks/DiskImages.framework/Versions/A/DiskImages
0x0000000008a98000 	/System/Library/Frameworks/DiscRecording.framework/Versions/A/DiscRecording
0x0000000008a98000 	/usr/lib/libcsfde.dylib
0x0000000008a98000 	/usr/lib/libcurl.4.dylib
0x0000000008a98000 	/System/Library/PrivateFrameworks/MediaKit.framework/Versions/A/MediaKit
0x0000000008a98000 	/System/Library/PrivateFrameworks/ProtectedCloudStorage.framework/Versions/A/ProtectedCloudStorage
0x0000000008a98000 	/usr/lib/libCoreStorage.dylib
0x0000000008a98000 	/System/Library/PrivateFrameworks/EFILogin.framework/Versions/A/EFILogin
0x0000000008a98000 	/usr/lib/libutil.dylib
0x0000000008a98000 	/System/Library/PrivateFrameworks/FindMyDevice.framework/Versions/A/FindMyDevice
0x0000000008a98000 	/System/Library/Frameworks/LDAP.framework/Versions/A/LDAP
0x0000000008a98000 	/usr/lib/libsasl2.2.dylib
0x0000000008a98000 	/System/Library/PrivateFrameworks/CoreDaemon.framework/Versions/B/CoreDaemon
0x0000000008a98000 	/usr/lib/libcrypto.0.9.8.dylib
0x0000000008a98000 	/System/Library/PrivateFrameworks/AppleSRP.framework/Versions/A/AppleSRP
0x0000000008a98000 	/System/Library/PrivateFrameworks/TrustEvaluationAgent.framework/Versions/A/TrustEvaluationAgent
0x000000011b945000 	/Library/Java/JavaVirtualMachines/jdk1.8.0_45.jdk/Contents/Home/jre/lib/libglass.dylib
0x0000000008a98000 	/System/Library/PrivateFrameworks/CoreServicesInternal.framework/Versions/A/CoreServicesInternal
0x0000000008a98000 	/System/Library/PrivateFrameworks/CloudDocs.framework/Versions/A/CloudDocs
0x0000000008a98000 	/System/Library/PrivateFrameworks/CoreDuet.framework/Versions/A/CoreDuet
0x0000000008a98000 	/System/Library/Frameworks/CloudKit.framework/Versions/A/CloudKit
0x0000000008a98000 	/System/Library/PrivateFrameworks/ProtocolBuffer.framework/Versions/A/ProtocolBuffer
0x0000000008a98000 	/System/Library/PrivateFrameworks/CoreDuetDaemonProtocol.framework/Versions/A/CoreDuetDaemonProtocol
0x0000000008a98000 	/System/Library/PrivateFrameworks/CoreDuetDebugLogging.framework/Versions/A/CoreDuetDebugLogging
0x0000000008a98000 	/System/Library/PrivateFrameworks/MMCS.framework/Versions/A/MMCS
0x0000000008a98000 	/System/Library/Frameworks/CoreLocation.framework/Versions/A/CoreLocation
0x0000000008a98000 	/System/Library/PrivateFrameworks/GeoServices.framework/Versions/A/GeoServices
0x0000000008a98000 	/System/Library/Frameworks/CoreGraphics.framework/Versions/A/Resources/libCGCMS.A.dylib
0x0000000008a98000 	/System/Library/CoreServices/RawCamera.bundle/Contents/MacOS/RawCamera
0x0000000008a98000 	/System/Library/Frameworks/CoreGraphics.framework/Versions/A/Resources/libRIP.A.dylib
0x0000000008a98000 	/System/Library/PrivateFrameworks/FamilyControls.framework/Versions/A/FamilyControls
0x0000000008a98000 	/System/Library/PrivateFrameworks/CommerceKit.framework/Versions/A/Frameworks/CommerceCore.framework/Versions/A/CommerceCore
0x0000000008a98000 	/System/Library/PrivateFrameworks/SystemAdministration.framework/Versions/A/SystemAdministration
0x0000000008a98000 	/System/Library/PrivateFrameworks/AppContainer.framework/Versions/A/AppContainer
0x0000000008a98000 	/System/Library/PrivateFrameworks/SecCodeWrapper.framework/Versions/A/SecCodeWrapper
0x0000000008a98000 	/System/Library/Frameworks/DirectoryService.framework/Versions/A/DirectoryService
0x0000000008a98000 	/System/Library/PrivateFrameworks/LoginUIKit.framework/Versions/A/Frameworks/LoginUICore.framework/Versions/A/LoginUICore
0x0000000008a98000 	/usr/lib/libodfde.dylib
0x000000011fc36000 	/Library/Java/JavaVirtualMachines/jdk1.8.0_45.jdk/Contents/Home/jre/lib/libjavafx_iio.dylib
0x000000011fd4f000 	/Library/Java/JavaVirtualMachines/jdk1.8.0_45.jdk/Contents/Home/jre/lib/libjavafx_font.dylib
0x0000000008a98000 	/System/Library/Frameworks/CoreGraphics.framework/Versions/A/Resources/libCGXType.A.dylib
0x0000000122f92000 	cl_kernels
0x000000012380a000 	/System/Library/Frameworks/OpenCL.framework/Versions/A/Libraries/ImageFormats/unorm8_bgra.dylib
0x0000000122f84000 	cl_kernels
0x00000001243e2000 	/Library/Java/JavaVirtualMachines/jdk1.8.0_45.jdk/Contents/Home/jre/lib/libprism_common.dylib

VM Arguments:
jvm_args: -Didea.launcher.port=7535 -Didea.launcher.bin.path=/Applications/IntelliJ IDEA 14 CE.app/Contents/bin -Dfile.encoding=UTF-8 
java_command: com.intellij.rt.execution.application.AppMain sample.Main
java_class_path (initial): /Library/Java/JavaVirtualMachines/jdk1.8.0_45.jdk/Contents/Home/lib/ant-javafx.jar:/Library/Java/JavaVirtualMachines/jdk1.8.0_45.jdk/Contents/Home/lib/dt.jar:/Library/Java/JavaVirtualMachines/jdk1.8.0_45.jdk/Contents/Home/lib/javafx-mx.jar:/Library/Java/JavaVirtualMachines/jdk1.8.0_45.jdk/Contents/Home/lib/jconsole.jar:/Library/Java/JavaVirtualMachines/jdk1.8.0_45.jdk/Contents/Home/lib/packager.jar:/Library/Java/JavaVirtualMachines/jdk1.8.0_45.jdk/Contents/Home/lib/sa-jdi.jar:/Library/Java/JavaVirtualMachines/jdk1.8.0_45.jdk/Contents/Home/lib/tools.jar:/Library/Java/JavaVirtualMachines/jdk1.8.0_45.jdk/Contents/Home/jre/lib/charsets.jar:/Library/Java/JavaVirtualMachines/jdk1.8.0_45.jdk/Contents/Home/jre/lib/deploy.jar:/Library/Java/JavaVirtualMachines/jdk1.8.0_45.jdk/Contents/Home/jre/lib/javaws.jar:/Library/Java/JavaVirtualMachines/jdk1.8.0_45.jdk/Contents/Home/jre/lib/jce.jar:/Library/Java/JavaVirtualMachines/jdk1.8.0_45.jdk/Contents/Home/jre/lib/jfr.jar:/Library/Java/JavaVirtualMachines/jdk1.8.0_45.jdk/Contents/Home/jre/lib/jfxswt.jar:/Library/Java/JavaVirtualMachines/jdk1.8.0_45.jdk/Contents/Home/jre/lib/jsse.jar:/Library/Java/JavaVirtualMachines/jdk1.8.0_45.jdk/Contents/Home/jre/lib/management-agent.jar:/Library/Java/JavaVirtualMachines/jdk1.8.0_45.jdk/Contents/Home/jre/lib/plugin.jar:/Library/Java/JavaVirtualMachines/jdk1.8.0_45.jdk/Contents/Home/jre/lib/resources.jar:/Library/Java/JavaVirtualMachines/jdk1.8.0_45.jdk/Contents/Home/jre/lib/rt.jar:/Library/Java/JavaVirtualMachines/jdk1.8.0_45.jdk/Contents/Home/jre/lib/ext/cldrdata.jar:/Library/Java/JavaVirtualMachines/jdk1.8.0_45.jdk/Contents/Home/jre/lib/ext/dnsns.jar:/Library/Java/JavaVirtualMachines/jdk1.8.0_45.jdk/Contents/Home/jre/lib/ext/jfxrt.jar:/Library/Java/JavaVirtualMachines/jdk1.8.0_45.jdk/Contents/Home/jre/lib/ext/localedata.jar:/Library/Java/JavaVirtualMachines/jdk1.8.0_45.jdk/Contents/Home/jre/lib/ext/nashorn.jar:/Library/Java/JavaVirtualMachines/jdk1.8.0_45.jdk/Conten
Launcher Type: SUN_STANDARD

Environment Variables:
PATH=/usr/local/bin:/usr/bin:/bin:/usr/sbin:/sbin:/usr/local/git/bin
SHELL=/bin/bash

Signal Handlers:
SIGSEGV: [libjvm.dylib+0x58ef95], sa_mask[0]=11111111011111110111111111111111, sa_flags=SA_ONSTACK|SA_RESTART|SA_SIGINFO
SIGBUS: [libjvm.dylib+0x58ef95], sa_mask[0]=11111111011111110111111111111111, sa_flags=SA_RESTART|SA_SIGINFO
SIGFPE: [libjvm.dylib+0x46c108], sa_mask[0]=11111111011111110111111111111111, sa_flags=SA_RESTART|SA_SIGINFO
SIGPIPE: [libjvm.dylib+0x46c108], sa_mask[0]=11111111011111110111111111111111, sa_flags=SA_RESTART|SA_SIGINFO
SIGXFSZ: [libjvm.dylib+0x46c108], sa_mask[0]=11111111011111110111111111111111, sa_flags=SA_RESTART|SA_SIGINFO
SIGILL: [libjvm.dylib+0x46c108], sa_mask[0]=11111111011111110111111111111111, sa_flags=SA_RESTART|SA_SIGINFO
SIGUSR1: SIG_DFL, sa_mask[0]=00000000000000000000000000000000, sa_flags=none
SIGUSR2: [libjvm.dylib+0x46bc26], sa_mask[0]=00100000000000000000000000000000, sa_flags=SA_RESTART|SA_SIGINFO
SIGHUP: [libjvm.dylib+0x46a1f9], sa_mask[0]=11111111011111110111111111111111, sa_flags=SA_RESTART|SA_SIGINFO
SIGINT: [libjvm.dylib+0x46a1f9], sa_mask[0]=11111111011111110111111111111111, sa_flags=SA_RESTART|SA_SIGINFO
SIGTERM: [libjvm.dylib+0x46a1f9], sa_mask[0]=11111111011111110111111111111111, sa_flags=SA_RESTART|SA_SIGINFO
SIGQUIT: [libjvm.dylib+0x46a1f9], sa_mask[0]=11111111011111110111111111111111, sa_flags=SA_RESTART|SA_SIGINFO


---------------  S Y S T E M  ---------------

OS:Bsduname:Darwin 14.5.0 Darwin Kernel Version 14.5.0: Wed Jul 29 02:26:53 PDT 2015; root:xnu-2782.40.9~1/RELEASE_X86_64 x86_64
rlimit: STACK 8192k, CORE 0k, NPROC 709, NOFILE 10240, AS infinity
load average:3.50 3.31 3.17

CPU:total 4 (2 cores per cpu, 2 threads per core) family 6 model 69 stepping 1, cmov, cx8, fxsr, mmx, sse, sse2, sse3, ssse3, sse4.1, sse4.2, popcnt, avx, avx2, aes, clmul, erms, lzcnt, ht, tsc, tscinvbit, bmi1, bmi2

Memory: 4k page, physical 8388608k(38508k free)

/proc/meminfo:


vm_info: Java HotSpot(TM) 64-Bit Server VM (25.45-b02) for bsd-amd64 JRE (1.8.0_45-b14), built on Apr 10 2015 10:46:38 by "java_re" with gcc 4.2.1 (Based on Apple Inc. build 5658) (LLVM build 2336.11.00)

time: Tue Oct 20 12:33:42 2015
elapsed time: 322 seconds (0d 0h 5m 22s)

