#
# A fatal error has been detected by the Java Runtime Environment:
#
#  SIGSEGV (0xb) at pc=0x000000012521658d, pid=2079, tid=1811
#
# JRE version: Java(TM) SE Runtime Environment (8.0_45-b14) (build 1.8.0_45-b14)
# Java VM: Java HotSpot(TM) 64-Bit Server VM (25.45-b02 mixed mode bsd-amd64 compressed oops)
# Problematic frame:
# C  [libglass.dylib+0x1558d]  GlassScreenDidChangeScreenParameters+0x9d
#
# Failed to write core dump. Core dumps have been disabled. To enable core dumping, try "ulimit -c unlimited" before starting Java again
#
# If you would like to submit a bug report, please visit:
#   http://bugreport.java.com/bugreport/crash.jsp
#

---------------  T H R E A D  ---------------

Current thread is native thread

siginfo: si_signo: 11 (SIGSEGV), si_code: 1 (SEGV_MAPERR), si_addr: 0x0000000000000000

Registers:
RAX=0x0000000125248bc0, RBX=0x0000000000000000, RCX=0x5400456026afc265, RDX=0x00007f8d71d45ee8
RSP=0x00007fff55431930, RBP=0x00007fff55431940, RSI=0x00007f8d71d069f8, RDI=0x0000000000000000
R8 =0x00007fff554317e0, R9 =0x00007fff7999f300, R10=0x0000000000000000, R11=0x0000000000000246
R12=0x00007f8d71d0dd50, R13=0x00000000000f426a, R14=0x00007f8d71d45df0, R15=0x00007fff55431a80
RIP=0x000000012521658d, EFLAGS=0x0000000000010206, ERR=0x0000000000000004
  TRAPNO=0x000000000000000e

Top of Stack: (sp=0x00007fff55431930)
0x00007fff55431930:   00007fff55431b10 00007f8d71d45df0
0x00007fff55431940:   00007fff55431950 00007fff8d4cb45c
0x00007fff55431950:   00007fff55431cb0 00007fff8d3bb634
0x00007fff55431960:   00007fff554319b0 0000000000001400
0x00007fff55431970:   00007fff796a3ed0 00007f8d71e52ba0
0x00007fff55431980:   0000000000001002 0000000000000ba0
0x00007fff55431990:   00007f8d71e52ba0 00007f8d71d45df0
0x00007fff554319a0:   0000000000000000 00007fff55431a80
0x00007fff554319b0:   0000000000000000 00007f8d71d45db0
0x00007fff554319c0:   00007fff55431b00 000000000000007c
0x00007fff554319d0:   00000000000f4511 00007f8d71ec1160
0x00007fff554319e0:   00007f8d71c6a570 00007f8d71d0dd50
0x00007fff554319f0:   0000000000000001 00000000000f426a
0x00007fff55431a00:   00007f8d71d0dd40 00007fff8e5efb90
0x00007fff55431a10:   0000000000000001 0000000000000001
0x00007fff55431a20:   0000000000000030 0000000000000001
0x00007fff55431a30:   00007fff55431a50 00007fff8e5f0546
0x00007fff55431a40:   00007fff796a1fb0 0000000000000000
0x00007fff55431a50:   00007fff55431a70 0000000000000014
0x00007fff55431a60:   0010d60373ab9e00 00007f8d71d0dd74
0x00007fff55431a70:   0000000000000000 00007fff8d3b110f
0x00007fff55431a80:   00007f8d71d45df0 00007fff796a1fb0
0x00007fff55431a90:   00007fff55431b10 00007fff8d3b9c3f
0x00007fff55431aa0:   00007fff55431b14 0000000000576101
0x00007fff55431ab0:   000000010a7e9a00 0000000000000002
0x00007fff55431ac0:   000000010a7e6000 00007f8d71ee2582
0x00007fff55431ad0:   0000000000000003 000000010a7eae00
0x00007fff55431ae0:   00007fff55431bd0 00007fff8e5ecb36
0x00007fff55431af0:   00007f8d71c6a100 00007fff55431cb8
0x00007fff55431b00:   0000000000000017 0000000000000000
0x00007fff55431b10:   00000000000f426a 00007fff8d3b1403
0x00007fff55431b20:   00007fff00000000 00007f8d71e465a0 

Instructions: (pc=0x000000012521658d)
0x000000012521656d:   89 df 4c 89 f1 41 ff 90 68 04 00 00 48 8d 05 48
0x000000012521657d:   25 03 00 48 8b 30 48 8d 05 36 26 03 00 48 8b 10
0x000000012521658d:   48 8b 0b 30 c0 48 89 df ff 91 68 04 00 00 48 8b
0x000000012521659d:   03 48 89 df ff 50 78 48 85 c0 74 36 49 89 c6 48 

Register to memory mapping:

RAX=0x0000000125248bc0: jScreenNotifySettingsChanged+0 in /Library/Java/JavaVirtualMachines/jdk1.8.0_45.jdk/Contents/Home/jre/lib/libglass.dylib at 0x0000000125201000
RBX=0x0000000000000000 is an unknown value
RCX=0x5400456026afc265 is an unknown value
RDX=0x00007f8d71d45ee8 is an unknown value
RSP=0x00007fff55431930 is an unknown value
RBP=0x00007fff55431940 is an unknown value
RSI=0x00007f8d71d069f8 is a global jni handle
RDI=0x0000000000000000 is an unknown value
R8 =0x00007fff554317e0 is an unknown value
R9 =0x00007fff7999f300: _thread+0 in /usr/lib/system/libsystem_pthread.dylib at 0x00007fff8e923000
R10=0x0000000000000000 is an unknown value
R11=0x0000000000000246 is an unknown value
R12=0x00007f8d71d0dd50 is an unknown value
R13=0x00000000000f426a is an unknown value
R14=0x00007f8d71d45df0 is an unknown value
R15=0x00007fff55431a80 is an unknown value


Stack: [0x00007fff54c35000,0x00007fff55435000],  sp=0x00007fff55431930,  free space=8178k
Native frames: (J=compiled Java code, j=interpreted, Vv=VM code, C=native code)
C  [libglass.dylib+0x1558d]  GlassScreenDidChangeScreenParameters+0x9d
C  [CoreFoundation+0x12045c]  __CFNOTIFICATIONCENTER_IS_CALLING_OUT_TO_AN_OBSERVER__+0xc
C  [CoreFoundation+0x10634]  _CFXNotificationPost+0xc44
C  [Foundation+0x7aa1]  -[NSNotificationCenter postNotificationName:object:userInfo:]+0x42
C  [AppKit+0x40de7e]  -[NSApplication _reactToScreenInvalidationImmediately:]+0x17b
C  [AppKit+0x40dcc7]  __44-[NSApplication _reactToScreenInvalidation:]_block_invoke+0x4b
C  [CoreFoundation+0x808ec]  __CFRUNLOOP_IS_CALLING_OUT_TO_A_BLOCK__+0xc
C  [CoreFoundation+0x729f5]  __CFRunLoopDoBlocks+0x155
C  [CoreFoundation+0x72536]  __CFRunLoopRun+0x716
C  [CoreFoundation+0x71bd8]  CFRunLoopRunSpecific+0x128
C  [java+0x6490]  CreateExecutionEnvironment+0x367
C  [java+0x221c]  JLI_Launch+0x7a0
C  [java+0x84ed]  main+0x65
C  [java+0x1a74]  start+0x34


---------------  P R O C E S S  ---------------

VM state:not at safepoint (normal execution)

VM Mutex/Monitor currently owned by a thread: None

Heap:
 PSYoungGen      total 93184K, used 33874K [0x0000000795580000, 0x000000079d200000, 0x00000007c0000000)
  eden space 64000K, 18% used [0x0000000795580000,0x00000007960ea450,0x0000000799400000)
  from space 29184K, 76% used [0x000000079b300000,0x000000079c8aa5e8,0x000000079cf80000)
  to   space 31744K, 0% used [0x0000000799400000,0x0000000799400000,0x000000079b300000)
 ParOldGen       total 118272K, used 45134K [0x0000000740000000, 0x0000000747380000, 0x0000000795580000)
  object space 118272K, 38% used [0x0000000740000000,0x0000000742c13a88,0x0000000747380000)
 Metaspace       used 18978K, capacity 19880K, committed 20096K, reserved 1067008K
  class space    used 2567K, capacity 2827K, committed 2944K, reserved 1048576K

Card table byte_map: [0x000000011b600000,0x000000011ba01000] byte_map_base: 0x0000000117c00000

Marking Bits: (ParMarkBitMap*) 0x000000010b18c7a0
 Begin Bits: [0x000000011c0b8000, 0x000000011e0b8000)
 End Bits:   [0x000000011e0b8000, 0x00000001200b8000)

Polling page: 0x000000010b979000

CodeCache: size=245760Kb used=12499Kb max_used=12499Kb free=233260Kb
 bounds [0x000000010b98c000, 0x000000010c5dc000, 0x000000011a98c000]
 total_blobs=4419 nmethods=3754 adapters=577
 compilation: enabled

Compilation events (10 events):
Event: 116.875 Thread 0x00007f8d72026800 4146       3       java.lang.invoke.MethodHandleNatives::linkCallSiteImpl (44 bytes)
Event: 116.876 Thread 0x00007f8d72026800 nmethod 4146 0x000000010c5c9250 code [0x000000010c5c9420, 0x000000010c5c9b78]
Event: 116.876 Thread 0x00007f8d72026800 4147       3       java.lang.invoke.ConstantCallSite::<init> (11 bytes)
Event: 116.876 Thread 0x00007f8d72026800 nmethod 4147 0x000000010c5c9f90 code [0x000000010c5ca100, 0x000000010c5ca3d0]
Event: 120.765 Thread 0x00007f8d72026800 4148   !   3       com.sun.javafx.application.PlatformImpl::runLater (100 bytes)
Event: 120.767 Thread 0x00007f8d72026800 nmethod 4148 0x000000010c5ca510 code [0x000000010c5ca840, 0x000000010c5cc338]
Event: 122.763 Thread 0x00007f8d72026800 4149       3       com.sun.javafx.application.PlatformImpl::runLater (6 bytes)
Event: 122.763 Thread 0x00007f8d72026800 nmethod 4149 0x000000010c5cd2d0 code [0x000000010c5cd440, 0x000000010c5cd5a8]
Event: 125.763 Thread 0x00007f8d72026800 4150       3       javafx.application.Platform::runLater (5 bytes)
Event: 125.764 Thread 0x00007f8d72026800 nmethod 4150 0x000000010c5cd650 code [0x000000010c5cd7c0, 0x000000010c5cd988]

GC Heap History (10 events):
Event: 19.735 GC heap before
{Heap before GC invocations=3 (full 0):
 PSYoungGen      total 38400K, used 38370K [0x0000000795580000, 0x0000000798000000, 0x00000007c0000000)
  eden space 33280K, 100% used [0x0000000795580000,0x0000000797600000,0x0000000797600000)
  from space 5120K, 99% used [0x0000000797b00000,0x0000000797ff8ab0,0x0000000798000000)
  to   space 5120K, 0% used [0x0000000797600000,0x0000000797600000,0x0000000797b00000)
 ParOldGen       total 414720K, used 342287K [0x0000000740000000, 0x0000000759500000, 0x0000000795580000)
  object space 414720K, 82% used [0x0000000740000000,0x0000000754e43d18,0x0000000759500000)
 Metaspace       used 18048K, capacity 18900K, committed 19200K, reserved 1064960K
  class space    used 2520K, capacity 2710K, committed 2816K, reserved 1048576K
Event: 19.748 GC heap after
Heap after GC invocations=3 (full 0):
 PSYoungGen      total 38400K, used 5104K [0x0000000795580000, 0x0000000798000000, 0x00000007c0000000)
  eden space 33280K, 0% used [0x0000000795580000,0x0000000795580000,0x0000000797600000)
  from space 5120K, 99% used [0x0000000797600000,0x0000000797afc040,0x0000000797b00000)
  to   space 5120K, 0% used [0x0000000797b00000,0x0000000797b00000,0x0000000798000000)
 ParOldGen       total 414720K, used 355076K [0x0000000740000000, 0x0000000759500000, 0x0000000795580000)
  object space 414720K, 85% used [0x0000000740000000,0x0000000755ac12c8,0x0000000759500000)
 Metaspace       used 18048K, capacity 18900K, committed 19200K, reserved 1064960K
  class space    used 2520K, capacity 2710K, committed 2816K, reserved 1048576K
}
Event: 19.921 GC heap before
{Heap before GC invocations=4 (full 0):
 PSYoungGen      total 38400K, used 35554K [0x0000000795580000, 0x0000000798000000, 0x00000007c0000000)
  eden space 33280K, 91% used [0x0000000795580000,0x000000079733cae8,0x0000000797600000)
  from space 5120K, 99% used [0x0000000797600000,0x0000000797afc040,0x0000000797b00000)
  to   space 5120K, 0% used [0x0000000797b00000,0x0000000797b00000,0x0000000798000000)
 ParOldGen       total 414720K, used 355076K [0x0000000740000000, 0x0000000759500000, 0x0000000795580000)
  object space 414720K, 85% used [0x0000000740000000,0x0000000755ac12c8,0x0000000759500000)
 Metaspace       used 18114K, capacity 19002K, committed 19200K, reserved 1064960K
  class space    used 2534K, capacity 2743K, committed 2816K, reserved 1048576K
Event: 19.941 GC heap after
Heap after GC invocations=4 (full 0):
 PSYoungGen      total 38400K, used 5008K [0x0000000795580000, 0x000000079a080000, 0x00000007c0000000)
  eden space 33280K, 0% used [0x0000000795580000,0x0000000795580000,0x0000000797600000)
  from space 5120K, 97% used [0x0000000797b00000,0x0000000797fe4030,0x0000000798000000)
  to   space 5120K, 0% used [0x0000000797600000,0x0000000797600000,0x0000000797b00000)
 ParOldGen       total 414720K, used 374137K [0x0000000740000000, 0x0000000759500000, 0x0000000795580000)
  object space 414720K, 90% used [0x0000000740000000,0x0000000756d5e688,0x0000000759500000)
 Metaspace       used 18114K, capacity 19002K, committed 19200K, reserved 1064960K
  class space    used 2534K, capacity 2743K, committed 2816K, reserved 1048576K
}
Event: 35.318 GC heap before
{Heap before GC invocations=5 (full 0):
 PSYoungGen      total 38400K, used 33005K [0x0000000795580000, 0x000000079a080000, 0x00000007c0000000)
  eden space 33280K, 84% used [0x0000000795580000,0x00000007970d7600,0x0000000797600000)
  from space 5120K, 97% used [0x0000000797b00000,0x0000000797fe4030,0x0000000798000000)
  to   space 5120K, 0% used [0x0000000797600000,0x0000000797600000,0x0000000797b00000)
 ParOldGen       total 414720K, used 374137K [0x0000000740000000, 0x0000000759500000, 0x0000000795580000)
  object space 414720K, 90% used [0x0000000740000000,0x0000000756d5e688,0x0000000759500000)
 Metaspace       used 18607K, capacity 19562K, committed 19712K, reserved 1067008K
  class space    used 2556K, capacity 2816K, committed 2816K, reserved 1048576K
Event: 35.335 GC heap after
Heap after GC invocations=5 (full 0):
 PSYoungGen      total 38400K, used 5104K [0x0000000795580000, 0x000000079cf80000, 0x00000007c0000000)
  eden space 33280K, 0% used [0x0000000795580000,0x0000000795580000,0x0000000797600000)
  from space 5120K, 99% used [0x0000000797600000,0x0000000797afc1b0,0x0000000797b00000)
  to   space 29184K, 0% used [0x000000079b300000,0x000000079b300000,0x000000079cf80000)
 ParOldGen       total 414720K, used 392020K [0x0000000740000000, 0x0000000759500000, 0x0000000795580000)
  object space 414720K, 94% used [0x0000000740000000,0x0000000757ed5108,0x0000000759500000)
 Metaspace       used 18607K, capacity 19562K, committed 19712K, reserved 1067008K
  class space    used 2556K, capacity 2816K, committed 2816K, reserved 1048576K
}
Event: 35.336 GC heap before
{Heap before GC invocations=6 (full 1):
 PSYoungGen      total 38400K, used 5104K [0x0000000795580000, 0x000000079cf80000, 0x00000007c0000000)
  eden space 33280K, 0% used [0x0000000795580000,0x0000000795580000,0x0000000797600000)
  from space 5120K, 99% used [0x0000000797600000,0x0000000797afc1b0,0x0000000797b00000)
  to   space 29184K, 0% used [0x000000079b300000,0x000000079b300000,0x000000079cf80000)
 ParOldGen       total 414720K, used 392020K [0x0000000740000000, 0x0000000759500000, 0x0000000795580000)
  object space 414720K, 94% used [0x0000000740000000,0x0000000757ed5108,0x0000000759500000)
 Metaspace       used 18607K, capacity 19562K, committed 19712K, reserved 1067008K
  class space    used 2556K, capacity 2816K, committed 2816K, reserved 1048576K
Event: 35.400 GC heap after
Heap after GC invocations=6 (full 1):
 PSYoungGen      total 38400K, used 0K [0x0000000795580000, 0x000000079cf80000, 0x00000007c0000000)
  eden space 33280K, 0% used [0x0000000795580000,0x0000000795580000,0x0000000797600000)
  from space 5120K, 0% used [0x0000000797600000,0x0000000797600000,0x0000000797b00000)
  to   space 29184K, 0% used [0x000000079b300000,0x000000079b300000,0x000000079cf80000)
 ParOldGen       total 118272K, used 45126K [0x0000000740000000, 0x0000000747380000, 0x0000000795580000)
  object space 118272K, 38% used [0x0000000740000000,0x0000000742c11a88,0x0000000747380000)
 Metaspace       used 18607K, capacity 19562K, committed 19712K, reserved 1067008K
  class space    used 2556K, capacity 2816K, committed 2816K, reserved 1048576K
}
Event: 39.237 GC heap before
{Heap before GC invocations=7 (full 1):
 PSYoungGen      total 38400K, used 31550K [0x0000000795580000, 0x000000079cf80000, 0x00000007c0000000)
  eden space 33280K, 94% used [0x0000000795580000,0x000000079744f8a0,0x0000000797600000)
  from space 5120K, 0% used [0x0000000797600000,0x0000000797600000,0x0000000797b00000)
  to   space 29184K, 0% used [0x000000079b300000,0x000000079b300000,0x000000079cf80000)
 ParOldGen       total 118272K, used 45126K [0x0000000740000000, 0x0000000747380000, 0x0000000795580000)
  object space 118272K, 38% used [0x0000000740000000,0x0000000742c11a88,0x0000000747380000)
 Metaspace       used 18702K, capacity 19648K, committed 19840K, reserved 1067008K
  class space    used 2560K, capacity 2819K, committed 2944K, reserved 1048576K
Event: 39.249 GC heap after
Heap after GC invocations=7 (full 1):
 PSYoungGen      total 93184K, used 22185K [0x0000000795580000, 0x000000079d200000, 0x00000007c0000000)
  eden space 64000K, 0% used [0x0000000795580000,0x0000000795580000,0x0000000799400000)
  from space 29184K, 76% used [0x000000079b300000,0x000000079c8aa5e8,0x000000079cf80000)
  to   space 31744K, 0% used [0x0000000799400000,0x0000000799400000,0x000000079b300000)
 ParOldGen       total 118272K, used 45134K [0x0000000740000000, 0x0000000747380000, 0x0000000795580000)
  object space 118272K, 38% used [0x0000000740000000,0x0000000742c13a88,0x0000000747380000)
 Metaspace       used 18702K, capacity 19648K, committed 19840K, reserved 1067008K
  class space    used 2560K, capacity 2819K, committed 2944K, reserved 1048576K
}

Deoptimization events (10 events):
Event: 20.015 Thread 0x00007f8d7211b800 Uncommon trap: reason=class_check action=maybe_recompile pc=0x000000010c0133e4 method=javafx.scene.Scene.getRoot()Ljavafx/scene/Parent; @ 18
Event: 20.018 Thread 0x00007f8d7211b800 Uncommon trap: reason=class_check action=maybe_recompile pc=0x000000010c084cd8 method=javafx.scene.Scene.getRoot()Ljavafx/scene/Parent; @ 18
Event: 20.025 Thread 0x00007f8d7211b800 Uncommon trap: reason=class_check action=maybe_recompile pc=0x000000010be700f4 method=javafx.scene.CssStyleHelper.lookup(Ljavafx/css/Styleable;Ljavafx/css/CssMetaData;Lcom/sun/javafx/css/StyleMap;Ljava/util/Set;Ljavafx/css/Styleable;Lcom/sun/javafx/css/Ca
Event: 20.026 Thread 0x00007f8d7211b800 Uncommon trap: reason=unstable_if action=reinterpret pc=0x000000010be2fb74 method=java.util.WeakHashMap.expungeStaleEntries()V @ 9
Event: 20.038 Thread 0x00007f8d7211b800 Uncommon trap: reason=unstable_if action=reinterpret pc=0x000000010c28cbb0 method=javafx.scene.CssStyleHelper.transitionToState(Ljavafx/scene/Node;)V @ 666
Event: 22.971 Thread 0x00007f8d7211b800 Uncommon trap: reason=unstable_if action=reinterpret pc=0x000000010c183bfc method=com.sun.javafx.css.ParsedValueImpl.containsFontRelativeSize(Ljavafx/css/ParsedValue;Z)Z @ 56
Event: 35.460 Thread 0x00007f8d7211b800 Uncommon trap: reason=unstable_if action=reinterpret pc=0x000000010baacebc method=javafx.scene.Node.getProperties()Ljavafx/collections/ObservableMap; @ 4
Event: 40.213 Thread 0x00007f8d7211b800 Uncommon trap: reason=unstable_if action=reinterpret pc=0x000000010c02b278 method=com.sun.javafx.css.StyleManager$CacheContainer.getStyleMap(I)Lcom/sun/javafx/css/StyleMap; @ 22
Event: 40.216 Thread 0x00007f8d7211b800 Uncommon trap: reason=class_check action=maybe_recompile pc=0x000000010be700f4 method=javafx.scene.CssStyleHelper.lookup(Ljavafx/css/Styleable;Ljavafx/css/CssMetaData;Lcom/sun/javafx/css/StyleMap;Ljava/util/Set;Ljavafx/css/Styleable;Lcom/sun/javafx/css/Ca
Event: 40.931 Thread 0x00007f8d720f2800 Uncommon trap: reason=unstable_if action=reinterpret pc=0x000000010bb22a98 method=com.sun.javafx.sg.prism.NGGroup.clearDirty()V @ 8

Internal exceptions (10 events):
Event: 36.537 Thread 0x00007f8d7211b800 Exception <a 'java/io/FileNotFoundException'> (0x00000007965e4590) thrown at [/Users/java_re/workspace/8-2-build-macosx-x86_64/jdk8u45/3457/hotspot/src/share/vm/prims/jni.cpp, line 709]
Event: 37.661 Thread 0x00007f8d7211b800 Exception <a 'java/io/FileNotFoundException'> (0x0000000796ccb148) thrown at [/Users/java_re/workspace/8-2-build-macosx-x86_64/jdk8u45/3457/hotspot/src/share/vm/prims/jni.cpp, line 709]
Event: 37.675 Thread 0x00007f8d7211b800 Exception <a 'java/io/FileNotFoundException'> (0x0000000796cd2e88) thrown at [/Users/java_re/workspace/8-2-build-macosx-x86_64/jdk8u45/3457/hotspot/src/share/vm/prims/jni.cpp, line 709]
Event: 37.678 Thread 0x00007f8d7211b800 Exception <a 'java/io/FileNotFoundException'> (0x0000000796cdf030) thrown at [/Users/java_re/workspace/8-2-build-macosx-x86_64/jdk8u45/3457/hotspot/src/share/vm/prims/jni.cpp, line 709]
Event: 37.680 Thread 0x00007f8d7211b800 Exception <a 'java/io/FileNotFoundException'> (0x0000000796cec1b8) thrown at [/Users/java_re/workspace/8-2-build-macosx-x86_64/jdk8u45/3457/hotspot/src/share/vm/prims/jni.cpp, line 709]
Event: 37.689 Thread 0x00007f8d7211b800 Exception <a 'java/io/FileNotFoundException'> (0x0000000796fe4890) thrown at [/Users/java_re/workspace/8-2-build-macosx-x86_64/jdk8u45/3457/hotspot/src/share/vm/prims/jni.cpp, line 709]
Event: 39.236 Thread 0x00007f8d7211b800 Exception <a 'java/io/FileNotFoundException'> (0x00000007973efd28) thrown at [/Users/java_re/workspace/8-2-build-macosx-x86_64/jdk8u45/3457/hotspot/src/share/vm/prims/jni.cpp, line 709]
Event: 39.272 Thread 0x00007f8d7211b800 Exception <a 'java/io/FileNotFoundException'> (0x0000000795987f78) thrown at [/Users/java_re/workspace/8-2-build-macosx-x86_64/jdk8u45/3457/hotspot/src/share/vm/prims/jni.cpp, line 709]
Event: 39.277 Thread 0x00007f8d7211b800 Exception <a 'java/io/FileNotFoundException'> (0x00000007959ab820) thrown at [/Users/java_re/workspace/8-2-build-macosx-x86_64/jdk8u45/3457/hotspot/src/share/vm/prims/jni.cpp, line 709]
Event: 39.278 Thread 0x00007f8d7211b800 Exception <a 'java/io/FileNotFoundException'> (0x00000007959b8f28) thrown at [/Users/java_re/workspace/8-2-build-macosx-x86_64/jdk8u45/3457/hotspot/src/share/vm/prims/jni.cpp, line 709]

Events (10 events):
Event: 116.845 loading class javafx/application/Application done
Event: 116.873 loading class com/sun/javafx/tk/quantum/QuantumRenderer
Event: 116.873 loading class com/sun/javafx/tk/quantum/QuantumRenderer done
Event: 116.874 loading class com/sun/javafx/tk/quantum/QuantumToolkit
Event: 116.874 loading class com/sun/javafx/tk/quantum/QuantumToolkit done
Event: 116.874 Thread 0x00007f8d720f2800 Thread exited: 0x00007f8d720f2800
Event: 116.875 Thread 0x00007f8d720ec000 Thread exited: 0x00007f8d720ec000
Event: 116.875 Thread 0x00007f8d73001800 Thread exited: 0x00007f8d73001800
Event: 116.875 Thread 0x00007f8d72934000 Thread added: 0x00007f8d72934000
Event: 116.875 Thread 0x00007f8d7211b800 Thread exited: 0x00007f8d7211b800


Dynamic libraries:
0x0000000008a98000 	/System/Library/Frameworks/Cocoa.framework/Versions/A/Cocoa
0x0000000008a98000 	/System/Library/Frameworks/Security.framework/Versions/A/Security
0x0000000008a98000 	/System/Library/Frameworks/ApplicationServices.framework/Versions/A/ApplicationServices
0x0000000008a98000 	/usr/lib/libz.1.dylib
0x0000000008a98000 	/usr/lib/libSystem.B.dylib
0x0000000008a98000 	/usr/lib/libobjc.A.dylib
0x0000000008a98000 	/System/Library/Frameworks/CoreFoundation.framework/Versions/A/CoreFoundation
0x0000000008a98000 	/System/Library/Frameworks/Foundation.framework/Versions/C/Foundation
0x0000000008a98000 	/System/Library/Frameworks/AppKit.framework/Versions/C/AppKit
0x0000000008a98000 	/System/Library/Frameworks/CoreData.framework/Versions/A/CoreData
0x0000000008a98000 	/System/Library/PrivateFrameworks/RemoteViewServices.framework/Versions/A/RemoteViewServices
0x0000000008a98000 	/System/Library/PrivateFrameworks/UIFoundation.framework/Versions/A/UIFoundation
0x0000000008a98000 	/System/Library/Frameworks/IOSurface.framework/Versions/A/IOSurface
0x0000000008a98000 	/System/Library/Frameworks/AudioToolbox.framework/Versions/A/AudioToolbox
0x0000000008a98000 	/System/Library/Frameworks/AudioUnit.framework/Versions/A/AudioUnit
0x0000000008a98000 	/System/Library/PrivateFrameworks/DataDetectorsCore.framework/Versions/A/DataDetectorsCore
0x0000000008a98000 	/System/Library/PrivateFrameworks/DesktopServicesPriv.framework/Versions/A/DesktopServicesPriv
0x0000000008a98000 	/System/Library/Frameworks/Carbon.framework/Versions/A/Frameworks/HIToolbox.framework/Versions/A/HIToolbox
0x0000000008a98000 	/System/Library/Frameworks/QuartzCore.framework/Versions/A/QuartzCore
0x0000000008a98000 	/System/Library/Frameworks/Carbon.framework/Versions/A/Frameworks/SpeechRecognition.framework/Versions/A/SpeechRecognition
0x0000000008a98000 	/usr/lib/libauto.dylib
0x0000000008a98000 	/usr/lib/libicucore.A.dylib
0x0000000008a98000 	/usr/lib/libxml2.2.dylib
0x0000000008a98000 	/System/Library/PrivateFrameworks/CoreUI.framework/Versions/A/CoreUI
0x0000000008a98000 	/System/Library/Frameworks/CoreAudio.framework/Versions/A/CoreAudio
0x0000000008a98000 	/System/Library/Frameworks/DiskArbitration.framework/Versions/A/DiskArbitration
0x0000000008a98000 	/usr/lib/liblangid.dylib
0x0000000008a98000 	/System/Library/PrivateFrameworks/MultitouchSupport.framework/Versions/A/MultitouchSupport
0x0000000008a98000 	/System/Library/Frameworks/IOKit.framework/Versions/A/IOKit
0x0000000008a98000 	/usr/lib/libDiagnosticMessagesClient.dylib
0x0000000008a98000 	/System/Library/Frameworks/CoreServices.framework/Versions/A/CoreServices
0x0000000008a98000 	/System/Library/PrivateFrameworks/PerformanceAnalysis.framework/Versions/A/PerformanceAnalysis
0x0000000008a98000 	/System/Library/PrivateFrameworks/GenerationalStorage.framework/Versions/A/GenerationalStorage
0x0000000008a98000 	/System/Library/Frameworks/OpenGL.framework/Versions/A/OpenGL
0x0000000008a98000 	/System/Library/PrivateFrameworks/Sharing.framework/Versions/A/Sharing
0x0000000008a98000 	/System/Library/Frameworks/CoreGraphics.framework/Versions/A/CoreGraphics
0x0000000008a98000 	/System/Library/Frameworks/CoreText.framework/Versions/A/CoreText
0x0000000008a98000 	/System/Library/Frameworks/ImageIO.framework/Versions/A/ImageIO
0x0000000008a98000 	/usr/lib/libextension.dylib
0x0000000008a98000 	/System/Library/PrivateFrameworks/Backup.framework/Versions/A/Backup
0x0000000008a98000 	/usr/lib/libarchive.2.dylib
0x0000000008a98000 	/System/Library/Frameworks/CFNetwork.framework/Versions/A/CFNetwork
0x0000000008a98000 	/System/Library/Frameworks/SystemConfiguration.framework/Versions/A/SystemConfiguration
0x0000000008a98000 	/usr/lib/libCRFSuite.dylib
0x0000000008a98000 	/usr/lib/libc++.1.dylib
0x0000000008a98000 	/usr/lib/libc++abi.dylib
0x0000000008a98000 	/usr/lib/system/libcache.dylib
0x0000000008a98000 	/usr/lib/system/libcommonCrypto.dylib
0x0000000008a98000 	/usr/lib/system/libcompiler_rt.dylib
0x0000000008a98000 	/usr/lib/system/libcopyfile.dylib
0x0000000008a98000 	/usr/lib/system/libcorecrypto.dylib
0x0000000008a98000 	/usr/lib/system/libdispatch.dylib
0x0000000008a98000 	/usr/lib/system/libdyld.dylib
0x0000000008a98000 	/usr/lib/system/libkeymgr.dylib
0x0000000008a98000 	/usr/lib/system/liblaunch.dylib
0x0000000008a98000 	/usr/lib/system/libmacho.dylib
0x0000000008a98000 	/usr/lib/system/libquarantine.dylib
0x0000000008a98000 	/usr/lib/system/libremovefile.dylib
0x0000000008a98000 	/usr/lib/system/libsystem_asl.dylib
0x0000000008a98000 	/usr/lib/system/libsystem_blocks.dylib
0x0000000008a98000 	/usr/lib/system/libsystem_c.dylib
0x0000000008a98000 	/usr/lib/system/libsystem_configuration.dylib
0x0000000008a98000 	/usr/lib/system/libsystem_coreservices.dylib
0x0000000008a98000 	/usr/lib/system/libsystem_coretls.dylib
0x0000000008a98000 	/usr/lib/system/libsystem_dnssd.dylib
0x0000000008a98000 	/usr/lib/system/libsystem_info.dylib
0x0000000008a98000 	/usr/lib/system/libsystem_kernel.dylib
0x0000000008a98000 	/usr/lib/system/libsystem_m.dylib
0x0000000008a98000 	/usr/lib/system/libsystem_malloc.dylib
0x0000000008a98000 	/usr/lib/system/libsystem_network.dylib
0x0000000008a98000 	/usr/lib/system/libsystem_networkextension.dylib
0x0000000008a98000 	/usr/lib/system/libsystem_notify.dylib
0x0000000008a98000 	/usr/lib/system/libsystem_platform.dylib
0x0000000008a98000 	/usr/lib/system/libsystem_pthread.dylib
0x0000000008a98000 	/usr/lib/system/libsystem_sandbox.dylib
0x0000000008a98000 	/usr/lib/system/libsystem_secinit.dylib
0x0000000008a98000 	/usr/lib/system/libsystem_stats.dylib
0x0000000008a98000 	/usr/lib/system/libsystem_trace.dylib
0x0000000008a98000 	/usr/lib/system/libunc.dylib
0x0000000008a98000 	/usr/lib/system/libunwind.dylib
0x0000000008a98000 	/usr/lib/system/libxpc.dylib
0x0000000008a98000 	/usr/lib/libbz2.1.0.dylib
0x0000000008a98000 	/usr/lib/liblzma.5.dylib
0x0000000008a98000 	/usr/lib/libbsm.0.dylib
0x0000000008a98000 	/usr/lib/libsqlite3.dylib
0x0000000008a98000 	/usr/lib/system/libkxld.dylib
0x0000000008a98000 	/usr/lib/libxar.1.dylib
0x0000000008a98000 	/usr/lib/libpam.2.dylib
0x0000000008a98000 	/usr/lib/libOpenScriptingUtil.dylib
0x0000000008a98000 	/System/Library/Frameworks/CoreServices.framework/Versions/A/Frameworks/FSEvents.framework/Versions/A/FSEvents
0x0000000008a98000 	/System/Library/Frameworks/CoreServices.framework/Versions/A/Frameworks/CarbonCore.framework/Versions/A/CarbonCore
0x0000000008a98000 	/System/Library/Frameworks/CoreServices.framework/Versions/A/Frameworks/Metadata.framework/Versions/A/Metadata
0x0000000008a98000 	/System/Library/Frameworks/CoreServices.framework/Versions/A/Frameworks/OSServices.framework/Versions/A/OSServices
0x0000000008a98000 	/System/Library/Frameworks/CoreServices.framework/Versions/A/Frameworks/SearchKit.framework/Versions/A/SearchKit
0x0000000008a98000 	/System/Library/Frameworks/CoreServices.framework/Versions/A/Frameworks/AE.framework/Versions/A/AE
0x0000000008a98000 	/System/Library/Frameworks/CoreServices.framework/Versions/A/Frameworks/LaunchServices.framework/Versions/A/LaunchServices
0x0000000008a98000 	/System/Library/Frameworks/CoreServices.framework/Versions/A/Frameworks/DictionaryServices.framework/Versions/A/DictionaryServices
0x0000000008a98000 	/System/Library/Frameworks/NetFS.framework/Versions/A/NetFS
0x0000000008a98000 	/System/Library/PrivateFrameworks/NetAuth.framework/Versions/A/NetAuth
0x0000000008a98000 	/System/Library/PrivateFrameworks/login.framework/Versions/A/Frameworks/loginsupport.framework/Versions/A/loginsupport
0x0000000008a98000 	/System/Library/PrivateFrameworks/TCC.framework/Versions/A/TCC
0x0000000008a98000 	/usr/lib/libmecabra.dylib
0x0000000008a98000 	/System/Library/Frameworks/ApplicationServices.framework/Versions/A/Frameworks/ATS.framework/Versions/A/ATS
0x0000000008a98000 	/System/Library/Frameworks/ApplicationServices.framework/Versions/A/Frameworks/ColorSync.framework/Versions/A/ColorSync
0x0000000008a98000 	/System/Library/Frameworks/ApplicationServices.framework/Versions/A/Frameworks/HIServices.framework/Versions/A/HIServices
0x0000000008a98000 	/System/Library/Frameworks/ApplicationServices.framework/Versions/A/Frameworks/LangAnalysis.framework/Versions/A/LangAnalysis
0x0000000008a98000 	/System/Library/Frameworks/ApplicationServices.framework/Versions/A/Frameworks/PrintCore.framework/Versions/A/PrintCore
0x0000000008a98000 	/System/Library/Frameworks/ApplicationServices.framework/Versions/A/Frameworks/QD.framework/Versions/A/QD
0x0000000008a98000 	/System/Library/Frameworks/ApplicationServices.framework/Versions/A/Frameworks/SpeechSynthesis.framework/Versions/A/SpeechSynthesis
0x0000000008a98000 	/System/Library/Frameworks/Accelerate.framework/Versions/A/Accelerate
0x0000000008a98000 	/System/Library/Frameworks/Accelerate.framework/Versions/A/Frameworks/vImage.framework/Versions/A/vImage
0x0000000008a98000 	/System/Library/Frameworks/Accelerate.framework/Versions/A/Frameworks/vecLib.framework/Versions/A/vecLib
0x0000000008a98000 	/System/Library/Frameworks/Accelerate.framework/Versions/A/Frameworks/vecLib.framework/Versions/A/libvDSP.dylib
0x0000000008a98000 	/System/Library/Frameworks/Accelerate.framework/Versions/A/Frameworks/vecLib.framework/Versions/A/libvMisc.dylib
0x0000000008a98000 	/System/Library/Frameworks/Accelerate.framework/Versions/A/Frameworks/vecLib.framework/Versions/A/libLAPACK.dylib
0x0000000008a98000 	/System/Library/Frameworks/Accelerate.framework/Versions/A/Frameworks/vecLib.framework/Versions/A/libBLAS.dylib
0x0000000008a98000 	/System/Library/Frameworks/Accelerate.framework/Versions/A/Frameworks/vecLib.framework/Versions/A/libLinearAlgebra.dylib
0x0000000008a98000 	/System/Library/Frameworks/ApplicationServices.framework/Versions/A/Frameworks/ATS.framework/Versions/A/Resources/libFontParser.dylib
0x0000000008a98000 	/System/Library/Frameworks/ApplicationServices.framework/Versions/A/Frameworks/ATS.framework/Versions/A/Resources/libFontRegistry.dylib
0x0000000008a98000 	/System/Library/PrivateFrameworks/AppleVPA.framework/Versions/A/AppleVPA
0x0000000008a98000 	/System/Library/PrivateFrameworks/AppleJPEG.framework/Versions/A/AppleJPEG
0x0000000008a98000 	/System/Library/Frameworks/ImageIO.framework/Versions/A/Resources/libJPEG.dylib
0x0000000008a98000 	/System/Library/Frameworks/ImageIO.framework/Versions/A/Resources/libTIFF.dylib
0x0000000008a98000 	/System/Library/Frameworks/ImageIO.framework/Versions/A/Resources/libPng.dylib
0x0000000008a98000 	/System/Library/Frameworks/ImageIO.framework/Versions/A/Resources/libGIF.dylib
0x0000000008a98000 	/System/Library/Frameworks/ImageIO.framework/Versions/A/Resources/libJP2.dylib
0x0000000008a98000 	/System/Library/Frameworks/ImageIO.framework/Versions/A/Resources/libRadiance.dylib
0x0000000008a98000 	/System/Library/Frameworks/CoreVideo.framework/Versions/A/CoreVideo
0x0000000008a98000 	/System/Library/Frameworks/OpenGL.framework/Versions/A/Libraries/libGLU.dylib
0x0000000008a98000 	/System/Library/Frameworks/OpenGL.framework/Versions/A/Libraries/libGFXShared.dylib
0x0000000008a98000 	/System/Library/Frameworks/OpenGL.framework/Versions/A/Libraries/libGL.dylib
0x0000000008a98000 	/System/Library/Frameworks/OpenGL.framework/Versions/A/Libraries/libGLImage.dylib
0x0000000008a98000 	/System/Library/Frameworks/OpenGL.framework/Versions/A/Libraries/libCVMSPluginSupport.dylib
0x0000000008a98000 	/System/Library/Frameworks/OpenGL.framework/Versions/A/Libraries/libCoreVMClient.dylib
0x0000000008a98000 	/usr/lib/libcups.2.dylib
0x0000000008a98000 	/System/Library/Frameworks/Kerberos.framework/Versions/A/Kerberos
0x0000000008a98000 	/System/Library/Frameworks/GSS.framework/Versions/A/GSS
0x0000000008a98000 	/usr/lib/libresolv.9.dylib
0x0000000008a98000 	/usr/lib/libiconv.2.dylib
0x0000000008a98000 	/System/Library/PrivateFrameworks/Heimdal.framework/Versions/A/Heimdal
0x0000000008a98000 	/usr/lib/libheimdal-asn1.dylib
0x0000000008a98000 	/System/Library/Frameworks/OpenDirectory.framework/Versions/A/OpenDirectory
0x0000000008a98000 	/System/Library/PrivateFrameworks/CommonAuth.framework/Versions/A/CommonAuth
0x0000000008a98000 	/System/Library/Frameworks/OpenDirectory.framework/Versions/A/Frameworks/CFOpenDirectory.framework/Versions/A/CFOpenDirectory
0x0000000008a98000 	/System/Library/Frameworks/SecurityFoundation.framework/Versions/A/SecurityFoundation
0x0000000008a98000 	/System/Library/PrivateFrameworks/LanguageModeling.framework/Versions/A/LanguageModeling
0x0000000008a98000 	/usr/lib/libcmph.dylib
0x0000000008a98000 	/System/Library/Frameworks/ServiceManagement.framework/Versions/A/ServiceManagement
0x0000000008a98000 	/usr/lib/libxslt.1.dylib
0x0000000008a98000 	/System/Library/Frameworks/Carbon.framework/Versions/A/Frameworks/Ink.framework/Versions/A/Ink
0x0000000008a98000 	/System/Library/Frameworks/QuartzCore.framework/Versions/A/Frameworks/CoreImage.framework/Versions/A/CoreImage
0x0000000008a98000 	/System/Library/PrivateFrameworks/CrashReporterSupport.framework/Versions/A/CrashReporterSupport
0x0000000008a98000 	/System/Library/Frameworks/OpenCL.framework/Versions/A/OpenCL
0x0000000008a98000 	/System/Library/PrivateFrameworks/FaceCore.framework/Versions/A/FaceCore
0x0000000008a98000 	/System/Library/PrivateFrameworks/Ubiquity.framework/Versions/A/Ubiquity
0x0000000008a98000 	/System/Library/PrivateFrameworks/IconServices.framework/Versions/A/IconServices
0x0000000008a98000 	/System/Library/PrivateFrameworks/ChunkingLibrary.framework/Versions/A/ChunkingLibrary
0x0000000008a98000 	/System/Library/PrivateFrameworks/Apple80211.framework/Versions/A/Apple80211
0x0000000008a98000 	/System/Library/Frameworks/CoreWLAN.framework/Versions/A/CoreWLAN
0x0000000008a98000 	/System/Library/Frameworks/IOBluetooth.framework/Versions/A/IOBluetooth
0x0000000008a98000 	/System/Library/PrivateFrameworks/CoreWiFi.framework/Versions/A/CoreWiFi
0x0000000008a98000 	/System/Library/Frameworks/CoreBluetooth.framework/Versions/A/CoreBluetooth
0x0000000008a98000 	/System/Library/PrivateFrameworks/DebugSymbols.framework/Versions/A/DebugSymbols
0x0000000008a98000 	/System/Library/PrivateFrameworks/CoreSymbolication.framework/Versions/A/CoreSymbolication
0x0000000008a98000 	/System/Library/PrivateFrameworks/Symbolication.framework/Versions/A/Symbolication
0x0000000008a98000 	/System/Library/PrivateFrameworks/SpeechRecognitionCore.framework/Versions/A/SpeechRecognitionCore
0x000000010a8ca000 	/Library/Java/JavaVirtualMachines/jdk1.8.0_45.jdk/Contents/Home/jre/lib/server/libjvm.dylib
0x0000000008a98000 	/usr/lib/libstdc++.6.dylib
0x000000010b936000 	/Library/Java/JavaVirtualMachines/jdk1.8.0_45.jdk/Contents/Home/jre/lib/libverify.dylib
0x000000010b944000 	/Library/Java/JavaVirtualMachines/jdk1.8.0_45.jdk/Contents/Home/jre/lib/libjava.dylib
0x000000010b983000 	/Library/Java/JavaVirtualMachines/jdk1.8.0_45.jdk/Contents/Home/jre/lib/libzip.dylib
0x0000000122227000 	/System/Library/Frameworks/JavaVM.framework/Frameworks/JavaRuntimeSupport.framework/JavaRuntimeSupport
0x000000012223d000 	/System/Library/Frameworks/JavaVM.framework/Versions/A/Frameworks/JavaNativeFoundation.framework/Versions/A/JavaNativeFoundation
0x000000011adf4000 	/System/Library/Frameworks/JavaVM.framework/Versions/A/JavaVM
0x0000000008a98000 	/System/Library/Frameworks/Carbon.framework/Versions/A/Carbon
0x0000000122251000 	/System/Library/PrivateFrameworks/JavaLaunching.framework/Versions/A/JavaLaunching
0x0000000008a98000 	/System/Library/Frameworks/Carbon.framework/Versions/A/Frameworks/CommonPanels.framework/Versions/A/CommonPanels
0x0000000008a98000 	/System/Library/Frameworks/Carbon.framework/Versions/A/Frameworks/Help.framework/Versions/A/Help
0x0000000008a98000 	/System/Library/Frameworks/Carbon.framework/Versions/A/Frameworks/ImageCapture.framework/Versions/A/ImageCapture
0x0000000008a98000 	/System/Library/Frameworks/Carbon.framework/Versions/A/Frameworks/OpenScripting.framework/Versions/A/OpenScripting
0x0000000008a98000 	/System/Library/Frameworks/Carbon.framework/Versions/A/Frameworks/Print.framework/Versions/A/Print
0x0000000008a98000 	/System/Library/Frameworks/Carbon.framework/Versions/A/Frameworks/SecurityHI.framework/Versions/A/SecurityHI
0x0000000124267000 	/Applications/IntelliJ IDEA 14 CE.app/Contents/bin/libbreakgen64.jnilib
0x000000012436d000 	/Library/Java/JavaVirtualMachines/jdk1.8.0_45.jdk/Contents/Home/jre/lib/libnet.dylib
0x0000000124668000 	/Library/Java/JavaVirtualMachines/jdk1.8.0_45.jdk/Contents/Home/jre/lib/libprism_es2.dylib
0x0000000008a98000 	/System/Library/Frameworks/OpenGL.framework/Versions/A/Resources/GLEngine.bundle/GLEngine
0x0000000008a98000 	/System/Library/Frameworks/OpenGL.framework/Versions/A/Libraries/libGLProgrammability.dylib
0x00000001246ea000 	/System/Library/Extensions/AppleIntelHD5000GraphicsGLDriver.bundle/Contents/MacOS/AppleIntelHD5000GraphicsGLDriver
0x0000000008a98000 	/System/Library/PrivateFrameworks/IOAccelerator.framework/Versions/A/IOAccelerator
0x0000000008a98000 	/System/Library/PrivateFrameworks/GPUSupport.framework/Versions/A/Libraries/libGPUSupportMercury.dylib
0x0000000008a98000 	/System/Library/Frameworks/OpenGL.framework/Versions/A/Resources/GLRendererFloat.bundle/GLRendererFloat
0x0000000008a98000 	/System/Library/Frameworks/OpenCL.framework/Versions/A/Libraries/libcldcpuengine.dylib
0x0000000008a98000 	/System/Library/PrivateFrameworks/DiskImages.framework/Versions/A/DiskImages
0x0000000008a98000 	/System/Library/Frameworks/DiscRecording.framework/Versions/A/DiscRecording
0x0000000008a98000 	/usr/lib/libcsfde.dylib
0x0000000008a98000 	/usr/lib/libcurl.4.dylib
0x0000000008a98000 	/System/Library/PrivateFrameworks/MediaKit.framework/Versions/A/MediaKit
0x0000000008a98000 	/System/Library/PrivateFrameworks/ProtectedCloudStorage.framework/Versions/A/ProtectedCloudStorage
0x0000000008a98000 	/usr/lib/libCoreStorage.dylib
0x0000000008a98000 	/System/Library/PrivateFrameworks/EFILogin.framework/Versions/A/EFILogin
0x0000000008a98000 	/usr/lib/libutil.dylib
0x0000000008a98000 	/System/Library/PrivateFrameworks/FindMyDevice.framework/Versions/A/FindMyDevice
0x0000000008a98000 	/System/Library/Frameworks/LDAP.framework/Versions/A/LDAP
0x0000000008a98000 	/usr/lib/libsasl2.2.dylib
0x0000000008a98000 	/System/Library/PrivateFrameworks/CoreDaemon.framework/Versions/B/CoreDaemon
0x0000000008a98000 	/usr/lib/libcrypto.0.9.8.dylib
0x0000000008a98000 	/System/Library/PrivateFrameworks/AppleSRP.framework/Versions/A/AppleSRP
0x0000000008a98000 	/System/Library/PrivateFrameworks/TrustEvaluationAgent.framework/Versions/A/TrustEvaluationAgent
0x0000000125201000 	/Library/Java/JavaVirtualMachines/jdk1.8.0_45.jdk/Contents/Home/jre/lib/libglass.dylib
0x0000000008a98000 	/System/Library/PrivateFrameworks/CoreServicesInternal.framework/Versions/A/CoreServicesInternal
0x0000000008a98000 	/System/Library/PrivateFrameworks/CloudDocs.framework/Versions/A/CloudDocs
0x0000000008a98000 	/System/Library/PrivateFrameworks/CoreDuet.framework/Versions/A/CoreDuet
0x0000000008a98000 	/System/Library/Frameworks/CloudKit.framework/Versions/A/CloudKit
0x0000000008a98000 	/System/Library/PrivateFrameworks/ProtocolBuffer.framework/Versions/A/ProtocolBuffer
0x0000000008a98000 	/System/Library/PrivateFrameworks/CoreDuetDaemonProtocol.framework/Versions/A/CoreDuetDaemonProtocol
0x0000000008a98000 	/System/Library/PrivateFrameworks/CoreDuetDebugLogging.framework/Versions/A/CoreDuetDebugLogging
0x0000000008a98000 	/System/Library/PrivateFrameworks/MMCS.framework/Versions/A/MMCS
0x0000000008a98000 	/System/Library/Frameworks/CoreLocation.framework/Versions/A/CoreLocation
0x0000000008a98000 	/System/Library/PrivateFrameworks/GeoServices.framework/Versions/A/GeoServices
0x0000000008a98000 	/System/Library/Frameworks/CoreGraphics.framework/Versions/A/Resources/libCGCMS.A.dylib
0x0000000008a98000 	/System/Library/CoreServices/RawCamera.bundle/Contents/MacOS/RawCamera
0x0000000008a98000 	/System/Library/Frameworks/CoreGraphics.framework/Versions/A/Resources/libRIP.A.dylib
0x0000000008a98000 	/System/Library/PrivateFrameworks/FamilyControls.framework/Versions/A/FamilyControls
0x0000000008a98000 	/System/Library/PrivateFrameworks/CommerceKit.framework/Versions/A/Frameworks/CommerceCore.framework/Versions/A/CommerceCore
0x0000000008a98000 	/System/Library/PrivateFrameworks/SystemAdministration.framework/Versions/A/SystemAdministration
0x0000000008a98000 	/System/Library/PrivateFrameworks/AppContainer.framework/Versions/A/AppContainer
0x0000000008a98000 	/System/Library/PrivateFrameworks/SecCodeWrapper.framework/Versions/A/SecCodeWrapper
0x0000000008a98000 	/System/Library/Frameworks/DirectoryService.framework/Versions/A/DirectoryService
0x0000000008a98000 	/System/Library/PrivateFrameworks/LoginUIKit.framework/Versions/A/Frameworks/LoginUICore.framework/Versions/A/LoginUICore
0x0000000008a98000 	/usr/lib/libodfde.dylib
0x000000012946f000 	/Library/Java/JavaVirtualMachines/jdk1.8.0_45.jdk/Contents/Home/jre/lib/libjavafx_iio.dylib
0x000000012950e000 	/Library/Java/JavaVirtualMachines/jdk1.8.0_45.jdk/Contents/Home/jre/lib/libjavafx_font.dylib
0x0000000008a98000 	/System/Library/Frameworks/CoreGraphics.framework/Versions/A/Resources/libCGXType.A.dylib
0x000000012d082000 	cl_kernels
0x000000012d084000 	/System/Library/Frameworks/OpenCL.framework/Versions/A/Libraries/ImageFormats/unorm8_bgra.dylib
0x000000012d074000 	cl_kernels
0x000000012dcc2000 	/Library/Java/JavaVirtualMachines/jdk1.8.0_45.jdk/Contents/Home/jre/lib/libprism_common.dylib

VM Arguments:
jvm_args: -Didea.launcher.port=7533 -Didea.launcher.bin.path=/Applications/IntelliJ IDEA 14 CE.app/Contents/bin -Dfile.encoding=UTF-8 
java_command: com.intellij.rt.execution.application.AppMain sample.Main
java_class_path (initial): /Library/Java/JavaVirtualMachines/jdk1.8.0_45.jdk/Contents/Home/lib/ant-javafx.jar:/Library/Java/JavaVirtualMachines/jdk1.8.0_45.jdk/Contents/Home/lib/dt.jar:/Library/Java/JavaVirtualMachines/jdk1.8.0_45.jdk/Contents/Home/lib/javafx-mx.jar:/Library/Java/JavaVirtualMachines/jdk1.8.0_45.jdk/Contents/Home/lib/jconsole.jar:/Library/Java/JavaVirtualMachines/jdk1.8.0_45.jdk/Contents/Home/lib/packager.jar:/Library/Java/JavaVirtualMachines/jdk1.8.0_45.jdk/Contents/Home/lib/sa-jdi.jar:/Library/Java/JavaVirtualMachines/jdk1.8.0_45.jdk/Contents/Home/lib/tools.jar:/Library/Java/JavaVirtualMachines/jdk1.8.0_45.jdk/Contents/Home/jre/lib/charsets.jar:/Library/Java/JavaVirtualMachines/jdk1.8.0_45.jdk/Contents/Home/jre/lib/deploy.jar:/Library/Java/JavaVirtualMachines/jdk1.8.0_45.jdk/Contents/Home/jre/lib/javaws.jar:/Library/Java/JavaVirtualMachines/jdk1.8.0_45.jdk/Contents/Home/jre/lib/jce.jar:/Library/Java/JavaVirtualMachines/jdk1.8.0_45.jdk/Contents/Home/jre/lib/jfr.jar:/Library/Java/JavaVirtualMachines/jdk1.8.0_45.jdk/Contents/Home/jre/lib/jfxswt.jar:/Library/Java/JavaVirtualMachines/jdk1.8.0_45.jdk/Contents/Home/jre/lib/jsse.jar:/Library/Java/JavaVirtualMachines/jdk1.8.0_45.jdk/Contents/Home/jre/lib/management-agent.jar:/Library/Java/JavaVirtualMachines/jdk1.8.0_45.jdk/Contents/Home/jre/lib/plugin.jar:/Library/Java/JavaVirtualMachines/jdk1.8.0_45.jdk/Contents/Home/jre/lib/resources.jar:/Library/Java/JavaVirtualMachines/jdk1.8.0_45.jdk/Contents/Home/jre/lib/rt.jar:/Library/Java/JavaVirtualMachines/jdk1.8.0_45.jdk/Contents/Home/jre/lib/ext/cldrdata.jar:/Library/Java/JavaVirtualMachines/jdk1.8.0_45.jdk/Contents/Home/jre/lib/ext/dnsns.jar:/Library/Java/JavaVirtualMachines/jdk1.8.0_45.jdk/Contents/Home/jre/lib/ext/jfxrt.jar:/Library/Java/JavaVirtualMachines/jdk1.8.0_45.jdk/Contents/Home/jre/lib/ext/localedata.jar:/Library/Java/JavaVirtualMachines/jdk1.8.0_45.jdk/Contents/Home/jre/lib/ext/nashorn.jar:/Library/Java/JavaVirtualMachines/jdk1.8.0_45.jdk/Conten
Launcher Type: SUN_STANDARD

Environment Variables:
PATH=/usr/local/bin:/usr/bin:/bin:/usr/sbin:/sbin:/usr/local/git/bin
SHELL=/bin/bash

Signal Handlers:
SIGSEGV: [libjvm.dylib+0x58ef95], sa_mask[0]=11111111011111110111111111111111, sa_flags=SA_ONSTACK|SA_RESTART|SA_SIGINFO
SIGBUS: [libjvm.dylib+0x58ef95], sa_mask[0]=11111111011111110111111111111111, sa_flags=SA_RESTART|SA_SIGINFO
SIGFPE: [libjvm.dylib+0x46c108], sa_mask[0]=11111111011111110111111111111111, sa_flags=SA_RESTART|SA_SIGINFO
SIGPIPE: [libjvm.dylib+0x46c108], sa_mask[0]=11111111011111110111111111111111, sa_flags=SA_RESTART|SA_SIGINFO
SIGXFSZ: [libjvm.dylib+0x46c108], sa_mask[0]=11111111011111110111111111111111, sa_flags=SA_RESTART|SA_SIGINFO
SIGILL: [libjvm.dylib+0x46c108], sa_mask[0]=11111111011111110111111111111111, sa_flags=SA_RESTART|SA_SIGINFO
SIGUSR1: SIG_DFL, sa_mask[0]=00000000000000000000000000000000, sa_flags=none
SIGUSR2: [libjvm.dylib+0x46bc26], sa_mask[0]=00100000000000000000000000000000, sa_flags=SA_RESTART|SA_SIGINFO
SIGHUP: [libjvm.dylib+0x46a1f9], sa_mask[0]=11111111011111110111111111111111, sa_flags=SA_RESTART|SA_SIGINFO
SIGINT: [libjvm.dylib+0x46a1f9], sa_mask[0]=11111111011111110111111111111111, sa_flags=SA_RESTART|SA_SIGINFO
SIGTERM: [libjvm.dylib+0x46a1f9], sa_mask[0]=11111111011111110111111111111111, sa_flags=SA_RESTART|SA_SIGINFO
SIGQUIT: [libjvm.dylib+0x46a1f9], sa_mask[0]=11111111011111110111111111111111, sa_flags=SA_RESTART|SA_SIGINFO


---------------  S Y S T E M  ---------------

OS:Bsduname:Darwin 14.5.0 Darwin Kernel Version 14.5.0: Wed Jul 29 02:26:53 PDT 2015; root:xnu-2782.40.9~1/RELEASE_X86_64 x86_64
rlimit: STACK 8192k, CORE 0k, NPROC 709, NOFILE 10240, AS infinity
load average:3.49 2.63 2.79

CPU:total 4 (2 cores per cpu, 2 threads per core) family 6 model 69 stepping 1, cmov, cx8, fxsr, mmx, sse, sse2, sse3, ssse3, sse4.1, sse4.2, popcnt, avx, avx2, aes, clmul, erms, lzcnt, ht, tsc, tscinvbit, bmi1, bmi2

Memory: 4k page, physical 8388608k(110728k free)

/proc/meminfo:


vm_info: Java HotSpot(TM) 64-Bit Server VM (25.45-b02) for bsd-amd64 JRE (1.8.0_45-b14), built on Apr 10 2015 10:46:38 by "java_re" with gcc 4.2.1 (Based on Apple Inc. build 5658) (LLVM build 2336.11.00)

time: Tue Oct 20 08:23:52 2015
elapsed time: 136 seconds (0d 0h 2m 16s)

