#
# A fatal error has been detected by the Java Runtime Environment:
#
#  SIGSEGV (0xb) at pc=0x00000001222b058d, pid=1742, tid=1811
#
# JRE version: Java(TM) SE Runtime Environment (8.0_45-b14) (build 1.8.0_45-b14)
# Java VM: Java HotSpot(TM) 64-Bit Server VM (25.45-b02 mixed mode bsd-amd64 compressed oops)
# Problematic frame:
# C  [libglass.dylib+0x1558d]  GlassScreenDidChangeScreenParameters+0x9d
#
# Failed to write core dump. Core dumps have been disabled. To enable core dumping, try "ulimit -c unlimited" before starting Java again
#
# If you would like to submit a bug report, please visit:
#   http://bugreport.java.com/bugreport/crash.jsp
#

---------------  T H R E A D  ---------------

Current thread is native thread

siginfo: si_signo: 11 (SIGSEGV), si_code: 1 (SEGV_MAPERR), si_addr: 0x0000000000000000

Registers:
RAX=0x00000001222e2bc0, RBX=0x0000000000000000, RCX=0x1e001ac1e69f1f90, RDX=0x00007fc822cb9520
RSP=0x00007fff58397930, RBP=0x00007fff58397940, RSI=0x00007fc822d1aa08, RDI=0x0000000000000000
R8 =0x00007fff583977e0, R9 =0x00007fff7999f300, R10=0x0000000000000000, R11=0x0000000000000246
R12=0x00007fc822f0d5e0, R13=0x00000000000f426a, R14=0x00007fc822e69630, R15=0x00007fff58397a80
RIP=0x00000001222b058d, EFLAGS=0x0000000000010202, ERR=0x0000000000000004
  TRAPNO=0x000000000000000e

Top of Stack: (sp=0x00007fff58397930)
0x00007fff58397930:   00007fff58397b10 00007fc822e69630
0x00007fff58397940:   00007fff58397950 00007fff8d4cb45c
0x00007fff58397950:   00007fff58397cb0 00007fff8d3bb634
0x00007fff58397960:   00007fff583979b0 0000000000000a00
0x00007fff58397970:   00007fff796a3ed0 00007fc822fb0880
0x00007fff58397980:   0000000000001001 0000000000000bb8
0x00007fff58397990:   00007fc822fb0880 00007fc822e69630
0x00007fff583979a0:   0000000000000000 00007fff58397a80
0x00007fff583979b0:   0000000000000000 00007fc822e695f0
0x00007fff583979c0:   00007fff58397b00 000000000000007d
0x00007fff583979d0:   00000000000f4575 00007fc822f8f050
0x00007fff583979e0:   00007fc822f45f60 00007fc822f0d5e0
0x00007fff583979f0:   0000000000000001 00000000000f426a
0x00007fff58397a00:   00007fc822f0d5d0 00007fff8e5efb90
0x00007fff58397a10:   0000000000000001 0000000000000001
0x00007fff58397a20:   0000000000000030 0000000000000001
0x00007fff58397a30:   00007fff58397a50 00007fff8e5f0546
0x00007fff58397a40:   00007fff796a1fb0 0000000000000000
0x00007fff58397a50:   00007fff58397a70 0000000000000001
0x00007fff58397a60:   0017560324900e00 00007fc822f0d604
0x00007fff58397a70:   0000000000000000 00007fff8d3b110f
0x00007fff58397a80:   00007fc822e69630 00007fff796a1fb0
0x00007fff58397a90:   00007fff58397b10 00007fff8d3b9c3f
0x00007fff58397aa0:   00007fff58397b14 0000000000578a01
0x00007fff58397ab0:   0000000107883a00 0000000000000002
0x00007fff58397ac0:   0000000107880000 00007fc822fcc8f2
0x00007fff58397ad0:   0000000000000003 0000000107884400
0x00007fff58397ae0:   00007fff58397bd0 00007fff8e5ecb36
0x00007fff58397af0:   00007fc822e361c0 00007fff58397cb8
0x00007fff58397b00:   0000000000000017 0000000000000000
0x00007fff58397b10:   00000000000f426a 00007fff8d3b1403
0x00007fff58397b20:   00007fff00000000 00007fc822e3b630 

Instructions: (pc=0x00000001222b058d)
0x00000001222b056d:   89 df 4c 89 f1 41 ff 90 68 04 00 00 48 8d 05 48
0x00000001222b057d:   25 03 00 48 8b 30 48 8d 05 36 26 03 00 48 8b 10
0x00000001222b058d:   48 8b 0b 30 c0 48 89 df ff 91 68 04 00 00 48 8b
0x00000001222b059d:   03 48 89 df ff 50 78 48 85 c0 74 36 49 89 c6 48 

Register to memory mapping:

RAX=0x00000001222e2bc0: jScreenNotifySettingsChanged+0 in /Library/Java/JavaVirtualMachines/jdk1.8.0_45.jdk/Contents/Home/jre/lib/libglass.dylib at 0x000000012229b000
RBX=0x0000000000000000 is an unknown value
RCX=0x1e001ac1e69f1f90 is an unknown value
RDX=0x00007fc822cb9520 is an unknown value
RSP=0x00007fff58397930 is an unknown value
RBP=0x00007fff58397940 is an unknown value
RSI=0x00007fc822d1aa08 is a global jni handle
RDI=0x0000000000000000 is an unknown value
R8 =0x00007fff583977e0 is an unknown value
R9 =0x00007fff7999f300: _thread+0 in /usr/lib/system/libsystem_pthread.dylib at 0x00007fff8e923000
R10=0x0000000000000000 is an unknown value
R11=0x0000000000000246 is an unknown value
R12=0x00007fc822f0d5e0 is an unknown value
R13=0x00000000000f426a is an unknown value
R14=0x00007fc822e69630 is an unknown value
R15=0x00007fff58397a80 is an unknown value


Stack: [0x00007fff57b9b000,0x00007fff5839b000],  sp=0x00007fff58397930,  free space=8178k
Native frames: (J=compiled Java code, j=interpreted, Vv=VM code, C=native code)
C  [libglass.dylib+0x1558d]  GlassScreenDidChangeScreenParameters+0x9d
C  [CoreFoundation+0x12045c]  __CFNOTIFICATIONCENTER_IS_CALLING_OUT_TO_AN_OBSERVER__+0xc
C  [CoreFoundation+0x10634]  _CFXNotificationPost+0xc44
C  [Foundation+0x7aa1]  -[NSNotificationCenter postNotificationName:object:userInfo:]+0x42
C  [AppKit+0x40de7e]  -[NSApplication _reactToScreenInvalidationImmediately:]+0x17b
C  [AppKit+0x40dcc7]  __44-[NSApplication _reactToScreenInvalidation:]_block_invoke+0x4b
C  [CoreFoundation+0x808ec]  __CFRUNLOOP_IS_CALLING_OUT_TO_A_BLOCK__+0xc
C  [CoreFoundation+0x729f5]  __CFRunLoopDoBlocks+0x155
C  [CoreFoundation+0x72536]  __CFRunLoopRun+0x716
C  [CoreFoundation+0x71bd8]  CFRunLoopRunSpecific+0x128
C  [java+0x6490]  CreateExecutionEnvironment+0x367
C  [java+0x221c]  JLI_Launch+0x7a0
C  [java+0x84ed]  main+0x65
C  [java+0x1a74]  start+0x34


---------------  P R O C E S S  ---------------

VM state:not at safepoint (normal execution)

VM Mutex/Monitor currently owned by a thread: None

Heap:
 PSYoungGen      total 95744K, used 63741K [0x0000000795580000, 0x000000079d680000, 0x00000007c0000000)
  eden space 63488K, 62% used [0x0000000795580000,0x0000000797c2da08,0x0000000799380000)
  from space 32256K, 74% used [0x000000079b700000,0x000000079ce91a38,0x000000079d680000)
  to   space 34304K, 0% used [0x0000000799380000,0x0000000799380000,0x000000079b500000)
 ParOldGen       total 124928K, used 51225K [0x0000000740000000, 0x0000000747a00000, 0x0000000795580000)
  object space 124928K, 41% used [0x0000000740000000,0x0000000743206750,0x0000000747a00000)
 Metaspace       used 18945K, capacity 19986K, committed 20352K, reserved 1067008K
  class space    used 2561K, capacity 2824K, committed 2944K, reserved 1048576K

Card table byte_map: [0x000000011862c000,0x0000000118a2d000] byte_map_base: 0x0000000114c2c000

Marking Bits: (ParMarkBitMap*) 0x0000000108ac27a0
 Begin Bits: [0x00000001190e4000, 0x000000011b0e4000)
 End Bits:   [0x000000011b0e4000, 0x000000011d0e4000)

Polling page: 0x00000001079be000

CodeCache: size=245760Kb used=12308Kb max_used=12312Kb free=233451Kb
 bounds [0x000000010926c000, 0x0000000109e8c000, 0x000000011826c000]
 total_blobs=4418 nmethods=3764 adapters=565
 compilation: enabled

Compilation events (10 events):
Event: 56.475 Thread 0x00007fc82481e000 4161       3       jdk.internal.org.objectweb.asm.ClassWriter::visitEnd (1 bytes)
Event: 56.475 Thread 0x00007fc82481e000 nmethod 4161 0x0000000109b62390 code [0x0000000109b624e0, 0x0000000109b62630]
Event: 64.280 Thread 0x00007fc82481e000 4163       3       com.sun.javafx.runtime.SystemProperties::isDebug (4 bytes)
Event: 64.280 Thread 0x00007fc82481e000 nmethod 4163 0x0000000109b62090 code [0x0000000109b621e0, 0x0000000109b62330]
Event: 69.280 Thread 0x00007fc82481e000 4164   !   3       com.sun.javafx.application.PlatformImpl::waitForStart (26 bytes)
Event: 69.281 Thread 0x00007fc82481e000 nmethod 4164 0x0000000109b60d50 code [0x0000000109b60f80, 0x0000000109b61aa8]
Event: 69.281 Thread 0x00007fc82481e000 4165       3       java.util.concurrent.atomic.AtomicInteger::decrementAndGet (14 bytes)
Event: 69.281 Thread 0x00007fc82481e000 nmethod 4165 0x0000000109b60a50 code [0x0000000109b60ba0, 0x0000000109b60cf0]
Event: 88.279 Thread 0x00007fc82481e000 4166       3       java.util.TaskQueue::isEmpty (13 bytes)
Event: 88.279 Thread 0x00007fc82481e000 nmethod 4166 0x0000000109b606d0 code [0x0000000109b60840, 0x0000000109b609f0]

GC Heap History (10 events):
Event: 14.249 GC heap before
{Heap before GC invocations=3 (full 0):
 PSYoungGen      total 38400K, used 38374K [0x0000000795580000, 0x0000000798000000, 0x00000007c0000000)
  eden space 33280K, 100% used [0x0000000795580000,0x0000000797600000,0x0000000797600000)
  from space 5120K, 99% used [0x0000000797b00000,0x0000000797ff9900,0x0000000798000000)
  to   space 5120K, 0% used [0x0000000797600000,0x0000000797600000,0x0000000797b00000)
 ParOldGen       total 414720K, used 343937K [0x0000000740000000, 0x0000000759500000, 0x0000000795580000)
  object space 414720K, 82% used [0x0000000740000000,0x0000000754fe0698,0x0000000759500000)
 Metaspace       used 18044K, capacity 18844K, committed 19200K, reserved 1064960K
  class space    used 2522K, capacity 2704K, committed 2816K, reserved 1048576K
Event: 14.263 GC heap after
Heap after GC invocations=3 (full 0):
 PSYoungGen      total 38400K, used 5091K [0x0000000795580000, 0x0000000798000000, 0x00000007c0000000)
  eden space 33280K, 0% used [0x0000000795580000,0x0000000795580000,0x0000000797600000)
  from space 5120K, 99% used [0x0000000797600000,0x0000000797af8e70,0x0000000797b00000)
  to   space 5120K, 0% used [0x0000000797b00000,0x0000000797b00000,0x0000000798000000)
 ParOldGen       total 414720K, used 357427K [0x0000000740000000, 0x0000000759500000, 0x0000000795580000)
  object space 414720K, 86% used [0x0000000740000000,0x0000000755d0cc78,0x0000000759500000)
 Metaspace       used 18044K, capacity 18844K, committed 19200K, reserved 1064960K
  class space    used 2522K, capacity 2704K, committed 2816K, reserved 1048576K
}
Event: 14.400 GC heap before
{Heap before GC invocations=4 (full 0):
 PSYoungGen      total 38400K, used 34876K [0x0000000795580000, 0x0000000798000000, 0x00000007c0000000)
  eden space 33280K, 89% used [0x0000000795580000,0x0000000797296280,0x0000000797600000)
  from space 5120K, 99% used [0x0000000797600000,0x0000000797af8e70,0x0000000797b00000)
  to   space 5120K, 0% used [0x0000000797b00000,0x0000000797b00000,0x0000000798000000)
 ParOldGen       total 414720K, used 357427K [0x0000000740000000, 0x0000000759500000, 0x0000000795580000)
  object space 414720K, 86% used [0x0000000740000000,0x0000000755d0cc78,0x0000000759500000)
 Metaspace       used 18071K, capacity 18882K, committed 19200K, reserved 1064960K
  class space    used 2526K, capacity 2737K, committed 2816K, reserved 1048576K
Event: 14.416 GC heap after
Heap after GC invocations=4 (full 0):
 PSYoungGen      total 38400K, used 5091K [0x0000000795580000, 0x000000079a080000, 0x00000007c0000000)
  eden space 33280K, 0% used [0x0000000795580000,0x0000000795580000,0x0000000797600000)
  from space 5120K, 99% used [0x0000000797b00000,0x0000000797ff8e70,0x0000000798000000)
  to   space 5120K, 0% used [0x0000000797600000,0x0000000797600000,0x0000000797b00000)
 ParOldGen       total 414720K, used 376352K [0x0000000740000000, 0x0000000759500000, 0x0000000795580000)
  object space 414720K, 90% used [0x0000000740000000,0x0000000756f88028,0x0000000759500000)
 Metaspace       used 18071K, capacity 18882K, committed 19200K, reserved 1064960K
  class space    used 2526K, capacity 2737K, committed 2816K, reserved 1048576K
}
Event: 27.793 GC heap before
{Heap before GC invocations=5 (full 0):
 PSYoungGen      total 38400K, used 31763K [0x0000000795580000, 0x000000079a080000, 0x00000007c0000000)
  eden space 33280K, 80% used [0x0000000795580000,0x0000000796f8c0f8,0x0000000797600000)
  from space 5120K, 99% used [0x0000000797b00000,0x0000000797ff8e70,0x0000000798000000)
  to   space 5120K, 0% used [0x0000000797600000,0x0000000797600000,0x0000000797b00000)
 ParOldGen       total 414720K, used 376352K [0x0000000740000000, 0x0000000759500000, 0x0000000795580000)
  object space 414720K, 90% used [0x0000000740000000,0x0000000756f88028,0x0000000759500000)
 Metaspace       used 18581K, capacity 19532K, committed 19712K, reserved 1067008K
  class space    used 2550K, capacity 2813K, committed 2816K, reserved 1048576K
Event: 27.814 GC heap after
Heap after GC invocations=5 (full 0):
 PSYoungGen      total 38400K, used 5107K [0x0000000795580000, 0x000000079d780000, 0x00000007c0000000)
  eden space 33280K, 0% used [0x0000000795580000,0x0000000795580000,0x0000000797600000)
  from space 5120K, 99% used [0x0000000797600000,0x0000000797afcf00,0x0000000797b00000)
  to   space 33280K, 0% used [0x000000079b700000,0x000000079b700000,0x000000079d780000)
 ParOldGen       total 414720K, used 394342K [0x0000000740000000, 0x0000000759500000, 0x0000000795580000)
  object space 414720K, 95% used [0x0000000740000000,0x0000000758119bc8,0x0000000759500000)
 Metaspace       used 18581K, capacity 19532K, committed 19712K, reserved 1067008K
  class space    used 2550K, capacity 2813K, committed 2816K, reserved 1048576K
}
Event: 27.814 GC heap before
{Heap before GC invocations=6 (full 1):
 PSYoungGen      total 38400K, used 5107K [0x0000000795580000, 0x000000079d780000, 0x00000007c0000000)
  eden space 33280K, 0% used [0x0000000795580000,0x0000000795580000,0x0000000797600000)
  from space 5120K, 99% used [0x0000000797600000,0x0000000797afcf00,0x0000000797b00000)
  to   space 33280K, 0% used [0x000000079b700000,0x000000079b700000,0x000000079d780000)
 ParOldGen       total 414720K, used 394342K [0x0000000740000000, 0x0000000759500000, 0x0000000795580000)
  object space 414720K, 95% used [0x0000000740000000,0x0000000758119bc8,0x0000000759500000)
 Metaspace       used 18581K, capacity 19532K, committed 19712K, reserved 1067008K
  class space    used 2550K, capacity 2813K, committed 2816K, reserved 1048576K
Event: 27.900 GC heap after
Heap after GC invocations=6 (full 1):
 PSYoungGen      total 38400K, used 0K [0x0000000795580000, 0x000000079d780000, 0x00000007c0000000)
  eden space 33280K, 0% used [0x0000000795580000,0x0000000795580000,0x0000000797600000)
  from space 5120K, 0% used [0x0000000797600000,0x0000000797600000,0x0000000797b00000)
  to   space 33280K, 0% used [0x000000079b700000,0x000000079b700000,0x000000079d780000)
 ParOldGen       total 124928K, used 51217K [0x0000000740000000, 0x0000000747a00000, 0x0000000795580000)
  object space 124928K, 40% used [0x0000000740000000,0x0000000743204750,0x0000000747a00000)
 Metaspace       used 18581K, capacity 19532K, committed 19712K, reserved 1067008K
  class space    used 2550K, capacity 2813K, committed 2816K, reserved 1048576K
}
Event: 30.237 GC heap before
{Heap before GC invocations=7 (full 1):
 PSYoungGen      total 38400K, used 33280K [0x0000000795580000, 0x000000079d780000, 0x00000007c0000000)
  eden space 33280K, 100% used [0x0000000795580000,0x0000000797600000,0x0000000797600000)
  from space 5120K, 0% used [0x0000000797600000,0x0000000797600000,0x0000000797b00000)
  to   space 33280K, 0% used [0x000000079b700000,0x000000079b700000,0x000000079d780000)
 ParOldGen       total 124928K, used 51217K [0x0000000740000000, 0x0000000747a00000, 0x0000000795580000)
  object space 124928K, 40% used [0x0000000740000000,0x0000000743204750,0x0000000747a00000)
 Metaspace       used 18686K, capacity 19622K, committed 19712K, reserved 1067008K
  class space    used 2554K, capacity 2816K, committed 2816K, reserved 1048576K
Event: 30.251 GC heap after
Heap after GC invocations=7 (full 1):
 PSYoungGen      total 95744K, used 24134K [0x0000000795580000, 0x000000079d680000, 0x00000007c0000000)
  eden space 63488K, 0% used [0x0000000795580000,0x0000000795580000,0x0000000799380000)
  from space 32256K, 74% used [0x000000079b700000,0x000000079ce91a38,0x000000079d680000)
  to   space 34304K, 0% used [0x0000000799380000,0x0000000799380000,0x000000079b500000)
 ParOldGen       total 124928K, used 51225K [0x0000000740000000, 0x0000000747a00000, 0x0000000795580000)
  object space 124928K, 41% used [0x0000000740000000,0x0000000743206750,0x0000000747a00000)
 Metaspace       used 18686K, capacity 19622K, committed 19712K, reserved 1067008K
  class space    used 2554K, capacity 2816K, committed 2816K, reserved 1048576K
}

Deoptimization events (10 events):
Event: 14.493 Thread 0x00007fc8240b0800 Uncommon trap: reason=class_check action=maybe_recompile pc=0x000000010973ddb4 method=javafx.scene.CssStyleHelper.lookup(Ljavafx/css/Styleable;Ljavafx/css/CssMetaData;Lcom/sun/javafx/css/StyleMap;Ljava/util/Set;Ljavafx/css/Styleable;Lcom/sun/javafx/css/Ca
Event: 14.493 Thread 0x00007fc8240b0800 Uncommon trap: reason=class_check action=maybe_recompile pc=0x0000000109ac97e8 method=javafx.scene.Scene.getRoot()Ljavafx/scene/Parent; @ 18
Event: 16.574 Thread 0x00007fc8240b0800 Uncommon trap: reason=unstable_if action=reinterpret pc=0x0000000109cbbcb8 method=javafx.scene.Node.impl_pickNode(Lcom/sun/javafx/geom/PickRay;Lcom/sun/javafx/scene/input/PickResultChooser;)V @ 11
Event: 16.575 Thread 0x00007fc8240b0800 Uncommon trap: reason=unstable_if action=reinterpret pc=0x00000001099f64f4 method=com.sun.javafx.css.ParsedValueImpl.containsFontRelativeSize(Ljavafx/css/ParsedValue;Z)Z @ 56
Event: 27.964 Thread 0x00007fc8240b0800 Uncommon trap: reason=unstable_if action=reinterpret pc=0x00000001095846fc method=javafx.scene.Node.getProperties()Ljavafx/collections/ObservableMap; @ 4
Event: 27.982 Thread 0x00007fc8240b0800 Uncommon trap: reason=bimorphic action=maybe_recompile pc=0x000000010990a954 method=com.sun.javafx.css.SimpleSelector.applies(Ljavafx/css/Styleable;)Z @ 95
Event: 27.988 Thread 0x00007fc8240b0800 Uncommon trap: reason=bimorphic action=maybe_recompile pc=0x000000010990a954 method=com.sun.javafx.css.SimpleSelector.applies(Ljavafx/css/Styleable;)Z @ 95
Event: 30.969 Thread 0x00007fc8240b0800 Uncommon trap: reason=unstable_if action=reinterpret pc=0x00000001098ecb78 method=com.sun.javafx.css.StyleManager$CacheContainer.getStyleMap(I)Lcom/sun/javafx/css/StyleMap; @ 22
Event: 30.971 Thread 0x00007fc8240b0800 Uncommon trap: reason=class_check action=maybe_recompile pc=0x000000010973ddb4 method=javafx.scene.CssStyleHelper.lookup(Ljavafx/css/Styleable;Ljavafx/css/CssMetaData;Lcom/sun/javafx/css/StyleMap;Ljava/util/Set;Ljavafx/css/Styleable;Lcom/sun/javafx/css/Ca
Event: 31.733 Thread 0x00007fc8240af000 Uncommon trap: reason=unstable_if action=reinterpret pc=0x000000010951c398 method=com.sun.javafx.sg.prism.NGGroup.clearDirty()V @ 8

Internal exceptions (10 events):
Event: 44.262 Thread 0x00007fc8240b0800 Exception <a 'java/io/FileNotFoundException'> (0x0000000795e36070) thrown at [/Users/java_re/workspace/8-2-build-macosx-x86_64/jdk8u45/3457/hotspot/src/share/vm/prims/jni.cpp, line 709]
Event: 44.316 Thread 0x00007fc8240b0800 Exception <a 'java/io/FileNotFoundException'> (0x0000000795e45638) thrown at [/Users/java_re/workspace/8-2-build-macosx-x86_64/jdk8u45/3457/hotspot/src/share/vm/prims/jni.cpp, line 709]
Event: 44.322 Thread 0x00007fc8240b0800 Exception <a 'java/io/FileNotFoundException'> (0x0000000795e58600) thrown at [/Users/java_re/workspace/8-2-build-macosx-x86_64/jdk8u45/3457/hotspot/src/share/vm/prims/jni.cpp, line 709]
Event: 44.329 Thread 0x00007fc8240b0800 Exception <a 'java/io/FileNotFoundException'> (0x0000000795e657f0) thrown at [/Users/java_re/workspace/8-2-build-macosx-x86_64/jdk8u45/3457/hotspot/src/share/vm/prims/jni.cpp, line 709]
Event: 45.231 Thread 0x00007fc8240b0800 Exception <a 'java/io/FileNotFoundException'> (0x0000000796df3230) thrown at [/Users/java_re/workspace/8-2-build-macosx-x86_64/jdk8u45/3457/hotspot/src/share/vm/prims/jni.cpp, line 709]
Event: 46.875 Thread 0x00007fc8240b0800 Exception <a 'java/io/FileNotFoundException'> (0x00000007974c3a60) thrown at [/Users/java_re/workspace/8-2-build-macosx-x86_64/jdk8u45/3457/hotspot/src/share/vm/prims/jni.cpp, line 709]
Event: 46.889 Thread 0x00007fc8240b0800 Exception <a 'java/io/FileNotFoundException'> (0x00000007974cb7a0) thrown at [/Users/java_re/workspace/8-2-build-macosx-x86_64/jdk8u45/3457/hotspot/src/share/vm/prims/jni.cpp, line 709]
Event: 46.890 Thread 0x00007fc8240b0800 Exception <a 'java/io/FileNotFoundException'> (0x00000007974d7948) thrown at [/Users/java_re/workspace/8-2-build-macosx-x86_64/jdk8u45/3457/hotspot/src/share/vm/prims/jni.cpp, line 709]
Event: 46.891 Thread 0x00007fc8240b0800 Exception <a 'java/io/FileNotFoundException'> (0x00000007974e4ad0) thrown at [/Users/java_re/workspace/8-2-build-macosx-x86_64/jdk8u45/3457/hotspot/src/share/vm/prims/jni.cpp, line 709]
Event: 46.898 Thread 0x00007fc8240b0800 Exception <a 'java/io/FileNotFoundException'> (0x00000007977d3518) thrown at [/Users/java_re/workspace/8-2-build-macosx-x86_64/jdk8u45/3457/hotspot/src/share/vm/prims/jni.cpp, line 709]

Events (10 events):
Event: 56.472 loading class javafx/application/Application done
Event: 56.474 loading class com/sun/javafx/tk/quantum/QuantumRenderer
Event: 56.474 loading class com/sun/javafx/tk/quantum/QuantumRenderer done
Event: 56.475 loading class com/sun/javafx/tk/quantum/QuantumToolkit
Event: 56.475 loading class com/sun/javafx/tk/quantum/QuantumToolkit done
Event: 56.475 Thread 0x00007fc8240af000 Thread exited: 0x00007fc8240af000
Event: 56.475 Thread 0x00007fc824043800 Thread exited: 0x00007fc824043800
Event: 56.475 Thread 0x00007fc823009800 Thread exited: 0x00007fc823009800
Event: 56.475 Thread 0x00007fc8240b0800 Thread exited: 0x00007fc8240b0800
Event: 56.475 Thread 0x00007fc8249b7000 Thread added: 0x00007fc8249b7000


Dynamic libraries:
0x0000000008a98000 	/System/Library/Frameworks/Cocoa.framework/Versions/A/Cocoa
0x0000000008a98000 	/System/Library/Frameworks/Security.framework/Versions/A/Security
0x0000000008a98000 	/System/Library/Frameworks/ApplicationServices.framework/Versions/A/ApplicationServices
0x0000000008a98000 	/usr/lib/libz.1.dylib
0x0000000008a98000 	/usr/lib/libSystem.B.dylib
0x0000000008a98000 	/usr/lib/libobjc.A.dylib
0x0000000008a98000 	/System/Library/Frameworks/CoreFoundation.framework/Versions/A/CoreFoundation
0x0000000008a98000 	/System/Library/Frameworks/Foundation.framework/Versions/C/Foundation
0x0000000008a98000 	/System/Library/Frameworks/AppKit.framework/Versions/C/AppKit
0x0000000008a98000 	/System/Library/Frameworks/CoreData.framework/Versions/A/CoreData
0x0000000008a98000 	/System/Library/PrivateFrameworks/RemoteViewServices.framework/Versions/A/RemoteViewServices
0x0000000008a98000 	/System/Library/PrivateFrameworks/UIFoundation.framework/Versions/A/UIFoundation
0x0000000008a98000 	/System/Library/Frameworks/IOSurface.framework/Versions/A/IOSurface
0x0000000008a98000 	/System/Library/Frameworks/AudioToolbox.framework/Versions/A/AudioToolbox
0x0000000008a98000 	/System/Library/Frameworks/AudioUnit.framework/Versions/A/AudioUnit
0x0000000008a98000 	/System/Library/PrivateFrameworks/DataDetectorsCore.framework/Versions/A/DataDetectorsCore
0x0000000008a98000 	/System/Library/PrivateFrameworks/DesktopServicesPriv.framework/Versions/A/DesktopServicesPriv
0x0000000008a98000 	/System/Library/Frameworks/Carbon.framework/Versions/A/Frameworks/HIToolbox.framework/Versions/A/HIToolbox
0x0000000008a98000 	/System/Library/Frameworks/QuartzCore.framework/Versions/A/QuartzCore
0x0000000008a98000 	/System/Library/Frameworks/Carbon.framework/Versions/A/Frameworks/SpeechRecognition.framework/Versions/A/SpeechRecognition
0x0000000008a98000 	/usr/lib/libauto.dylib
0x0000000008a98000 	/usr/lib/libicucore.A.dylib
0x0000000008a98000 	/usr/lib/libxml2.2.dylib
0x0000000008a98000 	/System/Library/PrivateFrameworks/CoreUI.framework/Versions/A/CoreUI
0x0000000008a98000 	/System/Library/Frameworks/CoreAudio.framework/Versions/A/CoreAudio
0x0000000008a98000 	/System/Library/Frameworks/DiskArbitration.framework/Versions/A/DiskArbitration
0x0000000008a98000 	/usr/lib/liblangid.dylib
0x0000000008a98000 	/System/Library/PrivateFrameworks/MultitouchSupport.framework/Versions/A/MultitouchSupport
0x0000000008a98000 	/System/Library/Frameworks/IOKit.framework/Versions/A/IOKit
0x0000000008a98000 	/usr/lib/libDiagnosticMessagesClient.dylib
0x0000000008a98000 	/System/Library/Frameworks/CoreServices.framework/Versions/A/CoreServices
0x0000000008a98000 	/System/Library/PrivateFrameworks/PerformanceAnalysis.framework/Versions/A/PerformanceAnalysis
0x0000000008a98000 	/System/Library/PrivateFrameworks/GenerationalStorage.framework/Versions/A/GenerationalStorage
0x0000000008a98000 	/System/Library/Frameworks/OpenGL.framework/Versions/A/OpenGL
0x0000000008a98000 	/System/Library/PrivateFrameworks/Sharing.framework/Versions/A/Sharing
0x0000000008a98000 	/System/Library/Frameworks/CoreGraphics.framework/Versions/A/CoreGraphics
0x0000000008a98000 	/System/Library/Frameworks/CoreText.framework/Versions/A/CoreText
0x0000000008a98000 	/System/Library/Frameworks/ImageIO.framework/Versions/A/ImageIO
0x0000000008a98000 	/usr/lib/libextension.dylib
0x0000000008a98000 	/System/Library/PrivateFrameworks/Backup.framework/Versions/A/Backup
0x0000000008a98000 	/usr/lib/libarchive.2.dylib
0x0000000008a98000 	/System/Library/Frameworks/CFNetwork.framework/Versions/A/CFNetwork
0x0000000008a98000 	/System/Library/Frameworks/SystemConfiguration.framework/Versions/A/SystemConfiguration
0x0000000008a98000 	/usr/lib/libCRFSuite.dylib
0x0000000008a98000 	/usr/lib/libc++.1.dylib
0x0000000008a98000 	/usr/lib/libc++abi.dylib
0x0000000008a98000 	/usr/lib/system/libcache.dylib
0x0000000008a98000 	/usr/lib/system/libcommonCrypto.dylib
0x0000000008a98000 	/usr/lib/system/libcompiler_rt.dylib
0x0000000008a98000 	/usr/lib/system/libcopyfile.dylib
0x0000000008a98000 	/usr/lib/system/libcorecrypto.dylib
0x0000000008a98000 	/usr/lib/system/libdispatch.dylib
0x0000000008a98000 	/usr/lib/system/libdyld.dylib
0x0000000008a98000 	/usr/lib/system/libkeymgr.dylib
0x0000000008a98000 	/usr/lib/system/liblaunch.dylib
0x0000000008a98000 	/usr/lib/system/libmacho.dylib
0x0000000008a98000 	/usr/lib/system/libquarantine.dylib
0x0000000008a98000 	/usr/lib/system/libremovefile.dylib
0x0000000008a98000 	/usr/lib/system/libsystem_asl.dylib
0x0000000008a98000 	/usr/lib/system/libsystem_blocks.dylib
0x0000000008a98000 	/usr/lib/system/libsystem_c.dylib
0x0000000008a98000 	/usr/lib/system/libsystem_configuration.dylib
0x0000000008a98000 	/usr/lib/system/libsystem_coreservices.dylib
0x0000000008a98000 	/usr/lib/system/libsystem_coretls.dylib
0x0000000008a98000 	/usr/lib/system/libsystem_dnssd.dylib
0x0000000008a98000 	/usr/lib/system/libsystem_info.dylib
0x0000000008a98000 	/usr/lib/system/libsystem_kernel.dylib
0x0000000008a98000 	/usr/lib/system/libsystem_m.dylib
0x0000000008a98000 	/usr/lib/system/libsystem_malloc.dylib
0x0000000008a98000 	/usr/lib/system/libsystem_network.dylib
0x0000000008a98000 	/usr/lib/system/libsystem_networkextension.dylib
0x0000000008a98000 	/usr/lib/system/libsystem_notify.dylib
0x0000000008a98000 	/usr/lib/system/libsystem_platform.dylib
0x0000000008a98000 	/usr/lib/system/libsystem_pthread.dylib
0x0000000008a98000 	/usr/lib/system/libsystem_sandbox.dylib
0x0000000008a98000 	/usr/lib/system/libsystem_secinit.dylib
0x0000000008a98000 	/usr/lib/system/libsystem_stats.dylib
0x0000000008a98000 	/usr/lib/system/libsystem_trace.dylib
0x0000000008a98000 	/usr/lib/system/libunc.dylib
0x0000000008a98000 	/usr/lib/system/libunwind.dylib
0x0000000008a98000 	/usr/lib/system/libxpc.dylib
0x0000000008a98000 	/usr/lib/libbz2.1.0.dylib
0x0000000008a98000 	/usr/lib/liblzma.5.dylib
0x0000000008a98000 	/usr/lib/libbsm.0.dylib
0x0000000008a98000 	/usr/lib/libsqlite3.dylib
0x0000000008a98000 	/usr/lib/system/libkxld.dylib
0x0000000008a98000 	/usr/lib/libxar.1.dylib
0x0000000008a98000 	/usr/lib/libpam.2.dylib
0x0000000008a98000 	/usr/lib/libOpenScriptingUtil.dylib
0x0000000008a98000 	/System/Library/Frameworks/CoreServices.framework/Versions/A/Frameworks/FSEvents.framework/Versions/A/FSEvents
0x0000000008a98000 	/System/Library/Frameworks/CoreServices.framework/Versions/A/Frameworks/CarbonCore.framework/Versions/A/CarbonCore
0x0000000008a98000 	/System/Library/Frameworks/CoreServices.framework/Versions/A/Frameworks/Metadata.framework/Versions/A/Metadata
0x0000000008a98000 	/System/Library/Frameworks/CoreServices.framework/Versions/A/Frameworks/OSServices.framework/Versions/A/OSServices
0x0000000008a98000 	/System/Library/Frameworks/CoreServices.framework/Versions/A/Frameworks/SearchKit.framework/Versions/A/SearchKit
0x0000000008a98000 	/System/Library/Frameworks/CoreServices.framework/Versions/A/Frameworks/AE.framework/Versions/A/AE
0x0000000008a98000 	/System/Library/Frameworks/CoreServices.framework/Versions/A/Frameworks/LaunchServices.framework/Versions/A/LaunchServices
0x0000000008a98000 	/System/Library/Frameworks/CoreServices.framework/Versions/A/Frameworks/DictionaryServices.framework/Versions/A/DictionaryServices
0x0000000008a98000 	/System/Library/Frameworks/NetFS.framework/Versions/A/NetFS
0x0000000008a98000 	/System/Library/PrivateFrameworks/NetAuth.framework/Versions/A/NetAuth
0x0000000008a98000 	/System/Library/PrivateFrameworks/login.framework/Versions/A/Frameworks/loginsupport.framework/Versions/A/loginsupport
0x0000000008a98000 	/System/Library/PrivateFrameworks/TCC.framework/Versions/A/TCC
0x0000000008a98000 	/usr/lib/libmecabra.dylib
0x0000000008a98000 	/System/Library/Frameworks/ApplicationServices.framework/Versions/A/Frameworks/ATS.framework/Versions/A/ATS
0x0000000008a98000 	/System/Library/Frameworks/ApplicationServices.framework/Versions/A/Frameworks/ColorSync.framework/Versions/A/ColorSync
0x0000000008a98000 	/System/Library/Frameworks/ApplicationServices.framework/Versions/A/Frameworks/HIServices.framework/Versions/A/HIServices
0x0000000008a98000 	/System/Library/Frameworks/ApplicationServices.framework/Versions/A/Frameworks/LangAnalysis.framework/Versions/A/LangAnalysis
0x0000000008a98000 	/System/Library/Frameworks/ApplicationServices.framework/Versions/A/Frameworks/PrintCore.framework/Versions/A/PrintCore
0x0000000008a98000 	/System/Library/Frameworks/ApplicationServices.framework/Versions/A/Frameworks/QD.framework/Versions/A/QD
0x0000000008a98000 	/System/Library/Frameworks/ApplicationServices.framework/Versions/A/Frameworks/SpeechSynthesis.framework/Versions/A/SpeechSynthesis
0x0000000008a98000 	/System/Library/Frameworks/Accelerate.framework/Versions/A/Accelerate
0x0000000008a98000 	/System/Library/Frameworks/Accelerate.framework/Versions/A/Frameworks/vImage.framework/Versions/A/vImage
0x0000000008a98000 	/System/Library/Frameworks/Accelerate.framework/Versions/A/Frameworks/vecLib.framework/Versions/A/vecLib
0x0000000008a98000 	/System/Library/Frameworks/Accelerate.framework/Versions/A/Frameworks/vecLib.framework/Versions/A/libvDSP.dylib
0x0000000008a98000 	/System/Library/Frameworks/Accelerate.framework/Versions/A/Frameworks/vecLib.framework/Versions/A/libvMisc.dylib
0x0000000008a98000 	/System/Library/Frameworks/Accelerate.framework/Versions/A/Frameworks/vecLib.framework/Versions/A/libLAPACK.dylib
0x0000000008a98000 	/System/Library/Frameworks/Accelerate.framework/Versions/A/Frameworks/vecLib.framework/Versions/A/libBLAS.dylib
0x0000000008a98000 	/System/Library/Frameworks/Accelerate.framework/Versions/A/Frameworks/vecLib.framework/Versions/A/libLinearAlgebra.dylib
0x0000000008a98000 	/System/Library/Frameworks/ApplicationServices.framework/Versions/A/Frameworks/ATS.framework/Versions/A/Resources/libFontParser.dylib
0x0000000008a98000 	/System/Library/Frameworks/ApplicationServices.framework/Versions/A/Frameworks/ATS.framework/Versions/A/Resources/libFontRegistry.dylib
0x0000000008a98000 	/System/Library/PrivateFrameworks/AppleVPA.framework/Versions/A/AppleVPA
0x0000000008a98000 	/System/Library/PrivateFrameworks/AppleJPEG.framework/Versions/A/AppleJPEG
0x0000000008a98000 	/System/Library/Frameworks/ImageIO.framework/Versions/A/Resources/libJPEG.dylib
0x0000000008a98000 	/System/Library/Frameworks/ImageIO.framework/Versions/A/Resources/libTIFF.dylib
0x0000000008a98000 	/System/Library/Frameworks/ImageIO.framework/Versions/A/Resources/libPng.dylib
0x0000000008a98000 	/System/Library/Frameworks/ImageIO.framework/Versions/A/Resources/libGIF.dylib
0x0000000008a98000 	/System/Library/Frameworks/ImageIO.framework/Versions/A/Resources/libJP2.dylib
0x0000000008a98000 	/System/Library/Frameworks/ImageIO.framework/Versions/A/Resources/libRadiance.dylib
0x0000000008a98000 	/System/Library/Frameworks/CoreVideo.framework/Versions/A/CoreVideo
0x0000000008a98000 	/System/Library/Frameworks/OpenGL.framework/Versions/A/Libraries/libGLU.dylib
0x0000000008a98000 	/System/Library/Frameworks/OpenGL.framework/Versions/A/Libraries/libGFXShared.dylib
0x0000000008a98000 	/System/Library/Frameworks/OpenGL.framework/Versions/A/Libraries/libGL.dylib
0x0000000008a98000 	/System/Library/Frameworks/OpenGL.framework/Versions/A/Libraries/libGLImage.dylib
0x0000000008a98000 	/System/Library/Frameworks/OpenGL.framework/Versions/A/Libraries/libCVMSPluginSupport.dylib
0x0000000008a98000 	/System/Library/Frameworks/OpenGL.framework/Versions/A/Libraries/libCoreVMClient.dylib
0x0000000008a98000 	/usr/lib/libcups.2.dylib
0x0000000008a98000 	/System/Library/Frameworks/Kerberos.framework/Versions/A/Kerberos
0x0000000008a98000 	/System/Library/Frameworks/GSS.framework/Versions/A/GSS
0x0000000008a98000 	/usr/lib/libresolv.9.dylib
0x0000000008a98000 	/usr/lib/libiconv.2.dylib
0x0000000008a98000 	/System/Library/PrivateFrameworks/Heimdal.framework/Versions/A/Heimdal
0x0000000008a98000 	/usr/lib/libheimdal-asn1.dylib
0x0000000008a98000 	/System/Library/Frameworks/OpenDirectory.framework/Versions/A/OpenDirectory
0x0000000008a98000 	/System/Library/PrivateFrameworks/CommonAuth.framework/Versions/A/CommonAuth
0x0000000008a98000 	/System/Library/Frameworks/OpenDirectory.framework/Versions/A/Frameworks/CFOpenDirectory.framework/Versions/A/CFOpenDirectory
0x0000000008a98000 	/System/Library/Frameworks/SecurityFoundation.framework/Versions/A/SecurityFoundation
0x0000000008a98000 	/System/Library/PrivateFrameworks/LanguageModeling.framework/Versions/A/LanguageModeling
0x0000000008a98000 	/usr/lib/libcmph.dylib
0x0000000008a98000 	/System/Library/Frameworks/ServiceManagement.framework/Versions/A/ServiceManagement
0x0000000008a98000 	/usr/lib/libxslt.1.dylib
0x0000000008a98000 	/System/Library/Frameworks/Carbon.framework/Versions/A/Frameworks/Ink.framework/Versions/A/Ink
0x0000000008a98000 	/System/Library/Frameworks/QuartzCore.framework/Versions/A/Frameworks/CoreImage.framework/Versions/A/CoreImage
0x0000000008a98000 	/System/Library/PrivateFrameworks/CrashReporterSupport.framework/Versions/A/CrashReporterSupport
0x0000000008a98000 	/System/Library/Frameworks/OpenCL.framework/Versions/A/OpenCL
0x0000000008a98000 	/System/Library/PrivateFrameworks/FaceCore.framework/Versions/A/FaceCore
0x0000000008a98000 	/System/Library/PrivateFrameworks/Ubiquity.framework/Versions/A/Ubiquity
0x0000000008a98000 	/System/Library/PrivateFrameworks/IconServices.framework/Versions/A/IconServices
0x0000000008a98000 	/System/Library/PrivateFrameworks/ChunkingLibrary.framework/Versions/A/ChunkingLibrary
0x0000000008a98000 	/System/Library/PrivateFrameworks/Apple80211.framework/Versions/A/Apple80211
0x0000000008a98000 	/System/Library/Frameworks/CoreWLAN.framework/Versions/A/CoreWLAN
0x0000000008a98000 	/System/Library/Frameworks/IOBluetooth.framework/Versions/A/IOBluetooth
0x0000000008a98000 	/System/Library/PrivateFrameworks/CoreWiFi.framework/Versions/A/CoreWiFi
0x0000000008a98000 	/System/Library/Frameworks/CoreBluetooth.framework/Versions/A/CoreBluetooth
0x0000000008a98000 	/System/Library/PrivateFrameworks/DebugSymbols.framework/Versions/A/DebugSymbols
0x0000000008a98000 	/System/Library/PrivateFrameworks/CoreSymbolication.framework/Versions/A/CoreSymbolication
0x0000000008a98000 	/System/Library/PrivateFrameworks/Symbolication.framework/Versions/A/Symbolication
0x0000000008a98000 	/System/Library/PrivateFrameworks/SpeechRecognitionCore.framework/Versions/A/SpeechRecognitionCore
0x0000000108200000 	/Library/Java/JavaVirtualMachines/jdk1.8.0_45.jdk/Contents/Home/jre/lib/server/libjvm.dylib
0x0000000008a98000 	/usr/lib/libstdc++.6.dylib
0x000000010797b000 	/Library/Java/JavaVirtualMachines/jdk1.8.0_45.jdk/Contents/Home/jre/lib/libverify.dylib
0x0000000107989000 	/Library/Java/JavaVirtualMachines/jdk1.8.0_45.jdk/Contents/Home/jre/lib/libjava.dylib
0x00000001079c8000 	/Library/Java/JavaVirtualMachines/jdk1.8.0_45.jdk/Contents/Home/jre/lib/libzip.dylib
0x000000011f2bb000 	/System/Library/Frameworks/JavaVM.framework/Frameworks/JavaRuntimeSupport.framework/JavaRuntimeSupport
0x000000011f2d1000 	/System/Library/Frameworks/JavaVM.framework/Versions/A/Frameworks/JavaNativeFoundation.framework/Versions/A/JavaNativeFoundation
0x000000011f2e5000 	/System/Library/Frameworks/JavaVM.framework/Versions/A/JavaVM
0x0000000008a98000 	/System/Library/Frameworks/Carbon.framework/Versions/A/Carbon
0x000000011f2f1000 	/System/Library/PrivateFrameworks/JavaLaunching.framework/Versions/A/JavaLaunching
0x0000000008a98000 	/System/Library/Frameworks/Carbon.framework/Versions/A/Frameworks/CommonPanels.framework/Versions/A/CommonPanels
0x0000000008a98000 	/System/Library/Frameworks/Carbon.framework/Versions/A/Frameworks/Help.framework/Versions/A/Help
0x0000000008a98000 	/System/Library/Frameworks/Carbon.framework/Versions/A/Frameworks/ImageCapture.framework/Versions/A/ImageCapture
0x0000000008a98000 	/System/Library/Frameworks/Carbon.framework/Versions/A/Frameworks/OpenScripting.framework/Versions/A/OpenScripting
0x0000000008a98000 	/System/Library/Frameworks/Carbon.framework/Versions/A/Frameworks/Print.framework/Versions/A/Print
0x0000000008a98000 	/System/Library/Frameworks/Carbon.framework/Versions/A/Frameworks/SecurityHI.framework/Versions/A/SecurityHI
0x0000000121301000 	/Applications/IntelliJ IDEA 14 CE.app/Contents/bin/libbreakgen64.jnilib
0x0000000121407000 	/Library/Java/JavaVirtualMachines/jdk1.8.0_45.jdk/Contents/Home/jre/lib/libnet.dylib
0x0000000121702000 	/Library/Java/JavaVirtualMachines/jdk1.8.0_45.jdk/Contents/Home/jre/lib/libprism_es2.dylib
0x0000000008a98000 	/System/Library/Frameworks/OpenGL.framework/Versions/A/Resources/GLEngine.bundle/GLEngine
0x0000000008a98000 	/System/Library/Frameworks/OpenGL.framework/Versions/A/Libraries/libGLProgrammability.dylib
0x0000000121784000 	/System/Library/Extensions/AppleIntelHD5000GraphicsGLDriver.bundle/Contents/MacOS/AppleIntelHD5000GraphicsGLDriver
0x0000000008a98000 	/System/Library/PrivateFrameworks/IOAccelerator.framework/Versions/A/IOAccelerator
0x0000000008a98000 	/System/Library/PrivateFrameworks/GPUSupport.framework/Versions/A/Libraries/libGPUSupportMercury.dylib
0x0000000008a98000 	/System/Library/Frameworks/OpenGL.framework/Versions/A/Resources/GLRendererFloat.bundle/GLRendererFloat
0x0000000008a98000 	/System/Library/Frameworks/OpenCL.framework/Versions/A/Libraries/libcldcpuengine.dylib
0x0000000008a98000 	/System/Library/PrivateFrameworks/DiskImages.framework/Versions/A/DiskImages
0x0000000008a98000 	/System/Library/Frameworks/DiscRecording.framework/Versions/A/DiscRecording
0x0000000008a98000 	/usr/lib/libcsfde.dylib
0x0000000008a98000 	/usr/lib/libcurl.4.dylib
0x0000000008a98000 	/System/Library/PrivateFrameworks/MediaKit.framework/Versions/A/MediaKit
0x0000000008a98000 	/System/Library/PrivateFrameworks/ProtectedCloudStorage.framework/Versions/A/ProtectedCloudStorage
0x0000000008a98000 	/usr/lib/libCoreStorage.dylib
0x0000000008a98000 	/System/Library/PrivateFrameworks/EFILogin.framework/Versions/A/EFILogin
0x0000000008a98000 	/usr/lib/libutil.dylib
0x0000000008a98000 	/System/Library/PrivateFrameworks/FindMyDevice.framework/Versions/A/FindMyDevice
0x0000000008a98000 	/System/Library/Frameworks/LDAP.framework/Versions/A/LDAP
0x0000000008a98000 	/usr/lib/libsasl2.2.dylib
0x0000000008a98000 	/System/Library/PrivateFrameworks/CoreDaemon.framework/Versions/B/CoreDaemon
0x0000000008a98000 	/usr/lib/libcrypto.0.9.8.dylib
0x0000000008a98000 	/System/Library/PrivateFrameworks/AppleSRP.framework/Versions/A/AppleSRP
0x0000000008a98000 	/System/Library/PrivateFrameworks/TrustEvaluationAgent.framework/Versions/A/TrustEvaluationAgent
0x000000012229b000 	/Library/Java/JavaVirtualMachines/jdk1.8.0_45.jdk/Contents/Home/jre/lib/libglass.dylib
0x0000000008a98000 	/System/Library/PrivateFrameworks/CoreServicesInternal.framework/Versions/A/CoreServicesInternal
0x0000000008a98000 	/System/Library/PrivateFrameworks/CloudDocs.framework/Versions/A/CloudDocs
0x0000000008a98000 	/System/Library/PrivateFrameworks/CoreDuet.framework/Versions/A/CoreDuet
0x0000000008a98000 	/System/Library/Frameworks/CloudKit.framework/Versions/A/CloudKit
0x0000000008a98000 	/System/Library/PrivateFrameworks/ProtocolBuffer.framework/Versions/A/ProtocolBuffer
0x0000000008a98000 	/System/Library/PrivateFrameworks/CoreDuetDaemonProtocol.framework/Versions/A/CoreDuetDaemonProtocol
0x0000000008a98000 	/System/Library/PrivateFrameworks/CoreDuetDebugLogging.framework/Versions/A/CoreDuetDebugLogging
0x0000000008a98000 	/System/Library/PrivateFrameworks/MMCS.framework/Versions/A/MMCS
0x0000000008a98000 	/System/Library/Frameworks/CoreLocation.framework/Versions/A/CoreLocation
0x0000000008a98000 	/System/Library/PrivateFrameworks/GeoServices.framework/Versions/A/GeoServices
0x0000000008a98000 	/System/Library/Frameworks/CoreGraphics.framework/Versions/A/Resources/libCGCMS.A.dylib
0x0000000008a98000 	/System/Library/CoreServices/RawCamera.bundle/Contents/MacOS/RawCamera
0x0000000008a98000 	/System/Library/Frameworks/CoreGraphics.framework/Versions/A/Resources/libRIP.A.dylib
0x0000000008a98000 	/System/Library/PrivateFrameworks/FamilyControls.framework/Versions/A/FamilyControls
0x0000000008a98000 	/System/Library/PrivateFrameworks/CommerceKit.framework/Versions/A/Frameworks/CommerceCore.framework/Versions/A/CommerceCore
0x0000000008a98000 	/System/Library/PrivateFrameworks/SystemAdministration.framework/Versions/A/SystemAdministration
0x0000000008a98000 	/System/Library/PrivateFrameworks/AppContainer.framework/Versions/A/AppContainer
0x0000000008a98000 	/System/Library/PrivateFrameworks/SecCodeWrapper.framework/Versions/A/SecCodeWrapper
0x0000000008a98000 	/System/Library/Frameworks/DirectoryService.framework/Versions/A/DirectoryService
0x0000000008a98000 	/System/Library/PrivateFrameworks/LoginUIKit.framework/Versions/A/Frameworks/LoginUICore.framework/Versions/A/LoginUICore
0x0000000008a98000 	/usr/lib/libodfde.dylib
0x0000000126455000 	/Library/Java/JavaVirtualMachines/jdk1.8.0_45.jdk/Contents/Home/jre/lib/libjavafx_iio.dylib
0x000000012648d000 	/Library/Java/JavaVirtualMachines/jdk1.8.0_45.jdk/Contents/Home/jre/lib/libjavafx_font.dylib
0x0000000008a98000 	/System/Library/Frameworks/CoreGraphics.framework/Versions/A/Resources/libCGXType.A.dylib
0x0000000128ef2000 	cl_kernels
0x000000012a0b8000 	/System/Library/Frameworks/OpenCL.framework/Versions/A/Libraries/ImageFormats/unorm8_bgra.dylib
0x0000000128ee2000 	cl_kernels
0x000000012ac86000 	/Library/Java/JavaVirtualMachines/jdk1.8.0_45.jdk/Contents/Home/jre/lib/libprism_common.dylib

VM Arguments:
jvm_args: -Didea.launcher.port=7536 -Didea.launcher.bin.path=/Applications/IntelliJ IDEA 14 CE.app/Contents/bin -Dfile.encoding=UTF-8 
java_command: com.intellij.rt.execution.application.AppMain sample.Main
java_class_path (initial): /Library/Java/JavaVirtualMachines/jdk1.8.0_45.jdk/Contents/Home/lib/ant-javafx.jar:/Library/Java/JavaVirtualMachines/jdk1.8.0_45.jdk/Contents/Home/lib/dt.jar:/Library/Java/JavaVirtualMachines/jdk1.8.0_45.jdk/Contents/Home/lib/javafx-mx.jar:/Library/Java/JavaVirtualMachines/jdk1.8.0_45.jdk/Contents/Home/lib/jconsole.jar:/Library/Java/JavaVirtualMachines/jdk1.8.0_45.jdk/Contents/Home/lib/packager.jar:/Library/Java/JavaVirtualMachines/jdk1.8.0_45.jdk/Contents/Home/lib/sa-jdi.jar:/Library/Java/JavaVirtualMachines/jdk1.8.0_45.jdk/Contents/Home/lib/tools.jar:/Library/Java/JavaVirtualMachines/jdk1.8.0_45.jdk/Contents/Home/jre/lib/charsets.jar:/Library/Java/JavaVirtualMachines/jdk1.8.0_45.jdk/Contents/Home/jre/lib/deploy.jar:/Library/Java/JavaVirtualMachines/jdk1.8.0_45.jdk/Contents/Home/jre/lib/javaws.jar:/Library/Java/JavaVirtualMachines/jdk1.8.0_45.jdk/Contents/Home/jre/lib/jce.jar:/Library/Java/JavaVirtualMachines/jdk1.8.0_45.jdk/Contents/Home/jre/lib/jfr.jar:/Library/Java/JavaVirtualMachines/jdk1.8.0_45.jdk/Contents/Home/jre/lib/jfxswt.jar:/Library/Java/JavaVirtualMachines/jdk1.8.0_45.jdk/Contents/Home/jre/lib/jsse.jar:/Library/Java/JavaVirtualMachines/jdk1.8.0_45.jdk/Contents/Home/jre/lib/management-agent.jar:/Library/Java/JavaVirtualMachines/jdk1.8.0_45.jdk/Contents/Home/jre/lib/plugin.jar:/Library/Java/JavaVirtualMachines/jdk1.8.0_45.jdk/Contents/Home/jre/lib/resources.jar:/Library/Java/JavaVirtualMachines/jdk1.8.0_45.jdk/Contents/Home/jre/lib/rt.jar:/Library/Java/JavaVirtualMachines/jdk1.8.0_45.jdk/Contents/Home/jre/lib/ext/cldrdata.jar:/Library/Java/JavaVirtualMachines/jdk1.8.0_45.jdk/Contents/Home/jre/lib/ext/dnsns.jar:/Library/Java/JavaVirtualMachines/jdk1.8.0_45.jdk/Contents/Home/jre/lib/ext/jfxrt.jar:/Library/Java/JavaVirtualMachines/jdk1.8.0_45.jdk/Contents/Home/jre/lib/ext/localedata.jar:/Library/Java/JavaVirtualMachines/jdk1.8.0_45.jdk/Contents/Home/jre/lib/ext/nashorn.jar:/Library/Java/JavaVirtualMachines/jdk1.8.0_45.jdk/Conten
Launcher Type: SUN_STANDARD

Environment Variables:
PATH=/usr/local/bin:/usr/bin:/bin:/usr/sbin:/sbin:/usr/local/git/bin
SHELL=/bin/bash

Signal Handlers:
SIGSEGV: [libjvm.dylib+0x58ef95], sa_mask[0]=11111111011111110111111111111111, sa_flags=SA_ONSTACK|SA_RESTART|SA_SIGINFO
SIGBUS: [libjvm.dylib+0x58ef95], sa_mask[0]=11111111011111110111111111111111, sa_flags=SA_RESTART|SA_SIGINFO
SIGFPE: [libjvm.dylib+0x46c108], sa_mask[0]=11111111011111110111111111111111, sa_flags=SA_RESTART|SA_SIGINFO
SIGPIPE: [libjvm.dylib+0x46c108], sa_mask[0]=11111111011111110111111111111111, sa_flags=SA_RESTART|SA_SIGINFO
SIGXFSZ: [libjvm.dylib+0x46c108], sa_mask[0]=11111111011111110111111111111111, sa_flags=SA_RESTART|SA_SIGINFO
SIGILL: [libjvm.dylib+0x46c108], sa_mask[0]=11111111011111110111111111111111, sa_flags=SA_RESTART|SA_SIGINFO
SIGUSR1: SIG_DFL, sa_mask[0]=00000000000000000000000000000000, sa_flags=none
SIGUSR2: [libjvm.dylib+0x46bc26], sa_mask[0]=00100000000000000000000000000000, sa_flags=SA_RESTART|SA_SIGINFO
SIGHUP: [libjvm.dylib+0x46a1f9], sa_mask[0]=11111111011111110111111111111111, sa_flags=SA_RESTART|SA_SIGINFO
SIGINT: [libjvm.dylib+0x46a1f9], sa_mask[0]=11111111011111110111111111111111, sa_flags=SA_RESTART|SA_SIGINFO
SIGTERM: [libjvm.dylib+0x46a1f9], sa_mask[0]=11111111011111110111111111111111, sa_flags=SA_RESTART|SA_SIGINFO
SIGQUIT: [libjvm.dylib+0x46a1f9], sa_mask[0]=11111111011111110111111111111111, sa_flags=SA_RESTART|SA_SIGINFO


---------------  S Y S T E M  ---------------

OS:Bsduname:Darwin 14.5.0 Darwin Kernel Version 14.5.0: Wed Jul 29 02:26:53 PDT 2015; root:xnu-2782.40.9~1/RELEASE_X86_64 x86_64
rlimit: STACK 8192k, CORE 0k, NPROC 709, NOFILE 10240, AS infinity
load average:4.48 3.77 3.38

CPU:total 4 (2 cores per cpu, 2 threads per core) family 6 model 69 stepping 1, cmov, cx8, fxsr, mmx, sse, sse2, sse3, ssse3, sse4.1, sse4.2, popcnt, avx, avx2, aes, clmul, erms, lzcnt, ht, tsc, tscinvbit, bmi1, bmi2

Memory: 4k page, physical 8388608k(332572k free)

/proc/meminfo:


vm_info: Java HotSpot(TM) 64-Bit Server VM (25.45-b02) for bsd-amd64 JRE (1.8.0_45-b14), built on Apr 10 2015 10:46:38 by "java_re" with gcc 4.2.1 (Based on Apple Inc. build 5658) (LLVM build 2336.11.00)

time: Tue Oct 20 01:57:28 2015
elapsed time: 101 seconds (0d 0h 1m 41s)

