#
# A fatal error has been detected by the Java Runtime Environment:
#
#  SIGSEGV (0xb) at pc=0x0000000128a5458d, pid=8192, tid=1811
#
# JRE version: Java(TM) SE Runtime Environment (8.0_45-b14) (build 1.8.0_45-b14)
# Java VM: Java HotSpot(TM) 64-Bit Server VM (25.45-b02 mixed mode bsd-amd64 compressed oops)
# Problematic frame:
# C  [libglass.dylib+0x1558d]  GlassScreenDidChangeScreenParameters+0x9d
#
# Failed to write core dump. Core dumps have been disabled. To enable core dumping, try "ulimit -c unlimited" before starting Java again
#
# If you would like to submit a bug report, please visit:
#   http://bugreport.java.com/bugreport/crash.jsp
#

---------------  T H R E A D  ---------------

Current thread is native thread

siginfo: si_signo: 11 (SIGSEGV), si_code: 1 (SEGV_MAPERR), si_addr: 0x0000000000000000

Registers:
RAX=0x0000000128a86bc0, RBX=0x0000000000000000, RCX=0x16000f72e2c8c2f3, RDX=0x00007fbec59e61b0
RSP=0x00007fff5820b810, RBP=0x00007fff5820b820, RSI=0x00007fbec5a00c18, RDI=0x0000000000000000
R8 =0x00007fff5820b6c0, R9 =0x00007fff7aa81300, R10=0x0000000000000000, R11=0x0000000000000246
R12=0x00007fbec3c010c0, R13=0x00000000000f426a, R14=0x00007fbec595cd30, R15=0x00007fff5820b960
RIP=0x0000000128a5458d, EFLAGS=0x0000000000010202, ERR=0x0000000000000004
  TRAPNO=0x000000000000000e

Top of Stack: (sp=0x00007fff5820b810)
0x00007fff5820b810:   00007fff5820b9f0 00007fbec595cd30
0x00007fff5820b820:   00007fff5820b830 00007fff982d945c
0x00007fff5820b830:   00007fff5820bb90 00007fff981c9634
0x00007fff5820b840:   00007fff5820b890 0000000000001400
0x00007fff5820b850:   00007fff7b99bed0 00007fbec3f95780
0x00007fff5820b860:   0000000000001002 0000000000000ba0
0x00007fff5820b870:   00007fbec3f95780 00007fbec595cd30
0x00007fff5820b880:   0000000000000000 00007fff5820b960
0x00007fff5820b890:   0000000000000000 00007fbec595ccf0
0x00007fff5820b8a0:   00007fff5820b9e0 000000000000007c
0x00007fff5820b8b0:   00000000000f44b9 00007fbec3fd41f0
0x00007fff5820b8c0:   00007fbec591e5b0 00007fbec3c010c0
0x00007fff5820b8d0:   0000000000000001 00000000000f426a
0x00007fff5820b8e0:   00007fbec3c010b0 00007fff9101ab90
0x00007fff5820b8f0:   0000000000000001 0000000000000001
0x00007fff5820b900:   0000000000000030 0000000000000001
0x00007fff5820b910:   00007fff5820b930 00007fff9101b546
0x00007fff5820b920:   00007fff7b999fb0 0000000000000000
0x00007fff5820b930:   00007fff5820b950 0000000000000014
0x00007fff5820b940:   00169503cc98c000 00007fbec3c010e4
0x00007fff5820b950:   0000000000000000 00007fff981bf10f
0x00007fff5820b960:   00007fbec595cd30 00007fff7b999fb0
0x00007fff5820b970:   00007fff5820b9f0 00007fff981c7c3f
0x00007fff5820b980:   00007fff5820b9f4 000000000056ec01
0x00007fff5820b990:   0000000107a0fa00 0000000000000002
0x00007fff5820b9a0:   0000000107a0c000 00007fbec3fa2da2
0x00007fff5820b9b0:   0000000000000003 0000000107a10e00
0x00007fff5820b9c0:   00007fff5820bab0 00007fff91017b36
0x00007fff5820b9d0:   00007fbec3f33d70 00007fff5820bb98
0x00007fff5820b9e0:   0000000000000017 0000000000000000
0x00007fff5820b9f0:   00000000000f426a 00007fff981bf403
0x00007fff5820ba00:   00007fff00000000 00007fbec3e52190 

Instructions: (pc=0x0000000128a5458d)
0x0000000128a5456d:   89 df 4c 89 f1 41 ff 90 68 04 00 00 48 8d 05 48
0x0000000128a5457d:   25 03 00 48 8b 30 48 8d 05 36 26 03 00 48 8b 10
0x0000000128a5458d:   48 8b 0b 30 c0 48 89 df ff 91 68 04 00 00 48 8b
0x0000000128a5459d:   03 48 89 df ff 50 78 48 85 c0 74 36 49 89 c6 48 

Register to memory mapping:

RAX=0x0000000128a86bc0: jScreenNotifySettingsChanged+0 in /Library/Java/JavaVirtualMachines/jdk1.8.0_45.jdk/Contents/Home/jre/lib/libglass.dylib at 0x0000000128a3f000
RBX=0x0000000000000000 is an unknown value
RCX=0x16000f72e2c8c2f3 is an unknown value
RDX=0x00007fbec59e61b0 is an unknown value
RSP=0x00007fff5820b810 is an unknown value
RBP=0x00007fff5820b820 is an unknown value
RSI=0x00007fbec5a00c18 is a global jni handle
RDI=0x0000000000000000 is an unknown value
R8 =0x00007fff5820b6c0 is an unknown value
R9 =0x00007fff7aa81300: _thread+0 in /usr/lib/system/libsystem_pthread.dylib at 0x00007fff925d7000
R10=0x0000000000000000 is an unknown value
R11=0x0000000000000246 is an unknown value
R12=0x00007fbec3c010c0 is an unknown value
R13=0x00000000000f426a is an unknown value
R14=0x00007fbec595cd30 is an unknown value
R15=0x00007fff5820b960 is an unknown value


Stack: [0x00007fff57a0f000,0x00007fff5820f000],  sp=0x00007fff5820b810,  free space=8178k
Native frames: (J=compiled Java code, j=interpreted, Vv=VM code, C=native code)
C  [libglass.dylib+0x1558d]  GlassScreenDidChangeScreenParameters+0x9d
C  [CoreFoundation+0x12045c]  __CFNOTIFICATIONCENTER_IS_CALLING_OUT_TO_AN_OBSERVER__+0xc
C  [CoreFoundation+0x10634]  _CFXNotificationPost+0xc44
C  [Foundation+0x7aa1]  -[NSNotificationCenter postNotificationName:object:userInfo:]+0x42
C  [AppKit+0x40de7e]  -[NSApplication _reactToScreenInvalidationImmediately:]+0x17b
C  [AppKit+0x40dcc7]  __44-[NSApplication _reactToScreenInvalidation:]_block_invoke+0x4b
C  [CoreFoundation+0x808ec]  __CFRUNLOOP_IS_CALLING_OUT_TO_A_BLOCK__+0xc
C  [CoreFoundation+0x729f5]  __CFRunLoopDoBlocks+0x155
C  [CoreFoundation+0x72536]  __CFRunLoopRun+0x716
C  [CoreFoundation+0x71bd8]  CFRunLoopRunSpecific+0x128
C  [java+0x6490]  CreateExecutionEnvironment+0x367
C  [java+0x221c]  JLI_Launch+0x7a0
C  [java+0x84ed]  main+0x65
C  [java+0x1a74]  start+0x34


---------------  P R O C E S S  ---------------

VM state:not at safepoint (normal execution)

VM Mutex/Monitor currently owned by a thread: None

Heap:
 PSYoungGen      total 76288K, used 45734K [0x000000076ab00000, 0x0000000770000000, 0x00000007c0000000)
  eden space 65536K, 53% used [0x000000076ab00000,0x000000076cd2a160,0x000000076eb00000)
  from space 10752K, 99% used [0x000000076eb00000,0x000000076f57f920,0x000000076f580000)
  to   space 10752K, 0% used [0x000000076f580000,0x000000076f580000,0x0000000770000000)
 ParOldGen       total 175104K, used 1117K [0x00000006c0000000, 0x00000006cab00000, 0x000000076ab00000)
  object space 175104K, 0% used [0x00000006c0000000,0x00000006c01174a0,0x00000006cab00000)
 Metaspace       used 18776K, capacity 19738K, committed 19968K, reserved 1067008K
  class space    used 2561K, capacity 2802K, committed 2816K, reserved 1048576K

Card table byte_map: [0x0000000118fc0000,0x00000001197c1000] byte_map_base: 0x00000001159c0000

Marking Bits: (ParMarkBitMap*) 0x00000001083b27a0
 Begin Bits: [0x000000011a52f000, 0x000000011e52f000)
 End Bits:   [0x000000011e52f000, 0x000000012252f000)

Polling page: 0x0000000108bb6000

CodeCache: size=245760Kb used=12164Kb max_used=12382Kb free=233595Kb
 bounds [0x0000000109c00000, 0x000000010a850000, 0x0000000118c00000]
 total_blobs=4305 nmethods=3639 adapters=578
 compilation: enabled

Compilation events (10 events):
Event: 123.273 Thread 0x00007fbec7810800 3985       3       jdk.internal.org.objectweb.asm.ClassWriter::visit (121 bytes)
Event: 123.274 Thread 0x00007fbec7810800 nmethod 3985 0x0000000109dd87d0 code [0x0000000109dd89c0, 0x0000000109dd9098]
Event: 123.274 Thread 0x00007fbec7810800 3983       3       java.lang.invoke.LambdaMetafactory::metafactory (35 bytes)
Event: 123.274 Thread 0x00007fbec7810800 nmethod 3983 0x0000000109d24850 code [0x0000000109d249e0, 0x0000000109d24ce8]
Event: 123.274 Thread 0x00007fbec7810800 3986       3       jdk.internal.org.objectweb.asm.ClassVisitor::<init> (35 bytes)
Event: 123.274 Thread 0x00007fbec7810800 nmethod 3986 0x0000000109d3ed50 code [0x0000000109d3eee0, 0x0000000109d3f1e8]
Event: 123.274 Thread 0x00007fbec7810800 3987       3       sun.reflect.ConstructorAccessorImpl::<init> (5 bytes)
Event: 123.275 Thread 0x00007fbec7810800 nmethod 3987 0x0000000109dd62d0 code [0x0000000109dd6440, 0x0000000109dd6650]
Event: 123.388 Thread 0x00007fbec7810800 3988       3       java.util.TaskQueue::isEmpty (13 bytes)
Event: 123.388 Thread 0x00007fbec7810800 nmethod 3988 0x0000000109dec3d0 code [0x0000000109dec540, 0x0000000109dec6f0]

GC Heap History (2 events):
Event: 15.196 GC heap before
{Heap before GC invocations=1 (full 0):
 PSYoungGen      total 76288K, used 65536K [0x000000076ab00000, 0x0000000770000000, 0x00000007c0000000)
  eden space 65536K, 100% used [0x000000076ab00000,0x000000076eb00000,0x000000076eb00000)
  from space 10752K, 0% used [0x000000076f580000,0x000000076f580000,0x0000000770000000)
  to   space 10752K, 0% used [0x000000076eb00000,0x000000076eb00000,0x000000076f580000)
 ParOldGen       total 175104K, used 0K [0x00000006c0000000, 0x00000006cab00000, 0x000000076ab00000)
  object space 175104K, 0% used [0x00000006c0000000,0x00000006c0000000,0x00000006cab00000)
 Metaspace       used 17882K, capacity 18704K, committed 18944K, reserved 1064960K
  class space    used 2505K, capacity 2698K, committed 2816K, reserved 1048576K
Event: 15.206 GC heap after
Heap after GC invocations=1 (full 0):
 PSYoungGen      total 76288K, used 10750K [0x000000076ab00000, 0x0000000770000000, 0x00000007c0000000)
  eden space 65536K, 0% used [0x000000076ab00000,0x000000076ab00000,0x000000076eb00000)
  from space 10752K, 99% used [0x000000076eb00000,0x000000076f57f920,0x000000076f580000)
  to   space 10752K, 0% used [0x000000076f580000,0x000000076f580000,0x0000000770000000)
 ParOldGen       total 175104K, used 1117K [0x00000006c0000000, 0x00000006cab00000, 0x000000076ab00000)
  object space 175104K, 0% used [0x00000006c0000000,0x00000006c01174a0,0x00000006cab00000)
 Metaspace       used 17882K, capacity 18704K, committed 18944K, reserved 1064960K
  class space    used 2505K, capacity 2698K, committed 2816K, reserved 1048576K
}

Deoptimization events (10 events):
Event: 15.347 Thread 0x00007fbec5053000 Uncommon trap: reason=unstable_if action=reinterpret pc=0x000000010a38c534 method=java.lang.ref.ReferenceQueue.poll()Ljava/lang/ref/Reference; @ 4
Event: 28.478 Thread 0x00007fbec5053000 Uncommon trap: reason=unstable_if action=reinterpret pc=0x000000010a46f1dc method=javafx.scene.Parent.setChildDirty(Ljavafx/scene/Node;Z)V @ 22
Event: 29.425 Thread 0x00007fbec5053000 Uncommon trap: reason=unstable_if action=reinterpret pc=0x000000010a62f0bc method=javafx.scene.Node.impl_pickNode(Lcom/sun/javafx/geom/PickRay;Lcom/sun/javafx/scene/input/PickResultChooser;)V @ 11
Event: 29.425 Thread 0x00007fbec5053000 Uncommon trap: reason=unstable_if action=reinterpret pc=0x000000010a632c74 method=javafx.scene.Node.impl_pickNode(Lcom/sun/javafx/geom/PickRay;Lcom/sun/javafx/scene/input/PickResultChooser;)V @ 11
Event: 29.431 Thread 0x00007fbec5053000 Uncommon trap: reason=unstable_if action=reinterpret pc=0x000000010a3dd57c method=com.sun.javafx.css.ParsedValueImpl.containsFontRelativeSize(Ljavafx/css/ParsedValue;Z)Z @ 56
Event: 52.483 Thread 0x00007fbec481b800 Uncommon trap: reason=unstable_if action=reinterpret pc=0x000000010a47dabc method=com.sun.javafx.geom.transform.AffineBase.updateState2D()V @ 95
Event: 52.533 Thread 0x00007fbec481b800 Uncommon trap: reason=unstable_if action=reinterpret pc=0x000000010a671b80 method=com.sun.javafx.geom.transform.AffineBase.updateState2D()V @ 95
Event: 53.482 Thread 0x00007fbec5053000 Uncommon trap: reason=unstable_if action=reinterpret pc=0x000000010a63e824 method=javafx.scene.CssStyleHelper.transitionToState(Ljavafx/scene/Node;)V @ 513
Event: 53.485 Thread 0x00007fbec481b800 Uncommon trap: reason=unstable_if action=reinterpret pc=0x000000010a633b10 method=com.sun.javafx.geom.transform.AffineBase.updateState2D()V @ 95
Event: 123.275 Thread 0x00007fbec5053000 Uncommon trap: reason=unstable_if action=reinterpret pc=0x0000000109d86064 method=java.util.concurrent.locks.ReentrantLock$Sync.tryRelease(I)Z @ 28

Internal exceptions (10 events):
Event: 15.154 Thread 0x00007fbec5053000 Exception <a 'java/io/FileNotFoundException'> (0x000000076e576d40) thrown at [/Users/java_re/workspace/8-2-build-macosx-x86_64/jdk8u45/3457/hotspot/src/share/vm/prims/jni.cpp, line 709]
Event: 15.161 Thread 0x00007fbec5053000 Exception <a 'java/io/FileNotFoundException'> (0x000000076e58e578) thrown at [/Users/java_re/workspace/8-2-build-macosx-x86_64/jdk8u45/3457/hotspot/src/share/vm/prims/jni.cpp, line 709]
Event: 15.168 Thread 0x00007fbec5053000 Exception <a 'java/io/FileNotFoundException'> (0x000000076e5a5d78) thrown at [/Users/java_re/workspace/8-2-build-macosx-x86_64/jdk8u45/3457/hotspot/src/share/vm/prims/jni.cpp, line 709]
Event: 15.175 Thread 0x00007fbec5053000 Exception <a 'java/io/FileNotFoundException'> (0x000000076e8e49d0) thrown at [/Users/java_re/workspace/8-2-build-macosx-x86_64/jdk8u45/3457/hotspot/src/share/vm/prims/jni.cpp, line 709]
Event: 15.181 Thread 0x00007fbec5053000 Exception <a 'java/io/FileNotFoundException'> (0x000000076e97d778) thrown at [/Users/java_re/workspace/8-2-build-macosx-x86_64/jdk8u45/3457/hotspot/src/share/vm/prims/jni.cpp, line 709]
Event: 15.196 Thread 0x00007fbec5053000 Exception <a 'java/io/FileNotFoundException'> (0x000000076eadd298) thrown at [/Users/java_re/workspace/8-2-build-macosx-x86_64/jdk8u45/3457/hotspot/src/share/vm/prims/jni.cpp, line 709]
Event: 15.214 Thread 0x00007fbec5053000 Exception <a 'java/io/FileNotFoundException'> (0x000000076abe8f10) thrown at [/Users/java_re/workspace/8-2-build-macosx-x86_64/jdk8u45/3457/hotspot/src/share/vm/prims/jni.cpp, line 709]
Event: 15.220 Thread 0x00007fbec5053000 Exception <a 'java/io/FileNotFoundException'> (0x000000076acfbcc0) thrown at [/Users/java_re/workspace/8-2-build-macosx-x86_64/jdk8u45/3457/hotspot/src/share/vm/prims/jni.cpp, line 709]
Event: 15.229 Thread 0x00007fbec5053000 Exception <a 'java/io/FileNotFoundException'> (0x000000076ae3e5d0) thrown at [/Users/java_re/workspace/8-2-build-macosx-x86_64/jdk8u45/3457/hotspot/src/share/vm/prims/jni.cpp, line 709]
Event: 15.245 Thread 0x00007fbec5053000 Exception <a 'java/io/FileNotFoundException'> (0x000000076b0ee1d0) thrown at [/Users/java_re/workspace/8-2-build-macosx-x86_64/jdk8u45/3457/hotspot/src/share/vm/prims/jni.cpp, line 709]

Events (10 events):
Event: 123.275 Thread 0x00007fbec5053000 Uncommon trap: trap_request=0xffffff65 fr.pc=0x0000000109d86064
Event: 123.275 Thread 0x00007fbec5053000 DEOPT PACKING pc=0x0000000109d86064 sp=0x00007fff582083f0
Event: 123.275 Thread 0x00007fbec5053000 DEOPT UNPACKING pc=0x0000000109c05229 sp=0x00007fff58208398 mode 2
Event: 123.275 loading class com/sun/javafx/tk/quantum/QuantumToolkit
Event: 123.275 loading class com/sun/javafx/tk/quantum/QuantumToolkit done
Event: 123.275 Thread 0x00007fbec481b800 Thread exited: 0x00007fbec481b800
Event: 123.275 Thread 0x00007fbec48fd000 Thread exited: 0x00007fbec48fd000
Event: 123.275 Thread 0x00007fbec4006800 Thread exited: 0x00007fbec4006800
Event: 123.275 Thread 0x00007fbecd020800 Thread added: 0x00007fbecd020800
Event: 123.275 Thread 0x00007fbec5053000 Thread exited: 0x00007fbec5053000


Dynamic libraries:
0x00000000095b5000 	/System/Library/Frameworks/Cocoa.framework/Versions/A/Cocoa
0x00000000095b5000 	/System/Library/Frameworks/Security.framework/Versions/A/Security
0x00000000095b5000 	/System/Library/Frameworks/ApplicationServices.framework/Versions/A/ApplicationServices
0x00000000095b5000 	/usr/lib/libz.1.dylib
0x00000000095b5000 	/usr/lib/libSystem.B.dylib
0x00000000095b5000 	/usr/lib/libobjc.A.dylib
0x00000000095b5000 	/System/Library/Frameworks/CoreFoundation.framework/Versions/A/CoreFoundation
0x00000000095b5000 	/System/Library/Frameworks/Foundation.framework/Versions/C/Foundation
0x00000000095b5000 	/System/Library/Frameworks/AppKit.framework/Versions/C/AppKit
0x00000000095b5000 	/System/Library/Frameworks/CoreData.framework/Versions/A/CoreData
0x00000000095b5000 	/System/Library/PrivateFrameworks/RemoteViewServices.framework/Versions/A/RemoteViewServices
0x00000000095b5000 	/System/Library/PrivateFrameworks/UIFoundation.framework/Versions/A/UIFoundation
0x00000000095b5000 	/System/Library/Frameworks/IOSurface.framework/Versions/A/IOSurface
0x00000000095b5000 	/System/Library/Frameworks/AudioToolbox.framework/Versions/A/AudioToolbox
0x00000000095b5000 	/System/Library/Frameworks/AudioUnit.framework/Versions/A/AudioUnit
0x00000000095b5000 	/System/Library/PrivateFrameworks/DataDetectorsCore.framework/Versions/A/DataDetectorsCore
0x00000000095b5000 	/System/Library/PrivateFrameworks/DesktopServicesPriv.framework/Versions/A/DesktopServicesPriv
0x00000000095b5000 	/System/Library/Frameworks/Carbon.framework/Versions/A/Frameworks/HIToolbox.framework/Versions/A/HIToolbox
0x00000000095b5000 	/System/Library/Frameworks/QuartzCore.framework/Versions/A/QuartzCore
0x00000000095b5000 	/System/Library/Frameworks/Carbon.framework/Versions/A/Frameworks/SpeechRecognition.framework/Versions/A/SpeechRecognition
0x00000000095b5000 	/usr/lib/libauto.dylib
0x00000000095b5000 	/usr/lib/libicucore.A.dylib
0x00000000095b5000 	/usr/lib/libxml2.2.dylib
0x00000000095b5000 	/System/Library/PrivateFrameworks/CoreUI.framework/Versions/A/CoreUI
0x00000000095b5000 	/System/Library/Frameworks/CoreAudio.framework/Versions/A/CoreAudio
0x00000000095b5000 	/System/Library/Frameworks/DiskArbitration.framework/Versions/A/DiskArbitration
0x00000000095b5000 	/usr/lib/liblangid.dylib
0x00000000095b5000 	/System/Library/PrivateFrameworks/MultitouchSupport.framework/Versions/A/MultitouchSupport
0x00000000095b5000 	/System/Library/Frameworks/IOKit.framework/Versions/A/IOKit
0x00000000095b5000 	/usr/lib/libDiagnosticMessagesClient.dylib
0x00000000095b5000 	/System/Library/Frameworks/CoreServices.framework/Versions/A/CoreServices
0x00000000095b5000 	/System/Library/PrivateFrameworks/PerformanceAnalysis.framework/Versions/A/PerformanceAnalysis
0x00000000095b5000 	/System/Library/PrivateFrameworks/GenerationalStorage.framework/Versions/A/GenerationalStorage
0x00000000095b5000 	/System/Library/Frameworks/OpenGL.framework/Versions/A/OpenGL
0x00000000095b5000 	/System/Library/PrivateFrameworks/Sharing.framework/Versions/A/Sharing
0x00000000095b5000 	/System/Library/Frameworks/CoreGraphics.framework/Versions/A/CoreGraphics
0x00000000095b5000 	/System/Library/Frameworks/CoreText.framework/Versions/A/CoreText
0x00000000095b5000 	/System/Library/Frameworks/ImageIO.framework/Versions/A/ImageIO
0x00000000095b5000 	/usr/lib/libextension.dylib
0x00000000095b5000 	/System/Library/PrivateFrameworks/Backup.framework/Versions/A/Backup
0x00000000095b5000 	/usr/lib/libarchive.2.dylib
0x00000000095b5000 	/System/Library/Frameworks/CFNetwork.framework/Versions/A/CFNetwork
0x00000000095b5000 	/System/Library/Frameworks/SystemConfiguration.framework/Versions/A/SystemConfiguration
0x00000000095b5000 	/usr/lib/libCRFSuite.dylib
0x00000000095b5000 	/usr/lib/libc++.1.dylib
0x00000000095b5000 	/usr/lib/libc++abi.dylib
0x00000000095b5000 	/usr/lib/system/libcache.dylib
0x00000000095b5000 	/usr/lib/system/libcommonCrypto.dylib
0x00000000095b5000 	/usr/lib/system/libcompiler_rt.dylib
0x00000000095b5000 	/usr/lib/system/libcopyfile.dylib
0x00000000095b5000 	/usr/lib/system/libcorecrypto.dylib
0x00000000095b5000 	/usr/lib/system/libdispatch.dylib
0x00000000095b5000 	/usr/lib/system/libdyld.dylib
0x00000000095b5000 	/usr/lib/system/libkeymgr.dylib
0x00000000095b5000 	/usr/lib/system/liblaunch.dylib
0x00000000095b5000 	/usr/lib/system/libmacho.dylib
0x00000000095b5000 	/usr/lib/system/libquarantine.dylib
0x00000000095b5000 	/usr/lib/system/libremovefile.dylib
0x00000000095b5000 	/usr/lib/system/libsystem_asl.dylib
0x00000000095b5000 	/usr/lib/system/libsystem_blocks.dylib
0x00000000095b5000 	/usr/lib/system/libsystem_c.dylib
0x00000000095b5000 	/usr/lib/system/libsystem_configuration.dylib
0x00000000095b5000 	/usr/lib/system/libsystem_coreservices.dylib
0x00000000095b5000 	/usr/lib/system/libsystem_coretls.dylib
0x00000000095b5000 	/usr/lib/system/libsystem_dnssd.dylib
0x00000000095b5000 	/usr/lib/system/libsystem_info.dylib
0x00000000095b5000 	/usr/lib/system/libsystem_kernel.dylib
0x00000000095b5000 	/usr/lib/system/libsystem_m.dylib
0x00000000095b5000 	/usr/lib/system/libsystem_malloc.dylib
0x00000000095b5000 	/usr/lib/system/libsystem_network.dylib
0x00000000095b5000 	/usr/lib/system/libsystem_networkextension.dylib
0x00000000095b5000 	/usr/lib/system/libsystem_notify.dylib
0x00000000095b5000 	/usr/lib/system/libsystem_platform.dylib
0x00000000095b5000 	/usr/lib/system/libsystem_pthread.dylib
0x00000000095b5000 	/usr/lib/system/libsystem_sandbox.dylib
0x00000000095b5000 	/usr/lib/system/libsystem_secinit.dylib
0x00000000095b5000 	/usr/lib/system/libsystem_stats.dylib
0x00000000095b5000 	/usr/lib/system/libsystem_trace.dylib
0x00000000095b5000 	/usr/lib/system/libunc.dylib
0x00000000095b5000 	/usr/lib/system/libunwind.dylib
0x00000000095b5000 	/usr/lib/system/libxpc.dylib
0x00000000095b5000 	/usr/lib/libbz2.1.0.dylib
0x00000000095b5000 	/usr/lib/liblzma.5.dylib
0x00000000095b5000 	/usr/lib/libbsm.0.dylib
0x00000000095b5000 	/usr/lib/libsqlite3.dylib
0x00000000095b5000 	/usr/lib/system/libkxld.dylib
0x00000000095b5000 	/usr/lib/libxar.1.dylib
0x00000000095b5000 	/usr/lib/libpam.2.dylib
0x00000000095b5000 	/usr/lib/libOpenScriptingUtil.dylib
0x00000000095b5000 	/System/Library/Frameworks/CoreServices.framework/Versions/A/Frameworks/FSEvents.framework/Versions/A/FSEvents
0x00000000095b5000 	/System/Library/Frameworks/CoreServices.framework/Versions/A/Frameworks/CarbonCore.framework/Versions/A/CarbonCore
0x00000000095b5000 	/System/Library/Frameworks/CoreServices.framework/Versions/A/Frameworks/Metadata.framework/Versions/A/Metadata
0x00000000095b5000 	/System/Library/Frameworks/CoreServices.framework/Versions/A/Frameworks/OSServices.framework/Versions/A/OSServices
0x00000000095b5000 	/System/Library/Frameworks/CoreServices.framework/Versions/A/Frameworks/SearchKit.framework/Versions/A/SearchKit
0x00000000095b5000 	/System/Library/Frameworks/CoreServices.framework/Versions/A/Frameworks/AE.framework/Versions/A/AE
0x00000000095b5000 	/System/Library/Frameworks/CoreServices.framework/Versions/A/Frameworks/LaunchServices.framework/Versions/A/LaunchServices
0x00000000095b5000 	/System/Library/Frameworks/CoreServices.framework/Versions/A/Frameworks/DictionaryServices.framework/Versions/A/DictionaryServices
0x00000000095b5000 	/System/Library/Frameworks/NetFS.framework/Versions/A/NetFS
0x00000000095b5000 	/System/Library/PrivateFrameworks/NetAuth.framework/Versions/A/NetAuth
0x00000000095b5000 	/System/Library/PrivateFrameworks/login.framework/Versions/A/Frameworks/loginsupport.framework/Versions/A/loginsupport
0x00000000095b5000 	/System/Library/PrivateFrameworks/TCC.framework/Versions/A/TCC
0x00000000095b5000 	/usr/lib/libmecabra.dylib
0x00000000095b5000 	/System/Library/Frameworks/ApplicationServices.framework/Versions/A/Frameworks/ATS.framework/Versions/A/ATS
0x00000000095b5000 	/System/Library/Frameworks/ApplicationServices.framework/Versions/A/Frameworks/ColorSync.framework/Versions/A/ColorSync
0x00000000095b5000 	/System/Library/Frameworks/ApplicationServices.framework/Versions/A/Frameworks/HIServices.framework/Versions/A/HIServices
0x00000000095b5000 	/System/Library/Frameworks/ApplicationServices.framework/Versions/A/Frameworks/LangAnalysis.framework/Versions/A/LangAnalysis
0x00000000095b5000 	/System/Library/Frameworks/ApplicationServices.framework/Versions/A/Frameworks/PrintCore.framework/Versions/A/PrintCore
0x00000000095b5000 	/System/Library/Frameworks/ApplicationServices.framework/Versions/A/Frameworks/QD.framework/Versions/A/QD
0x00000000095b5000 	/System/Library/Frameworks/ApplicationServices.framework/Versions/A/Frameworks/SpeechSynthesis.framework/Versions/A/SpeechSynthesis
0x00000000095b5000 	/System/Library/Frameworks/Accelerate.framework/Versions/A/Accelerate
0x00000000095b5000 	/System/Library/Frameworks/Accelerate.framework/Versions/A/Frameworks/vImage.framework/Versions/A/vImage
0x00000000095b5000 	/System/Library/Frameworks/Accelerate.framework/Versions/A/Frameworks/vecLib.framework/Versions/A/vecLib
0x00000000095b5000 	/System/Library/Frameworks/Accelerate.framework/Versions/A/Frameworks/vecLib.framework/Versions/A/libvDSP.dylib
0x00000000095b5000 	/System/Library/Frameworks/Accelerate.framework/Versions/A/Frameworks/vecLib.framework/Versions/A/libvMisc.dylib
0x00000000095b5000 	/System/Library/Frameworks/Accelerate.framework/Versions/A/Frameworks/vecLib.framework/Versions/A/libLAPACK.dylib
0x00000000095b5000 	/System/Library/Frameworks/Accelerate.framework/Versions/A/Frameworks/vecLib.framework/Versions/A/libBLAS.dylib
0x00000000095b5000 	/System/Library/Frameworks/Accelerate.framework/Versions/A/Frameworks/vecLib.framework/Versions/A/libLinearAlgebra.dylib
0x00000000095b5000 	/System/Library/Frameworks/ApplicationServices.framework/Versions/A/Frameworks/ATS.framework/Versions/A/Resources/libFontParser.dylib
0x00000000095b5000 	/System/Library/Frameworks/ApplicationServices.framework/Versions/A/Frameworks/ATS.framework/Versions/A/Resources/libFontRegistry.dylib
0x00000000095b5000 	/System/Library/PrivateFrameworks/AppleVPA.framework/Versions/A/AppleVPA
0x00000000095b5000 	/System/Library/PrivateFrameworks/AppleJPEG.framework/Versions/A/AppleJPEG
0x00000000095b5000 	/System/Library/Frameworks/ImageIO.framework/Versions/A/Resources/libJPEG.dylib
0x00000000095b5000 	/System/Library/Frameworks/ImageIO.framework/Versions/A/Resources/libTIFF.dylib
0x00000000095b5000 	/System/Library/Frameworks/ImageIO.framework/Versions/A/Resources/libPng.dylib
0x00000000095b5000 	/System/Library/Frameworks/ImageIO.framework/Versions/A/Resources/libGIF.dylib
0x00000000095b5000 	/System/Library/Frameworks/ImageIO.framework/Versions/A/Resources/libJP2.dylib
0x00000000095b5000 	/System/Library/Frameworks/ImageIO.framework/Versions/A/Resources/libRadiance.dylib
0x00000000095b5000 	/System/Library/Frameworks/CoreVideo.framework/Versions/A/CoreVideo
0x00000000095b5000 	/System/Library/Frameworks/OpenGL.framework/Versions/A/Libraries/libGLU.dylib
0x00000000095b5000 	/System/Library/Frameworks/OpenGL.framework/Versions/A/Libraries/libGFXShared.dylib
0x00000000095b5000 	/System/Library/Frameworks/OpenGL.framework/Versions/A/Libraries/libGL.dylib
0x00000000095b5000 	/System/Library/Frameworks/OpenGL.framework/Versions/A/Libraries/libGLImage.dylib
0x00000000095b5000 	/System/Library/Frameworks/OpenGL.framework/Versions/A/Libraries/libCVMSPluginSupport.dylib
0x00000000095b5000 	/System/Library/Frameworks/OpenGL.framework/Versions/A/Libraries/libCoreVMClient.dylib
0x00000000095b5000 	/usr/lib/libcups.2.dylib
0x00000000095b5000 	/System/Library/Frameworks/Kerberos.framework/Versions/A/Kerberos
0x00000000095b5000 	/System/Library/Frameworks/GSS.framework/Versions/A/GSS
0x00000000095b5000 	/usr/lib/libresolv.9.dylib
0x00000000095b5000 	/usr/lib/libiconv.2.dylib
0x00000000095b5000 	/System/Library/PrivateFrameworks/Heimdal.framework/Versions/A/Heimdal
0x00000000095b5000 	/usr/lib/libheimdal-asn1.dylib
0x00000000095b5000 	/System/Library/Frameworks/OpenDirectory.framework/Versions/A/OpenDirectory
0x00000000095b5000 	/System/Library/PrivateFrameworks/CommonAuth.framework/Versions/A/CommonAuth
0x00000000095b5000 	/System/Library/Frameworks/OpenDirectory.framework/Versions/A/Frameworks/CFOpenDirectory.framework/Versions/A/CFOpenDirectory
0x00000000095b5000 	/System/Library/Frameworks/SecurityFoundation.framework/Versions/A/SecurityFoundation
0x00000000095b5000 	/System/Library/PrivateFrameworks/LanguageModeling.framework/Versions/A/LanguageModeling
0x00000000095b5000 	/usr/lib/libcmph.dylib
0x00000000095b5000 	/System/Library/Frameworks/ServiceManagement.framework/Versions/A/ServiceManagement
0x00000000095b5000 	/usr/lib/libxslt.1.dylib
0x00000000095b5000 	/System/Library/Frameworks/Carbon.framework/Versions/A/Frameworks/Ink.framework/Versions/A/Ink
0x00000000095b5000 	/System/Library/Frameworks/QuartzCore.framework/Versions/A/Frameworks/CoreImage.framework/Versions/A/CoreImage
0x00000000095b5000 	/System/Library/PrivateFrameworks/CrashReporterSupport.framework/Versions/A/CrashReporterSupport
0x00000000095b5000 	/System/Library/Frameworks/OpenCL.framework/Versions/A/OpenCL
0x00000000095b5000 	/System/Library/PrivateFrameworks/FaceCore.framework/Versions/A/FaceCore
0x00000000095b5000 	/System/Library/PrivateFrameworks/Ubiquity.framework/Versions/A/Ubiquity
0x00000000095b5000 	/System/Library/PrivateFrameworks/IconServices.framework/Versions/A/IconServices
0x00000000095b5000 	/System/Library/PrivateFrameworks/ChunkingLibrary.framework/Versions/A/ChunkingLibrary
0x00000000095b5000 	/System/Library/PrivateFrameworks/Apple80211.framework/Versions/A/Apple80211
0x00000000095b5000 	/System/Library/Frameworks/CoreWLAN.framework/Versions/A/CoreWLAN
0x00000000095b5000 	/System/Library/Frameworks/IOBluetooth.framework/Versions/A/IOBluetooth
0x00000000095b5000 	/System/Library/PrivateFrameworks/CoreWiFi.framework/Versions/A/CoreWiFi
0x00000000095b5000 	/System/Library/Frameworks/CoreBluetooth.framework/Versions/A/CoreBluetooth
0x00000000095b5000 	/System/Library/PrivateFrameworks/DebugSymbols.framework/Versions/A/DebugSymbols
0x00000000095b5000 	/System/Library/PrivateFrameworks/CoreSymbolication.framework/Versions/A/CoreSymbolication
0x00000000095b5000 	/System/Library/PrivateFrameworks/Symbolication.framework/Versions/A/Symbolication
0x00000000095b5000 	/System/Library/PrivateFrameworks/SpeechRecognitionCore.framework/Versions/A/SpeechRecognitionCore
0x0000000107af0000 	/Library/Java/JavaVirtualMachines/jdk1.8.0_45.jdk/Contents/Home/jre/lib/server/libjvm.dylib
0x00000000095b5000 	/usr/lib/libstdc++.6.dylib
0x0000000108b73000 	/Library/Java/JavaVirtualMachines/jdk1.8.0_45.jdk/Contents/Home/jre/lib/libverify.dylib
0x0000000108b81000 	/Library/Java/JavaVirtualMachines/jdk1.8.0_45.jdk/Contents/Home/jre/lib/libjava.dylib
0x0000000108bc0000 	/Library/Java/JavaVirtualMachines/jdk1.8.0_45.jdk/Contents/Home/jre/lib/libzip.dylib
0x00000001257ae000 	/System/Library/Frameworks/JavaVM.framework/Frameworks/JavaRuntimeSupport.framework/JavaRuntimeSupport
0x00000001257c4000 	/System/Library/Frameworks/JavaVM.framework/Versions/A/Frameworks/JavaNativeFoundation.framework/Versions/A/JavaNativeFoundation
0x0000000108bf2000 	/System/Library/Frameworks/JavaVM.framework/Versions/A/JavaVM
0x00000000095b5000 	/System/Library/Frameworks/Carbon.framework/Versions/A/Carbon
0x00000001257d8000 	/System/Library/PrivateFrameworks/JavaLaunching.framework/Versions/A/JavaLaunching
0x00000000095b5000 	/System/Library/Frameworks/Carbon.framework/Versions/A/Frameworks/CommonPanels.framework/Versions/A/CommonPanels
0x00000000095b5000 	/System/Library/Frameworks/Carbon.framework/Versions/A/Frameworks/Help.framework/Versions/A/Help
0x00000000095b5000 	/System/Library/Frameworks/Carbon.framework/Versions/A/Frameworks/ImageCapture.framework/Versions/A/ImageCapture
0x00000000095b5000 	/System/Library/Frameworks/Carbon.framework/Versions/A/Frameworks/OpenScripting.framework/Versions/A/OpenScripting
0x00000000095b5000 	/System/Library/Frameworks/Carbon.framework/Versions/A/Frameworks/Print.framework/Versions/A/Print
0x00000000095b5000 	/System/Library/Frameworks/Carbon.framework/Versions/A/Frameworks/SecurityHI.framework/Versions/A/SecurityHI
0x00000001278ef000 	/Applications/IntelliJ IDEA 14 CE.app/Contents/bin/libbreakgen64.jnilib
0x0000000127a8b000 	/Library/Java/JavaVirtualMachines/jdk1.8.0_45.jdk/Contents/Home/jre/lib/libnet.dylib
0x0000000127cf0000 	/Library/Java/JavaVirtualMachines/jdk1.8.0_45.jdk/Contents/Home/jre/lib/libprism_es2.dylib
0x00000000095b5000 	/System/Library/Frameworks/OpenGL.framework/Versions/A/Resources/GLEngine.bundle/GLEngine
0x00000000095b5000 	/System/Library/Frameworks/OpenGL.framework/Versions/A/Libraries/libGLProgrammability.dylib
0x0000000127d72000 	/System/Library/Extensions/AppleIntelHD4000GraphicsGLDriver.bundle/Contents/MacOS/AppleIntelHD4000GraphicsGLDriver
0x00000000095b5000 	/System/Library/PrivateFrameworks/IOAccelerator.framework/Versions/A/IOAccelerator
0x00000000095b5000 	/System/Library/PrivateFrameworks/GPUSupport.framework/Versions/A/Libraries/libGPUSupportMercury.dylib
0x0000000000000000 	/System/Library/Extensions/GeForceGLDriver.bundle/Contents/MacOS/GeForceGLDriver
0x00000000095b5000 	/System/Library/Extensions/GeForceGLDriver.bundle/Contents/MacOS/libclh.dylib
0x00000000095b5000 	/System/Library/Frameworks/OpenGL.framework/Versions/A/Resources/GLRendererFloat.bundle/GLRendererFloat
0x00000000095b5000 	/System/Library/Frameworks/OpenCL.framework/Versions/A/Libraries/libcldcpuengine.dylib
0x00000000095b5000 	/System/Library/PrivateFrameworks/DiskImages.framework/Versions/A/DiskImages
0x00000000095b5000 	/System/Library/Frameworks/DiscRecording.framework/Versions/A/DiscRecording
0x00000000095b5000 	/usr/lib/libcsfde.dylib
0x00000000095b5000 	/usr/lib/libcurl.4.dylib
0x00000000095b5000 	/System/Library/PrivateFrameworks/MediaKit.framework/Versions/A/MediaKit
0x00000000095b5000 	/System/Library/PrivateFrameworks/ProtectedCloudStorage.framework/Versions/A/ProtectedCloudStorage
0x00000000095b5000 	/usr/lib/libCoreStorage.dylib
0x00000000095b5000 	/System/Library/PrivateFrameworks/EFILogin.framework/Versions/A/EFILogin
0x00000000095b5000 	/usr/lib/libutil.dylib
0x00000000095b5000 	/System/Library/PrivateFrameworks/FindMyDevice.framework/Versions/A/FindMyDevice
0x00000000095b5000 	/System/Library/Frameworks/LDAP.framework/Versions/A/LDAP
0x00000000095b5000 	/usr/lib/libsasl2.2.dylib
0x00000000095b5000 	/System/Library/PrivateFrameworks/CoreDaemon.framework/Versions/B/CoreDaemon
0x00000000095b5000 	/usr/lib/libcrypto.0.9.8.dylib
0x00000000095b5000 	/System/Library/PrivateFrameworks/AppleSRP.framework/Versions/A/AppleSRP
0x00000000095b5000 	/System/Library/PrivateFrameworks/TrustEvaluationAgent.framework/Versions/A/TrustEvaluationAgent
0x0000000128a3f000 	/Library/Java/JavaVirtualMachines/jdk1.8.0_45.jdk/Contents/Home/jre/lib/libglass.dylib
0x00000000095b5000 	/System/Library/PrivateFrameworks/CoreServicesInternal.framework/Versions/A/CoreServicesInternal
0x00000000095b5000 	/System/Library/PrivateFrameworks/CloudDocs.framework/Versions/A/CloudDocs
0x00000000095b5000 	/System/Library/PrivateFrameworks/CoreDuet.framework/Versions/A/CoreDuet
0x00000000095b5000 	/System/Library/Frameworks/CloudKit.framework/Versions/A/CloudKit
0x00000000095b5000 	/System/Library/PrivateFrameworks/ProtocolBuffer.framework/Versions/A/ProtocolBuffer
0x00000000095b5000 	/System/Library/PrivateFrameworks/CoreDuetDaemonProtocol.framework/Versions/A/CoreDuetDaemonProtocol
0x00000000095b5000 	/System/Library/PrivateFrameworks/CoreDuetDebugLogging.framework/Versions/A/CoreDuetDebugLogging
0x00000000095b5000 	/System/Library/PrivateFrameworks/MMCS.framework/Versions/A/MMCS
0x00000000095b5000 	/System/Library/Frameworks/CoreLocation.framework/Versions/A/CoreLocation
0x00000000095b5000 	/System/Library/PrivateFrameworks/GeoServices.framework/Versions/A/GeoServices
0x00000000095b5000 	/System/Library/Frameworks/CoreGraphics.framework/Versions/A/Resources/libCGCMS.A.dylib
0x00000000095b5000 	/System/Library/CoreServices/RawCamera.bundle/Contents/MacOS/RawCamera
0x00000000095b5000 	/System/Library/Frameworks/CoreGraphics.framework/Versions/A/Resources/libRIP.A.dylib
0x00000000095b5000 	/System/Library/PrivateFrameworks/FamilyControls.framework/Versions/A/FamilyControls
0x00000000095b5000 	/System/Library/PrivateFrameworks/CommerceKit.framework/Versions/A/Frameworks/CommerceCore.framework/Versions/A/CommerceCore
0x00000000095b5000 	/System/Library/PrivateFrameworks/SystemAdministration.framework/Versions/A/SystemAdministration
0x00000000095b5000 	/System/Library/PrivateFrameworks/AppContainer.framework/Versions/A/AppContainer
0x00000000095b5000 	/System/Library/PrivateFrameworks/SecCodeWrapper.framework/Versions/A/SecCodeWrapper
0x00000000095b5000 	/System/Library/Frameworks/DirectoryService.framework/Versions/A/DirectoryService
0x00000000095b5000 	/System/Library/PrivateFrameworks/LoginUIKit.framework/Versions/A/Frameworks/LoginUICore.framework/Versions/A/LoginUICore
0x00000000095b5000 	/usr/lib/libodfde.dylib
0x000000012d088000 	/Library/Java/JavaVirtualMachines/jdk1.8.0_45.jdk/Contents/Home/jre/lib/libjavafx_font.dylib
0x00000000095b5000 	/System/Library/Frameworks/CoreGraphics.framework/Versions/A/Resources/libCGXType.A.dylib
0x000000012fcc0000 	cl_kernels
0x0000000130242000 	/System/Library/Frameworks/OpenCL.framework/Versions/A/Libraries/ImageFormats/unorm8_bgra.dylib
0x000000012fcc6000 	cl_kernels
0x0000000130a0b000 	/Library/Java/JavaVirtualMachines/jdk1.8.0_45.jdk/Contents/Home/jre/lib/libprism_common.dylib

VM Arguments:
jvm_args: -Didea.launcher.port=7545 -Didea.launcher.bin.path=/Applications/IntelliJ IDEA 14 CE.app/Contents/bin -Dfile.encoding=UTF-8 
java_command: com.intellij.rt.execution.application.AppMain sample.Main
java_class_path (initial): /Library/Java/JavaVirtualMachines/jdk1.8.0_45.jdk/Contents/Home/lib/ant-javafx.jar:/Library/Java/JavaVirtualMachines/jdk1.8.0_45.jdk/Contents/Home/lib/dt.jar:/Library/Java/JavaVirtualMachines/jdk1.8.0_45.jdk/Contents/Home/lib/javafx-mx.jar:/Library/Java/JavaVirtualMachines/jdk1.8.0_45.jdk/Contents/Home/lib/jconsole.jar:/Library/Java/JavaVirtualMachines/jdk1.8.0_45.jdk/Contents/Home/lib/packager.jar:/Library/Java/JavaVirtualMachines/jdk1.8.0_45.jdk/Contents/Home/lib/sa-jdi.jar:/Library/Java/JavaVirtualMachines/jdk1.8.0_45.jdk/Contents/Home/lib/tools.jar:/Library/Java/JavaVirtualMachines/jdk1.8.0_45.jdk/Contents/Home/jre/lib/charsets.jar:/Library/Java/JavaVirtualMachines/jdk1.8.0_45.jdk/Contents/Home/jre/lib/deploy.jar:/Library/Java/JavaVirtualMachines/jdk1.8.0_45.jdk/Contents/Home/jre/lib/javaws.jar:/Library/Java/JavaVirtualMachines/jdk1.8.0_45.jdk/Contents/Home/jre/lib/jce.jar:/Library/Java/JavaVirtualMachines/jdk1.8.0_45.jdk/Contents/Home/jre/lib/jfr.jar:/Library/Java/JavaVirtualMachines/jdk1.8.0_45.jdk/Contents/Home/jre/lib/jfxswt.jar:/Library/Java/JavaVirtualMachines/jdk1.8.0_45.jdk/Contents/Home/jre/lib/jsse.jar:/Library/Java/JavaVirtualMachines/jdk1.8.0_45.jdk/Contents/Home/jre/lib/management-agent.jar:/Library/Java/JavaVirtualMachines/jdk1.8.0_45.jdk/Contents/Home/jre/lib/plugin.jar:/Library/Java/JavaVirtualMachines/jdk1.8.0_45.jdk/Contents/Home/jre/lib/resources.jar:/Library/Java/JavaVirtualMachines/jdk1.8.0_45.jdk/Contents/Home/jre/lib/rt.jar:/Library/Java/JavaVirtualMachines/jdk1.8.0_45.jdk/Contents/Home/jre/lib/ext/cldrdata.jar:/Library/Java/JavaVirtualMachines/jdk1.8.0_45.jdk/Contents/Home/jre/lib/ext/dnsns.jar:/Library/Java/JavaVirtualMachines/jdk1.8.0_45.jdk/Contents/Home/jre/lib/ext/jfxrt.jar:/Library/Java/JavaVirtualMachines/jdk1.8.0_45.jdk/Contents/Home/jre/lib/ext/localedata.jar:/Library/Java/JavaVirtualMachines/jdk1.8.0_45.jdk/Contents/Home/jre/lib/ext/nashorn.jar:/Library/Java/JavaVirtualMachines/jdk1.8.0_45.jdk/Conten
Launcher Type: SUN_STANDARD

Environment Variables:
CLASSPATH=.:/Users/MacbookRetina/Desktop/OneDrive/Georgia Tech Classes/Fall 2015/cs 1332/hw1/junit-4.12.jar:/Users/MacbookRetina/Desktop/OneDrive/Georgia Tech Classes/Fall 2015/cs 1332/hw1/hamcrest-core-1.3.jar
PATH=/Library/Frameworks/Python.framework/Versions/2.7/bin:/usr/local/bin:/usr/bin:/bin:/usr/sbin:/sbin
SHELL=/bin/bash

Signal Handlers:
SIGSEGV: [libjvm.dylib+0x58ef95], sa_mask[0]=11111111011111110111111111111111, sa_flags=SA_ONSTACK|SA_RESTART|SA_SIGINFO
SIGBUS: [libjvm.dylib+0x58ef95], sa_mask[0]=11111111011111110111111111111111, sa_flags=SA_RESTART|SA_SIGINFO
SIGFPE: [libjvm.dylib+0x46c108], sa_mask[0]=11111111011111110111111111111111, sa_flags=SA_RESTART|SA_SIGINFO
SIGPIPE: [libjvm.dylib+0x46c108], sa_mask[0]=11111111011111110111111111111111, sa_flags=SA_RESTART|SA_SIGINFO
SIGXFSZ: [libjvm.dylib+0x46c108], sa_mask[0]=11111111011111110111111111111111, sa_flags=SA_RESTART|SA_SIGINFO
SIGILL: [libjvm.dylib+0x46c108], sa_mask[0]=11111111011111110111111111111111, sa_flags=SA_RESTART|SA_SIGINFO
SIGUSR1: SIG_DFL, sa_mask[0]=00000000000000000000000000000000, sa_flags=none
SIGUSR2: [libjvm.dylib+0x46bc26], sa_mask[0]=00100000000000000000000000000000, sa_flags=SA_RESTART|SA_SIGINFO
SIGHUP: [libjvm.dylib+0x46a1f9], sa_mask[0]=11111111011111110111111111111111, sa_flags=SA_RESTART|SA_SIGINFO
SIGINT: [libjvm.dylib+0x46a1f9], sa_mask[0]=11111111011111110111111111111111, sa_flags=SA_RESTART|SA_SIGINFO
SIGTERM: [libjvm.dylib+0x46a1f9], sa_mask[0]=11111111011111110111111111111111, sa_flags=SA_RESTART|SA_SIGINFO
SIGQUIT: [libjvm.dylib+0x46a1f9], sa_mask[0]=11111111011111110111111111111111, sa_flags=SA_RESTART|SA_SIGINFO


---------------  S Y S T E M  ---------------

OS:Bsduname:Darwin 14.5.0 Darwin Kernel Version 14.5.0: Wed Jul 29 02:26:53 PDT 2015; root:xnu-2782.40.9~1/RELEASE_X86_64 x86_64
rlimit: STACK 8192k, CORE 0k, NPROC 709, NOFILE 10240, AS infinity
load average:5.40 5.01 4.97

CPU:total 8 (4 cores per cpu, 2 threads per core) family 6 model 58 stepping 9, cmov, cx8, fxsr, mmx, sse, sse2, sse3, ssse3, sse4.1, sse4.2, popcnt, avx, aes, clmul, erms, ht, tsc, tscinvbit, tscinv

Memory: 4k page, physical 16777216k(727436k free)

/proc/meminfo:


vm_info: Java HotSpot(TM) 64-Bit Server VM (25.45-b02) for bsd-amd64 JRE (1.8.0_45-b14), built on Apr 10 2015 10:46:38 by "java_re" with gcc 4.2.1 (Based on Apple Inc. build 5658) (LLVM build 2336.11.00)

time: Thu Oct 15 14:43:43 2015
elapsed time: 123 seconds (0d 0h 2m 3s)

