#
# A fatal error has been detected by the Java Runtime Environment:
#
#  SIGSEGV (0xb) at pc=0x000000012310158d, pid=2131, tid=1811
#
# JRE version: Java(TM) SE Runtime Environment (8.0_45-b14) (build 1.8.0_45-b14)
# Java VM: Java HotSpot(TM) 64-Bit Server VM (25.45-b02 mixed mode bsd-amd64 compressed oops)
# Problematic frame:
# C  [libglass.dylib+0x1558d]  GlassScreenDidChangeScreenParameters+0x9d
#
# Failed to write core dump. Core dumps have been disabled. To enable core dumping, try "ulimit -c unlimited" before starting Java again
#
# If you would like to submit a bug report, please visit:
#   http://bugreport.java.com/bugreport/crash.jsp
#

---------------  T H R E A D  ---------------

Current thread is native thread

siginfo: si_signo: 11 (SIGSEGV), si_code: 1 (SEGV_MAPERR), si_addr: 0x0000000000000000

Registers:
RAX=0x0000000123133bc0, RBX=0x0000000000000000, RCX=0x59005a25eb2f7600, RDX=0x00007fbc6b596818
RSP=0x00007fff57546930, RBP=0x00007fff57546940, RSI=0x00007fbc6b70cd38, RDI=0x0000000000000000
R8 =0x00007fff575467e0, R9 =0x00007fff7999f300, R10=0x0000000000000000, R11=0x0000000000000246
R12=0x00007fbc6b41c7d0, R13=0x00000000000f426a, R14=0x00007fbc6b732640, R15=0x00007fff57546a80
RIP=0x000000012310158d, EFLAGS=0x0000000000010206, ERR=0x0000000000000004
  TRAPNO=0x000000000000000e

Top of Stack: (sp=0x00007fff57546930)
0x00007fff57546930:   00007fff57546b10 00007fbc6b732640
0x00007fff57546940:   00007fff57546950 00007fff8d4cb45c
0x00007fff57546950:   00007fff57546cb0 00007fff8d3bb634
0x00007fff57546960:   00007fff575469b0 0000000000001400
0x00007fff57546970:   00007fff796a3ed0 00007fbc6b599ce0
0x00007fff57546980:   0000000000001002 0000000000000ba0
0x00007fff57546990:   00007fbc6b599ce0 00007fbc6b732640
0x00007fff575469a0:   0000000000000000 00007fff57546a80
0x00007fff575469b0:   0000000000000000 00007fbc6b732600
0x00007fff575469c0:   00007fff57546b00 000000000000007c
0x00007fff575469d0:   00000000000f47ea 00007fbc6df47740
0x00007fff575469e0:   00007fbc6b471ae0 00007fbc6b41c7d0
0x00007fff575469f0:   0000000000000001 00000000000f426a
0x00007fff57546a00:   00007fbc6b41c7c0 00007fff8e5efb90
0x00007fff57546a10:   0000000000000001 0000000000000001
0x00007fff57546a20:   0000000000000030 0000000000000001
0x00007fff57546a30:   00007fff57546a50 00007fff8e5f0546
0x00007fff57546a40:   00007fff796a1fb0 0000000000000000
0x00007fff57546a50:   00007fff57546a70 000000000000000c
0x00007fff57546a60:   0023f90370003400 00007fbc6b41c7f4
0x00007fff57546a70:   0000000000000000 00007fff8d3b110f
0x00007fff57546a80:   00007fbc6b732640 00007fff796a1fb0
0x00007fff57546a90:   00007fff57546b10 00007fff8d3b9c3f
0x00007fff57546aa0:   00007fff57546b14 00000000005ba901
0x00007fff57546ab0:   00000001086d4a00 0000000000000002
0x00007fff57546ac0:   00000001086d1000 00007fbc6db34ec2
0x00007fff57546ad0:   0000000000000003 00000001086d5e00
0x00007fff57546ae0:   00007fff57546bd0 00007fff8e5ecb36
0x00007fff57546af0:   00007fbc6b471670 00007fff57546cb8
0x00007fff57546b00:   0000000000000017 0000000000000000
0x00007fff57546b10:   00000000000f426a 00007fff8d3b1403
0x00007fff57546b20:   00007fff00000000 00007fbc6b477c40 

Instructions: (pc=0x000000012310158d)
0x000000012310156d:   89 df 4c 89 f1 41 ff 90 68 04 00 00 48 8d 05 48
0x000000012310157d:   25 03 00 48 8b 30 48 8d 05 36 26 03 00 48 8b 10
0x000000012310158d:   48 8b 0b 30 c0 48 89 df ff 91 68 04 00 00 48 8b
0x000000012310159d:   03 48 89 df ff 50 78 48 85 c0 74 36 49 89 c6 48 

Register to memory mapping:

RAX=0x0000000123133bc0: jScreenNotifySettingsChanged+0 in /Library/Java/JavaVirtualMachines/jdk1.8.0_45.jdk/Contents/Home/jre/lib/libglass.dylib at 0x00000001230ec000
RBX=0x0000000000000000 is an unknown value
RCX=0x59005a25eb2f7600 is an unknown value
RDX=0x00007fbc6b596818 is an unknown value
RSP=0x00007fff57546930 is an unknown value
RBP=0x00007fff57546940 is an unknown value
RSI=0x00007fbc6b70cd38 is a global jni handle
RDI=0x0000000000000000 is an unknown value
R8 =0x00007fff575467e0 is an unknown value
R9 =0x00007fff7999f300: _thread+0 in /usr/lib/system/libsystem_pthread.dylib at 0x00007fff8e923000
R10=0x0000000000000000 is an unknown value
R11=0x0000000000000246 is an unknown value
R12=0x00007fbc6b41c7d0 is an unknown value
R13=0x00000000000f426a is an unknown value
R14=0x00007fbc6b732640 is an unknown value
R15=0x00007fff57546a80 is an unknown value


Stack: [0x00007fff56d4a000,0x00007fff5754a000],  sp=0x00007fff57546930,  free space=8178k
Native frames: (J=compiled Java code, j=interpreted, Vv=VM code, C=native code)
C  [libglass.dylib+0x1558d]  GlassScreenDidChangeScreenParameters+0x9d
C  [CoreFoundation+0x12045c]  __CFNOTIFICATIONCENTER_IS_CALLING_OUT_TO_AN_OBSERVER__+0xc
C  [CoreFoundation+0x10634]  _CFXNotificationPost+0xc44
C  [Foundation+0x7aa1]  -[NSNotificationCenter postNotificationName:object:userInfo:]+0x42
C  [AppKit+0x40de7e]  -[NSApplication _reactToScreenInvalidationImmediately:]+0x17b
C  [AppKit+0x40dcc7]  __44-[NSApplication _reactToScreenInvalidation:]_block_invoke+0x4b
C  [CoreFoundation+0x808ec]  __CFRUNLOOP_IS_CALLING_OUT_TO_A_BLOCK__+0xc
C  [CoreFoundation+0x729f5]  __CFRunLoopDoBlocks+0x155
C  [CoreFoundation+0x72536]  __CFRunLoopRun+0x716
C  [CoreFoundation+0x71bd8]  CFRunLoopRunSpecific+0x128
C  [java+0x6490]  CreateExecutionEnvironment+0x367
C  [java+0x221c]  JLI_Launch+0x7a0
C  [java+0x84ed]  main+0x65
C  [java+0x1a74]  start+0x34


---------------  P R O C E S S  ---------------

VM state:not at safepoint (normal execution)

VM Mutex/Monitor currently owned by a thread: None

Heap:
 PSYoungGen      total 145920K, used 81096K [0x0000000795580000, 0x00000007a1a80000, 0x00000007c0000000)
  eden space 103424K, 37% used [0x0000000795580000,0x0000000797bb9100,0x000000079ba80000)
  from space 42496K, 98% used [0x000000079be00000,0x000000079e6f92a0,0x000000079e780000)
  to   space 49152K, 0% used [0x000000079ea80000,0x000000079ea80000,0x00000007a1a80000)
 ParOldGen       total 178176K, used 124157K [0x0000000740000000, 0x000000074ae00000, 0x0000000795580000)
  object space 178176K, 69% used [0x0000000740000000,0x000000074793f760,0x000000074ae00000)
 Metaspace       used 19494K, capacity 20536K, committed 20864K, reserved 1067008K
  class space    used 2579K, capacity 2847K, committed 2944K, reserved 1048576K

Card table byte_map: [0x00000001194c3000,0x00000001198c4000] byte_map_base: 0x0000000115ac3000

Marking Bits: (ParMarkBitMap*) 0x00000001090777a0
 Begin Bits: [0x0000000119f7b000, 0x000000011bf7b000)
 End Bits:   [0x000000011bf7b000, 0x000000011df7b000)

Polling page: 0x0000000109778000

CodeCache: size=245760Kb used=14816Kb max_used=14816Kb free=230943Kb
 bounds [0x000000010a103000, 0x000000010af93000, 0x0000000119103000]
 total_blobs=5024 nmethods=4358 adapters=577
 compilation: enabled

Compilation events (10 events):
Event: 285.612 Thread 0x00007fbc6d02d000 4956       3       java.util.TaskQueue::rescheduleMin (16 bytes)
Event: 285.612 Thread 0x00007fbc6d02d000 nmethod 4956 0x000000010af8a310 code [0x000000010af8a480, 0x000000010af8a648]
Event: 285.612 Thread 0x00007fbc6d02d000 4957       3       java.util.TaskQueue::fixDown (108 bytes)
Event: 285.613 Thread 0x00007fbc6d02d000 nmethod 4957 0x000000010af8a790 code [0x000000010af8a940, 0x000000010af8af90]
Event: 285.613 Thread 0x00007fbc6d02d000 4958       3       sample.MapController$1$$Lambda$252/584888212::get$Lambda (9 bytes)
Event: 285.613 Thread 0x00007fbc6d02d000 nmethod 4958 0x000000010af8b2d0 code [0x000000010af8b440, 0x000000010af8b690]
Event: 413.610 Thread 0x00007fbc6d02d000 4959       3       sample.MapController$1::run (10 bytes)
Event: 413.611 Thread 0x00007fbc6d02d000 nmethod 4959 0x000000010af8b790 code [0x000000010af8b960, 0x000000010af8bf68]
Event: 669.599 Thread 0x00007fbc6d02d000 4960       1       java.util.TaskQueue::getMin (7 bytes)
Event: 669.599 Thread 0x00007fbc6d02d000 nmethod 4960 0x000000010af8c290 code [0x000000010af8c3e0, 0x000000010af8c510]

GC Heap History (10 events):
Event: 35.130 GC heap before
{Heap before GC invocations=7 (full 1):
 PSYoungGen      total 38400K, used 31492K [0x0000000795580000, 0x000000079d080000, 0x00000007c0000000)
  eden space 33280K, 94% used [0x0000000795580000,0x00000007974413c8,0x0000000797600000)
  from space 5120K, 0% used [0x0000000797600000,0x0000000797600000,0x0000000797b00000)
  to   space 29696K, 0% used [0x000000079b380000,0x000000079b380000,0x000000079d080000)
 ParOldGen       total 119808K, used 45130K [0x0000000740000000, 0x0000000747500000, 0x0000000795580000)
  object space 119808K, 37% used [0x0000000740000000,0x0000000742c129e0,0x0000000747500000)
 Metaspace       used 18703K, capacity 19670K, committed 19840K, reserved 1067008K
  class space    used 2560K, capacity 2822K, committed 2944K, reserved 1048576K
Event: 35.143 GC heap after
Heap after GC invocations=7 (full 1):
 PSYoungGen      total 91648K, used 22185K [0x0000000795580000, 0x000000079d100000, 0x00000007c0000000)
  eden space 61952K, 0% used [0x0000000795580000,0x0000000795580000,0x0000000799200000)
  from space 29696K, 74% used [0x000000079b380000,0x000000079c92a5e8,0x000000079d080000)
  to   space 32256K, 0% used [0x0000000799200000,0x0000000799200000,0x000000079b180000)
 ParOldGen       total 119808K, used 45138K [0x0000000740000000, 0x0000000747500000, 0x0000000795580000)
  object space 119808K, 37% used [0x0000000740000000,0x0000000742c149e0,0x0000000747500000)
 Metaspace       used 18703K, capacity 19670K, committed 19840K, reserved 1067008K
  class space    used 2560K, capacity 2822K, committed 2944K, reserved 1048576K
}
Event: 62.768 GC heap before
{Heap before GC invocations=8 (full 1):
 PSYoungGen      total 91648K, used 72265K [0x0000000795580000, 0x000000079d100000, 0x00000007c0000000)
  eden space 61952K, 80% used [0x0000000795580000,0x0000000798668090,0x0000000799200000)
  from space 29696K, 74% used [0x000000079b380000,0x000000079c92a5e8,0x000000079d080000)
  to   space 32256K, 0% used [0x0000000799200000,0x0000000799200000,0x000000079b180000)
 ParOldGen       total 119808K, used 45138K [0x0000000740000000, 0x0000000747500000, 0x0000000795580000)
  object space 119808K, 37% used [0x0000000740000000,0x0000000742c149e0,0x0000000747500000)
 Metaspace       used 18998K, capacity 20008K, committed 20352K, reserved 1067008K
  class space    used 2563K, capacity 2823K, committed 2944K, reserved 1048576K
Event: 62.816 GC heap after
Heap after GC invocations=8 (full 1):
 PSYoungGen      total 94208K, used 27905K [0x0000000795580000, 0x00000007a0b00000, 0x00000007c0000000)
  eden space 61952K, 0% used [0x0000000795580000,0x0000000795580000,0x0000000799200000)
  from space 32256K, 86% used [0x0000000799200000,0x000000079ad40418,0x000000079b180000)
  to   space 36352K, 0% used [0x000000079e780000,0x000000079e780000,0x00000007a0b00000)
 ParOldGen       total 119808K, used 57627K [0x0000000740000000, 0x0000000747500000, 0x0000000795580000)
  object space 119808K, 48% used [0x0000000740000000,0x0000000743846cf0,0x0000000747500000)
 Metaspace       used 18998K, capacity 20008K, committed 20352K, reserved 1067008K
  class space    used 2563K, capacity 2823K, committed 2944K, reserved 1048576K
}
Event: 85.719 GC heap before
{Heap before GC invocations=9 (full 1):
 PSYoungGen      total 94208K, used 89857K [0x0000000795580000, 0x00000007a0b00000, 0x00000007c0000000)
  eden space 61952K, 100% used [0x0000000795580000,0x0000000799200000,0x0000000799200000)
  from space 32256K, 86% used [0x0000000799200000,0x000000079ad40418,0x000000079b180000)
  to   space 36352K, 0% used [0x000000079e780000,0x000000079e780000,0x00000007a0b00000)
 ParOldGen       total 119808K, used 57627K [0x0000000740000000, 0x0000000747500000, 0x0000000795580000)
  object space 119808K, 48% used [0x0000000740000000,0x0000000743846cf0,0x0000000747500000)
 Metaspace       used 19160K, capacity 20148K, committed 20352K, reserved 1067008K
  class space    used 2570K, capacity 2835K, committed 2944K, reserved 1048576K
Event: 85.758 GC heap after
Heap after GC invocations=9 (full 1):
 PSYoungGen      total 143360K, used 35625K [0x0000000795580000, 0x00000007a1480000, 0x00000007c0000000)
  eden space 107008K, 0% used [0x0000000795580000,0x0000000795580000,0x000000079be00000)
  from space 36352K, 98% used [0x000000079e780000,0x00000007a0a4a508,0x00000007a0b00000)
  to   space 42496K, 0% used [0x000000079be00000,0x000000079be00000,0x000000079e780000)
 ParOldGen       total 119808K, used 79611K [0x0000000740000000, 0x0000000747500000, 0x0000000795580000)
  object space 119808K, 66% used [0x0000000740000000,0x0000000744dbecb8,0x0000000747500000)
 Metaspace       used 19160K, capacity 20148K, committed 20352K, reserved 1067008K
  class space    used 2570K, capacity 2835K, committed 2944K, reserved 1048576K
}
Event: 85.758 GC heap before
{Heap before GC invocations=10 (full 2):
 PSYoungGen      total 143360K, used 35625K [0x0000000795580000, 0x00000007a1480000, 0x00000007c0000000)
  eden space 107008K, 0% used [0x0000000795580000,0x0000000795580000,0x000000079be00000)
  from space 36352K, 98% used [0x000000079e780000,0x00000007a0a4a508,0x00000007a0b00000)
  to   space 42496K, 0% used [0x000000079be00000,0x000000079be00000,0x000000079e780000)
 ParOldGen       total 119808K, used 79611K [0x0000000740000000, 0x0000000747500000, 0x0000000795580000)
  object space 119808K, 66% used [0x0000000740000000,0x0000000744dbecb8,0x0000000747500000)
 Metaspace       used 19160K, capacity 20148K, committed 20352K, reserved 1067008K
  class space    used 2570K, capacity 2835K, committed 2944K, reserved 1048576K
Event: 85.799 GC heap after
Heap after GC invocations=10 (full 2):
 PSYoungGen      total 143360K, used 0K [0x0000000795580000, 0x00000007a1480000, 0x00000007c0000000)
  eden space 107008K, 0% used [0x0000000795580000,0x0000000795580000,0x000000079be00000)
  from space 36352K, 0% used [0x000000079e780000,0x000000079e780000,0x00000007a0b00000)
  to   space 42496K, 0% used [0x000000079be00000,0x000000079be00000,0x000000079e780000)
 ParOldGen       total 178176K, used 100224K [0x0000000740000000, 0x000000074ae00000, 0x0000000795580000)
  object space 178176K, 56% used [0x0000000740000000,0x00000007461e0348,0x000000074ae00000)
 Metaspace       used 19160K, capacity 20148K, committed 20352K, reserved 1067008K
  class space    used 2570K, capacity 2835K, committed 2944K, reserved 1048576K
}
Event: 118.073 GC heap before
{Heap before GC invocations=11 (full 2):
 PSYoungGen      total 143360K, used 97727K [0x0000000795580000, 0x00000007a1480000, 0x00000007c0000000)
  eden space 107008K, 91% used [0x0000000795580000,0x000000079b4efcc8,0x000000079be00000)
  from space 36352K, 0% used [0x000000079e780000,0x000000079e780000,0x00000007a0b00000)
  to   space 42496K, 0% used [0x000000079be00000,0x000000079be00000,0x000000079e780000)
 ParOldGen       total 178176K, used 100224K [0x0000000740000000, 0x000000074ae00000, 0x0000000795580000)
  object space 178176K, 56% used [0x0000000740000000,0x00000007461e0348,0x000000074ae00000)
 Metaspace       used 19370K, capacity 20370K, committed 20608K, reserved 1067008K
  class space    used 2575K, capacity 2840K, committed 2944K, reserved 1048576K
Event: 118.117 GC heap after
Heap after GC invocations=11 (full 2):
 PSYoungGen      total 145920K, used 41956K [0x0000000795580000, 0x00000007a1a80000, 0x00000007c0000000)
  eden space 103424K, 0% used [0x0000000795580000,0x0000000795580000,0x000000079ba80000)
  from space 42496K, 98% used [0x000000079be00000,0x000000079e6f92a0,0x000000079e780000)
  to   space 49152K, 0% used [0x000000079ea80000,0x000000079ea80000,0x00000007a1a80000)
 ParOldGen       total 178176K, used 124157K [0x0000000740000000, 0x000000074ae00000, 0x0000000795580000)
  object space 178176K, 69% used [0x0000000740000000,0x000000074793f760,0x000000074ae00000)
 Metaspace       used 19370K, capacity 20370K, committed 20608K, reserved 1067008K
  class space    used 2575K, capacity 2840K, committed 2944K, reserved 1048576K
}

Deoptimization events (10 events):
Event: 32.004 Thread 0x00007fbc6b8fc000 Uncommon trap: reason=null_check action=make_not_entrant pc=0x000000010ab55720 method=com.sun.prism.impl.BaseResourcePool$WeakLinkedList.getResource()Lcom/sun/prism/impl/ManagedResource; @ 7
Event: 32.004 Thread 0x00007fbc6b8fc000 Uncommon trap: reason=unstable_if action=reinterpret pc=0x000000010ab659c0 method=com.sun.prism.impl.ManagedResource._isgone(Lcom/sun/prism/impl/ManagedResource;)Z @ 1
Event: 36.416 Thread 0x00007fbc6b94b800 Uncommon trap: reason=unstable_if action=reinterpret pc=0x000000010a7653b8 method=com.sun.javafx.css.StyleManager$CacheContainer.getStyleMap(I)Lcom/sun/javafx/css/StyleMap; @ 22
Event: 36.418 Thread 0x00007fbc6b94b800 Uncommon trap: reason=class_check action=maybe_recompile pc=0x000000010a5ea1e0 method=javafx.scene.CssStyleHelper.lookup(Ljavafx/css/Styleable;Ljavafx/css/CssMetaData;Lcom/sun/javafx/css/StyleMap;Ljava/util/Set;Ljavafx/css/Styleable;Lcom/sun/javafx/css/Ca
Event: 37.006 Thread 0x00007fbc6b8fc000 Uncommon trap: reason=unstable_if action=reinterpret pc=0x000000010ab7b898 method=com.sun.javafx.sg.prism.NGGroup.clearDirty()V @ 8
Event: 62.820 Thread 0x00007fbc6d213800 Uncommon trap: reason=unstable_if action=reinterpret pc=0x000000010ac4e160 method=java.util.concurrent.ConcurrentHashMap.get(Ljava/lang/Object;)Ljava/lang/Object; @ 138
Event: 145.141 Thread 0x00007fbc6b94b800 Uncommon trap: reason=unstable_if action=reinterpret pc=0x000000010af6a908 method=com.sun.glass.ui.TouchInputSupport.notifyBeginTouchEvent(Lcom/sun/glass/ui/View;IZI)V @ 197
Event: 145.141 Thread 0x00007fbc6b94b800 Uncommon trap: reason=null_check action=make_not_entrant pc=0x000000010aee5168 method=com.sun.glass.ui.mac.MacTouchInputSupport.notifyNextTouchEvent(Lcom/sun/glass/ui/View;IJIIII)V @ 57
Event: 145.141 Thread 0x00007fbc6b94b800 Uncommon trap: reason=unstable_if action=reinterpret pc=0x000000010af73eec method=com.sun.glass.ui.TouchInputSupport.notifyBeginTouchEvent(Lcom/sun/glass/ui/View;IZI)V @ 4
Event: 146.185 Thread 0x00007fbc6b94b800 Uncommon trap: reason=unstable_if action=reinterpret pc=0x000000010adef6e4 method=java.util.concurrent.locks.ReentrantLock$Sync.tryRelease(I)Z @ 28

Internal exceptions (10 events):
Event: 119.976 Thread 0x00007fbc6b94b800 Exception <a 'java/io/FileNotFoundException'> (0x0000000796d00b50) thrown at [/Users/java_re/workspace/8-2-build-macosx-x86_64/jdk8u45/3457/hotspot/src/share/vm/prims/jni.cpp, line 709]
Event: 119.977 Thread 0x00007fbc6b94b800 Exception <a 'java/io/FileNotFoundException'> (0x0000000796d0cb18) thrown at [/Users/java_re/workspace/8-2-build-macosx-x86_64/jdk8u45/3457/hotspot/src/share/vm/prims/jni.cpp, line 709]
Event: 119.979 Thread 0x00007fbc6b94b800 Exception <a 'java/io/FileNotFoundException'> (0x0000000796d19ac0) thrown at [/Users/java_re/workspace/8-2-build-macosx-x86_64/jdk8u45/3457/hotspot/src/share/vm/prims/jni.cpp, line 709]
Event: 119.982 Thread 0x00007fbc6b94b800 Exception <a 'java/io/FileNotFoundException'> (0x0000000796e012f0) thrown at [/Users/java_re/workspace/8-2-build-macosx-x86_64/jdk8u45/3457/hotspot/src/share/vm/prims/jni.cpp, line 709]
Event: 121.422 Thread 0x00007fbc6b94b800 Exception <a 'java/io/FileNotFoundException'> (0x0000000797346898) thrown at [/Users/java_re/workspace/8-2-build-macosx-x86_64/jdk8u45/3457/hotspot/src/share/vm/prims/jni.cpp, line 709]
Event: 121.441 Thread 0x00007fbc6b94b800 Exception <a 'java/io/FileNotFoundException'> (0x00000007976c7cf0) thrown at [/Users/java_re/workspace/8-2-build-macosx-x86_64/jdk8u45/3457/hotspot/src/share/vm/prims/jni.cpp, line 709]
Event: 121.443 Thread 0x00007fbc6b94b800 Exception <a 'java/io/FileNotFoundException'> (0x00000007976e2a30) thrown at [/Users/java_re/workspace/8-2-build-macosx-x86_64/jdk8u45/3457/hotspot/src/share/vm/prims/jni.cpp, line 709]
Event: 121.444 Thread 0x00007fbc6b94b800 Exception <a 'java/io/FileNotFoundException'> (0x00000007976eff58) thrown at [/Users/java_re/workspace/8-2-build-macosx-x86_64/jdk8u45/3457/hotspot/src/share/vm/prims/jni.cpp, line 709]
Event: 145.141 Thread 0x00007fbc6b94b800 Implicit null exception at 0x000000010af69417 to 0x000000010af6a8e5
Event: 145.141 Thread 0x00007fbc6b94b800 Implicit null exception at 0x000000010aee468c to 0x000000010aee514d

Events (10 events):
Event: 146.185 Thread 0x00007fbc6b94b800 Uncommon trap: trap_request=0xffffff65 fr.pc=0x000000010adef6e4
Event: 146.185 Thread 0x00007fbc6b94b800 DEOPT PACKING pc=0x000000010adef6e4 sp=0x00007fff57543560
Event: 146.185 Thread 0x00007fbc6b94b800 DEOPT UNPACKING pc=0x000000010a108229 sp=0x00007fff57543508 mode 2
Event: 146.185 loading class com/sun/javafx/tk/quantum/QuantumToolkit
Event: 146.185 loading class com/sun/javafx/tk/quantum/QuantumToolkit done
Event: 146.185 Thread 0x00007fbc6b8fc000 Thread exited: 0x00007fbc6b8fc000
Event: 146.185 Thread 0x00007fbc6d0c7800 Thread exited: 0x00007fbc6d0c7800
Event: 146.186 Thread 0x00007fbc6b94b800 Thread exited: 0x00007fbc6b94b800
Event: 146.186 Thread 0x00007fbc6c809000 Thread exited: 0x00007fbc6c809000
Event: 146.186 Thread 0x00007fbc70096800 Thread added: 0x00007fbc70096800


Dynamic libraries:
0x0000000008a98000 	/System/Library/Frameworks/Cocoa.framework/Versions/A/Cocoa
0x0000000008a98000 	/System/Library/Frameworks/Security.framework/Versions/A/Security
0x0000000008a98000 	/System/Library/Frameworks/ApplicationServices.framework/Versions/A/ApplicationServices
0x0000000008a98000 	/usr/lib/libz.1.dylib
0x0000000008a98000 	/usr/lib/libSystem.B.dylib
0x0000000008a98000 	/usr/lib/libobjc.A.dylib
0x0000000008a98000 	/System/Library/Frameworks/CoreFoundation.framework/Versions/A/CoreFoundation
0x0000000008a98000 	/System/Library/Frameworks/Foundation.framework/Versions/C/Foundation
0x0000000008a98000 	/System/Library/Frameworks/AppKit.framework/Versions/C/AppKit
0x0000000008a98000 	/System/Library/Frameworks/CoreData.framework/Versions/A/CoreData
0x0000000008a98000 	/System/Library/PrivateFrameworks/RemoteViewServices.framework/Versions/A/RemoteViewServices
0x0000000008a98000 	/System/Library/PrivateFrameworks/UIFoundation.framework/Versions/A/UIFoundation
0x0000000008a98000 	/System/Library/Frameworks/IOSurface.framework/Versions/A/IOSurface
0x0000000008a98000 	/System/Library/Frameworks/AudioToolbox.framework/Versions/A/AudioToolbox
0x0000000008a98000 	/System/Library/Frameworks/AudioUnit.framework/Versions/A/AudioUnit
0x0000000008a98000 	/System/Library/PrivateFrameworks/DataDetectorsCore.framework/Versions/A/DataDetectorsCore
0x0000000008a98000 	/System/Library/PrivateFrameworks/DesktopServicesPriv.framework/Versions/A/DesktopServicesPriv
0x0000000008a98000 	/System/Library/Frameworks/Carbon.framework/Versions/A/Frameworks/HIToolbox.framework/Versions/A/HIToolbox
0x0000000008a98000 	/System/Library/Frameworks/QuartzCore.framework/Versions/A/QuartzCore
0x0000000008a98000 	/System/Library/Frameworks/Carbon.framework/Versions/A/Frameworks/SpeechRecognition.framework/Versions/A/SpeechRecognition
0x0000000008a98000 	/usr/lib/libauto.dylib
0x0000000008a98000 	/usr/lib/libicucore.A.dylib
0x0000000008a98000 	/usr/lib/libxml2.2.dylib
0x0000000008a98000 	/System/Library/PrivateFrameworks/CoreUI.framework/Versions/A/CoreUI
0x0000000008a98000 	/System/Library/Frameworks/CoreAudio.framework/Versions/A/CoreAudio
0x0000000008a98000 	/System/Library/Frameworks/DiskArbitration.framework/Versions/A/DiskArbitration
0x0000000008a98000 	/usr/lib/liblangid.dylib
0x0000000008a98000 	/System/Library/PrivateFrameworks/MultitouchSupport.framework/Versions/A/MultitouchSupport
0x0000000008a98000 	/System/Library/Frameworks/IOKit.framework/Versions/A/IOKit
0x0000000008a98000 	/usr/lib/libDiagnosticMessagesClient.dylib
0x0000000008a98000 	/System/Library/Frameworks/CoreServices.framework/Versions/A/CoreServices
0x0000000008a98000 	/System/Library/PrivateFrameworks/PerformanceAnalysis.framework/Versions/A/PerformanceAnalysis
0x0000000008a98000 	/System/Library/PrivateFrameworks/GenerationalStorage.framework/Versions/A/GenerationalStorage
0x0000000008a98000 	/System/Library/Frameworks/OpenGL.framework/Versions/A/OpenGL
0x0000000008a98000 	/System/Library/PrivateFrameworks/Sharing.framework/Versions/A/Sharing
0x0000000008a98000 	/System/Library/Frameworks/CoreGraphics.framework/Versions/A/CoreGraphics
0x0000000008a98000 	/System/Library/Frameworks/CoreText.framework/Versions/A/CoreText
0x0000000008a98000 	/System/Library/Frameworks/ImageIO.framework/Versions/A/ImageIO
0x0000000008a98000 	/usr/lib/libextension.dylib
0x0000000008a98000 	/System/Library/PrivateFrameworks/Backup.framework/Versions/A/Backup
0x0000000008a98000 	/usr/lib/libarchive.2.dylib
0x0000000008a98000 	/System/Library/Frameworks/CFNetwork.framework/Versions/A/CFNetwork
0x0000000008a98000 	/System/Library/Frameworks/SystemConfiguration.framework/Versions/A/SystemConfiguration
0x0000000008a98000 	/usr/lib/libCRFSuite.dylib
0x0000000008a98000 	/usr/lib/libc++.1.dylib
0x0000000008a98000 	/usr/lib/libc++abi.dylib
0x0000000008a98000 	/usr/lib/system/libcache.dylib
0x0000000008a98000 	/usr/lib/system/libcommonCrypto.dylib
0x0000000008a98000 	/usr/lib/system/libcompiler_rt.dylib
0x0000000008a98000 	/usr/lib/system/libcopyfile.dylib
0x0000000008a98000 	/usr/lib/system/libcorecrypto.dylib
0x0000000008a98000 	/usr/lib/system/libdispatch.dylib
0x0000000008a98000 	/usr/lib/system/libdyld.dylib
0x0000000008a98000 	/usr/lib/system/libkeymgr.dylib
0x0000000008a98000 	/usr/lib/system/liblaunch.dylib
0x0000000008a98000 	/usr/lib/system/libmacho.dylib
0x0000000008a98000 	/usr/lib/system/libquarantine.dylib
0x0000000008a98000 	/usr/lib/system/libremovefile.dylib
0x0000000008a98000 	/usr/lib/system/libsystem_asl.dylib
0x0000000008a98000 	/usr/lib/system/libsystem_blocks.dylib
0x0000000008a98000 	/usr/lib/system/libsystem_c.dylib
0x0000000008a98000 	/usr/lib/system/libsystem_configuration.dylib
0x0000000008a98000 	/usr/lib/system/libsystem_coreservices.dylib
0x0000000008a98000 	/usr/lib/system/libsystem_coretls.dylib
0x0000000008a98000 	/usr/lib/system/libsystem_dnssd.dylib
0x0000000008a98000 	/usr/lib/system/libsystem_info.dylib
0x0000000008a98000 	/usr/lib/system/libsystem_kernel.dylib
0x0000000008a98000 	/usr/lib/system/libsystem_m.dylib
0x0000000008a98000 	/usr/lib/system/libsystem_malloc.dylib
0x0000000008a98000 	/usr/lib/system/libsystem_network.dylib
0x0000000008a98000 	/usr/lib/system/libsystem_networkextension.dylib
0x0000000008a98000 	/usr/lib/system/libsystem_notify.dylib
0x0000000008a98000 	/usr/lib/system/libsystem_platform.dylib
0x0000000008a98000 	/usr/lib/system/libsystem_pthread.dylib
0x0000000008a98000 	/usr/lib/system/libsystem_sandbox.dylib
0x0000000008a98000 	/usr/lib/system/libsystem_secinit.dylib
0x0000000008a98000 	/usr/lib/system/libsystem_stats.dylib
0x0000000008a98000 	/usr/lib/system/libsystem_trace.dylib
0x0000000008a98000 	/usr/lib/system/libunc.dylib
0x0000000008a98000 	/usr/lib/system/libunwind.dylib
0x0000000008a98000 	/usr/lib/system/libxpc.dylib
0x0000000008a98000 	/usr/lib/libbz2.1.0.dylib
0x0000000008a98000 	/usr/lib/liblzma.5.dylib
0x0000000008a98000 	/usr/lib/libbsm.0.dylib
0x0000000008a98000 	/usr/lib/libsqlite3.dylib
0x0000000008a98000 	/usr/lib/system/libkxld.dylib
0x0000000008a98000 	/usr/lib/libxar.1.dylib
0x0000000008a98000 	/usr/lib/libpam.2.dylib
0x0000000008a98000 	/usr/lib/libOpenScriptingUtil.dylib
0x0000000008a98000 	/System/Library/Frameworks/CoreServices.framework/Versions/A/Frameworks/FSEvents.framework/Versions/A/FSEvents
0x0000000008a98000 	/System/Library/Frameworks/CoreServices.framework/Versions/A/Frameworks/CarbonCore.framework/Versions/A/CarbonCore
0x0000000008a98000 	/System/Library/Frameworks/CoreServices.framework/Versions/A/Frameworks/Metadata.framework/Versions/A/Metadata
0x0000000008a98000 	/System/Library/Frameworks/CoreServices.framework/Versions/A/Frameworks/OSServices.framework/Versions/A/OSServices
0x0000000008a98000 	/System/Library/Frameworks/CoreServices.framework/Versions/A/Frameworks/SearchKit.framework/Versions/A/SearchKit
0x0000000008a98000 	/System/Library/Frameworks/CoreServices.framework/Versions/A/Frameworks/AE.framework/Versions/A/AE
0x0000000008a98000 	/System/Library/Frameworks/CoreServices.framework/Versions/A/Frameworks/LaunchServices.framework/Versions/A/LaunchServices
0x0000000008a98000 	/System/Library/Frameworks/CoreServices.framework/Versions/A/Frameworks/DictionaryServices.framework/Versions/A/DictionaryServices
0x0000000008a98000 	/System/Library/Frameworks/NetFS.framework/Versions/A/NetFS
0x0000000008a98000 	/System/Library/PrivateFrameworks/NetAuth.framework/Versions/A/NetAuth
0x0000000008a98000 	/System/Library/PrivateFrameworks/login.framework/Versions/A/Frameworks/loginsupport.framework/Versions/A/loginsupport
0x0000000008a98000 	/System/Library/PrivateFrameworks/TCC.framework/Versions/A/TCC
0x0000000008a98000 	/usr/lib/libmecabra.dylib
0x0000000008a98000 	/System/Library/Frameworks/ApplicationServices.framework/Versions/A/Frameworks/ATS.framework/Versions/A/ATS
0x0000000008a98000 	/System/Library/Frameworks/ApplicationServices.framework/Versions/A/Frameworks/ColorSync.framework/Versions/A/ColorSync
0x0000000008a98000 	/System/Library/Frameworks/ApplicationServices.framework/Versions/A/Frameworks/HIServices.framework/Versions/A/HIServices
0x0000000008a98000 	/System/Library/Frameworks/ApplicationServices.framework/Versions/A/Frameworks/LangAnalysis.framework/Versions/A/LangAnalysis
0x0000000008a98000 	/System/Library/Frameworks/ApplicationServices.framework/Versions/A/Frameworks/PrintCore.framework/Versions/A/PrintCore
0x0000000008a98000 	/System/Library/Frameworks/ApplicationServices.framework/Versions/A/Frameworks/QD.framework/Versions/A/QD
0x0000000008a98000 	/System/Library/Frameworks/ApplicationServices.framework/Versions/A/Frameworks/SpeechSynthesis.framework/Versions/A/SpeechSynthesis
0x0000000008a98000 	/System/Library/Frameworks/Accelerate.framework/Versions/A/Accelerate
0x0000000008a98000 	/System/Library/Frameworks/Accelerate.framework/Versions/A/Frameworks/vImage.framework/Versions/A/vImage
0x0000000008a98000 	/System/Library/Frameworks/Accelerate.framework/Versions/A/Frameworks/vecLib.framework/Versions/A/vecLib
0x0000000008a98000 	/System/Library/Frameworks/Accelerate.framework/Versions/A/Frameworks/vecLib.framework/Versions/A/libvDSP.dylib
0x0000000008a98000 	/System/Library/Frameworks/Accelerate.framework/Versions/A/Frameworks/vecLib.framework/Versions/A/libvMisc.dylib
0x0000000008a98000 	/System/Library/Frameworks/Accelerate.framework/Versions/A/Frameworks/vecLib.framework/Versions/A/libLAPACK.dylib
0x0000000008a98000 	/System/Library/Frameworks/Accelerate.framework/Versions/A/Frameworks/vecLib.framework/Versions/A/libBLAS.dylib
0x0000000008a98000 	/System/Library/Frameworks/Accelerate.framework/Versions/A/Frameworks/vecLib.framework/Versions/A/libLinearAlgebra.dylib
0x0000000008a98000 	/System/Library/Frameworks/ApplicationServices.framework/Versions/A/Frameworks/ATS.framework/Versions/A/Resources/libFontParser.dylib
0x0000000008a98000 	/System/Library/Frameworks/ApplicationServices.framework/Versions/A/Frameworks/ATS.framework/Versions/A/Resources/libFontRegistry.dylib
0x0000000008a98000 	/System/Library/PrivateFrameworks/AppleVPA.framework/Versions/A/AppleVPA
0x0000000008a98000 	/System/Library/PrivateFrameworks/AppleJPEG.framework/Versions/A/AppleJPEG
0x0000000008a98000 	/System/Library/Frameworks/ImageIO.framework/Versions/A/Resources/libJPEG.dylib
0x0000000008a98000 	/System/Library/Frameworks/ImageIO.framework/Versions/A/Resources/libTIFF.dylib
0x0000000008a98000 	/System/Library/Frameworks/ImageIO.framework/Versions/A/Resources/libPng.dylib
0x0000000008a98000 	/System/Library/Frameworks/ImageIO.framework/Versions/A/Resources/libGIF.dylib
0x0000000008a98000 	/System/Library/Frameworks/ImageIO.framework/Versions/A/Resources/libJP2.dylib
0x0000000008a98000 	/System/Library/Frameworks/ImageIO.framework/Versions/A/Resources/libRadiance.dylib
0x0000000008a98000 	/System/Library/Frameworks/CoreVideo.framework/Versions/A/CoreVideo
0x0000000008a98000 	/System/Library/Frameworks/OpenGL.framework/Versions/A/Libraries/libGLU.dylib
0x0000000008a98000 	/System/Library/Frameworks/OpenGL.framework/Versions/A/Libraries/libGFXShared.dylib
0x0000000008a98000 	/System/Library/Frameworks/OpenGL.framework/Versions/A/Libraries/libGL.dylib
0x0000000008a98000 	/System/Library/Frameworks/OpenGL.framework/Versions/A/Libraries/libGLImage.dylib
0x0000000008a98000 	/System/Library/Frameworks/OpenGL.framework/Versions/A/Libraries/libCVMSPluginSupport.dylib
0x0000000008a98000 	/System/Library/Frameworks/OpenGL.framework/Versions/A/Libraries/libCoreVMClient.dylib
0x0000000008a98000 	/usr/lib/libcups.2.dylib
0x0000000008a98000 	/System/Library/Frameworks/Kerberos.framework/Versions/A/Kerberos
0x0000000008a98000 	/System/Library/Frameworks/GSS.framework/Versions/A/GSS
0x0000000008a98000 	/usr/lib/libresolv.9.dylib
0x0000000008a98000 	/usr/lib/libiconv.2.dylib
0x0000000008a98000 	/System/Library/PrivateFrameworks/Heimdal.framework/Versions/A/Heimdal
0x0000000008a98000 	/usr/lib/libheimdal-asn1.dylib
0x0000000008a98000 	/System/Library/Frameworks/OpenDirectory.framework/Versions/A/OpenDirectory
0x0000000008a98000 	/System/Library/PrivateFrameworks/CommonAuth.framework/Versions/A/CommonAuth
0x0000000008a98000 	/System/Library/Frameworks/OpenDirectory.framework/Versions/A/Frameworks/CFOpenDirectory.framework/Versions/A/CFOpenDirectory
0x0000000008a98000 	/System/Library/Frameworks/SecurityFoundation.framework/Versions/A/SecurityFoundation
0x0000000008a98000 	/System/Library/PrivateFrameworks/LanguageModeling.framework/Versions/A/LanguageModeling
0x0000000008a98000 	/usr/lib/libcmph.dylib
0x0000000008a98000 	/System/Library/Frameworks/ServiceManagement.framework/Versions/A/ServiceManagement
0x0000000008a98000 	/usr/lib/libxslt.1.dylib
0x0000000008a98000 	/System/Library/Frameworks/Carbon.framework/Versions/A/Frameworks/Ink.framework/Versions/A/Ink
0x0000000008a98000 	/System/Library/Frameworks/QuartzCore.framework/Versions/A/Frameworks/CoreImage.framework/Versions/A/CoreImage
0x0000000008a98000 	/System/Library/PrivateFrameworks/CrashReporterSupport.framework/Versions/A/CrashReporterSupport
0x0000000008a98000 	/System/Library/Frameworks/OpenCL.framework/Versions/A/OpenCL
0x0000000008a98000 	/System/Library/PrivateFrameworks/FaceCore.framework/Versions/A/FaceCore
0x0000000008a98000 	/System/Library/PrivateFrameworks/Ubiquity.framework/Versions/A/Ubiquity
0x0000000008a98000 	/System/Library/PrivateFrameworks/IconServices.framework/Versions/A/IconServices
0x0000000008a98000 	/System/Library/PrivateFrameworks/ChunkingLibrary.framework/Versions/A/ChunkingLibrary
0x0000000008a98000 	/System/Library/PrivateFrameworks/Apple80211.framework/Versions/A/Apple80211
0x0000000008a98000 	/System/Library/Frameworks/CoreWLAN.framework/Versions/A/CoreWLAN
0x0000000008a98000 	/System/Library/Frameworks/IOBluetooth.framework/Versions/A/IOBluetooth
0x0000000008a98000 	/System/Library/PrivateFrameworks/CoreWiFi.framework/Versions/A/CoreWiFi
0x0000000008a98000 	/System/Library/Frameworks/CoreBluetooth.framework/Versions/A/CoreBluetooth
0x0000000008a98000 	/System/Library/PrivateFrameworks/DebugSymbols.framework/Versions/A/DebugSymbols
0x0000000008a98000 	/System/Library/PrivateFrameworks/CoreSymbolication.framework/Versions/A/CoreSymbolication
0x0000000008a98000 	/System/Library/PrivateFrameworks/Symbolication.framework/Versions/A/Symbolication
0x0000000008a98000 	/System/Library/PrivateFrameworks/SpeechRecognitionCore.framework/Versions/A/SpeechRecognitionCore
0x00000001087b5000 	/Library/Java/JavaVirtualMachines/jdk1.8.0_45.jdk/Contents/Home/jre/lib/server/libjvm.dylib
0x0000000008a98000 	/usr/lib/libstdc++.6.dylib
0x0000000109735000 	/Library/Java/JavaVirtualMachines/jdk1.8.0_45.jdk/Contents/Home/jre/lib/libverify.dylib
0x0000000109743000 	/Library/Java/JavaVirtualMachines/jdk1.8.0_45.jdk/Contents/Home/jre/lib/libjava.dylib
0x0000000109782000 	/Library/Java/JavaVirtualMachines/jdk1.8.0_45.jdk/Contents/Home/jre/lib/libzip.dylib
0x000000012010a000 	/System/Library/Frameworks/JavaVM.framework/Frameworks/JavaRuntimeSupport.framework/JavaRuntimeSupport
0x0000000120120000 	/System/Library/Frameworks/JavaVM.framework/Versions/A/Frameworks/JavaNativeFoundation.framework/Versions/A/JavaNativeFoundation
0x0000000120134000 	/System/Library/Frameworks/JavaVM.framework/Versions/A/JavaVM
0x0000000008a98000 	/System/Library/Frameworks/Carbon.framework/Versions/A/Carbon
0x0000000120140000 	/System/Library/PrivateFrameworks/JavaLaunching.framework/Versions/A/JavaLaunching
0x0000000008a98000 	/System/Library/Frameworks/Carbon.framework/Versions/A/Frameworks/CommonPanels.framework/Versions/A/CommonPanels
0x0000000008a98000 	/System/Library/Frameworks/Carbon.framework/Versions/A/Frameworks/Help.framework/Versions/A/Help
0x0000000008a98000 	/System/Library/Frameworks/Carbon.framework/Versions/A/Frameworks/ImageCapture.framework/Versions/A/ImageCapture
0x0000000008a98000 	/System/Library/Frameworks/Carbon.framework/Versions/A/Frameworks/OpenScripting.framework/Versions/A/OpenScripting
0x0000000008a98000 	/System/Library/Frameworks/Carbon.framework/Versions/A/Frameworks/Print.framework/Versions/A/Print
0x0000000008a98000 	/System/Library/Frameworks/Carbon.framework/Versions/A/Frameworks/SecurityHI.framework/Versions/A/SecurityHI
0x00000001220cf000 	/Applications/IntelliJ IDEA 14 CE.app/Contents/bin/libbreakgen64.jnilib
0x000000012226b000 	/Library/Java/JavaVirtualMachines/jdk1.8.0_45.jdk/Contents/Home/jre/lib/libnet.dylib
0x00000001224d0000 	/Library/Java/JavaVirtualMachines/jdk1.8.0_45.jdk/Contents/Home/jre/lib/libprism_es2.dylib
0x0000000008a98000 	/System/Library/Frameworks/OpenGL.framework/Versions/A/Resources/GLEngine.bundle/GLEngine
0x0000000008a98000 	/System/Library/Frameworks/OpenGL.framework/Versions/A/Libraries/libGLProgrammability.dylib
0x0000000122552000 	/System/Library/Extensions/AppleIntelHD5000GraphicsGLDriver.bundle/Contents/MacOS/AppleIntelHD5000GraphicsGLDriver
0x0000000008a98000 	/System/Library/PrivateFrameworks/IOAccelerator.framework/Versions/A/IOAccelerator
0x0000000008a98000 	/System/Library/PrivateFrameworks/GPUSupport.framework/Versions/A/Libraries/libGPUSupportMercury.dylib
0x0000000008a98000 	/System/Library/Frameworks/OpenGL.framework/Versions/A/Resources/GLRendererFloat.bundle/GLRendererFloat
0x0000000008a98000 	/System/Library/Frameworks/OpenCL.framework/Versions/A/Libraries/libcldcpuengine.dylib
0x0000000008a98000 	/System/Library/PrivateFrameworks/DiskImages.framework/Versions/A/DiskImages
0x0000000008a98000 	/System/Library/Frameworks/DiscRecording.framework/Versions/A/DiscRecording
0x0000000008a98000 	/usr/lib/libcsfde.dylib
0x0000000008a98000 	/usr/lib/libcurl.4.dylib
0x0000000008a98000 	/System/Library/PrivateFrameworks/MediaKit.framework/Versions/A/MediaKit
0x0000000008a98000 	/System/Library/PrivateFrameworks/ProtectedCloudStorage.framework/Versions/A/ProtectedCloudStorage
0x0000000008a98000 	/usr/lib/libCoreStorage.dylib
0x0000000008a98000 	/System/Library/PrivateFrameworks/EFILogin.framework/Versions/A/EFILogin
0x0000000008a98000 	/usr/lib/libutil.dylib
0x0000000008a98000 	/System/Library/PrivateFrameworks/FindMyDevice.framework/Versions/A/FindMyDevice
0x0000000008a98000 	/System/Library/Frameworks/LDAP.framework/Versions/A/LDAP
0x0000000008a98000 	/usr/lib/libsasl2.2.dylib
0x0000000008a98000 	/System/Library/PrivateFrameworks/CoreDaemon.framework/Versions/B/CoreDaemon
0x0000000008a98000 	/usr/lib/libcrypto.0.9.8.dylib
0x0000000008a98000 	/System/Library/PrivateFrameworks/AppleSRP.framework/Versions/A/AppleSRP
0x0000000008a98000 	/System/Library/PrivateFrameworks/TrustEvaluationAgent.framework/Versions/A/TrustEvaluationAgent
0x00000001230ec000 	/Library/Java/JavaVirtualMachines/jdk1.8.0_45.jdk/Contents/Home/jre/lib/libglass.dylib
0x0000000008a98000 	/System/Library/PrivateFrameworks/CoreServicesInternal.framework/Versions/A/CoreServicesInternal
0x0000000008a98000 	/System/Library/PrivateFrameworks/CloudDocs.framework/Versions/A/CloudDocs
0x0000000008a98000 	/System/Library/PrivateFrameworks/CoreDuet.framework/Versions/A/CoreDuet
0x0000000008a98000 	/System/Library/Frameworks/CloudKit.framework/Versions/A/CloudKit
0x0000000008a98000 	/System/Library/PrivateFrameworks/ProtocolBuffer.framework/Versions/A/ProtocolBuffer
0x0000000008a98000 	/System/Library/PrivateFrameworks/CoreDuetDaemonProtocol.framework/Versions/A/CoreDuetDaemonProtocol
0x0000000008a98000 	/System/Library/PrivateFrameworks/CoreDuetDebugLogging.framework/Versions/A/CoreDuetDebugLogging
0x0000000008a98000 	/System/Library/PrivateFrameworks/MMCS.framework/Versions/A/MMCS
0x0000000008a98000 	/System/Library/Frameworks/CoreLocation.framework/Versions/A/CoreLocation
0x0000000008a98000 	/System/Library/PrivateFrameworks/GeoServices.framework/Versions/A/GeoServices
0x0000000008a98000 	/System/Library/Frameworks/CoreGraphics.framework/Versions/A/Resources/libCGCMS.A.dylib
0x0000000008a98000 	/System/Library/CoreServices/RawCamera.bundle/Contents/MacOS/RawCamera
0x0000000008a98000 	/System/Library/Frameworks/CoreGraphics.framework/Versions/A/Resources/libRIP.A.dylib
0x0000000008a98000 	/System/Library/PrivateFrameworks/FamilyControls.framework/Versions/A/FamilyControls
0x0000000008a98000 	/System/Library/PrivateFrameworks/CommerceKit.framework/Versions/A/Frameworks/CommerceCore.framework/Versions/A/CommerceCore
0x0000000008a98000 	/System/Library/PrivateFrameworks/SystemAdministration.framework/Versions/A/SystemAdministration
0x0000000008a98000 	/System/Library/PrivateFrameworks/AppContainer.framework/Versions/A/AppContainer
0x0000000008a98000 	/System/Library/PrivateFrameworks/SecCodeWrapper.framework/Versions/A/SecCodeWrapper
0x0000000008a98000 	/System/Library/Frameworks/DirectoryService.framework/Versions/A/DirectoryService
0x0000000008a98000 	/System/Library/PrivateFrameworks/LoginUIKit.framework/Versions/A/Frameworks/LoginUICore.framework/Versions/A/LoginUICore
0x0000000008a98000 	/usr/lib/libodfde.dylib
0x00000001273df000 	/Library/Java/JavaVirtualMachines/jdk1.8.0_45.jdk/Contents/Home/jre/lib/libjavafx_iio.dylib
0x0000000127417000 	/Library/Java/JavaVirtualMachines/jdk1.8.0_45.jdk/Contents/Home/jre/lib/libjavafx_font.dylib
0x0000000008a98000 	/System/Library/Frameworks/CoreGraphics.framework/Versions/A/Resources/libCGXType.A.dylib
0x0000000129da7000 	/Library/Java/JavaVirtualMachines/jdk1.8.0_45.jdk/Contents/Home/jre/lib/libprism_common.dylib
0x000000012f799000 	cl_kernels
0x000000012f79b000 	/System/Library/Frameworks/OpenCL.framework/Versions/A/Libraries/ImageFormats/unorm8_bgra.dylib
0x000000012f78b000 	cl_kernels

VM Arguments:
jvm_args: -Didea.launcher.port=7537 -Didea.launcher.bin.path=/Applications/IntelliJ IDEA 14 CE.app/Contents/bin -Dfile.encoding=UTF-8 
java_command: com.intellij.rt.execution.application.AppMain sample.Main
java_class_path (initial): /Library/Java/JavaVirtualMachines/jdk1.8.0_45.jdk/Contents/Home/lib/ant-javafx.jar:/Library/Java/JavaVirtualMachines/jdk1.8.0_45.jdk/Contents/Home/lib/dt.jar:/Library/Java/JavaVirtualMachines/jdk1.8.0_45.jdk/Contents/Home/lib/javafx-mx.jar:/Library/Java/JavaVirtualMachines/jdk1.8.0_45.jdk/Contents/Home/lib/jconsole.jar:/Library/Java/JavaVirtualMachines/jdk1.8.0_45.jdk/Contents/Home/lib/packager.jar:/Library/Java/JavaVirtualMachines/jdk1.8.0_45.jdk/Contents/Home/lib/sa-jdi.jar:/Library/Java/JavaVirtualMachines/jdk1.8.0_45.jdk/Contents/Home/lib/tools.jar:/Library/Java/JavaVirtualMachines/jdk1.8.0_45.jdk/Contents/Home/jre/lib/charsets.jar:/Library/Java/JavaVirtualMachines/jdk1.8.0_45.jdk/Contents/Home/jre/lib/deploy.jar:/Library/Java/JavaVirtualMachines/jdk1.8.0_45.jdk/Contents/Home/jre/lib/javaws.jar:/Library/Java/JavaVirtualMachines/jdk1.8.0_45.jdk/Contents/Home/jre/lib/jce.jar:/Library/Java/JavaVirtualMachines/jdk1.8.0_45.jdk/Contents/Home/jre/lib/jfr.jar:/Library/Java/JavaVirtualMachines/jdk1.8.0_45.jdk/Contents/Home/jre/lib/jfxswt.jar:/Library/Java/JavaVirtualMachines/jdk1.8.0_45.jdk/Contents/Home/jre/lib/jsse.jar:/Library/Java/JavaVirtualMachines/jdk1.8.0_45.jdk/Contents/Home/jre/lib/management-agent.jar:/Library/Java/JavaVirtualMachines/jdk1.8.0_45.jdk/Contents/Home/jre/lib/plugin.jar:/Library/Java/JavaVirtualMachines/jdk1.8.0_45.jdk/Contents/Home/jre/lib/resources.jar:/Library/Java/JavaVirtualMachines/jdk1.8.0_45.jdk/Contents/Home/jre/lib/rt.jar:/Library/Java/JavaVirtualMachines/jdk1.8.0_45.jdk/Contents/Home/jre/lib/ext/cldrdata.jar:/Library/Java/JavaVirtualMachines/jdk1.8.0_45.jdk/Contents/Home/jre/lib/ext/dnsns.jar:/Library/Java/JavaVirtualMachines/jdk1.8.0_45.jdk/Contents/Home/jre/lib/ext/jfxrt.jar:/Library/Java/JavaVirtualMachines/jdk1.8.0_45.jdk/Contents/Home/jre/lib/ext/localedata.jar:/Library/Java/JavaVirtualMachines/jdk1.8.0_45.jdk/Contents/Home/jre/lib/ext/nashorn.jar:/Library/Java/JavaVirtualMachines/jdk1.8.0_45.jdk/Conten
Launcher Type: SUN_STANDARD

Environment Variables:
PATH=/usr/local/bin:/usr/bin:/bin:/usr/sbin:/sbin:/usr/local/git/bin
SHELL=/bin/bash

Signal Handlers:
SIGSEGV: [libjvm.dylib+0x58ef95], sa_mask[0]=11111111011111110111111111111111, sa_flags=SA_ONSTACK|SA_RESTART|SA_SIGINFO
SIGBUS: [libjvm.dylib+0x58ef95], sa_mask[0]=11111111011111110111111111111111, sa_flags=SA_RESTART|SA_SIGINFO
SIGFPE: [libjvm.dylib+0x46c108], sa_mask[0]=11111111011111110111111111111111, sa_flags=SA_RESTART|SA_SIGINFO
SIGPIPE: [libjvm.dylib+0x46c108], sa_mask[0]=11111111011111110111111111111111, sa_flags=SA_RESTART|SA_SIGINFO
SIGXFSZ: [libjvm.dylib+0x46c108], sa_mask[0]=11111111011111110111111111111111, sa_flags=SA_RESTART|SA_SIGINFO
SIGILL: [libjvm.dylib+0x46c108], sa_mask[0]=11111111011111110111111111111111, sa_flags=SA_RESTART|SA_SIGINFO
SIGUSR1: SIG_DFL, sa_mask[0]=00000000000000000000000000000000, sa_flags=none
SIGUSR2: [libjvm.dylib+0x46bc26], sa_mask[0]=00100000000000000000000000000000, sa_flags=SA_RESTART|SA_SIGINFO
SIGHUP: [libjvm.dylib+0x46a1f9], sa_mask[0]=11111111011111110111111111111111, sa_flags=SA_RESTART|SA_SIGINFO
SIGINT: [libjvm.dylib+0x46a1f9], sa_mask[0]=11111111011111110111111111111111, sa_flags=SA_RESTART|SA_SIGINFO
SIGTERM: [libjvm.dylib+0x46a1f9], sa_mask[0]=11111111011111110111111111111111, sa_flags=SA_RESTART|SA_SIGINFO
SIGQUIT: [libjvm.dylib+0x46a1f9], sa_mask[0]=11111111011111110111111111111111, sa_flags=SA_RESTART|SA_SIGINFO


---------------  S Y S T E M  ---------------

OS:Bsduname:Darwin 14.5.0 Darwin Kernel Version 14.5.0: Wed Jul 29 02:26:53 PDT 2015; root:xnu-2782.40.9~1/RELEASE_X86_64 x86_64
rlimit: STACK 8192k, CORE 0k, NPROC 709, NOFILE 10240, AS infinity
load average:3.82 3.42 3.22

CPU:total 4 (2 cores per cpu, 2 threads per core) family 6 model 69 stepping 1, cmov, cx8, fxsr, mmx, sse, sse2, sse3, ssse3, sse4.1, sse4.2, popcnt, avx, avx2, aes, clmul, erms, lzcnt, ht, tsc, tscinvbit, bmi1, bmi2

Memory: 4k page, physical 8388608k(94724k free)

/proc/meminfo:


vm_info: Java HotSpot(TM) 64-Bit Server VM (25.45-b02) for bsd-amd64 JRE (1.8.0_45-b14), built on Apr 10 2015 10:46:38 by "java_re" with gcc 4.2.1 (Based on Apple Inc. build 5658) (LLVM build 2336.11.00)

time: Tue Oct 20 08:50:31 2015
elapsed time: 965 seconds (0d 0h 16m 5s)

